<?xml version="1.0" encoding="UTF-8"?>
<testsuite xmlns:xsi="http://www.w3.org/2001/XMLSchema-instance" xsi:noNamespaceSchemaLocation="https://maven.apache.org/surefire/maven-surefire-plugin/xsd/surefire-test-report-3.0.xsd" version="3.0" name="co.edu.icesi.dev.outcome_curr_mgmt.persistence.curriculum_qa.StudOutcomeRepositoryTest" time="31.862" tests="4" errors="0" skipped="0" failures="0">
  <properties>
    <property name="java.specification.version" value="21"/>
    <property name="sun.cpu.isalist" value="amd64"/>
    <property name="sun.jnu.encoding" value="Cp1252"/>
    <property name="java.class.path" value="C:\Users\Windows\Proyecto Ingesoft5\IngSoftV\outcome-curr-mgmt\target\test-classes;C:\Users\Windows\Proyecto Ingesoft5\IngSoftV\outcome-curr-mgmt\target\classes;C:\Users\Windows\.m2\repository\org\springframework\boot\spring-boot-starter-data-jpa\3.1.5\spring-boot-starter-data-jpa-3.1.5.jar;C:\Users\Windows\.m2\repository\org\springframework\boot\spring-boot-starter-aop\3.1.5\spring-boot-starter-aop-3.1.5.jar;C:\Users\Windows\.m2\repository\org\aspectj\aspectjweaver\1.9.20\aspectjweaver-1.9.20.jar;C:\Users\Windows\.m2\repository\org\springframework\boot\spring-boot-starter-jdbc\3.1.5\spring-boot-starter-jdbc-3.1.5.jar;C:\Users\Windows\.m2\repository\com\zaxxer\HikariCP\5.0.1\HikariCP-5.0.1.jar;C:\Users\Windows\.m2\repository\org\hibernate\orm\hibernate-core\6.2.13.Final\hibernate-core-6.2.13.Final.jar;C:\Users\Windows\.m2\repository\jakarta\persistence\jakarta.persistence-api\3.1.0\jakarta.persistence-api-3.1.0.jar;C:\Users\Windows\.m2\repository\jakarta\transaction\jakarta.transaction-api\2.0.1\jakarta.transaction-api-2.0.1.jar;C:\Users\Windows\.m2\repository\org\jboss\logging\jboss-logging\3.5.3.Final\jboss-logging-3.5.3.Final.jar;C:\Users\Windows\.m2\repository\org\hibernate\common\hibernate-commons-annotations\6.0.6.Final\hibernate-commons-annotations-6.0.6.Final.jar;C:\Users\Windows\.m2\repository\io\smallrye\jandex\3.0.5\jandex-3.0.5.jar;C:\Users\Windows\.m2\repository\com\fasterxml\classmate\1.5.1\classmate-1.5.1.jar;C:\Users\Windows\.m2\repository\net\bytebuddy\byte-buddy\1.14.9\byte-buddy-1.14.9.jar;C:\Users\Windows\.m2\repository\org\glassfish\jaxb\jaxb-runtime\4.0.3\jaxb-runtime-4.0.3.jar;C:\Users\Windows\.m2\repository\org\glassfish\jaxb\jaxb-core\4.0.3\jaxb-core-4.0.3.jar;C:\Users\Windows\.m2\repository\org\eclipse\angus\angus-activation\2.0.1\angus-activation-2.0.1.jar;C:\Users\Windows\.m2\repository\org\glassfish\jaxb\txw2\4.0.3\txw2-4.0.3.jar;C:\Users\Windows\.m2\repository\com\sun\istack\istack-commons-runtime\4.1.2\istack-commons-runtime-4.1.2.jar;C:\Users\Windows\.m2\repository\jakarta\inject\jakarta.inject-api\2.0.1\jakarta.inject-api-2.0.1.jar;C:\Users\Windows\.m2\repository\org\antlr\antlr4-runtime\4.10.1\antlr4-runtime-4.10.1.jar;C:\Users\Windows\.m2\repository\org\springframework\data\spring-data-jpa\3.1.5\spring-data-jpa-3.1.5.jar;C:\Users\Windows\.m2\repository\org\springframework\spring-orm\6.0.13\spring-orm-6.0.13.jar;C:\Users\Windows\.m2\repository\org\springframework\spring-tx\6.0.13\spring-tx-6.0.13.jar;C:\Users\Windows\.m2\repository\jakarta\annotation\jakarta.annotation-api\2.1.1\jakarta.annotation-api-2.1.1.jar;C:\Users\Windows\.m2\repository\org\slf4j\slf4j-api\2.0.9\slf4j-api-2.0.9.jar;C:\Users\Windows\.m2\repository\org\springframework\spring-aspects\6.0.13\spring-aspects-6.0.13.jar;C:\Users\Windows\.m2\repository\com\h2database\h2\2.1.214\h2-2.1.214.jar;C:\Users\Windows\.m2\repository\org\springframework\security\spring-security-config\6.1.5\spring-security-config-6.1.5.jar;C:\Users\Windows\.m2\repository\org\springframework\security\spring-security-core\6.1.5\spring-security-core-6.1.5.jar;C:\Users\Windows\.m2\repository\org\springframework\security\spring-security-crypto\6.1.5\spring-security-crypto-6.1.5.jar;C:\Users\Windows\.m2\repository\org\springframework\spring-expression\6.0.13\spring-expression-6.0.13.jar;C:\Users\Windows\.m2\repository\org\springframework\spring-aop\6.0.13\spring-aop-6.0.13.jar;C:\Users\Windows\.m2\repository\org\springframework\spring-beans\6.0.13\spring-beans-6.0.13.jar;C:\Users\Windows\.m2\repository\org\springframework\spring-context\6.0.13\spring-context-6.0.13.jar;C:\Users\Windows\.m2\repository\org\springframework\spring-core\6.0.13\spring-core-6.0.13.jar;C:\Users\Windows\.m2\repository\org\springframework\spring-jcl\6.0.13\spring-jcl-6.0.13.jar;C:\Users\Windows\.m2\repository\org\springframework\boot\spring-boot-starter-test\3.1.5\spring-boot-starter-test-3.1.5.jar;C:\Users\Windows\.m2\repository\org\springframework\boot\spring-boot-starter\3.1.5\spring-boot-starter-3.1.5.jar;C:\Users\Windows\.m2\repository\org\springframework\boot\spring-boot\3.1.5\spring-boot-3.1.5.jar;C:\Users\Windows\.m2\repository\org\springframework\boot\spring-boot-autoconfigure\3.1.5\spring-boot-autoconfigure-3.1.5.jar;C:\Users\Windows\.m2\repository\org\springframework\boot\spring-boot-starter-logging\3.1.5\spring-boot-starter-logging-3.1.5.jar;C:\Users\Windows\.m2\repository\ch\qos\logback\logback-classic\1.4.11\logback-classic-1.4.11.jar;C:\Users\Windows\.m2\repository\ch\qos\logback\logback-core\1.4.11\logback-core-1.4.11.jar;C:\Users\Windows\.m2\repository\org\apache\logging\log4j\log4j-to-slf4j\2.20.0\log4j-to-slf4j-2.20.0.jar;C:\Users\Windows\.m2\repository\org\apache\logging\log4j\log4j-api\2.20.0\log4j-api-2.20.0.jar;C:\Users\Windows\.m2\repository\org\slf4j\jul-to-slf4j\2.0.9\jul-to-slf4j-2.0.9.jar;C:\Users\Windows\.m2\repository\org\yaml\snakeyaml\1.33\snakeyaml-1.33.jar;C:\Users\Windows\.m2\repository\org\springframework\boot\spring-boot-test\3.1.5\spring-boot-test-3.1.5.jar;C:\Users\Windows\.m2\repository\org\springframework\boot\spring-boot-test-autoconfigure\3.1.5\spring-boot-test-autoconfigure-3.1.5.jar;C:\Users\Windows\.m2\repository\com\jayway\jsonpath\json-path\2.8.0\json-path-2.8.0.jar;C:\Users\Windows\.m2\repository\jakarta\xml\bind\jakarta.xml.bind-api\4.0.1\jakarta.xml.bind-api-4.0.1.jar;C:\Users\Windows\.m2\repository\jakarta\activation\jakarta.activation-api\2.1.2\jakarta.activation-api-2.1.2.jar;C:\Users\Windows\.m2\repository\net\minidev\json-smart\2.4.11\json-smart-2.4.11.jar;C:\Users\Windows\.m2\repository\net\minidev\accessors-smart\2.4.11\accessors-smart-2.4.11.jar;C:\Users\Windows\.m2\repository\org\assertj\assertj-core\3.24.2\assertj-core-3.24.2.jar;C:\Users\Windows\.m2\repository\org\hamcrest\hamcrest\2.2\hamcrest-2.2.jar;C:\Users\Windows\.m2\repository\org\junit\jupiter\junit-jupiter\5.9.3\junit-jupiter-5.9.3.jar;C:\Users\Windows\.m2\repository\org\junit\jupiter\junit-jupiter-params\5.9.3\junit-jupiter-params-5.9.3.jar;C:\Users\Windows\.m2\repository\org\junit\jupiter\junit-jupiter-engine\5.9.3\junit-jupiter-engine-5.9.3.jar;C:\Users\Windows\.m2\repository\org\junit\platform\junit-platform-engine\1.9.3\junit-platform-engine-1.9.3.jar;C:\Users\Windows\.m2\repository\org\mockito\mockito-core\5.3.1\mockito-core-5.3.1.jar;C:\Users\Windows\.m2\repository\net\bytebuddy\byte-buddy-agent\1.14.9\byte-buddy-agent-1.14.9.jar;C:\Users\Windows\.m2\repository\org\objenesis\objenesis\3.3\objenesis-3.3.jar;C:\Users\Windows\.m2\repository\org\skyscreamer\jsonassert\1.5.1\jsonassert-1.5.1.jar;C:\Users\Windows\.m2\repository\com\vaadin\external\google\android-json\0.0.20131108.vaadin1\android-json-0.0.20131108.vaadin1.jar;C:\Users\Windows\.m2\repository\org\springframework\spring-test\6.0.13\spring-test-6.0.13.jar;C:\Users\Windows\.m2\repository\org\xmlunit\xmlunit-core\2.9.1\xmlunit-core-2.9.1.jar;C:\Users\Windows\.m2\repository\org\springframework\boot\spring-boot-starter-validation\3.1.5\spring-boot-starter-validation-3.1.5.jar;C:\Users\Windows\.m2\repository\org\apache\tomcat\embed\tomcat-embed-el\10.1.15\tomcat-embed-el-10.1.15.jar;C:\Users\Windows\.m2\repository\org\hibernate\validator\hibernate-validator\8.0.1.Final\hibernate-validator-8.0.1.Final.jar;C:\Users\Windows\.m2\repository\jakarta\validation\jakarta.validation-api\3.0.2\jakarta.validation-api-3.0.2.jar;C:\Users\Windows\.m2\repository\org\springframework\boot\spring-boot-starter-cache\3.1.5\spring-boot-starter-cache-3.1.5.jar;C:\Users\Windows\.m2\repository\org\springframework\spring-context-support\6.0.13\spring-context-support-6.0.13.jar;C:\Users\Windows\.m2\repository\org\projectlombok\lombok\1.18.30\lombok-1.18.30.jar;C:\Users\Windows\.m2\repository\org\mapstruct\mapstruct\1.5.5.Final\mapstruct-1.5.5.Final.jar;C:\Users\Windows\.m2\repository\org\mapstruct\mapstruct-processor\1.5.5.Final\mapstruct-processor-1.5.5.Final.jar;C:\Users\Windows\.m2\repository\co\edu\icesi\dev\outcome-curr-mgmt\outcome-curr-mgmt-api\1.0-SNAPSHOT\outcome-curr-mgmt-api-1.0-SNAPSHOT.jar;C:\Users\Windows\.m2\repository\org\springframework\boot\spring-boot-starter-web\3.1.5\spring-boot-starter-web-3.1.5.jar;C:\Users\Windows\.m2\repository\org\springframework\boot\spring-boot-starter-json\3.1.5\spring-boot-starter-json-3.1.5.jar;C:\Users\Windows\.m2\repository\com\fasterxml\jackson\datatype\jackson-datatype-jdk8\2.15.3\jackson-datatype-jdk8-2.15.3.jar;C:\Users\Windows\.m2\repository\com\fasterxml\jackson\module\jackson-module-parameter-names\2.15.3\jackson-module-parameter-names-2.15.3.jar;C:\Users\Windows\.m2\repository\org\springframework\boot\spring-boot-starter-tomcat\3.1.5\spring-boot-starter-tomcat-3.1.5.jar;C:\Users\Windows\.m2\repository\org\apache\tomcat\embed\tomcat-embed-core\10.1.15\tomcat-embed-core-10.1.15.jar;C:\Users\Windows\.m2\repository\org\apache\tomcat\embed\tomcat-embed-websocket\10.1.15\tomcat-embed-websocket-10.1.15.jar;C:\Users\Windows\.m2\repository\org\springframework\spring-web\6.0.13\spring-web-6.0.13.jar;C:\Users\Windows\.m2\repository\org\springframework\spring-webmvc\6.0.13\spring-webmvc-6.0.13.jar;C:\Users\Windows\.m2\repository\org\springframework\boot\spring-boot-starter-security\3.1.5\spring-boot-starter-security-3.1.5.jar;C:\Users\Windows\.m2\repository\org\springframework\security\spring-security-web\6.1.5\spring-security-web-6.1.5.jar;C:\Users\Windows\.m2\repository\io\jsonwebtoken\jjwt-api\0.12.6\jjwt-api-0.12.6.jar;C:\Users\Windows\.m2\repository\io\jsonwebtoken\jjwt-impl\0.12.6\jjwt-impl-0.12.6.jar;C:\Users\Windows\.m2\repository\io\jsonwebtoken\jjwt-jackson\0.12.6\jjwt-jackson-0.12.6.jar;C:\Users\Windows\.m2\repository\org\springdoc\springdoc-openapi-starter-webmvc-ui\2.6.0\springdoc-openapi-starter-webmvc-ui-2.6.0.jar;C:\Users\Windows\.m2\repository\org\springdoc\springdoc-openapi-starter-webmvc-api\2.6.0\springdoc-openapi-starter-webmvc-api-2.6.0.jar;C:\Users\Windows\.m2\repository\org\springdoc\springdoc-openapi-starter-common\2.6.0\springdoc-openapi-starter-common-2.6.0.jar;C:\Users\Windows\.m2\repository\io\swagger\core\v3\swagger-core-jakarta\2.2.22\swagger-core-jakarta-2.2.22.jar;C:\Users\Windows\.m2\repository\org\apache\commons\commons-lang3\3.12.0\commons-lang3-3.12.0.jar;C:\Users\Windows\.m2\repository\io\swagger\core\v3\swagger-annotations-jakarta\2.2.22\swagger-annotations-jakarta-2.2.22.jar;C:\Users\Windows\.m2\repository\io\swagger\core\v3\swagger-models-jakarta\2.2.22\swagger-models-jakarta-2.2.22.jar;C:\Users\Windows\.m2\repository\com\fasterxml\jackson\dataformat\jackson-dataformat-yaml\2.15.3\jackson-dataformat-yaml-2.15.3.jar;C:\Users\Windows\.m2\repository\org\webjars\swagger-ui\5.17.14\swagger-ui-5.17.14.jar;C:\Users\Windows\.m2\repository\io\swagger\swagger-annotations\1.6.11\swagger-annotations-1.6.11.jar;C:\Users\Windows\.m2\repository\org\springframework\data\spring-data-commons\3.1.5\spring-data-commons-3.1.5.jar;C:\Users\Windows\.m2\repository\net\logstash\logback\logstash-logback-encoder\7.4\logstash-logback-encoder-7.4.jar;C:\Users\Windows\.m2\repository\com\fasterxml\jackson\core\jackson-databind\2.15.3\jackson-databind-2.15.3.jar;C:\Users\Windows\.m2\repository\com\fasterxml\jackson\core\jackson-annotations\2.15.3\jackson-annotations-2.15.3.jar;C:\Users\Windows\.m2\repository\com\fasterxml\jackson\core\jackson-core\2.15.3\jackson-core-2.15.3.jar;C:\Users\Windows\.m2\repository\org\springframework\boot\spring-boot-starter-actuator\3.1.5\spring-boot-starter-actuator-3.1.5.jar;C:\Users\Windows\.m2\repository\org\springframework\boot\spring-boot-actuator-autoconfigure\3.1.5\spring-boot-actuator-autoconfigure-3.1.5.jar;C:\Users\Windows\.m2\repository\org\springframework\boot\spring-boot-actuator\3.1.5\spring-boot-actuator-3.1.5.jar;C:\Users\Windows\.m2\repository\com\fasterxml\jackson\datatype\jackson-datatype-jsr310\2.15.3\jackson-datatype-jsr310-2.15.3.jar;C:\Users\Windows\.m2\repository\io\micrometer\micrometer-observation\1.11.5\micrometer-observation-1.11.5.jar;C:\Users\Windows\.m2\repository\io\micrometer\micrometer-commons\1.11.5\micrometer-commons-1.11.5.jar;C:\Users\Windows\.m2\repository\io\micrometer\micrometer-core\1.11.5\micrometer-core-1.11.5.jar;C:\Users\Windows\.m2\repository\org\hdrhistogram\HdrHistogram\2.1.12\HdrHistogram-2.1.12.jar;C:\Users\Windows\.m2\repository\org\latencyutils\LatencyUtils\2.0.3\LatencyUtils-2.0.3.jar;C:\Users\Windows\.m2\repository\io\micrometer\micrometer-registry-prometheus\1.11.5\micrometer-registry-prometheus-1.11.5.jar;C:\Users\Windows\.m2\repository\io\prometheus\simpleclient_common\0.16.0\simpleclient_common-0.16.0.jar;C:\Users\Windows\.m2\repository\io\prometheus\simpleclient\0.16.0\simpleclient-0.16.0.jar;C:\Users\Windows\.m2\repository\io\prometheus\simpleclient_tracer_otel\0.16.0\simpleclient_tracer_otel-0.16.0.jar;C:\Users\Windows\.m2\repository\io\prometheus\simpleclient_tracer_common\0.16.0\simpleclient_tracer_common-0.16.0.jar;C:\Users\Windows\.m2\repository\io\prometheus\simpleclient_tracer_otel_agent\0.16.0\simpleclient_tracer_otel_agent-0.16.0.jar;C:\Users\Windows\.m2\repository\org\mockito\mockito-junit-jupiter\5.3.1\mockito-junit-jupiter-5.3.1.jar;C:\Users\Windows\.m2\repository\org\junit\jupiter\junit-jupiter-api\5.9.3\junit-jupiter-api-5.9.3.jar;C:\Users\Windows\.m2\repository\org\opentest4j\opentest4j\1.2.0\opentest4j-1.2.0.jar;C:\Users\Windows\.m2\repository\org\junit\platform\junit-platform-commons\1.9.3\junit-platform-commons-1.9.3.jar;C:\Users\Windows\.m2\repository\org\apiguardian\apiguardian-api\1.1.2\apiguardian-api-1.1.2.jar;C:\Users\Windows\.m2\repository\org\jacoco\jacoco-maven-plugin\0.8.11\jacoco-maven-plugin-0.8.11.jar;C:\Users\Windows\.m2\repository\org\codehaus\plexus\plexus-utils\3.0.24\plexus-utils-3.0.24.jar;C:\Users\Windows\.m2\repository\org\apache\maven\shared\file-management\3.1.0\file-management-3.1.0.jar;C:\Users\Windows\.m2\repository\commons-io\commons-io\2.11.0\commons-io-2.11.0.jar;C:\Users\Windows\.m2\repository\org\apache\maven\reporting\maven-reporting-api\3.0\maven-reporting-api-3.0.jar;C:\Users\Windows\.m2\repository\org\apache\maven\doxia\doxia-sink-api\1.0\doxia-sink-api-1.0.jar;C:\Users\Windows\.m2\repository\org\jacoco\org.jacoco.agent\0.8.11\org.jacoco.agent-0.8.11-runtime.jar;C:\Users\Windows\.m2\repository\org\jacoco\org.jacoco.core\0.8.11\org.jacoco.core-0.8.11.jar;C:\Users\Windows\.m2\repository\org\ow2\asm\asm\9.6\asm-9.6.jar;C:\Users\Windows\.m2\repository\org\ow2\asm\asm-commons\9.6\asm-commons-9.6.jar;C:\Users\Windows\.m2\repository\org\ow2\asm\asm-tree\9.6\asm-tree-9.6.jar;C:\Users\Windows\.m2\repository\org\jacoco\org.jacoco.report\0.8.11\org.jacoco.report-0.8.11.jar;C:\Users\Windows\.m2\repository\com\googlecode\json-simple\json-simple\1.1.1\json-simple-1.1.1.jar;C:\Users\Windows\.m2\repository\junit\junit\4.13.2\junit-4.13.2.jar;C:\Users\Windows\.m2\repository\org\hamcrest\hamcrest-core\2.2\hamcrest-core-2.2.jar;C:\Users\Windows\.m2\repository\net\javacrumbs\shedlock\shedlock-spring\4.44.0\shedlock-spring-4.44.0.jar;C:\Users\Windows\.m2\repository\net\javacrumbs\shedlock\shedlock-core\4.44.0\shedlock-core-4.44.0.jar;C:\Users\Windows\.m2\repository\net\javacrumbs\shedlock\shedlock-provider-jdbc-template\4.44.0\shedlock-provider-jdbc-template-4.44.0.jar;C:\Users\Windows\.m2\repository\org\springframework\spring-jdbc\6.0.13\spring-jdbc-6.0.13.jar;"/>
    <property name="java.vm.vendor" value="Oracle Corporation"/>
    <property name="sun.arch.data.model" value="64"/>
    <property name="user.variant" value=""/>
    <property name="java.vendor.url" value="https://java.oracle.com/"/>
    <property name="user.timezone" value="America/Bogota"/>
    <property name="org.jboss.logging.provider" value="slf4j"/>
    <property name="os.name" value="Windows 11"/>
    <property name="java.vm.specification.version" value="21"/>
    <property name="sun.java.launcher" value="SUN_STANDARD"/>
    <property name="user.country" value="CO"/>
    <property name="sun.boot.library.path" value="C:\Program Files\Java\jdk-21\bin"/>
    <property name="sun.java.command" value="C:\Users\Windows\AppData\Local\Temp\surefire12527334161203661135\surefirebooter-20241201204118621_3.jar C:\Users\Windows\AppData\Local\Temp\surefire12527334161203661135 2024-12-01T20-41-18_198-jvmRun1 surefire-20241201204118621_1tmp surefire_0-20241201204118621_2tmp"/>
    <property name="jdk.debug" value="release"/>
    <property name="surefire.test.class.path" value="C:\Users\Windows\Proyecto Ingesoft5\IngSoftV\outcome-curr-mgmt\target\test-classes;C:\Users\Windows\Proyecto Ingesoft5\IngSoftV\outcome-curr-mgmt\target\classes;C:\Users\Windows\.m2\repository\org\springframework\boot\spring-boot-starter-data-jpa\3.1.5\spring-boot-starter-data-jpa-3.1.5.jar;C:\Users\Windows\.m2\repository\org\springframework\boot\spring-boot-starter-aop\3.1.5\spring-boot-starter-aop-3.1.5.jar;C:\Users\Windows\.m2\repository\org\aspectj\aspectjweaver\1.9.20\aspectjweaver-1.9.20.jar;C:\Users\Windows\.m2\repository\org\springframework\boot\spring-boot-starter-jdbc\3.1.5\spring-boot-starter-jdbc-3.1.5.jar;C:\Users\Windows\.m2\repository\com\zaxxer\HikariCP\5.0.1\HikariCP-5.0.1.jar;C:\Users\Windows\.m2\repository\org\hibernate\orm\hibernate-core\6.2.13.Final\hibernate-core-6.2.13.Final.jar;C:\Users\Windows\.m2\repository\jakarta\persistence\jakarta.persistence-api\3.1.0\jakarta.persistence-api-3.1.0.jar;C:\Users\Windows\.m2\repository\jakarta\transaction\jakarta.transaction-api\2.0.1\jakarta.transaction-api-2.0.1.jar;C:\Users\Windows\.m2\repository\org\jboss\logging\jboss-logging\3.5.3.Final\jboss-logging-3.5.3.Final.jar;C:\Users\Windows\.m2\repository\org\hibernate\common\hibernate-commons-annotations\6.0.6.Final\hibernate-commons-annotations-6.0.6.Final.jar;C:\Users\Windows\.m2\repository\io\smallrye\jandex\3.0.5\jandex-3.0.5.jar;C:\Users\Windows\.m2\repository\com\fasterxml\classmate\1.5.1\classmate-1.5.1.jar;C:\Users\Windows\.m2\repository\net\bytebuddy\byte-buddy\1.14.9\byte-buddy-1.14.9.jar;C:\Users\Windows\.m2\repository\org\glassfish\jaxb\jaxb-runtime\4.0.3\jaxb-runtime-4.0.3.jar;C:\Users\Windows\.m2\repository\org\glassfish\jaxb\jaxb-core\4.0.3\jaxb-core-4.0.3.jar;C:\Users\Windows\.m2\repository\org\eclipse\angus\angus-activation\2.0.1\angus-activation-2.0.1.jar;C:\Users\Windows\.m2\repository\org\glassfish\jaxb\txw2\4.0.3\txw2-4.0.3.jar;C:\Users\Windows\.m2\repository\com\sun\istack\istack-commons-runtime\4.1.2\istack-commons-runtime-4.1.2.jar;C:\Users\Windows\.m2\repository\jakarta\inject\jakarta.inject-api\2.0.1\jakarta.inject-api-2.0.1.jar;C:\Users\Windows\.m2\repository\org\antlr\antlr4-runtime\4.10.1\antlr4-runtime-4.10.1.jar;C:\Users\Windows\.m2\repository\org\springframework\data\spring-data-jpa\3.1.5\spring-data-jpa-3.1.5.jar;C:\Users\Windows\.m2\repository\org\springframework\spring-orm\6.0.13\spring-orm-6.0.13.jar;C:\Users\Windows\.m2\repository\org\springframework\spring-tx\6.0.13\spring-tx-6.0.13.jar;C:\Users\Windows\.m2\repository\jakarta\annotation\jakarta.annotation-api\2.1.1\jakarta.annotation-api-2.1.1.jar;C:\Users\Windows\.m2\repository\org\slf4j\slf4j-api\2.0.9\slf4j-api-2.0.9.jar;C:\Users\Windows\.m2\repository\org\springframework\spring-aspects\6.0.13\spring-aspects-6.0.13.jar;C:\Users\Windows\.m2\repository\com\h2database\h2\2.1.214\h2-2.1.214.jar;C:\Users\Windows\.m2\repository\org\springframework\security\spring-security-config\6.1.5\spring-security-config-6.1.5.jar;C:\Users\Windows\.m2\repository\org\springframework\security\spring-security-core\6.1.5\spring-security-core-6.1.5.jar;C:\Users\Windows\.m2\repository\org\springframework\security\spring-security-crypto\6.1.5\spring-security-crypto-6.1.5.jar;C:\Users\Windows\.m2\repository\org\springframework\spring-expression\6.0.13\spring-expression-6.0.13.jar;C:\Users\Windows\.m2\repository\org\springframework\spring-aop\6.0.13\spring-aop-6.0.13.jar;C:\Users\Windows\.m2\repository\org\springframework\spring-beans\6.0.13\spring-beans-6.0.13.jar;C:\Users\Windows\.m2\repository\org\springframework\spring-context\6.0.13\spring-context-6.0.13.jar;C:\Users\Windows\.m2\repository\org\springframework\spring-core\6.0.13\spring-core-6.0.13.jar;C:\Users\Windows\.m2\repository\org\springframework\spring-jcl\6.0.13\spring-jcl-6.0.13.jar;C:\Users\Windows\.m2\repository\org\springframework\boot\spring-boot-starter-test\3.1.5\spring-boot-starter-test-3.1.5.jar;C:\Users\Windows\.m2\repository\org\springframework\boot\spring-boot-starter\3.1.5\spring-boot-starter-3.1.5.jar;C:\Users\Windows\.m2\repository\org\springframework\boot\spring-boot\3.1.5\spring-boot-3.1.5.jar;C:\Users\Windows\.m2\repository\org\springframework\boot\spring-boot-autoconfigure\3.1.5\spring-boot-autoconfigure-3.1.5.jar;C:\Users\Windows\.m2\repository\org\springframework\boot\spring-boot-starter-logging\3.1.5\spring-boot-starter-logging-3.1.5.jar;C:\Users\Windows\.m2\repository\ch\qos\logback\logback-classic\1.4.11\logback-classic-1.4.11.jar;C:\Users\Windows\.m2\repository\ch\qos\logback\logback-core\1.4.11\logback-core-1.4.11.jar;C:\Users\Windows\.m2\repository\org\apache\logging\log4j\log4j-to-slf4j\2.20.0\log4j-to-slf4j-2.20.0.jar;C:\Users\Windows\.m2\repository\org\apache\logging\log4j\log4j-api\2.20.0\log4j-api-2.20.0.jar;C:\Users\Windows\.m2\repository\org\slf4j\jul-to-slf4j\2.0.9\jul-to-slf4j-2.0.9.jar;C:\Users\Windows\.m2\repository\org\yaml\snakeyaml\1.33\snakeyaml-1.33.jar;C:\Users\Windows\.m2\repository\org\springframework\boot\spring-boot-test\3.1.5\spring-boot-test-3.1.5.jar;C:\Users\Windows\.m2\repository\org\springframework\boot\spring-boot-test-autoconfigure\3.1.5\spring-boot-test-autoconfigure-3.1.5.jar;C:\Users\Windows\.m2\repository\com\jayway\jsonpath\json-path\2.8.0\json-path-2.8.0.jar;C:\Users\Windows\.m2\repository\jakarta\xml\bind\jakarta.xml.bind-api\4.0.1\jakarta.xml.bind-api-4.0.1.jar;C:\Users\Windows\.m2\repository\jakarta\activation\jakarta.activation-api\2.1.2\jakarta.activation-api-2.1.2.jar;C:\Users\Windows\.m2\repository\net\minidev\json-smart\2.4.11\json-smart-2.4.11.jar;C:\Users\Windows\.m2\repository\net\minidev\accessors-smart\2.4.11\accessors-smart-2.4.11.jar;C:\Users\Windows\.m2\repository\org\assertj\assertj-core\3.24.2\assertj-core-3.24.2.jar;C:\Users\Windows\.m2\repository\org\hamcrest\hamcrest\2.2\hamcrest-2.2.jar;C:\Users\Windows\.m2\repository\org\junit\jupiter\junit-jupiter\5.9.3\junit-jupiter-5.9.3.jar;C:\Users\Windows\.m2\repository\org\junit\jupiter\junit-jupiter-params\5.9.3\junit-jupiter-params-5.9.3.jar;C:\Users\Windows\.m2\repository\org\junit\jupiter\junit-jupiter-engine\5.9.3\junit-jupiter-engine-5.9.3.jar;C:\Users\Windows\.m2\repository\org\junit\platform\junit-platform-engine\1.9.3\junit-platform-engine-1.9.3.jar;C:\Users\Windows\.m2\repository\org\mockito\mockito-core\5.3.1\mockito-core-5.3.1.jar;C:\Users\Windows\.m2\repository\net\bytebuddy\byte-buddy-agent\1.14.9\byte-buddy-agent-1.14.9.jar;C:\Users\Windows\.m2\repository\org\objenesis\objenesis\3.3\objenesis-3.3.jar;C:\Users\Windows\.m2\repository\org\skyscreamer\jsonassert\1.5.1\jsonassert-1.5.1.jar;C:\Users\Windows\.m2\repository\com\vaadin\external\google\android-json\0.0.20131108.vaadin1\android-json-0.0.20131108.vaadin1.jar;C:\Users\Windows\.m2\repository\org\springframework\spring-test\6.0.13\spring-test-6.0.13.jar;C:\Users\Windows\.m2\repository\org\xmlunit\xmlunit-core\2.9.1\xmlunit-core-2.9.1.jar;C:\Users\Windows\.m2\repository\org\springframework\boot\spring-boot-starter-validation\3.1.5\spring-boot-starter-validation-3.1.5.jar;C:\Users\Windows\.m2\repository\org\apache\tomcat\embed\tomcat-embed-el\10.1.15\tomcat-embed-el-10.1.15.jar;C:\Users\Windows\.m2\repository\org\hibernate\validator\hibernate-validator\8.0.1.Final\hibernate-validator-8.0.1.Final.jar;C:\Users\Windows\.m2\repository\jakarta\validation\jakarta.validation-api\3.0.2\jakarta.validation-api-3.0.2.jar;C:\Users\Windows\.m2\repository\org\springframework\boot\spring-boot-starter-cache\3.1.5\spring-boot-starter-cache-3.1.5.jar;C:\Users\Windows\.m2\repository\org\springframework\spring-context-support\6.0.13\spring-context-support-6.0.13.jar;C:\Users\Windows\.m2\repository\org\projectlombok\lombok\1.18.30\lombok-1.18.30.jar;C:\Users\Windows\.m2\repository\org\mapstruct\mapstruct\1.5.5.Final\mapstruct-1.5.5.Final.jar;C:\Users\Windows\.m2\repository\org\mapstruct\mapstruct-processor\1.5.5.Final\mapstruct-processor-1.5.5.Final.jar;C:\Users\Windows\.m2\repository\co\edu\icesi\dev\outcome-curr-mgmt\outcome-curr-mgmt-api\1.0-SNAPSHOT\outcome-curr-mgmt-api-1.0-SNAPSHOT.jar;C:\Users\Windows\.m2\repository\org\springframework\boot\spring-boot-starter-web\3.1.5\spring-boot-starter-web-3.1.5.jar;C:\Users\Windows\.m2\repository\org\springframework\boot\spring-boot-starter-json\3.1.5\spring-boot-starter-json-3.1.5.jar;C:\Users\Windows\.m2\repository\com\fasterxml\jackson\datatype\jackson-datatype-jdk8\2.15.3\jackson-datatype-jdk8-2.15.3.jar;C:\Users\Windows\.m2\repository\com\fasterxml\jackson\module\jackson-module-parameter-names\2.15.3\jackson-module-parameter-names-2.15.3.jar;C:\Users\Windows\.m2\repository\org\springframework\boot\spring-boot-starter-tomcat\3.1.5\spring-boot-starter-tomcat-3.1.5.jar;C:\Users\Windows\.m2\repository\org\apache\tomcat\embed\tomcat-embed-core\10.1.15\tomcat-embed-core-10.1.15.jar;C:\Users\Windows\.m2\repository\org\apache\tomcat\embed\tomcat-embed-websocket\10.1.15\tomcat-embed-websocket-10.1.15.jar;C:\Users\Windows\.m2\repository\org\springframework\spring-web\6.0.13\spring-web-6.0.13.jar;C:\Users\Windows\.m2\repository\org\springframework\spring-webmvc\6.0.13\spring-webmvc-6.0.13.jar;C:\Users\Windows\.m2\repository\org\springframework\boot\spring-boot-starter-security\3.1.5\spring-boot-starter-security-3.1.5.jar;C:\Users\Windows\.m2\repository\org\springframework\security\spring-security-web\6.1.5\spring-security-web-6.1.5.jar;C:\Users\Windows\.m2\repository\io\jsonwebtoken\jjwt-api\0.12.6\jjwt-api-0.12.6.jar;C:\Users\Windows\.m2\repository\io\jsonwebtoken\jjwt-impl\0.12.6\jjwt-impl-0.12.6.jar;C:\Users\Windows\.m2\repository\io\jsonwebtoken\jjwt-jackson\0.12.6\jjwt-jackson-0.12.6.jar;C:\Users\Windows\.m2\repository\org\springdoc\springdoc-openapi-starter-webmvc-ui\2.6.0\springdoc-openapi-starter-webmvc-ui-2.6.0.jar;C:\Users\Windows\.m2\repository\org\springdoc\springdoc-openapi-starter-webmvc-api\2.6.0\springdoc-openapi-starter-webmvc-api-2.6.0.jar;C:\Users\Windows\.m2\repository\org\springdoc\springdoc-openapi-starter-common\2.6.0\springdoc-openapi-starter-common-2.6.0.jar;C:\Users\Windows\.m2\repository\io\swagger\core\v3\swagger-core-jakarta\2.2.22\swagger-core-jakarta-2.2.22.jar;C:\Users\Windows\.m2\repository\org\apache\commons\commons-lang3\3.12.0\commons-lang3-3.12.0.jar;C:\Users\Windows\.m2\repository\io\swagger\core\v3\swagger-annotations-jakarta\2.2.22\swagger-annotations-jakarta-2.2.22.jar;C:\Users\Windows\.m2\repository\io\swagger\core\v3\swagger-models-jakarta\2.2.22\swagger-models-jakarta-2.2.22.jar;C:\Users\Windows\.m2\repository\com\fasterxml\jackson\dataformat\jackson-dataformat-yaml\2.15.3\jackson-dataformat-yaml-2.15.3.jar;C:\Users\Windows\.m2\repository\org\webjars\swagger-ui\5.17.14\swagger-ui-5.17.14.jar;C:\Users\Windows\.m2\repository\io\swagger\swagger-annotations\1.6.11\swagger-annotations-1.6.11.jar;C:\Users\Windows\.m2\repository\org\springframework\data\spring-data-commons\3.1.5\spring-data-commons-3.1.5.jar;C:\Users\Windows\.m2\repository\net\logstash\logback\logstash-logback-encoder\7.4\logstash-logback-encoder-7.4.jar;C:\Users\Windows\.m2\repository\com\fasterxml\jackson\core\jackson-databind\2.15.3\jackson-databind-2.15.3.jar;C:\Users\Windows\.m2\repository\com\fasterxml\jackson\core\jackson-annotations\2.15.3\jackson-annotations-2.15.3.jar;C:\Users\Windows\.m2\repository\com\fasterxml\jackson\core\jackson-core\2.15.3\jackson-core-2.15.3.jar;C:\Users\Windows\.m2\repository\org\springframework\boot\spring-boot-starter-actuator\3.1.5\spring-boot-starter-actuator-3.1.5.jar;C:\Users\Windows\.m2\repository\org\springframework\boot\spring-boot-actuator-autoconfigure\3.1.5\spring-boot-actuator-autoconfigure-3.1.5.jar;C:\Users\Windows\.m2\repository\org\springframework\boot\spring-boot-actuator\3.1.5\spring-boot-actuator-3.1.5.jar;C:\Users\Windows\.m2\repository\com\fasterxml\jackson\datatype\jackson-datatype-jsr310\2.15.3\jackson-datatype-jsr310-2.15.3.jar;C:\Users\Windows\.m2\repository\io\micrometer\micrometer-observation\1.11.5\micrometer-observation-1.11.5.jar;C:\Users\Windows\.m2\repository\io\micrometer\micrometer-commons\1.11.5\micrometer-commons-1.11.5.jar;C:\Users\Windows\.m2\repository\io\micrometer\micrometer-core\1.11.5\micrometer-core-1.11.5.jar;C:\Users\Windows\.m2\repository\org\hdrhistogram\HdrHistogram\2.1.12\HdrHistogram-2.1.12.jar;C:\Users\Windows\.m2\repository\org\latencyutils\LatencyUtils\2.0.3\LatencyUtils-2.0.3.jar;C:\Users\Windows\.m2\repository\io\micrometer\micrometer-registry-prometheus\1.11.5\micrometer-registry-prometheus-1.11.5.jar;C:\Users\Windows\.m2\repository\io\prometheus\simpleclient_common\0.16.0\simpleclient_common-0.16.0.jar;C:\Users\Windows\.m2\repository\io\prometheus\simpleclient\0.16.0\simpleclient-0.16.0.jar;C:\Users\Windows\.m2\repository\io\prometheus\simpleclient_tracer_otel\0.16.0\simpleclient_tracer_otel-0.16.0.jar;C:\Users\Windows\.m2\repository\io\prometheus\simpleclient_tracer_common\0.16.0\simpleclient_tracer_common-0.16.0.jar;C:\Users\Windows\.m2\repository\io\prometheus\simpleclient_tracer_otel_agent\0.16.0\simpleclient_tracer_otel_agent-0.16.0.jar;C:\Users\Windows\.m2\repository\org\mockito\mockito-junit-jupiter\5.3.1\mockito-junit-jupiter-5.3.1.jar;C:\Users\Windows\.m2\repository\org\junit\jupiter\junit-jupiter-api\5.9.3\junit-jupiter-api-5.9.3.jar;C:\Users\Windows\.m2\repository\org\opentest4j\opentest4j\1.2.0\opentest4j-1.2.0.jar;C:\Users\Windows\.m2\repository\org\junit\platform\junit-platform-commons\1.9.3\junit-platform-commons-1.9.3.jar;C:\Users\Windows\.m2\repository\org\apiguardian\apiguardian-api\1.1.2\apiguardian-api-1.1.2.jar;C:\Users\Windows\.m2\repository\org\jacoco\jacoco-maven-plugin\0.8.11\jacoco-maven-plugin-0.8.11.jar;C:\Users\Windows\.m2\repository\org\codehaus\plexus\plexus-utils\3.0.24\plexus-utils-3.0.24.jar;C:\Users\Windows\.m2\repository\org\apache\maven\shared\file-management\3.1.0\file-management-3.1.0.jar;C:\Users\Windows\.m2\repository\commons-io\commons-io\2.11.0\commons-io-2.11.0.jar;C:\Users\Windows\.m2\repository\org\apache\maven\reporting\maven-reporting-api\3.0\maven-reporting-api-3.0.jar;C:\Users\Windows\.m2\repository\org\apache\maven\doxia\doxia-sink-api\1.0\doxia-sink-api-1.0.jar;C:\Users\Windows\.m2\repository\org\jacoco\org.jacoco.agent\0.8.11\org.jacoco.agent-0.8.11-runtime.jar;C:\Users\Windows\.m2\repository\org\jacoco\org.jacoco.core\0.8.11\org.jacoco.core-0.8.11.jar;C:\Users\Windows\.m2\repository\org\ow2\asm\asm\9.6\asm-9.6.jar;C:\Users\Windows\.m2\repository\org\ow2\asm\asm-commons\9.6\asm-commons-9.6.jar;C:\Users\Windows\.m2\repository\org\ow2\asm\asm-tree\9.6\asm-tree-9.6.jar;C:\Users\Windows\.m2\repository\org\jacoco\org.jacoco.report\0.8.11\org.jacoco.report-0.8.11.jar;C:\Users\Windows\.m2\repository\com\googlecode\json-simple\json-simple\1.1.1\json-simple-1.1.1.jar;C:\Users\Windows\.m2\repository\junit\junit\4.13.2\junit-4.13.2.jar;C:\Users\Windows\.m2\repository\org\hamcrest\hamcrest-core\2.2\hamcrest-core-2.2.jar;C:\Users\Windows\.m2\repository\net\javacrumbs\shedlock\shedlock-spring\4.44.0\shedlock-spring-4.44.0.jar;C:\Users\Windows\.m2\repository\net\javacrumbs\shedlock\shedlock-core\4.44.0\shedlock-core-4.44.0.jar;C:\Users\Windows\.m2\repository\net\javacrumbs\shedlock\shedlock-provider-jdbc-template\4.44.0\shedlock-provider-jdbc-template-4.44.0.jar;C:\Users\Windows\.m2\repository\org\springframework\spring-jdbc\6.0.13\spring-jdbc-6.0.13.jar;"/>
    <property name="sun.cpu.endian" value="little"/>
    <property name="user.home" value="C:\Users\Windows"/>
    <property name="user.language" value="es"/>
    <property name="java.specification.vendor" value="Oracle Corporation"/>
    <property name="java.version.date" value="2024-01-16"/>
    <property name="java.home" value="C:\Program Files\Java\jdk-21"/>
    <property name="file.separator" value="\"/>
    <property name="basedir" value="C:\Users\Windows\Proyecto Ingesoft5\IngSoftV\outcome-curr-mgmt"/>
    <property name="java.vm.compressedOopsMode" value="Zero based"/>
    <property name="line.separator" value="&#10;"/>
    <property name="java.vm.specification.vendor" value="Oracle Corporation"/>
    <property name="java.specification.name" value="Java Platform API Specification"/>
    <property name="FILE_LOG_CHARSET" value="UTF-8"/>
    <property name="java.awt.headless" value="true"/>
    <property name="surefire.real.class.path" value="C:\Users\Windows\AppData\Local\Temp\surefire12527334161203661135\surefirebooter-20241201204118621_3.jar"/>
    <property name="user.script" value=""/>
    <property name="sun.management.compiler" value="HotSpot 64-Bit Tiered Compilers"/>
    <property name="java.runtime.version" value="21.0.2+13-LTS-58"/>
    <property name="user.name" value="Windows"/>
    <property name="stdout.encoding" value="Cp1252"/>
    <property name="path.separator" value=";"/>
    <property name="os.version" value="10.0"/>
    <property name="java.runtime.name" value="Java(TM) SE Runtime Environment"/>
    <property name="file.encoding" value="UTF-8"/>
    <property name="java.vm.name" value="Java HotSpot(TM) 64-Bit Server VM"/>
    <property name="localRepository" value="C:\Users\Windows\.m2\repository"/>
    <property name="java.vendor.url.bug" value="https://bugreport.java.com/bugreport/"/>
    <property name="java.io.tmpdir" value="C:\Users\Windows\AppData\Local\Temp\"/>
    <property name="idea.version" value="2023.3.8"/>
    <property name="com.zaxxer.hikari.pool_number" value="5"/>
    <property name="java.version" value="21.0.2"/>
    <property name="user.dir" value="C:\Users\Windows\Proyecto Ingesoft5\IngSoftV\outcome-curr-mgmt"/>
    <property name="os.arch" value="amd64"/>
    <property name="java.vm.specification.name" value="Java Virtual Machine Specification"/>
    <property name="PID" value="24988"/>
    <property name="sun.os.patch.level" value=""/>
    <property name="CONSOLE_LOG_CHARSET" value="UTF-8"/>
    <property name="native.encoding" value="Cp1252"/>
    <property name="java.library.path" value="C:\Program Files\Java\jdk-21\bin;C:\WINDOWS\Sun\Java\bin;C:\WINDOWS\system32;C:\WINDOWS;C:\Program Files\Java\jdk-17\bin;C:\Program Files (x86)\Common Files\Oracle\Java\java8path;C:\Program Files (x86)\Common Files\Oracle\Java\javapath;C:\Windows\System32;C:\Windows;C:\Windows\System32\wbem;C:\Windows\System32\WindowsPowerShell\v1.0\;C:\Windows\System32\OpenSSH\;C:\Program Files\nodejs\;C:\Program Files\Git\cmd;C:\Program Files\PuTTY\;C:\Program Files (x86)\Google\Cloud SDK\google-cloud-sdk\bin;C:\Program Files\Gradle\gradle-8.10.1\bin;C:\Program Files\Red Gate\Flyway Desktop\;C:\Program Files (x86)\apache-maven-3.9.9\bin\;;C:\Program Files\Docker\Docker\resources\bin;C:\Users\Windows\AppData\Local\Microsoft\WindowsApps;C:\Users\Windows\AppData\Local\Programs\Microsoft VS Code\bin;C:\Users\Windows\AppData\Roaming\npm;C:\Program Files (x86)\apache-maven-3.9.9\bin\;;."/>
    <property name="java.vm.info" value="mixed mode, sharing"/>
    <property name="stderr.encoding" value="Cp1252"/>
    <property name="java.vendor" value="Oracle Corporation"/>
    <property name="java.vm.version" value="21.0.2+13-LTS-58"/>
    <property name="sun.io.unicode.encoding" value="UnicodeLittle"/>
    <property name="java.class.version" value="65.0"/>
  </properties>
  <testcase name="testReturnsCoursesWhenThereAreNoExistingFacultyWithTheGivenId" classname="co.edu.icesi.dev.outcome_curr_mgmt.persistence.curriculum_qa.StudOutcomeRepositoryTest" time="9.673">
    <system-out><![CDATA[2024-12-01T20:42:10.860-05:00  INFO 24988 --- [           main] t.c.s.AnnotationConfigContextLoaderUtils : Could not detect default configuration classes for test class [co.edu.icesi.dev.outcome_curr_mgmt.persistence.curriculum_qa.StudOutcomeRepositoryTest]: StudOutcomeRepositoryTest does not declare any static, non-private, non-final, nested classes annotated with @Configuration.
{"@timestamp":"2024-12-01T20:42:10.8601054-05:00","@version":"1","message":"Could not detect default configuration classes for test class [co.edu.icesi.dev.outcome_curr_mgmt.persistence.curriculum_qa.StudOutcomeRepositoryTest]: StudOutcomeRepositoryTest does not declare any static, non-private, non-final, nested classes annotated with @Configuration.","logger_name":"org.springframework.test.context.support.AnnotationConfigContextLoaderUtils","thread_name":"main","level":"INFO","level_value":20000}
2024-12-01T20:42:11.039-05:00  INFO 24988 --- [           main] .b.t.c.SpringBootTestContextBootstrapper : Found @SpringBootConfiguration co.edu.icesi.dev.outcome_curr_mgmt.OutcomeCurrMgmtApplication for test class co.edu.icesi.dev.outcome_curr_mgmt.persistence.curriculum_qa.StudOutcomeRepositoryTest
{"@timestamp":"2024-12-01T20:42:11.0398995-05:00","@version":"1","message":"Found @SpringBootConfiguration co.edu.icesi.dev.outcome_curr_mgmt.OutcomeCurrMgmtApplication for test class co.edu.icesi.dev.outcome_curr_mgmt.persistence.curriculum_qa.StudOutcomeRepositoryTest","logger_name":"org.springframework.boot.test.context.SpringBootTestContextBootstrapper","thread_name":"main","level":"INFO","level_value":20000}
2024-12-01T20:42:11.078-05:00  INFO 24988 --- [           main] j.LocalContainerEntityManagerFactoryBean : Closing JPA EntityManagerFactory for persistence unit 'default'
{"@timestamp":"2024-12-01T20:42:11.0787653-05:00","@version":"1","message":"Closing JPA EntityManagerFactory for persistence unit 'default'","logger_name":"org.springframework.orm.jpa.LocalContainerEntityManagerFactoryBean","thread_name":"main","level":"INFO","level_value":20000}
2024-12-01T20:42:11.173-05:00  INFO 24988 --- [           main] com.zaxxer.hikari.HikariDataSource       : HikariPool-1 - Shutdown initiated...
{"@timestamp":"2024-12-01T20:42:11.1733102-05:00","@version":"1","message":"HikariPool-1 - Shutdown initiated...","logger_name":"com.zaxxer.hikari.HikariDataSource","thread_name":"main","level":"INFO","level_value":20000}
2024-12-01T20:42:11.178-05:00  INFO 24988 --- [           main] com.zaxxer.hikari.HikariDataSource       : HikariPool-1 - Shutdown completed.
{"@timestamp":"2024-12-01T20:42:11.1781049-05:00","@version":"1","message":"HikariPool-1 - Shutdown completed.","logger_name":"com.zaxxer.hikari.HikariDataSource","thread_name":"main","level":"INFO","level_value":20000}

  .   ____          _            __ _ _
 /\\ / ___'_ __ _ _(_)_ __  __ _ \ \ \ \
( ( )\___ | '_ | '_| | '_ \/ _` | \ \ \ \
 \\/  ___)| |_)| | | | | || (_| |  ) ) ) )
  '  |____| .__|_| |_|_| |_\__, | / / / /
 =========|_|==============|___/=/_/_/_/
 :: Spring Boot ::                (v3.1.5)

2024-12-01T20:42:11.541-05:00  INFO 24988 --- [           main] c.e.i.d.o.p.c.StudOutcomeRepositoryTest  : Starting StudOutcomeRepositoryTest using Java 21.0.2 with PID 24988 (started by Windows in C:\Users\Windows\Proyecto Ingesoft5\IngSoftV\outcome-curr-mgmt)
{"@timestamp":"2024-12-01T20:42:11.541135-05:00","@version":"1","message":"Starting StudOutcomeRepositoryTest using Java 21.0.2 with PID 24988 (started by Windows in C:\\Users\\Windows\\Proyecto Ingesoft5\\IngSoftV\\outcome-curr-mgmt)","logger_name":"co.edu.icesi.dev.outcome_curr_mgmt.persistence.curriculum_qa.StudOutcomeRepositoryTest","thread_name":"main","level":"INFO","level_value":20000}
2024-12-01T20:42:11.543-05:00  INFO 24988 --- [           main] c.e.i.d.o.p.c.StudOutcomeRepositoryTest  : The following 1 profile is active: "test"
{"@timestamp":"2024-12-01T20:42:11.5436548-05:00","@version":"1","message":"The following 1 profile is active: \"test\"","logger_name":"co.edu.icesi.dev.outcome_curr_mgmt.persistence.curriculum_qa.StudOutcomeRepositoryTest","thread_name":"main","level":"INFO","level_value":20000}
2024-12-01T20:42:13.145-05:00  INFO 24988 --- [           main] .s.d.r.c.RepositoryConfigurationDelegate : Bootstrapping Spring Data JPA repositories in DEFAULT mode.
{"@timestamp":"2024-12-01T20:42:13.1457975-05:00","@version":"1","message":"Bootstrapping Spring Data JPA repositories in DEFAULT mode.","logger_name":"org.springframework.data.repository.config.RepositoryConfigurationDelegate","thread_name":"main","level":"INFO","level_value":20000}
2024-12-01T20:42:13.824-05:00  INFO 24988 --- [           main] .s.d.r.c.RepositoryConfigurationDelegate : Finished Spring Data repository scanning in 677 ms. Found 41 JPA repository interfaces.
{"@timestamp":"2024-12-01T20:42:13.8244572-05:00","@version":"1","message":"Finished Spring Data repository scanning in 677 ms. Found 41 JPA repository interfaces.","logger_name":"org.springframework.data.repository.config.RepositoryConfigurationDelegate","thread_name":"main","level":"INFO","level_value":20000}
2024-12-01T20:42:14.341-05:00  INFO 24988 --- [           main] com.zaxxer.hikari.HikariDataSource       : HikariPool-2 - Starting...
{"@timestamp":"2024-12-01T20:42:14.3418574-05:00","@version":"1","message":"HikariPool-2 - Starting...","logger_name":"com.zaxxer.hikari.HikariDataSource","thread_name":"main","level":"INFO","level_value":20000}
2024-12-01T20:42:14.344-05:00  INFO 24988 --- [           main] com.zaxxer.hikari.pool.HikariPool        : HikariPool-2 - Added connection conn10: url=jdbc:h2:mem:testdb user=ADMIN
{"@timestamp":"2024-12-01T20:42:14.3444274-05:00","@version":"1","message":"HikariPool-2 - Added connection conn10: url=jdbc:h2:mem:testdb user=ADMIN","logger_name":"com.zaxxer.hikari.pool.HikariPool","thread_name":"main","level":"INFO","level_value":20000}
2024-12-01T20:42:14.344-05:00  INFO 24988 --- [           main] com.zaxxer.hikari.HikariDataSource       : HikariPool-2 - Start completed.
{"@timestamp":"2024-12-01T20:42:14.3444274-05:00","@version":"1","message":"HikariPool-2 - Start completed.","logger_name":"com.zaxxer.hikari.HikariDataSource","thread_name":"main","level":"INFO","level_value":20000}
2024-12-01T20:42:14.350-05:00  INFO 24988 --- [           main] o.hibernate.jpa.internal.util.LogHelper  : HHH000204: Processing PersistenceUnitInfo [name: default]
{"@timestamp":"2024-12-01T20:42:14.3500169-05:00","@version":"1","message":"HHH000204: Processing PersistenceUnitInfo [name: default]","logger_name":"org.hibernate.jpa.internal.util.LogHelper","thread_name":"main","level":"INFO","level_value":20000}
2024-12-01T20:42:14.383-05:00  INFO 24988 --- [           main] o.s.o.j.p.SpringPersistenceUnitInfo      : No LoadTimeWeaver setup: ignoring JPA class transformer
{"@timestamp":"2024-12-01T20:42:14.3838527-05:00","@version":"1","message":"No LoadTimeWeaver setup: ignoring JPA class transformer","logger_name":"org.springframework.orm.jpa.persistenceunit.SpringPersistenceUnitInfo","thread_name":"main","level":"INFO","level_value":20000}
2024-12-01T20:42:14.386-05:00  WARN 24988 --- [           main] org.hibernate.orm.deprecation            : HHH90000025: H2Dialect does not need to be specified explicitly using 'hibernate.dialect' (remove the property setting and it will be selected by default)
{"@timestamp":"2024-12-01T20:42:14.3868617-05:00","@version":"1","message":"HHH90000025: H2Dialect does not need to be specified explicitly using 'hibernate.dialect' (remove the property setting and it will be selected by default)","logger_name":"org.hibernate.orm.deprecation","thread_name":"main","level":"WARN","level_value":30000}
2024-12-01T20:42:17.293-05:00  INFO 24988 --- [           main] o.h.e.t.j.p.i.JtaPlatformInitiator       : HHH000489: No JTA platform available (set 'hibernate.transaction.jta.platform' to enable JTA platform integration)
{"@timestamp":"2024-12-01T20:42:17.2930893-05:00","@version":"1","message":"HHH000489: No JTA platform available (set 'hibernate.transaction.jta.platform' to enable JTA platform integration)","logger_name":"org.hibernate.engine.transaction.jta.platform.internal.JtaPlatformInitiator","thread_name":"main","level":"INFO","level_value":20000}
2024-12-01T20:42:17.644-05:00  INFO 24988 --- [           main] j.LocalContainerEntityManagerFactoryBean : Initialized JPA EntityManagerFactory for persistence unit 'default'
{"@timestamp":"2024-12-01T20:42:17.6446286-05:00","@version":"1","message":"Initialized JPA EntityManagerFactory for persistence unit 'default'","logger_name":"org.springframework.orm.jpa.LocalContainerEntityManagerFactoryBean","thread_name":"main","level":"INFO","level_value":20000}
2024-12-01T20:42:19.531-05:00  WARN 24988 --- [           main] JpaBaseConfiguration$JpaWebConfiguration : spring.jpa.open-in-view is enabled by default. Therefore, database queries may be performed during view rendering. Explicitly configure spring.jpa.open-in-view to disable this warning
{"@timestamp":"2024-12-01T20:42:19.5319767-05:00","@version":"1","message":"spring.jpa.open-in-view is enabled by default. Therefore, database queries may be performed during view rendering. Explicitly configure spring.jpa.open-in-view to disable this warning","logger_name":"org.springframework.boot.autoconfigure.orm.jpa.JpaBaseConfiguration$JpaWebConfiguration","thread_name":"main","level":"WARN","level_value":30000}
2024-12-01T20:42:19.554-05:00  WARN 24988 --- [           main] .s.s.UserDetailsServiceAutoConfiguration : 

Using generated security password: bbe34c48-82f8-4679-89a3-96a0812512c1

This generated password is for development use only. Your security configuration must be updated before running your application in production.

{"@timestamp":"2024-12-01T20:42:19.5541618-05:00","@version":"1","message":"\r\n\r\nUsing generated security password: bbe34c48-82f8-4679-89a3-96a0812512c1\r\n\r\nThis generated password is for development use only. Your security configuration must be updated before running your application in production.\r\n","logger_name":"org.springframework.boot.autoconfigure.security.servlet.UserDetailsServiceAutoConfiguration","thread_name":"main","level":"WARN","level_value":30000}
2024-12-01T20:42:19.623-05:00  INFO 24988 --- [           main] o.s.s.web.DefaultSecurityFilterChain     : Will secure any request with [org.springframework.security.web.session.DisableEncodeUrlFilter@539fecf8, org.springframework.security.web.context.request.async.WebAsyncManagerIntegrationFilter@48b7c81b, org.springframework.security.web.context.SecurityContextHolderFilter@1ad1198a, org.springframework.security.web.header.HeaderWriterFilter@727153c5, org.springframework.web.filter.CorsFilter@49c14b81, org.springframework.security.web.authentication.logout.LogoutFilter@641fe59d, co.edu.icesi.dev.outcome_curr_mgmt.saamfi.filters.SaamfiAuthenticationFilter@1acb9d3d, org.springframework.security.web.savedrequest.RequestCacheAwareFilter@6909ed02, org.springframework.security.web.servletapi.SecurityContextHolderAwareRequestFilter@119e649d, org.springframework.security.web.authentication.AnonymousAuthenticationFilter@6b3e9c11, org.springframework.security.web.session.SessionManagementFilter@2e693002, org.springframework.security.web.access.ExceptionTranslationFilter@2e4bac0e, org.springframework.security.web.access.intercept.AuthorizationFilter@20005bab]
{"@timestamp":"2024-12-01T20:42:19.6238123-05:00","@version":"1","message":"Will secure any request with [org.springframework.security.web.session.DisableEncodeUrlFilter@539fecf8, org.springframework.security.web.context.request.async.WebAsyncManagerIntegrationFilter@48b7c81b, org.springframework.security.web.context.SecurityContextHolderFilter@1ad1198a, org.springframework.security.web.header.HeaderWriterFilter@727153c5, org.springframework.web.filter.CorsFilter@49c14b81, org.springframework.security.web.authentication.logout.LogoutFilter@641fe59d, co.edu.icesi.dev.outcome_curr_mgmt.saamfi.filters.SaamfiAuthenticationFilter@1acb9d3d, org.springframework.security.web.savedrequest.RequestCacheAwareFilter@6909ed02, org.springframework.security.web.servletapi.SecurityContextHolderAwareRequestFilter@119e649d, org.springframework.security.web.authentication.AnonymousAuthenticationFilter@6b3e9c11, org.springframework.security.web.session.SessionManagementFilter@2e693002, org.springframework.security.web.access.ExceptionTranslationFilter@2e4bac0e, org.springframework.security.web.access.intercept.AuthorizationFilter@20005bab]","logger_name":"org.springframework.security.web.DefaultSecurityFilterChain","thread_name":"main","level":"INFO","level_value":20000}
2024-12-01T20:42:20.427-05:00  INFO 24988 --- [           main] o.s.b.a.h2.H2ConsoleAutoConfiguration    : H2 console available at '/h2-console'. Database available at 'jdbc:h2:mem:testdb'
{"@timestamp":"2024-12-01T20:42:20.4276968-05:00","@version":"1","message":"H2 console available at '/h2-console'. Database available at 'jdbc:h2:mem:testdb'","logger_name":"org.springframework.boot.autoconfigure.h2.H2ConsoleAutoConfiguration","thread_name":"main","level":"INFO","level_value":20000}
2024-12-01T20:42:20.456-05:00  INFO 24988 --- [           main] o.s.b.a.e.web.EndpointLinksResolver      : Exposing 13 endpoint(s) beneath base path '/actuator'
{"@timestamp":"2024-12-01T20:42:20.4560862-05:00","@version":"1","message":"Exposing 13 endpoint(s) beneath base path '/actuator'","logger_name":"org.springframework.boot.actuate.endpoint.web.EndpointLinksResolver","thread_name":"main","level":"INFO","level_value":20000}
2024-12-01T20:42:20.524-05:00  INFO 24988 --- [           main] c.e.i.d.o.p.c.StudOutcomeRepositoryTest  : Started StudOutcomeRepositoryTest in 9.34 seconds (process running for 61.472)
{"@timestamp":"2024-12-01T20:42:20.5245174-05:00","@version":"1","message":"Started StudOutcomeRepositoryTest in 9.34 seconds (process running for 61.472)","logger_name":"co.edu.icesi.dev.outcome_curr_mgmt.persistence.curriculum_qa.StudOutcomeRepositoryTest","thread_name":"main","level":"INFO","level_value":20000}
]]></system-out>
  </testcase>
  <testcase name="testReturnsCoursesWhenThereAreNoExistingAcadProgCurrWithTheGivenId" classname="co.edu.icesi.dev.outcome_curr_mgmt.persistence.curriculum_qa.StudOutcomeRepositoryTest" time="7.786">
    <system-out><![CDATA[2024-12-01T20:42:20.748-05:00  INFO 24988 --- [           main] j.LocalContainerEntityManagerFactoryBean : Closing JPA EntityManagerFactory for persistence unit 'default'
{"@timestamp":"2024-12-01T20:42:20.7480602-05:00","@version":"1","message":"Closing JPA EntityManagerFactory for persistence unit 'default'","logger_name":"org.springframework.orm.jpa.LocalContainerEntityManagerFactoryBean","thread_name":"main","level":"INFO","level_value":20000}
2024-12-01T20:42:20.843-05:00  INFO 24988 --- [           main] com.zaxxer.hikari.HikariDataSource       : HikariPool-2 - Shutdown initiated...
{"@timestamp":"2024-12-01T20:42:20.8436332-05:00","@version":"1","message":"HikariPool-2 - Shutdown initiated...","logger_name":"com.zaxxer.hikari.HikariDataSource","thread_name":"main","level":"INFO","level_value":20000}
2024-12-01T20:42:20.845-05:00  INFO 24988 --- [           main] com.zaxxer.hikari.HikariDataSource       : HikariPool-2 - Shutdown completed.
{"@timestamp":"2024-12-01T20:42:20.8458562-05:00","@version":"1","message":"HikariPool-2 - Shutdown completed.","logger_name":"com.zaxxer.hikari.HikariDataSource","thread_name":"main","level":"INFO","level_value":20000}

  .   ____          _            __ _ _
 /\\ / ___'_ __ _ _(_)_ __  __ _ \ \ \ \
( ( )\___ | '_ | '_| | '_ \/ _` | \ \ \ \
 \\/  ___)| |_)| | | | | || (_| |  ) ) ) )
  '  |____| .__|_| |_|_| |_\__, | / / / /
 =========|_|==============|___/=/_/_/_/
 :: Spring Boot ::                (v3.1.5)

2024-12-01T20:42:21.033-05:00  INFO 24988 --- [           main] c.e.i.d.o.p.c.StudOutcomeRepositoryTest  : Starting StudOutcomeRepositoryTest using Java 21.0.2 with PID 24988 (started by Windows in C:\Users\Windows\Proyecto Ingesoft5\IngSoftV\outcome-curr-mgmt)
{"@timestamp":"2024-12-01T20:42:21.0330581-05:00","@version":"1","message":"Starting StudOutcomeRepositoryTest using Java 21.0.2 with PID 24988 (started by Windows in C:\\Users\\Windows\\Proyecto Ingesoft5\\IngSoftV\\outcome-curr-mgmt)","logger_name":"co.edu.icesi.dev.outcome_curr_mgmt.persistence.curriculum_qa.StudOutcomeRepositoryTest","thread_name":"main","level":"INFO","level_value":20000}
2024-12-01T20:42:21.038-05:00  INFO 24988 --- [           main] c.e.i.d.o.p.c.StudOutcomeRepositoryTest  : The following 1 profile is active: "test"
{"@timestamp":"2024-12-01T20:42:21.0382111-05:00","@version":"1","message":"The following 1 profile is active: \"test\"","logger_name":"co.edu.icesi.dev.outcome_curr_mgmt.persistence.curriculum_qa.StudOutcomeRepositoryTest","thread_name":"main","level":"INFO","level_value":20000}
2024-12-01T20:42:22.439-05:00  INFO 24988 --- [           main] .s.d.r.c.RepositoryConfigurationDelegate : Bootstrapping Spring Data JPA repositories in DEFAULT mode.
{"@timestamp":"2024-12-01T20:42:22.4399244-05:00","@version":"1","message":"Bootstrapping Spring Data JPA repositories in DEFAULT mode.","logger_name":"org.springframework.data.repository.config.RepositoryConfigurationDelegate","thread_name":"main","level":"INFO","level_value":20000}
2024-12-01T20:42:22.947-05:00  INFO 24988 --- [           main] .s.d.r.c.RepositoryConfigurationDelegate : Finished Spring Data repository scanning in 506 ms. Found 41 JPA repository interfaces.
{"@timestamp":"2024-12-01T20:42:22.9473052-05:00","@version":"1","message":"Finished Spring Data repository scanning in 506 ms. Found 41 JPA repository interfaces.","logger_name":"org.springframework.data.repository.config.RepositoryConfigurationDelegate","thread_name":"main","level":"INFO","level_value":20000}
2024-12-01T20:42:23.231-05:00  INFO 24988 --- [           main] com.zaxxer.hikari.HikariDataSource       : HikariPool-3 - Starting...
{"@timestamp":"2024-12-01T20:42:23.2318664-05:00","@version":"1","message":"HikariPool-3 - Starting...","logger_name":"com.zaxxer.hikari.HikariDataSource","thread_name":"main","level":"INFO","level_value":20000}
2024-12-01T20:42:23.237-05:00  INFO 24988 --- [           main] com.zaxxer.hikari.pool.HikariPool        : HikariPool-3 - Added connection conn20: url=jdbc:h2:mem:testdb user=ADMIN
{"@timestamp":"2024-12-01T20:42:23.237022-05:00","@version":"1","message":"HikariPool-3 - Added connection conn20: url=jdbc:h2:mem:testdb user=ADMIN","logger_name":"com.zaxxer.hikari.pool.HikariPool","thread_name":"main","level":"INFO","level_value":20000}
2024-12-01T20:42:23.238-05:00  INFO 24988 --- [           main] com.zaxxer.hikari.HikariDataSource       : HikariPool-3 - Start completed.
{"@timestamp":"2024-12-01T20:42:23.2387504-05:00","@version":"1","message":"HikariPool-3 - Start completed.","logger_name":"com.zaxxer.hikari.HikariDataSource","thread_name":"main","level":"INFO","level_value":20000}
2024-12-01T20:42:23.242-05:00  INFO 24988 --- [           main] o.hibernate.jpa.internal.util.LogHelper  : HHH000204: Processing PersistenceUnitInfo [name: default]
{"@timestamp":"2024-12-01T20:42:23.2421969-05:00","@version":"1","message":"HHH000204: Processing PersistenceUnitInfo [name: default]","logger_name":"org.hibernate.jpa.internal.util.LogHelper","thread_name":"main","level":"INFO","level_value":20000}
2024-12-01T20:42:23.271-05:00  INFO 24988 --- [           main] o.s.o.j.p.SpringPersistenceUnitInfo      : No LoadTimeWeaver setup: ignoring JPA class transformer
{"@timestamp":"2024-12-01T20:42:23.2713131-05:00","@version":"1","message":"No LoadTimeWeaver setup: ignoring JPA class transformer","logger_name":"org.springframework.orm.jpa.persistenceunit.SpringPersistenceUnitInfo","thread_name":"main","level":"INFO","level_value":20000}
2024-12-01T20:42:23.274-05:00  WARN 24988 --- [           main] org.hibernate.orm.deprecation            : HHH90000025: H2Dialect does not need to be specified explicitly using 'hibernate.dialect' (remove the property setting and it will be selected by default)
{"@timestamp":"2024-12-01T20:42:23.2743266-05:00","@version":"1","message":"HHH90000025: H2Dialect does not need to be specified explicitly using 'hibernate.dialect' (remove the property setting and it will be selected by default)","logger_name":"org.hibernate.orm.deprecation","thread_name":"main","level":"WARN","level_value":30000}
2024-12-01T20:42:25.584-05:00  INFO 24988 --- [           main] o.h.e.t.j.p.i.JtaPlatformInitiator       : HHH000489: No JTA platform available (set 'hibernate.transaction.jta.platform' to enable JTA platform integration)
{"@timestamp":"2024-12-01T20:42:25.5843158-05:00","@version":"1","message":"HHH000489: No JTA platform available (set 'hibernate.transaction.jta.platform' to enable JTA platform integration)","logger_name":"org.hibernate.engine.transaction.jta.platform.internal.JtaPlatformInitiator","thread_name":"main","level":"INFO","level_value":20000}
2024-12-01T20:42:25.867-05:00  INFO 24988 --- [           main] j.LocalContainerEntityManagerFactoryBean : Initialized JPA EntityManagerFactory for persistence unit 'default'
{"@timestamp":"2024-12-01T20:42:25.8670411-05:00","@version":"1","message":"Initialized JPA EntityManagerFactory for persistence unit 'default'","logger_name":"org.springframework.orm.jpa.LocalContainerEntityManagerFactoryBean","thread_name":"main","level":"INFO","level_value":20000}
2024-12-01T20:42:27.252-05:00  WARN 24988 --- [           main] JpaBaseConfiguration$JpaWebConfiguration : spring.jpa.open-in-view is enabled by default. Therefore, database queries may be performed during view rendering. Explicitly configure spring.jpa.open-in-view to disable this warning
{"@timestamp":"2024-12-01T20:42:27.2520356-05:00","@version":"1","message":"spring.jpa.open-in-view is enabled by default. Therefore, database queries may be performed during view rendering. Explicitly configure spring.jpa.open-in-view to disable this warning","logger_name":"org.springframework.boot.autoconfigure.orm.jpa.JpaBaseConfiguration$JpaWebConfiguration","thread_name":"main","level":"WARN","level_value":30000}
2024-12-01T20:42:27.272-05:00  WARN 24988 --- [           main] .s.s.UserDetailsServiceAutoConfiguration : 

Using generated security password: 0cbae48e-0378-4237-8b1f-b92fe466488b

This generated password is for development use only. Your security configuration must be updated before running your application in production.

{"@timestamp":"2024-12-01T20:42:27.272567-05:00","@version":"1","message":"\r\n\r\nUsing generated security password: 0cbae48e-0378-4237-8b1f-b92fe466488b\r\n\r\nThis generated password is for development use only. Your security configuration must be updated before running your application in production.\r\n","logger_name":"org.springframework.boot.autoconfigure.security.servlet.UserDetailsServiceAutoConfiguration","thread_name":"main","level":"WARN","level_value":30000}
2024-12-01T20:42:27.322-05:00  INFO 24988 --- [           main] o.s.s.web.DefaultSecurityFilterChain     : Will secure any request with [org.springframework.security.web.session.DisableEncodeUrlFilter@62a16bb5, org.springframework.security.web.context.request.async.WebAsyncManagerIntegrationFilter@7656bf93, org.springframework.security.web.context.SecurityContextHolderFilter@324e54b2, org.springframework.security.web.header.HeaderWriterFilter@59f4d05a, org.springframework.web.filter.CorsFilter@266b8d7a, org.springframework.security.web.authentication.logout.LogoutFilter@5bf9e359, co.edu.icesi.dev.outcome_curr_mgmt.saamfi.filters.SaamfiAuthenticationFilter@19787318, org.springframework.security.web.savedrequest.RequestCacheAwareFilter@723df76b, org.springframework.security.web.servletapi.SecurityContextHolderAwareRequestFilter@db49f76, org.springframework.security.web.authentication.AnonymousAuthenticationFilter@6cee57d1, org.springframework.security.web.session.SessionManagementFilter@7a7d81b4, org.springframework.security.web.access.ExceptionTranslationFilter@59833616, org.springframework.security.web.access.intercept.AuthorizationFilter@6f84a977]
{"@timestamp":"2024-12-01T20:42:27.3224412-05:00","@version":"1","message":"Will secure any request with [org.springframework.security.web.session.DisableEncodeUrlFilter@62a16bb5, org.springframework.security.web.context.request.async.WebAsyncManagerIntegrationFilter@7656bf93, org.springframework.security.web.context.SecurityContextHolderFilter@324e54b2, org.springframework.security.web.header.HeaderWriterFilter@59f4d05a, org.springframework.web.filter.CorsFilter@266b8d7a, org.springframework.security.web.authentication.logout.LogoutFilter@5bf9e359, co.edu.icesi.dev.outcome_curr_mgmt.saamfi.filters.SaamfiAuthenticationFilter@19787318, org.springframework.security.web.savedrequest.RequestCacheAwareFilter@723df76b, org.springframework.security.web.servletapi.SecurityContextHolderAwareRequestFilter@db49f76, org.springframework.security.web.authentication.AnonymousAuthenticationFilter@6cee57d1, org.springframework.security.web.session.SessionManagementFilter@7a7d81b4, org.springframework.security.web.access.ExceptionTranslationFilter@59833616, org.springframework.security.web.access.intercept.AuthorizationFilter@6f84a977]","logger_name":"org.springframework.security.web.DefaultSecurityFilterChain","thread_name":"main","level":"INFO","level_value":20000}
2024-12-01T20:42:28.019-05:00  INFO 24988 --- [           main] o.s.b.a.h2.H2ConsoleAutoConfiguration    : H2 console available at '/h2-console'. Database available at 'jdbc:h2:mem:testdb'
{"@timestamp":"2024-12-01T20:42:28.0192699-05:00","@version":"1","message":"H2 console available at '/h2-console'. Database available at 'jdbc:h2:mem:testdb'","logger_name":"org.springframework.boot.autoconfigure.h2.H2ConsoleAutoConfiguration","thread_name":"main","level":"INFO","level_value":20000}
2024-12-01T20:42:28.070-05:00  INFO 24988 --- [           main] o.s.b.a.e.web.EndpointLinksResolver      : Exposing 13 endpoint(s) beneath base path '/actuator'
{"@timestamp":"2024-12-01T20:42:28.0703127-05:00","@version":"1","message":"Exposing 13 endpoint(s) beneath base path '/actuator'","logger_name":"org.springframework.boot.actuate.endpoint.web.EndpointLinksResolver","thread_name":"main","level":"INFO","level_value":20000}
2024-12-01T20:42:28.231-05:00  INFO 24988 --- [           main] c.e.i.d.o.p.c.StudOutcomeRepositoryTest  : Started StudOutcomeRepositoryTest in 7.379 seconds (process running for 69.178)
{"@timestamp":"2024-12-01T20:42:28.2310675-05:00","@version":"1","message":"Started StudOutcomeRepositoryTest in 7.379 seconds (process running for 69.178)","logger_name":"co.edu.icesi.dev.outcome_curr_mgmt.persistence.curriculum_qa.StudOutcomeRepositoryTest","thread_name":"main","level":"INFO","level_value":20000}
]]></system-out>
  </testcase>
  <testcase name="testReturnsCoursesWhenThereAreNoExistingAcadProgWithTheGivenId" classname="co.edu.icesi.dev.outcome_curr_mgmt.persistence.curriculum_qa.StudOutcomeRepositoryTest" time="7.613">
    <system-out><![CDATA[2024-12-01T20:42:28.524-05:00  INFO 24988 --- [           main] j.LocalContainerEntityManagerFactoryBean : Closing JPA EntityManagerFactory for persistence unit 'default'
{"@timestamp":"2024-12-01T20:42:28.5243306-05:00","@version":"1","message":"Closing JPA EntityManagerFactory for persistence unit 'default'","logger_name":"org.springframework.orm.jpa.LocalContainerEntityManagerFactoryBean","thread_name":"main","level":"INFO","level_value":20000}
2024-12-01T20:42:28.555-05:00  INFO 24988 --- [           main] com.zaxxer.hikari.HikariDataSource       : HikariPool-3 - Shutdown initiated...
{"@timestamp":"2024-12-01T20:42:28.5558791-05:00","@version":"1","message":"HikariPool-3 - Shutdown initiated...","logger_name":"com.zaxxer.hikari.HikariDataSource","thread_name":"main","level":"INFO","level_value":20000}
2024-12-01T20:42:28.586-05:00  INFO 24988 --- [           main] com.zaxxer.hikari.HikariDataSource       : HikariPool-3 - Shutdown completed.
{"@timestamp":"2024-12-01T20:42:28.5868609-05:00","@version":"1","message":"HikariPool-3 - Shutdown completed.","logger_name":"com.zaxxer.hikari.HikariDataSource","thread_name":"main","level":"INFO","level_value":20000}

  .   ____          _            __ _ _
 /\\ / ___'_ __ _ _(_)_ __  __ _ \ \ \ \
( ( )\___ | '_ | '_| | '_ \/ _` | \ \ \ \
 \\/  ___)| |_)| | | | | || (_| |  ) ) ) )
  '  |____| .__|_| |_|_| |_\__, | / / / /
 =========|_|==============|___/=/_/_/_/
 :: Spring Boot ::                (v3.1.5)

2024-12-01T20:42:28.690-05:00  INFO 24988 --- [           main] c.e.i.d.o.p.c.StudOutcomeRepositoryTest  : Starting StudOutcomeRepositoryTest using Java 21.0.2 with PID 24988 (started by Windows in C:\Users\Windows\Proyecto Ingesoft5\IngSoftV\outcome-curr-mgmt)
{"@timestamp":"2024-12-01T20:42:28.6905376-05:00","@version":"1","message":"Starting StudOutcomeRepositoryTest using Java 21.0.2 with PID 24988 (started by Windows in C:\\Users\\Windows\\Proyecto Ingesoft5\\IngSoftV\\outcome-curr-mgmt)","logger_name":"co.edu.icesi.dev.outcome_curr_mgmt.persistence.curriculum_qa.StudOutcomeRepositoryTest","thread_name":"main","level":"INFO","level_value":20000}
2024-12-01T20:42:28.694-05:00  INFO 24988 --- [           main] c.e.i.d.o.p.c.StudOutcomeRepositoryTest  : The following 1 profile is active: "test"
{"@timestamp":"2024-12-01T20:42:28.6941315-05:00","@version":"1","message":"The following 1 profile is active: \"test\"","logger_name":"co.edu.icesi.dev.outcome_curr_mgmt.persistence.curriculum_qa.StudOutcomeRepositoryTest","thread_name":"main","level":"INFO","level_value":20000}
2024-12-01T20:42:29.974-05:00  INFO 24988 --- [           main] .s.d.r.c.RepositoryConfigurationDelegate : Bootstrapping Spring Data JPA repositories in DEFAULT mode.
{"@timestamp":"2024-12-01T20:42:29.9746877-05:00","@version":"1","message":"Bootstrapping Spring Data JPA repositories in DEFAULT mode.","logger_name":"org.springframework.data.repository.config.RepositoryConfigurationDelegate","thread_name":"main","level":"INFO","level_value":20000}
2024-12-01T20:42:31.440-05:00  INFO 24988 --- [           main] .s.d.r.c.RepositoryConfigurationDelegate : Finished Spring Data repository scanning in 1464 ms. Found 41 JPA repository interfaces.
{"@timestamp":"2024-12-01T20:42:31.4403413-05:00","@version":"1","message":"Finished Spring Data repository scanning in 1464 ms. Found 41 JPA repository interfaces.","logger_name":"org.springframework.data.repository.config.RepositoryConfigurationDelegate","thread_name":"main","level":"INFO","level_value":20000}
2024-12-01T20:42:31.799-05:00  INFO 24988 --- [           main] com.zaxxer.hikari.HikariDataSource       : HikariPool-4 - Starting...
{"@timestamp":"2024-12-01T20:42:31.7996762-05:00","@version":"1","message":"HikariPool-4 - Starting...","logger_name":"com.zaxxer.hikari.HikariDataSource","thread_name":"main","level":"INFO","level_value":20000}
2024-12-01T20:42:31.803-05:00  INFO 24988 --- [           main] com.zaxxer.hikari.pool.HikariPool        : HikariPool-4 - Added connection conn30: url=jdbc:h2:mem:testdb user=ADMIN
{"@timestamp":"2024-12-01T20:42:31.8036634-05:00","@version":"1","message":"HikariPool-4 - Added connection conn30: url=jdbc:h2:mem:testdb user=ADMIN","logger_name":"com.zaxxer.hikari.pool.HikariPool","thread_name":"main","level":"INFO","level_value":20000}
2024-12-01T20:42:31.804-05:00  INFO 24988 --- [           main] com.zaxxer.hikari.HikariDataSource       : HikariPool-4 - Start completed.
{"@timestamp":"2024-12-01T20:42:31.8046594-05:00","@version":"1","message":"HikariPool-4 - Start completed.","logger_name":"com.zaxxer.hikari.HikariDataSource","thread_name":"main","level":"INFO","level_value":20000}
2024-12-01T20:42:31.807-05:00  INFO 24988 --- [           main] o.hibernate.jpa.internal.util.LogHelper  : HHH000204: Processing PersistenceUnitInfo [name: default]
{"@timestamp":"2024-12-01T20:42:31.8076832-05:00","@version":"1","message":"HHH000204: Processing PersistenceUnitInfo [name: default]","logger_name":"org.hibernate.jpa.internal.util.LogHelper","thread_name":"main","level":"INFO","level_value":20000}
2024-12-01T20:42:31.827-05:00  INFO 24988 --- [           main] o.s.o.j.p.SpringPersistenceUnitInfo      : No LoadTimeWeaver setup: ignoring JPA class transformer
{"@timestamp":"2024-12-01T20:42:31.8278352-05:00","@version":"1","message":"No LoadTimeWeaver setup: ignoring JPA class transformer","logger_name":"org.springframework.orm.jpa.persistenceunit.SpringPersistenceUnitInfo","thread_name":"main","level":"INFO","level_value":20000}
2024-12-01T20:42:31.829-05:00  WARN 24988 --- [           main] org.hibernate.orm.deprecation            : HHH90000025: H2Dialect does not need to be specified explicitly using 'hibernate.dialect' (remove the property setting and it will be selected by default)
{"@timestamp":"2024-12-01T20:42:31.8298469-05:00","@version":"1","message":"HHH90000025: H2Dialect does not need to be specified explicitly using 'hibernate.dialect' (remove the property setting and it will be selected by default)","logger_name":"org.hibernate.orm.deprecation","thread_name":"main","level":"WARN","level_value":30000}
2024-12-01T20:42:33.413-05:00  INFO 24988 --- [           main] o.h.e.t.j.p.i.JtaPlatformInitiator       : HHH000489: No JTA platform available (set 'hibernate.transaction.jta.platform' to enable JTA platform integration)
{"@timestamp":"2024-12-01T20:42:33.4136611-05:00","@version":"1","message":"HHH000489: No JTA platform available (set 'hibernate.transaction.jta.platform' to enable JTA platform integration)","logger_name":"org.hibernate.engine.transaction.jta.platform.internal.JtaPlatformInitiator","thread_name":"main","level":"INFO","level_value":20000}
2024-12-01T20:42:33.701-05:00  INFO 24988 --- [           main] j.LocalContainerEntityManagerFactoryBean : Initialized JPA EntityManagerFactory for persistence unit 'default'
{"@timestamp":"2024-12-01T20:42:33.7012684-05:00","@version":"1","message":"Initialized JPA EntityManagerFactory for persistence unit 'default'","logger_name":"org.springframework.orm.jpa.LocalContainerEntityManagerFactoryBean","thread_name":"main","level":"INFO","level_value":20000}
2024-12-01T20:42:35.135-05:00  WARN 24988 --- [           main] JpaBaseConfiguration$JpaWebConfiguration : spring.jpa.open-in-view is enabled by default. Therefore, database queries may be performed during view rendering. Explicitly configure spring.jpa.open-in-view to disable this warning
{"@timestamp":"2024-12-01T20:42:35.1358536-05:00","@version":"1","message":"spring.jpa.open-in-view is enabled by default. Therefore, database queries may be performed during view rendering. Explicitly configure spring.jpa.open-in-view to disable this warning","logger_name":"org.springframework.boot.autoconfigure.orm.jpa.JpaBaseConfiguration$JpaWebConfiguration","thread_name":"main","level":"WARN","level_value":30000}
2024-12-01T20:42:35.159-05:00  WARN 24988 --- [           main] .s.s.UserDetailsServiceAutoConfiguration : 

Using generated security password: 7d6bf907-7ab4-471c-b860-a633e980a3d4

This generated password is for development use only. Your security configuration must be updated before running your application in production.

{"@timestamp":"2024-12-01T20:42:35.1591006-05:00","@version":"1","message":"\r\n\r\nUsing generated security password: 7d6bf907-7ab4-471c-b860-a633e980a3d4\r\n\r\nThis generated password is for development use only. Your security configuration must be updated before running your application in production.\r\n","logger_name":"org.springframework.boot.autoconfigure.security.servlet.UserDetailsServiceAutoConfiguration","thread_name":"main","level":"WARN","level_value":30000}
2024-12-01T20:42:35.225-05:00  INFO 24988 --- [           main] o.s.s.web.DefaultSecurityFilterChain     : Will secure any request with [org.springframework.security.web.session.DisableEncodeUrlFilter@2cc6ae64, org.springframework.security.web.context.request.async.WebAsyncManagerIntegrationFilter@438ff534, org.springframework.security.web.context.SecurityContextHolderFilter@763fcb7d, org.springframework.security.web.header.HeaderWriterFilter@38d1253a, org.springframework.web.filter.CorsFilter@49995921, org.springframework.security.web.authentication.logout.LogoutFilter@50e7e820, co.edu.icesi.dev.outcome_curr_mgmt.saamfi.filters.SaamfiAuthenticationFilter@1c29638a, org.springframework.security.web.savedrequest.RequestCacheAwareFilter@522fc75f, org.springframework.security.web.servletapi.SecurityContextHolderAwareRequestFilter@63e6d0d5, org.springframework.security.web.authentication.AnonymousAuthenticationFilter@3efecf77, org.springframework.security.web.session.SessionManagementFilter@30a17ee8, org.springframework.security.web.access.ExceptionTranslationFilter@15c62e53, org.springframework.security.web.access.intercept.AuthorizationFilter@29ebcf7a]
{"@timestamp":"2024-12-01T20:42:35.2253653-05:00","@version":"1","message":"Will secure any request with [org.springframework.security.web.session.DisableEncodeUrlFilter@2cc6ae64, org.springframework.security.web.context.request.async.WebAsyncManagerIntegrationFilter@438ff534, org.springframework.security.web.context.SecurityContextHolderFilter@763fcb7d, org.springframework.security.web.header.HeaderWriterFilter@38d1253a, org.springframework.web.filter.CorsFilter@49995921, org.springframework.security.web.authentication.logout.LogoutFilter@50e7e820, co.edu.icesi.dev.outcome_curr_mgmt.saamfi.filters.SaamfiAuthenticationFilter@1c29638a, org.springframework.security.web.savedrequest.RequestCacheAwareFilter@522fc75f, org.springframework.security.web.servletapi.SecurityContextHolderAwareRequestFilter@63e6d0d5, org.springframework.security.web.authentication.AnonymousAuthenticationFilter@3efecf77, org.springframework.security.web.session.SessionManagementFilter@30a17ee8, org.springframework.security.web.access.ExceptionTranslationFilter@15c62e53, org.springframework.security.web.access.intercept.AuthorizationFilter@29ebcf7a]","logger_name":"org.springframework.security.web.DefaultSecurityFilterChain","thread_name":"main","level":"INFO","level_value":20000}
2024-12-01T20:42:35.938-05:00  INFO 24988 --- [           main] o.s.b.a.h2.H2ConsoleAutoConfiguration    : H2 console available at '/h2-console'. Database available at 'jdbc:h2:mem:testdb'
{"@timestamp":"2024-12-01T20:42:35.9388315-05:00","@version":"1","message":"H2 console available at '/h2-console'. Database available at 'jdbc:h2:mem:testdb'","logger_name":"org.springframework.boot.autoconfigure.h2.H2ConsoleAutoConfiguration","thread_name":"main","level":"INFO","level_value":20000}
2024-12-01T20:42:35.960-05:00  INFO 24988 --- [           main] o.s.b.a.e.web.EndpointLinksResolver      : Exposing 13 endpoint(s) beneath base path '/actuator'
{"@timestamp":"2024-12-01T20:42:35.9609885-05:00","@version":"1","message":"Exposing 13 endpoint(s) beneath base path '/actuator'","logger_name":"org.springframework.boot.actuate.endpoint.web.EndpointLinksResolver","thread_name":"main","level":"INFO","level_value":20000}
2024-12-01T20:42:36.000-05:00  INFO 24988 --- [           main] c.e.i.d.o.p.c.StudOutcomeRepositoryTest  : Started StudOutcomeRepositoryTest in 7.411 seconds (process running for 76.949)
{"@timestamp":"2024-12-01T20:42:36.0009731-05:00","@version":"1","message":"Started StudOutcomeRepositoryTest in 7.411 seconds (process running for 76.949)","logger_name":"co.edu.icesi.dev.outcome_curr_mgmt.persistence.curriculum_qa.StudOutcomeRepositoryTest","thread_name":"main","level":"INFO","level_value":20000}
]]></system-out>
  </testcase>
  <testcase name="testReturnsCoursesWithAllIdsValid" classname="co.edu.icesi.dev.outcome_curr_mgmt.persistence.curriculum_qa.StudOutcomeRepositoryTest" time="6.58">
    <system-out><![CDATA[2024-12-01T20:42:36.138-05:00  INFO 24988 --- [           main] j.LocalContainerEntityManagerFactoryBean : Closing JPA EntityManagerFactory for persistence unit 'default'
{"@timestamp":"2024-12-01T20:42:36.1388797-05:00","@version":"1","message":"Closing JPA EntityManagerFactory for persistence unit 'default'","logger_name":"org.springframework.orm.jpa.LocalContainerEntityManagerFactoryBean","thread_name":"main","level":"INFO","level_value":20000}
2024-12-01T20:42:36.150-05:00  INFO 24988 --- [           main] com.zaxxer.hikari.HikariDataSource       : HikariPool-4 - Shutdown initiated...
{"@timestamp":"2024-12-01T20:42:36.1507816-05:00","@version":"1","message":"HikariPool-4 - Shutdown initiated...","logger_name":"com.zaxxer.hikari.HikariDataSource","thread_name":"main","level":"INFO","level_value":20000}
2024-12-01T20:42:36.153-05:00  INFO 24988 --- [           main] com.zaxxer.hikari.HikariDataSource       : HikariPool-4 - Shutdown completed.
{"@timestamp":"2024-12-01T20:42:36.1533484-05:00","@version":"1","message":"HikariPool-4 - Shutdown completed.","logger_name":"com.zaxxer.hikari.HikariDataSource","thread_name":"main","level":"INFO","level_value":20000}

  .   ____          _            __ _ _
 /\\ / ___'_ __ _ _(_)_ __  __ _ \ \ \ \
( ( )\___ | '_ | '_| | '_ \/ _` | \ \ \ \
 \\/  ___)| |_)| | | | | || (_| |  ) ) ) )
  '  |____| .__|_| |_|_| |_\__, | / / / /
 =========|_|==============|___/=/_/_/_/
 :: Spring Boot ::                (v3.1.5)

2024-12-01T20:42:36.293-05:00  INFO 24988 --- [           main] c.e.i.d.o.p.c.StudOutcomeRepositoryTest  : Starting StudOutcomeRepositoryTest using Java 21.0.2 with PID 24988 (started by Windows in C:\Users\Windows\Proyecto Ingesoft5\IngSoftV\outcome-curr-mgmt)
{"@timestamp":"2024-12-01T20:42:36.2930589-05:00","@version":"1","message":"Starting StudOutcomeRepositoryTest using Java 21.0.2 with PID 24988 (started by Windows in C:\\Users\\Windows\\Proyecto Ingesoft5\\IngSoftV\\outcome-curr-mgmt)","logger_name":"co.edu.icesi.dev.outcome_curr_mgmt.persistence.curriculum_qa.StudOutcomeRepositoryTest","thread_name":"main","level":"INFO","level_value":20000}
2024-12-01T20:42:36.295-05:00  INFO 24988 --- [           main] c.e.i.d.o.p.c.StudOutcomeRepositoryTest  : The following 1 profile is active: "test"
{"@timestamp":"2024-12-01T20:42:36.2954001-05:00","@version":"1","message":"The following 1 profile is active: \"test\"","logger_name":"co.edu.icesi.dev.outcome_curr_mgmt.persistence.curriculum_qa.StudOutcomeRepositoryTest","thread_name":"main","level":"INFO","level_value":20000}
2024-12-01T20:42:37.378-05:00  INFO 24988 --- [           main] .s.d.r.c.RepositoryConfigurationDelegate : Bootstrapping Spring Data JPA repositories in DEFAULT mode.
{"@timestamp":"2024-12-01T20:42:37.3789849-05:00","@version":"1","message":"Bootstrapping Spring Data JPA repositories in DEFAULT mode.","logger_name":"org.springframework.data.repository.config.RepositoryConfigurationDelegate","thread_name":"main","level":"INFO","level_value":20000}
2024-12-01T20:42:37.937-05:00  INFO 24988 --- [           main] .s.d.r.c.RepositoryConfigurationDelegate : Finished Spring Data repository scanning in 556 ms. Found 41 JPA repository interfaces.
{"@timestamp":"2024-12-01T20:42:37.937323-05:00","@version":"1","message":"Finished Spring Data repository scanning in 556 ms. Found 41 JPA repository interfaces.","logger_name":"org.springframework.data.repository.config.RepositoryConfigurationDelegate","thread_name":"main","level":"INFO","level_value":20000}
2024-12-01T20:42:38.337-05:00  INFO 24988 --- [           main] com.zaxxer.hikari.HikariDataSource       : HikariPool-5 - Starting...
{"@timestamp":"2024-12-01T20:42:38.3378552-05:00","@version":"1","message":"HikariPool-5 - Starting...","logger_name":"com.zaxxer.hikari.HikariDataSource","thread_name":"main","level":"INFO","level_value":20000}
2024-12-01T20:42:38.341-05:00  INFO 24988 --- [           main] com.zaxxer.hikari.pool.HikariPool        : HikariPool-5 - Added connection conn40: url=jdbc:h2:mem:testdb user=ADMIN
{"@timestamp":"2024-12-01T20:42:38.3412989-05:00","@version":"1","message":"HikariPool-5 - Added connection conn40: url=jdbc:h2:mem:testdb user=ADMIN","logger_name":"com.zaxxer.hikari.pool.HikariPool","thread_name":"main","level":"INFO","level_value":20000}
2024-12-01T20:42:38.342-05:00  INFO 24988 --- [           main] com.zaxxer.hikari.HikariDataSource       : HikariPool-5 - Start completed.
{"@timestamp":"2024-12-01T20:42:38.3423009-05:00","@version":"1","message":"HikariPool-5 - Start completed.","logger_name":"com.zaxxer.hikari.HikariDataSource","thread_name":"main","level":"INFO","level_value":20000}
2024-12-01T20:42:38.344-05:00  INFO 24988 --- [           main] o.hibernate.jpa.internal.util.LogHelper  : HHH000204: Processing PersistenceUnitInfo [name: default]
{"@timestamp":"2024-12-01T20:42:38.3442956-05:00","@version":"1","message":"HHH000204: Processing PersistenceUnitInfo [name: default]","logger_name":"org.hibernate.jpa.internal.util.LogHelper","thread_name":"main","level":"INFO","level_value":20000}
2024-12-01T20:42:38.368-05:00  INFO 24988 --- [           main] o.s.o.j.p.SpringPersistenceUnitInfo      : No LoadTimeWeaver setup: ignoring JPA class transformer
{"@timestamp":"2024-12-01T20:42:38.368985-05:00","@version":"1","message":"No LoadTimeWeaver setup: ignoring JPA class transformer","logger_name":"org.springframework.orm.jpa.persistenceunit.SpringPersistenceUnitInfo","thread_name":"main","level":"INFO","level_value":20000}
2024-12-01T20:42:38.372-05:00  WARN 24988 --- [           main] org.hibernate.orm.deprecation            : HHH90000025: H2Dialect does not need to be specified explicitly using 'hibernate.dialect' (remove the property setting and it will be selected by default)
{"@timestamp":"2024-12-01T20:42:38.3721391-05:00","@version":"1","message":"HHH90000025: H2Dialect does not need to be specified explicitly using 'hibernate.dialect' (remove the property setting and it will be selected by default)","logger_name":"org.hibernate.orm.deprecation","thread_name":"main","level":"WARN","level_value":30000}
2024-12-01T20:42:39.681-05:00  INFO 24988 --- [           main] o.h.e.t.j.p.i.JtaPlatformInitiator       : HHH000489: No JTA platform available (set 'hibernate.transaction.jta.platform' to enable JTA platform integration)
{"@timestamp":"2024-12-01T20:42:39.6813361-05:00","@version":"1","message":"HHH000489: No JTA platform available (set 'hibernate.transaction.jta.platform' to enable JTA platform integration)","logger_name":"org.hibernate.engine.transaction.jta.platform.internal.JtaPlatformInitiator","thread_name":"main","level":"INFO","level_value":20000}
2024-12-01T20:42:39.872-05:00  INFO 24988 --- [           main] j.LocalContainerEntityManagerFactoryBean : Initialized JPA EntityManagerFactory for persistence unit 'default'
{"@timestamp":"2024-12-01T20:42:39.8729886-05:00","@version":"1","message":"Initialized JPA EntityManagerFactory for persistence unit 'default'","logger_name":"org.springframework.orm.jpa.LocalContainerEntityManagerFactoryBean","thread_name":"main","level":"INFO","level_value":20000}
2024-12-01T20:42:41.640-05:00  WARN 24988 --- [           main] JpaBaseConfiguration$JpaWebConfiguration : spring.jpa.open-in-view is enabled by default. Therefore, database queries may be performed during view rendering. Explicitly configure spring.jpa.open-in-view to disable this warning
{"@timestamp":"2024-12-01T20:42:41.6404292-05:00","@version":"1","message":"spring.jpa.open-in-view is enabled by default. Therefore, database queries may be performed during view rendering. Explicitly configure spring.jpa.open-in-view to disable this warning","logger_name":"org.springframework.boot.autoconfigure.orm.jpa.JpaBaseConfiguration$JpaWebConfiguration","thread_name":"main","level":"WARN","level_value":30000}
2024-12-01T20:42:41.670-05:00  WARN 24988 --- [           main] .s.s.UserDetailsServiceAutoConfiguration : 

Using generated security password: 1157b21d-1fbc-4dee-ae9f-810137e87c08

This generated password is for development use only. Your security configuration must be updated before running your application in production.

{"@timestamp":"2024-12-01T20:42:41.6709186-05:00","@version":"1","message":"\r\n\r\nUsing generated security password: 1157b21d-1fbc-4dee-ae9f-810137e87c08\r\n\r\nThis generated password is for development use only. Your security configuration must be updated before running your application in production.\r\n","logger_name":"org.springframework.boot.autoconfigure.security.servlet.UserDetailsServiceAutoConfiguration","thread_name":"main","level":"WARN","level_value":30000}
2024-12-01T20:42:41.782-05:00  INFO 24988 --- [           main] o.s.s.web.DefaultSecurityFilterChain     : Will secure any request with [org.springframework.security.web.session.DisableEncodeUrlFilter@42413ef3, org.springframework.security.web.context.request.async.WebAsyncManagerIntegrationFilter@35e6fb51, org.springframework.security.web.context.SecurityContextHolderFilter@db9e88d, org.springframework.security.web.header.HeaderWriterFilter@2e0d96e6, org.springframework.web.filter.CorsFilter@b96b45e, org.springframework.security.web.authentication.logout.LogoutFilter@e7f35e7, co.edu.icesi.dev.outcome_curr_mgmt.saamfi.filters.SaamfiAuthenticationFilter@742797bc, org.springframework.security.web.savedrequest.RequestCacheAwareFilter@23b5c61a, org.springframework.security.web.servletapi.SecurityContextHolderAwareRequestFilter@614dde2c, org.springframework.security.web.authentication.AnonymousAuthenticationFilter@22d5aa81, org.springframework.security.web.session.SessionManagementFilter@5d3e03d4, org.springframework.security.web.access.ExceptionTranslationFilter@550f75bd, org.springframework.security.web.access.intercept.AuthorizationFilter@cc4b5d8]
{"@timestamp":"2024-12-01T20:42:41.7823701-05:00","@version":"1","message":"Will secure any request with [org.springframework.security.web.session.DisableEncodeUrlFilter@42413ef3, org.springframework.security.web.context.request.async.WebAsyncManagerIntegrationFilter@35e6fb51, org.springframework.security.web.context.SecurityContextHolderFilter@db9e88d, org.springframework.security.web.header.HeaderWriterFilter@2e0d96e6, org.springframework.web.filter.CorsFilter@b96b45e, org.springframework.security.web.authentication.logout.LogoutFilter@e7f35e7, co.edu.icesi.dev.outcome_curr_mgmt.saamfi.filters.SaamfiAuthenticationFilter@742797bc, org.springframework.security.web.savedrequest.RequestCacheAwareFilter@23b5c61a, org.springframework.security.web.servletapi.SecurityContextHolderAwareRequestFilter@614dde2c, org.springframework.security.web.authentication.AnonymousAuthenticationFilter@22d5aa81, org.springframework.security.web.session.SessionManagementFilter@5d3e03d4, org.springframework.security.web.access.ExceptionTranslationFilter@550f75bd, org.springframework.security.web.access.intercept.AuthorizationFilter@cc4b5d8]","logger_name":"org.springframework.security.web.DefaultSecurityFilterChain","thread_name":"main","level":"INFO","level_value":20000}
2024-12-01T20:42:42.450-05:00  INFO 24988 --- [           main] o.s.b.a.h2.H2ConsoleAutoConfiguration    : H2 console available at '/h2-console'. Database available at 'jdbc:h2:mem:testdb'
{"@timestamp":"2024-12-01T20:42:42.4507521-05:00","@version":"1","message":"H2 console available at '/h2-console'. Database available at 'jdbc:h2:mem:testdb'","logger_name":"org.springframework.boot.autoconfigure.h2.H2ConsoleAutoConfiguration","thread_name":"main","level":"INFO","level_value":20000}
2024-12-01T20:42:42.472-05:00  INFO 24988 --- [           main] o.s.b.a.e.web.EndpointLinksResolver      : Exposing 13 endpoint(s) beneath base path '/actuator'
{"@timestamp":"2024-12-01T20:42:42.4726355-05:00","@version":"1","message":"Exposing 13 endpoint(s) beneath base path '/actuator'","logger_name":"org.springframework.boot.actuate.endpoint.web.EndpointLinksResolver","thread_name":"main","level":"INFO","level_value":20000}
2024-12-01T20:42:42.530-05:00  INFO 24988 --- [           main] c.e.i.d.o.p.c.StudOutcomeRepositoryTest  : Started StudOutcomeRepositoryTest in 6.373 seconds (process running for 83.478)
{"@timestamp":"2024-12-01T20:42:42.5306425-05:00","@version":"1","message":"Started StudOutcomeRepositoryTest in 6.373 seconds (process running for 83.478)","logger_name":"co.edu.icesi.dev.outcome_curr_mgmt.persistence.curriculum_qa.StudOutcomeRepositoryTest","thread_name":"main","level":"INFO","level_value":20000}
]]></system-out>
  </testcase>
</testsuite>