<?xml version="1.0" encoding="UTF-8"?>
<testsuite xmlns:xsi="http://www.w3.org/2001/XMLSchema-instance" xsi:noNamespaceSchemaLocation="https://maven.apache.org/surefire/maven-surefire-plugin/xsd/surefire-test-report-3.0.xsd" version="3.0" name="co.edu.icesi.dev.outcome_curr_mgmt.persistence.curriculum_qa.StudOutcomeRepositoryTest" time="16.603" tests="4" errors="0" skipped="0" failures="0">
  <properties>
    <property name="java.specification.version" value="21"/>
    <property name="sun.cpu.isalist" value="amd64"/>
    <property name="sun.jnu.encoding" value="Cp1252"/>
    <property name="java.class.path" value="C:\Users\Windows\Proyecto Ingesoft5\IngSoftV\outcome-curr-mgmt\target\test-classes;C:\Users\Windows\Proyecto Ingesoft5\IngSoftV\outcome-curr-mgmt\target\classes;C:\Users\Windows\.m2\repository\org\springframework\boot\spring-boot-starter-data-jpa\3.1.5\spring-boot-starter-data-jpa-3.1.5.jar;C:\Users\Windows\.m2\repository\org\springframework\boot\spring-boot-starter-aop\3.1.5\spring-boot-starter-aop-3.1.5.jar;C:\Users\Windows\.m2\repository\org\aspectj\aspectjweaver\1.9.20\aspectjweaver-1.9.20.jar;C:\Users\Windows\.m2\repository\org\springframework\boot\spring-boot-starter-jdbc\3.1.5\spring-boot-starter-jdbc-3.1.5.jar;C:\Users\Windows\.m2\repository\com\zaxxer\HikariCP\5.0.1\HikariCP-5.0.1.jar;C:\Users\Windows\.m2\repository\org\hibernate\orm\hibernate-core\6.2.13.Final\hibernate-core-6.2.13.Final.jar;C:\Users\Windows\.m2\repository\jakarta\persistence\jakarta.persistence-api\3.1.0\jakarta.persistence-api-3.1.0.jar;C:\Users\Windows\.m2\repository\jakarta\transaction\jakarta.transaction-api\2.0.1\jakarta.transaction-api-2.0.1.jar;C:\Users\Windows\.m2\repository\org\jboss\logging\jboss-logging\3.5.3.Final\jboss-logging-3.5.3.Final.jar;C:\Users\Windows\.m2\repository\org\hibernate\common\hibernate-commons-annotations\6.0.6.Final\hibernate-commons-annotations-6.0.6.Final.jar;C:\Users\Windows\.m2\repository\io\smallrye\jandex\3.0.5\jandex-3.0.5.jar;C:\Users\Windows\.m2\repository\com\fasterxml\classmate\1.5.1\classmate-1.5.1.jar;C:\Users\Windows\.m2\repository\net\bytebuddy\byte-buddy\1.14.9\byte-buddy-1.14.9.jar;C:\Users\Windows\.m2\repository\org\glassfish\jaxb\jaxb-runtime\4.0.3\jaxb-runtime-4.0.3.jar;C:\Users\Windows\.m2\repository\org\glassfish\jaxb\jaxb-core\4.0.3\jaxb-core-4.0.3.jar;C:\Users\Windows\.m2\repository\org\eclipse\angus\angus-activation\2.0.1\angus-activation-2.0.1.jar;C:\Users\Windows\.m2\repository\org\glassfish\jaxb\txw2\4.0.3\txw2-4.0.3.jar;C:\Users\Windows\.m2\repository\com\sun\istack\istack-commons-runtime\4.1.2\istack-commons-runtime-4.1.2.jar;C:\Users\Windows\.m2\repository\jakarta\inject\jakarta.inject-api\2.0.1\jakarta.inject-api-2.0.1.jar;C:\Users\Windows\.m2\repository\org\antlr\antlr4-runtime\4.10.1\antlr4-runtime-4.10.1.jar;C:\Users\Windows\.m2\repository\org\springframework\data\spring-data-jpa\3.1.5\spring-data-jpa-3.1.5.jar;C:\Users\Windows\.m2\repository\org\springframework\spring-orm\6.0.13\spring-orm-6.0.13.jar;C:\Users\Windows\.m2\repository\org\springframework\spring-tx\6.0.13\spring-tx-6.0.13.jar;C:\Users\Windows\.m2\repository\jakarta\annotation\jakarta.annotation-api\2.1.1\jakarta.annotation-api-2.1.1.jar;C:\Users\Windows\.m2\repository\org\slf4j\slf4j-api\2.0.9\slf4j-api-2.0.9.jar;C:\Users\Windows\.m2\repository\org\springframework\spring-aspects\6.0.13\spring-aspects-6.0.13.jar;C:\Users\Windows\.m2\repository\com\h2database\h2\2.1.214\h2-2.1.214.jar;C:\Users\Windows\.m2\repository\org\springframework\security\spring-security-config\6.1.5\spring-security-config-6.1.5.jar;C:\Users\Windows\.m2\repository\org\springframework\security\spring-security-core\6.1.5\spring-security-core-6.1.5.jar;C:\Users\Windows\.m2\repository\org\springframework\security\spring-security-crypto\6.1.5\spring-security-crypto-6.1.5.jar;C:\Users\Windows\.m2\repository\org\springframework\spring-expression\6.0.13\spring-expression-6.0.13.jar;C:\Users\Windows\.m2\repository\org\springframework\spring-aop\6.0.13\spring-aop-6.0.13.jar;C:\Users\Windows\.m2\repository\org\springframework\spring-beans\6.0.13\spring-beans-6.0.13.jar;C:\Users\Windows\.m2\repository\org\springframework\spring-context\6.0.13\spring-context-6.0.13.jar;C:\Users\Windows\.m2\repository\org\springframework\spring-core\6.0.13\spring-core-6.0.13.jar;C:\Users\Windows\.m2\repository\org\springframework\spring-jcl\6.0.13\spring-jcl-6.0.13.jar;C:\Users\Windows\.m2\repository\org\springframework\boot\spring-boot-starter-test\3.1.5\spring-boot-starter-test-3.1.5.jar;C:\Users\Windows\.m2\repository\org\springframework\boot\spring-boot-starter\3.1.5\spring-boot-starter-3.1.5.jar;C:\Users\Windows\.m2\repository\org\springframework\boot\spring-boot\3.1.5\spring-boot-3.1.5.jar;C:\Users\Windows\.m2\repository\org\springframework\boot\spring-boot-autoconfigure\3.1.5\spring-boot-autoconfigure-3.1.5.jar;C:\Users\Windows\.m2\repository\org\springframework\boot\spring-boot-starter-logging\3.1.5\spring-boot-starter-logging-3.1.5.jar;C:\Users\Windows\.m2\repository\ch\qos\logback\logback-classic\1.4.11\logback-classic-1.4.11.jar;C:\Users\Windows\.m2\repository\ch\qos\logback\logback-core\1.4.11\logback-core-1.4.11.jar;C:\Users\Windows\.m2\repository\org\apache\logging\log4j\log4j-to-slf4j\2.20.0\log4j-to-slf4j-2.20.0.jar;C:\Users\Windows\.m2\repository\org\apache\logging\log4j\log4j-api\2.20.0\log4j-api-2.20.0.jar;C:\Users\Windows\.m2\repository\org\slf4j\jul-to-slf4j\2.0.9\jul-to-slf4j-2.0.9.jar;C:\Users\Windows\.m2\repository\org\yaml\snakeyaml\1.33\snakeyaml-1.33.jar;C:\Users\Windows\.m2\repository\org\springframework\boot\spring-boot-test\3.1.5\spring-boot-test-3.1.5.jar;C:\Users\Windows\.m2\repository\org\springframework\boot\spring-boot-test-autoconfigure\3.1.5\spring-boot-test-autoconfigure-3.1.5.jar;C:\Users\Windows\.m2\repository\com\jayway\jsonpath\json-path\2.8.0\json-path-2.8.0.jar;C:\Users\Windows\.m2\repository\jakarta\xml\bind\jakarta.xml.bind-api\4.0.1\jakarta.xml.bind-api-4.0.1.jar;C:\Users\Windows\.m2\repository\jakarta\activation\jakarta.activation-api\2.1.2\jakarta.activation-api-2.1.2.jar;C:\Users\Windows\.m2\repository\net\minidev\json-smart\2.4.11\json-smart-2.4.11.jar;C:\Users\Windows\.m2\repository\net\minidev\accessors-smart\2.4.11\accessors-smart-2.4.11.jar;C:\Users\Windows\.m2\repository\org\assertj\assertj-core\3.24.2\assertj-core-3.24.2.jar;C:\Users\Windows\.m2\repository\org\hamcrest\hamcrest\2.2\hamcrest-2.2.jar;C:\Users\Windows\.m2\repository\org\junit\jupiter\junit-jupiter\5.9.3\junit-jupiter-5.9.3.jar;C:\Users\Windows\.m2\repository\org\junit\jupiter\junit-jupiter-params\5.9.3\junit-jupiter-params-5.9.3.jar;C:\Users\Windows\.m2\repository\org\junit\jupiter\junit-jupiter-engine\5.9.3\junit-jupiter-engine-5.9.3.jar;C:\Users\Windows\.m2\repository\org\junit\platform\junit-platform-engine\1.9.3\junit-platform-engine-1.9.3.jar;C:\Users\Windows\.m2\repository\org\mockito\mockito-core\5.3.1\mockito-core-5.3.1.jar;C:\Users\Windows\.m2\repository\net\bytebuddy\byte-buddy-agent\1.14.9\byte-buddy-agent-1.14.9.jar;C:\Users\Windows\.m2\repository\org\objenesis\objenesis\3.3\objenesis-3.3.jar;C:\Users\Windows\.m2\repository\org\skyscreamer\jsonassert\1.5.1\jsonassert-1.5.1.jar;C:\Users\Windows\.m2\repository\com\vaadin\external\google\android-json\0.0.20131108.vaadin1\android-json-0.0.20131108.vaadin1.jar;C:\Users\Windows\.m2\repository\org\springframework\spring-test\6.0.13\spring-test-6.0.13.jar;C:\Users\Windows\.m2\repository\org\xmlunit\xmlunit-core\2.9.1\xmlunit-core-2.9.1.jar;C:\Users\Windows\.m2\repository\org\springframework\boot\spring-boot-starter-validation\3.1.5\spring-boot-starter-validation-3.1.5.jar;C:\Users\Windows\.m2\repository\org\apache\tomcat\embed\tomcat-embed-el\10.1.15\tomcat-embed-el-10.1.15.jar;C:\Users\Windows\.m2\repository\org\hibernate\validator\hibernate-validator\8.0.1.Final\hibernate-validator-8.0.1.Final.jar;C:\Users\Windows\.m2\repository\jakarta\validation\jakarta.validation-api\3.0.2\jakarta.validation-api-3.0.2.jar;C:\Users\Windows\.m2\repository\org\springframework\boot\spring-boot-starter-cache\3.1.5\spring-boot-starter-cache-3.1.5.jar;C:\Users\Windows\.m2\repository\org\springframework\spring-context-support\6.0.13\spring-context-support-6.0.13.jar;C:\Users\Windows\.m2\repository\org\projectlombok\lombok\1.18.30\lombok-1.18.30.jar;C:\Users\Windows\.m2\repository\org\mapstruct\mapstruct\1.5.5.Final\mapstruct-1.5.5.Final.jar;C:\Users\Windows\.m2\repository\org\mapstruct\mapstruct-processor\1.5.5.Final\mapstruct-processor-1.5.5.Final.jar;C:\Users\Windows\.m2\repository\co\edu\icesi\dev\outcome-curr-mgmt\outcome-curr-mgmt-api\1.0-SNAPSHOT\outcome-curr-mgmt-api-1.0-SNAPSHOT.jar;C:\Users\Windows\.m2\repository\org\springframework\boot\spring-boot-starter-web\3.1.5\spring-boot-starter-web-3.1.5.jar;C:\Users\Windows\.m2\repository\org\springframework\boot\spring-boot-starter-json\3.1.5\spring-boot-starter-json-3.1.5.jar;C:\Users\Windows\.m2\repository\com\fasterxml\jackson\datatype\jackson-datatype-jdk8\2.15.3\jackson-datatype-jdk8-2.15.3.jar;C:\Users\Windows\.m2\repository\com\fasterxml\jackson\module\jackson-module-parameter-names\2.15.3\jackson-module-parameter-names-2.15.3.jar;C:\Users\Windows\.m2\repository\org\springframework\boot\spring-boot-starter-tomcat\3.1.5\spring-boot-starter-tomcat-3.1.5.jar;C:\Users\Windows\.m2\repository\org\apache\tomcat\embed\tomcat-embed-core\10.1.15\tomcat-embed-core-10.1.15.jar;C:\Users\Windows\.m2\repository\org\apache\tomcat\embed\tomcat-embed-websocket\10.1.15\tomcat-embed-websocket-10.1.15.jar;C:\Users\Windows\.m2\repository\org\springframework\spring-web\6.0.13\spring-web-6.0.13.jar;C:\Users\Windows\.m2\repository\org\springframework\spring-webmvc\6.0.13\spring-webmvc-6.0.13.jar;C:\Users\Windows\.m2\repository\org\springframework\boot\spring-boot-starter-security\3.1.5\spring-boot-starter-security-3.1.5.jar;C:\Users\Windows\.m2\repository\org\springframework\security\spring-security-web\6.1.5\spring-security-web-6.1.5.jar;C:\Users\Windows\.m2\repository\io\jsonwebtoken\jjwt-api\0.12.6\jjwt-api-0.12.6.jar;C:\Users\Windows\.m2\repository\io\jsonwebtoken\jjwt-impl\0.12.6\jjwt-impl-0.12.6.jar;C:\Users\Windows\.m2\repository\io\jsonwebtoken\jjwt-jackson\0.12.6\jjwt-jackson-0.12.6.jar;C:\Users\Windows\.m2\repository\org\springdoc\springdoc-openapi-starter-webmvc-ui\2.6.0\springdoc-openapi-starter-webmvc-ui-2.6.0.jar;C:\Users\Windows\.m2\repository\org\springdoc\springdoc-openapi-starter-webmvc-api\2.6.0\springdoc-openapi-starter-webmvc-api-2.6.0.jar;C:\Users\Windows\.m2\repository\org\springdoc\springdoc-openapi-starter-common\2.6.0\springdoc-openapi-starter-common-2.6.0.jar;C:\Users\Windows\.m2\repository\io\swagger\core\v3\swagger-core-jakarta\2.2.22\swagger-core-jakarta-2.2.22.jar;C:\Users\Windows\.m2\repository\org\apache\commons\commons-lang3\3.12.0\commons-lang3-3.12.0.jar;C:\Users\Windows\.m2\repository\io\swagger\core\v3\swagger-annotations-jakarta\2.2.22\swagger-annotations-jakarta-2.2.22.jar;C:\Users\Windows\.m2\repository\io\swagger\core\v3\swagger-models-jakarta\2.2.22\swagger-models-jakarta-2.2.22.jar;C:\Users\Windows\.m2\repository\com\fasterxml\jackson\dataformat\jackson-dataformat-yaml\2.15.3\jackson-dataformat-yaml-2.15.3.jar;C:\Users\Windows\.m2\repository\org\webjars\swagger-ui\5.17.14\swagger-ui-5.17.14.jar;C:\Users\Windows\.m2\repository\io\swagger\swagger-annotations\1.6.11\swagger-annotations-1.6.11.jar;C:\Users\Windows\.m2\repository\org\springframework\data\spring-data-commons\3.1.5\spring-data-commons-3.1.5.jar;C:\Users\Windows\.m2\repository\net\logstash\logback\logstash-logback-encoder\7.4\logstash-logback-encoder-7.4.jar;C:\Users\Windows\.m2\repository\com\fasterxml\jackson\core\jackson-databind\2.15.3\jackson-databind-2.15.3.jar;C:\Users\Windows\.m2\repository\com\fasterxml\jackson\core\jackson-annotations\2.15.3\jackson-annotations-2.15.3.jar;C:\Users\Windows\.m2\repository\com\fasterxml\jackson\core\jackson-core\2.15.3\jackson-core-2.15.3.jar;C:\Users\Windows\.m2\repository\org\springframework\boot\spring-boot-starter-actuator\3.1.5\spring-boot-starter-actuator-3.1.5.jar;C:\Users\Windows\.m2\repository\org\springframework\boot\spring-boot-actuator-autoconfigure\3.1.5\spring-boot-actuator-autoconfigure-3.1.5.jar;C:\Users\Windows\.m2\repository\org\springframework\boot\spring-boot-actuator\3.1.5\spring-boot-actuator-3.1.5.jar;C:\Users\Windows\.m2\repository\com\fasterxml\jackson\datatype\jackson-datatype-jsr310\2.15.3\jackson-datatype-jsr310-2.15.3.jar;C:\Users\Windows\.m2\repository\io\micrometer\micrometer-observation\1.11.5\micrometer-observation-1.11.5.jar;C:\Users\Windows\.m2\repository\io\micrometer\micrometer-commons\1.11.5\micrometer-commons-1.11.5.jar;C:\Users\Windows\.m2\repository\io\micrometer\micrometer-core\1.11.5\micrometer-core-1.11.5.jar;C:\Users\Windows\.m2\repository\org\hdrhistogram\HdrHistogram\2.1.12\HdrHistogram-2.1.12.jar;C:\Users\Windows\.m2\repository\org\latencyutils\LatencyUtils\2.0.3\LatencyUtils-2.0.3.jar;C:\Users\Windows\.m2\repository\io\micrometer\micrometer-registry-prometheus\1.11.5\micrometer-registry-prometheus-1.11.5.jar;C:\Users\Windows\.m2\repository\io\prometheus\simpleclient_common\0.16.0\simpleclient_common-0.16.0.jar;C:\Users\Windows\.m2\repository\io\prometheus\simpleclient\0.16.0\simpleclient-0.16.0.jar;C:\Users\Windows\.m2\repository\io\prometheus\simpleclient_tracer_otel\0.16.0\simpleclient_tracer_otel-0.16.0.jar;C:\Users\Windows\.m2\repository\io\prometheus\simpleclient_tracer_common\0.16.0\simpleclient_tracer_common-0.16.0.jar;C:\Users\Windows\.m2\repository\io\prometheus\simpleclient_tracer_otel_agent\0.16.0\simpleclient_tracer_otel_agent-0.16.0.jar;C:\Users\Windows\.m2\repository\org\mockito\mockito-junit-jupiter\5.3.1\mockito-junit-jupiter-5.3.1.jar;C:\Users\Windows\.m2\repository\org\junit\jupiter\junit-jupiter-api\5.9.3\junit-jupiter-api-5.9.3.jar;C:\Users\Windows\.m2\repository\org\opentest4j\opentest4j\1.2.0\opentest4j-1.2.0.jar;C:\Users\Windows\.m2\repository\org\junit\platform\junit-platform-commons\1.9.3\junit-platform-commons-1.9.3.jar;C:\Users\Windows\.m2\repository\org\apiguardian\apiguardian-api\1.1.2\apiguardian-api-1.1.2.jar;C:\Users\Windows\.m2\repository\org\jacoco\jacoco-maven-plugin\0.8.11\jacoco-maven-plugin-0.8.11.jar;C:\Users\Windows\.m2\repository\org\codehaus\plexus\plexus-utils\3.0.24\plexus-utils-3.0.24.jar;C:\Users\Windows\.m2\repository\org\apache\maven\shared\file-management\3.1.0\file-management-3.1.0.jar;C:\Users\Windows\.m2\repository\commons-io\commons-io\2.11.0\commons-io-2.11.0.jar;C:\Users\Windows\.m2\repository\org\apache\maven\reporting\maven-reporting-api\3.0\maven-reporting-api-3.0.jar;C:\Users\Windows\.m2\repository\org\apache\maven\doxia\doxia-sink-api\1.0\doxia-sink-api-1.0.jar;C:\Users\Windows\.m2\repository\org\jacoco\org.jacoco.agent\0.8.11\org.jacoco.agent-0.8.11-runtime.jar;C:\Users\Windows\.m2\repository\org\jacoco\org.jacoco.core\0.8.11\org.jacoco.core-0.8.11.jar;C:\Users\Windows\.m2\repository\org\ow2\asm\asm\9.6\asm-9.6.jar;C:\Users\Windows\.m2\repository\org\ow2\asm\asm-commons\9.6\asm-commons-9.6.jar;C:\Users\Windows\.m2\repository\org\ow2\asm\asm-tree\9.6\asm-tree-9.6.jar;C:\Users\Windows\.m2\repository\org\jacoco\org.jacoco.report\0.8.11\org.jacoco.report-0.8.11.jar;C:\Users\Windows\.m2\repository\com\googlecode\json-simple\json-simple\1.1.1\json-simple-1.1.1.jar;C:\Users\Windows\.m2\repository\junit\junit\4.13.2\junit-4.13.2.jar;C:\Users\Windows\.m2\repository\org\hamcrest\hamcrest-core\2.2\hamcrest-core-2.2.jar;C:\Users\Windows\.m2\repository\net\javacrumbs\shedlock\shedlock-spring\4.44.0\shedlock-spring-4.44.0.jar;C:\Users\Windows\.m2\repository\net\javacrumbs\shedlock\shedlock-core\4.44.0\shedlock-core-4.44.0.jar;C:\Users\Windows\.m2\repository\net\javacrumbs\shedlock\shedlock-provider-jdbc-template\4.44.0\shedlock-provider-jdbc-template-4.44.0.jar;C:\Users\Windows\.m2\repository\org\springframework\spring-jdbc\6.0.13\spring-jdbc-6.0.13.jar;"/>
    <property name="java.vm.vendor" value="Oracle Corporation"/>
    <property name="sun.arch.data.model" value="64"/>
    <property name="user.variant" value=""/>
    <property name="java.vendor.url" value="https://java.oracle.com/"/>
    <property name="user.timezone" value="America/Bogota"/>
    <property name="org.jboss.logging.provider" value="slf4j"/>
    <property name="os.name" value="Windows 11"/>
    <property name="java.vm.specification.version" value="21"/>
    <property name="sun.java.launcher" value="SUN_STANDARD"/>
    <property name="user.country" value="CO"/>
    <property name="sun.boot.library.path" value="C:\Program Files\Java\jdk-21\bin"/>
    <property name="sun.java.command" value="C:\Users\Windows\AppData\Local\Temp\surefire11188506310722565909\surefirebooter-20241201181708491_3.jar C:\Users\Windows\AppData\Local\Temp\surefire11188506310722565909 2024-12-01T18-17-08_252-jvmRun1 surefire-20241201181708491_1tmp surefire_0-20241201181708491_2tmp"/>
    <property name="jdk.debug" value="release"/>
    <property name="surefire.test.class.path" value="C:\Users\Windows\Proyecto Ingesoft5\IngSoftV\outcome-curr-mgmt\target\test-classes;C:\Users\Windows\Proyecto Ingesoft5\IngSoftV\outcome-curr-mgmt\target\classes;C:\Users\Windows\.m2\repository\org\springframework\boot\spring-boot-starter-data-jpa\3.1.5\spring-boot-starter-data-jpa-3.1.5.jar;C:\Users\Windows\.m2\repository\org\springframework\boot\spring-boot-starter-aop\3.1.5\spring-boot-starter-aop-3.1.5.jar;C:\Users\Windows\.m2\repository\org\aspectj\aspectjweaver\1.9.20\aspectjweaver-1.9.20.jar;C:\Users\Windows\.m2\repository\org\springframework\boot\spring-boot-starter-jdbc\3.1.5\spring-boot-starter-jdbc-3.1.5.jar;C:\Users\Windows\.m2\repository\com\zaxxer\HikariCP\5.0.1\HikariCP-5.0.1.jar;C:\Users\Windows\.m2\repository\org\hibernate\orm\hibernate-core\6.2.13.Final\hibernate-core-6.2.13.Final.jar;C:\Users\Windows\.m2\repository\jakarta\persistence\jakarta.persistence-api\3.1.0\jakarta.persistence-api-3.1.0.jar;C:\Users\Windows\.m2\repository\jakarta\transaction\jakarta.transaction-api\2.0.1\jakarta.transaction-api-2.0.1.jar;C:\Users\Windows\.m2\repository\org\jboss\logging\jboss-logging\3.5.3.Final\jboss-logging-3.5.3.Final.jar;C:\Users\Windows\.m2\repository\org\hibernate\common\hibernate-commons-annotations\6.0.6.Final\hibernate-commons-annotations-6.0.6.Final.jar;C:\Users\Windows\.m2\repository\io\smallrye\jandex\3.0.5\jandex-3.0.5.jar;C:\Users\Windows\.m2\repository\com\fasterxml\classmate\1.5.1\classmate-1.5.1.jar;C:\Users\Windows\.m2\repository\net\bytebuddy\byte-buddy\1.14.9\byte-buddy-1.14.9.jar;C:\Users\Windows\.m2\repository\org\glassfish\jaxb\jaxb-runtime\4.0.3\jaxb-runtime-4.0.3.jar;C:\Users\Windows\.m2\repository\org\glassfish\jaxb\jaxb-core\4.0.3\jaxb-core-4.0.3.jar;C:\Users\Windows\.m2\repository\org\eclipse\angus\angus-activation\2.0.1\angus-activation-2.0.1.jar;C:\Users\Windows\.m2\repository\org\glassfish\jaxb\txw2\4.0.3\txw2-4.0.3.jar;C:\Users\Windows\.m2\repository\com\sun\istack\istack-commons-runtime\4.1.2\istack-commons-runtime-4.1.2.jar;C:\Users\Windows\.m2\repository\jakarta\inject\jakarta.inject-api\2.0.1\jakarta.inject-api-2.0.1.jar;C:\Users\Windows\.m2\repository\org\antlr\antlr4-runtime\4.10.1\antlr4-runtime-4.10.1.jar;C:\Users\Windows\.m2\repository\org\springframework\data\spring-data-jpa\3.1.5\spring-data-jpa-3.1.5.jar;C:\Users\Windows\.m2\repository\org\springframework\spring-orm\6.0.13\spring-orm-6.0.13.jar;C:\Users\Windows\.m2\repository\org\springframework\spring-tx\6.0.13\spring-tx-6.0.13.jar;C:\Users\Windows\.m2\repository\jakarta\annotation\jakarta.annotation-api\2.1.1\jakarta.annotation-api-2.1.1.jar;C:\Users\Windows\.m2\repository\org\slf4j\slf4j-api\2.0.9\slf4j-api-2.0.9.jar;C:\Users\Windows\.m2\repository\org\springframework\spring-aspects\6.0.13\spring-aspects-6.0.13.jar;C:\Users\Windows\.m2\repository\com\h2database\h2\2.1.214\h2-2.1.214.jar;C:\Users\Windows\.m2\repository\org\springframework\security\spring-security-config\6.1.5\spring-security-config-6.1.5.jar;C:\Users\Windows\.m2\repository\org\springframework\security\spring-security-core\6.1.5\spring-security-core-6.1.5.jar;C:\Users\Windows\.m2\repository\org\springframework\security\spring-security-crypto\6.1.5\spring-security-crypto-6.1.5.jar;C:\Users\Windows\.m2\repository\org\springframework\spring-expression\6.0.13\spring-expression-6.0.13.jar;C:\Users\Windows\.m2\repository\org\springframework\spring-aop\6.0.13\spring-aop-6.0.13.jar;C:\Users\Windows\.m2\repository\org\springframework\spring-beans\6.0.13\spring-beans-6.0.13.jar;C:\Users\Windows\.m2\repository\org\springframework\spring-context\6.0.13\spring-context-6.0.13.jar;C:\Users\Windows\.m2\repository\org\springframework\spring-core\6.0.13\spring-core-6.0.13.jar;C:\Users\Windows\.m2\repository\org\springframework\spring-jcl\6.0.13\spring-jcl-6.0.13.jar;C:\Users\Windows\.m2\repository\org\springframework\boot\spring-boot-starter-test\3.1.5\spring-boot-starter-test-3.1.5.jar;C:\Users\Windows\.m2\repository\org\springframework\boot\spring-boot-starter\3.1.5\spring-boot-starter-3.1.5.jar;C:\Users\Windows\.m2\repository\org\springframework\boot\spring-boot\3.1.5\spring-boot-3.1.5.jar;C:\Users\Windows\.m2\repository\org\springframework\boot\spring-boot-autoconfigure\3.1.5\spring-boot-autoconfigure-3.1.5.jar;C:\Users\Windows\.m2\repository\org\springframework\boot\spring-boot-starter-logging\3.1.5\spring-boot-starter-logging-3.1.5.jar;C:\Users\Windows\.m2\repository\ch\qos\logback\logback-classic\1.4.11\logback-classic-1.4.11.jar;C:\Users\Windows\.m2\repository\ch\qos\logback\logback-core\1.4.11\logback-core-1.4.11.jar;C:\Users\Windows\.m2\repository\org\apache\logging\log4j\log4j-to-slf4j\2.20.0\log4j-to-slf4j-2.20.0.jar;C:\Users\Windows\.m2\repository\org\apache\logging\log4j\log4j-api\2.20.0\log4j-api-2.20.0.jar;C:\Users\Windows\.m2\repository\org\slf4j\jul-to-slf4j\2.0.9\jul-to-slf4j-2.0.9.jar;C:\Users\Windows\.m2\repository\org\yaml\snakeyaml\1.33\snakeyaml-1.33.jar;C:\Users\Windows\.m2\repository\org\springframework\boot\spring-boot-test\3.1.5\spring-boot-test-3.1.5.jar;C:\Users\Windows\.m2\repository\org\springframework\boot\spring-boot-test-autoconfigure\3.1.5\spring-boot-test-autoconfigure-3.1.5.jar;C:\Users\Windows\.m2\repository\com\jayway\jsonpath\json-path\2.8.0\json-path-2.8.0.jar;C:\Users\Windows\.m2\repository\jakarta\xml\bind\jakarta.xml.bind-api\4.0.1\jakarta.xml.bind-api-4.0.1.jar;C:\Users\Windows\.m2\repository\jakarta\activation\jakarta.activation-api\2.1.2\jakarta.activation-api-2.1.2.jar;C:\Users\Windows\.m2\repository\net\minidev\json-smart\2.4.11\json-smart-2.4.11.jar;C:\Users\Windows\.m2\repository\net\minidev\accessors-smart\2.4.11\accessors-smart-2.4.11.jar;C:\Users\Windows\.m2\repository\org\assertj\assertj-core\3.24.2\assertj-core-3.24.2.jar;C:\Users\Windows\.m2\repository\org\hamcrest\hamcrest\2.2\hamcrest-2.2.jar;C:\Users\Windows\.m2\repository\org\junit\jupiter\junit-jupiter\5.9.3\junit-jupiter-5.9.3.jar;C:\Users\Windows\.m2\repository\org\junit\jupiter\junit-jupiter-params\5.9.3\junit-jupiter-params-5.9.3.jar;C:\Users\Windows\.m2\repository\org\junit\jupiter\junit-jupiter-engine\5.9.3\junit-jupiter-engine-5.9.3.jar;C:\Users\Windows\.m2\repository\org\junit\platform\junit-platform-engine\1.9.3\junit-platform-engine-1.9.3.jar;C:\Users\Windows\.m2\repository\org\mockito\mockito-core\5.3.1\mockito-core-5.3.1.jar;C:\Users\Windows\.m2\repository\net\bytebuddy\byte-buddy-agent\1.14.9\byte-buddy-agent-1.14.9.jar;C:\Users\Windows\.m2\repository\org\objenesis\objenesis\3.3\objenesis-3.3.jar;C:\Users\Windows\.m2\repository\org\skyscreamer\jsonassert\1.5.1\jsonassert-1.5.1.jar;C:\Users\Windows\.m2\repository\com\vaadin\external\google\android-json\0.0.20131108.vaadin1\android-json-0.0.20131108.vaadin1.jar;C:\Users\Windows\.m2\repository\org\springframework\spring-test\6.0.13\spring-test-6.0.13.jar;C:\Users\Windows\.m2\repository\org\xmlunit\xmlunit-core\2.9.1\xmlunit-core-2.9.1.jar;C:\Users\Windows\.m2\repository\org\springframework\boot\spring-boot-starter-validation\3.1.5\spring-boot-starter-validation-3.1.5.jar;C:\Users\Windows\.m2\repository\org\apache\tomcat\embed\tomcat-embed-el\10.1.15\tomcat-embed-el-10.1.15.jar;C:\Users\Windows\.m2\repository\org\hibernate\validator\hibernate-validator\8.0.1.Final\hibernate-validator-8.0.1.Final.jar;C:\Users\Windows\.m2\repository\jakarta\validation\jakarta.validation-api\3.0.2\jakarta.validation-api-3.0.2.jar;C:\Users\Windows\.m2\repository\org\springframework\boot\spring-boot-starter-cache\3.1.5\spring-boot-starter-cache-3.1.5.jar;C:\Users\Windows\.m2\repository\org\springframework\spring-context-support\6.0.13\spring-context-support-6.0.13.jar;C:\Users\Windows\.m2\repository\org\projectlombok\lombok\1.18.30\lombok-1.18.30.jar;C:\Users\Windows\.m2\repository\org\mapstruct\mapstruct\1.5.5.Final\mapstruct-1.5.5.Final.jar;C:\Users\Windows\.m2\repository\org\mapstruct\mapstruct-processor\1.5.5.Final\mapstruct-processor-1.5.5.Final.jar;C:\Users\Windows\.m2\repository\co\edu\icesi\dev\outcome-curr-mgmt\outcome-curr-mgmt-api\1.0-SNAPSHOT\outcome-curr-mgmt-api-1.0-SNAPSHOT.jar;C:\Users\Windows\.m2\repository\org\springframework\boot\spring-boot-starter-web\3.1.5\spring-boot-starter-web-3.1.5.jar;C:\Users\Windows\.m2\repository\org\springframework\boot\spring-boot-starter-json\3.1.5\spring-boot-starter-json-3.1.5.jar;C:\Users\Windows\.m2\repository\com\fasterxml\jackson\datatype\jackson-datatype-jdk8\2.15.3\jackson-datatype-jdk8-2.15.3.jar;C:\Users\Windows\.m2\repository\com\fasterxml\jackson\module\jackson-module-parameter-names\2.15.3\jackson-module-parameter-names-2.15.3.jar;C:\Users\Windows\.m2\repository\org\springframework\boot\spring-boot-starter-tomcat\3.1.5\spring-boot-starter-tomcat-3.1.5.jar;C:\Users\Windows\.m2\repository\org\apache\tomcat\embed\tomcat-embed-core\10.1.15\tomcat-embed-core-10.1.15.jar;C:\Users\Windows\.m2\repository\org\apache\tomcat\embed\tomcat-embed-websocket\10.1.15\tomcat-embed-websocket-10.1.15.jar;C:\Users\Windows\.m2\repository\org\springframework\spring-web\6.0.13\spring-web-6.0.13.jar;C:\Users\Windows\.m2\repository\org\springframework\spring-webmvc\6.0.13\spring-webmvc-6.0.13.jar;C:\Users\Windows\.m2\repository\org\springframework\boot\spring-boot-starter-security\3.1.5\spring-boot-starter-security-3.1.5.jar;C:\Users\Windows\.m2\repository\org\springframework\security\spring-security-web\6.1.5\spring-security-web-6.1.5.jar;C:\Users\Windows\.m2\repository\io\jsonwebtoken\jjwt-api\0.12.6\jjwt-api-0.12.6.jar;C:\Users\Windows\.m2\repository\io\jsonwebtoken\jjwt-impl\0.12.6\jjwt-impl-0.12.6.jar;C:\Users\Windows\.m2\repository\io\jsonwebtoken\jjwt-jackson\0.12.6\jjwt-jackson-0.12.6.jar;C:\Users\Windows\.m2\repository\org\springdoc\springdoc-openapi-starter-webmvc-ui\2.6.0\springdoc-openapi-starter-webmvc-ui-2.6.0.jar;C:\Users\Windows\.m2\repository\org\springdoc\springdoc-openapi-starter-webmvc-api\2.6.0\springdoc-openapi-starter-webmvc-api-2.6.0.jar;C:\Users\Windows\.m2\repository\org\springdoc\springdoc-openapi-starter-common\2.6.0\springdoc-openapi-starter-common-2.6.0.jar;C:\Users\Windows\.m2\repository\io\swagger\core\v3\swagger-core-jakarta\2.2.22\swagger-core-jakarta-2.2.22.jar;C:\Users\Windows\.m2\repository\org\apache\commons\commons-lang3\3.12.0\commons-lang3-3.12.0.jar;C:\Users\Windows\.m2\repository\io\swagger\core\v3\swagger-annotations-jakarta\2.2.22\swagger-annotations-jakarta-2.2.22.jar;C:\Users\Windows\.m2\repository\io\swagger\core\v3\swagger-models-jakarta\2.2.22\swagger-models-jakarta-2.2.22.jar;C:\Users\Windows\.m2\repository\com\fasterxml\jackson\dataformat\jackson-dataformat-yaml\2.15.3\jackson-dataformat-yaml-2.15.3.jar;C:\Users\Windows\.m2\repository\org\webjars\swagger-ui\5.17.14\swagger-ui-5.17.14.jar;C:\Users\Windows\.m2\repository\io\swagger\swagger-annotations\1.6.11\swagger-annotations-1.6.11.jar;C:\Users\Windows\.m2\repository\org\springframework\data\spring-data-commons\3.1.5\spring-data-commons-3.1.5.jar;C:\Users\Windows\.m2\repository\net\logstash\logback\logstash-logback-encoder\7.4\logstash-logback-encoder-7.4.jar;C:\Users\Windows\.m2\repository\com\fasterxml\jackson\core\jackson-databind\2.15.3\jackson-databind-2.15.3.jar;C:\Users\Windows\.m2\repository\com\fasterxml\jackson\core\jackson-annotations\2.15.3\jackson-annotations-2.15.3.jar;C:\Users\Windows\.m2\repository\com\fasterxml\jackson\core\jackson-core\2.15.3\jackson-core-2.15.3.jar;C:\Users\Windows\.m2\repository\org\springframework\boot\spring-boot-starter-actuator\3.1.5\spring-boot-starter-actuator-3.1.5.jar;C:\Users\Windows\.m2\repository\org\springframework\boot\spring-boot-actuator-autoconfigure\3.1.5\spring-boot-actuator-autoconfigure-3.1.5.jar;C:\Users\Windows\.m2\repository\org\springframework\boot\spring-boot-actuator\3.1.5\spring-boot-actuator-3.1.5.jar;C:\Users\Windows\.m2\repository\com\fasterxml\jackson\datatype\jackson-datatype-jsr310\2.15.3\jackson-datatype-jsr310-2.15.3.jar;C:\Users\Windows\.m2\repository\io\micrometer\micrometer-observation\1.11.5\micrometer-observation-1.11.5.jar;C:\Users\Windows\.m2\repository\io\micrometer\micrometer-commons\1.11.5\micrometer-commons-1.11.5.jar;C:\Users\Windows\.m2\repository\io\micrometer\micrometer-core\1.11.5\micrometer-core-1.11.5.jar;C:\Users\Windows\.m2\repository\org\hdrhistogram\HdrHistogram\2.1.12\HdrHistogram-2.1.12.jar;C:\Users\Windows\.m2\repository\org\latencyutils\LatencyUtils\2.0.3\LatencyUtils-2.0.3.jar;C:\Users\Windows\.m2\repository\io\micrometer\micrometer-registry-prometheus\1.11.5\micrometer-registry-prometheus-1.11.5.jar;C:\Users\Windows\.m2\repository\io\prometheus\simpleclient_common\0.16.0\simpleclient_common-0.16.0.jar;C:\Users\Windows\.m2\repository\io\prometheus\simpleclient\0.16.0\simpleclient-0.16.0.jar;C:\Users\Windows\.m2\repository\io\prometheus\simpleclient_tracer_otel\0.16.0\simpleclient_tracer_otel-0.16.0.jar;C:\Users\Windows\.m2\repository\io\prometheus\simpleclient_tracer_common\0.16.0\simpleclient_tracer_common-0.16.0.jar;C:\Users\Windows\.m2\repository\io\prometheus\simpleclient_tracer_otel_agent\0.16.0\simpleclient_tracer_otel_agent-0.16.0.jar;C:\Users\Windows\.m2\repository\org\mockito\mockito-junit-jupiter\5.3.1\mockito-junit-jupiter-5.3.1.jar;C:\Users\Windows\.m2\repository\org\junit\jupiter\junit-jupiter-api\5.9.3\junit-jupiter-api-5.9.3.jar;C:\Users\Windows\.m2\repository\org\opentest4j\opentest4j\1.2.0\opentest4j-1.2.0.jar;C:\Users\Windows\.m2\repository\org\junit\platform\junit-platform-commons\1.9.3\junit-platform-commons-1.9.3.jar;C:\Users\Windows\.m2\repository\org\apiguardian\apiguardian-api\1.1.2\apiguardian-api-1.1.2.jar;C:\Users\Windows\.m2\repository\org\jacoco\jacoco-maven-plugin\0.8.11\jacoco-maven-plugin-0.8.11.jar;C:\Users\Windows\.m2\repository\org\codehaus\plexus\plexus-utils\3.0.24\plexus-utils-3.0.24.jar;C:\Users\Windows\.m2\repository\org\apache\maven\shared\file-management\3.1.0\file-management-3.1.0.jar;C:\Users\Windows\.m2\repository\commons-io\commons-io\2.11.0\commons-io-2.11.0.jar;C:\Users\Windows\.m2\repository\org\apache\maven\reporting\maven-reporting-api\3.0\maven-reporting-api-3.0.jar;C:\Users\Windows\.m2\repository\org\apache\maven\doxia\doxia-sink-api\1.0\doxia-sink-api-1.0.jar;C:\Users\Windows\.m2\repository\org\jacoco\org.jacoco.agent\0.8.11\org.jacoco.agent-0.8.11-runtime.jar;C:\Users\Windows\.m2\repository\org\jacoco\org.jacoco.core\0.8.11\org.jacoco.core-0.8.11.jar;C:\Users\Windows\.m2\repository\org\ow2\asm\asm\9.6\asm-9.6.jar;C:\Users\Windows\.m2\repository\org\ow2\asm\asm-commons\9.6\asm-commons-9.6.jar;C:\Users\Windows\.m2\repository\org\ow2\asm\asm-tree\9.6\asm-tree-9.6.jar;C:\Users\Windows\.m2\repository\org\jacoco\org.jacoco.report\0.8.11\org.jacoco.report-0.8.11.jar;C:\Users\Windows\.m2\repository\com\googlecode\json-simple\json-simple\1.1.1\json-simple-1.1.1.jar;C:\Users\Windows\.m2\repository\junit\junit\4.13.2\junit-4.13.2.jar;C:\Users\Windows\.m2\repository\org\hamcrest\hamcrest-core\2.2\hamcrest-core-2.2.jar;C:\Users\Windows\.m2\repository\net\javacrumbs\shedlock\shedlock-spring\4.44.0\shedlock-spring-4.44.0.jar;C:\Users\Windows\.m2\repository\net\javacrumbs\shedlock\shedlock-core\4.44.0\shedlock-core-4.44.0.jar;C:\Users\Windows\.m2\repository\net\javacrumbs\shedlock\shedlock-provider-jdbc-template\4.44.0\shedlock-provider-jdbc-template-4.44.0.jar;C:\Users\Windows\.m2\repository\org\springframework\spring-jdbc\6.0.13\spring-jdbc-6.0.13.jar;"/>
    <property name="sun.cpu.endian" value="little"/>
    <property name="user.home" value="C:\Users\Windows"/>
    <property name="user.language" value="es"/>
    <property name="java.specification.vendor" value="Oracle Corporation"/>
    <property name="java.version.date" value="2024-01-16"/>
    <property name="java.home" value="C:\Program Files\Java\jdk-21"/>
    <property name="file.separator" value="\"/>
    <property name="basedir" value="C:\Users\Windows\Proyecto Ingesoft5\IngSoftV\outcome-curr-mgmt"/>
    <property name="java.vm.compressedOopsMode" value="Zero based"/>
    <property name="line.separator" value="&#10;"/>
    <property name="java.vm.specification.vendor" value="Oracle Corporation"/>
    <property name="java.specification.name" value="Java Platform API Specification"/>
    <property name="FILE_LOG_CHARSET" value="UTF-8"/>
    <property name="java.awt.headless" value="true"/>
    <property name="surefire.real.class.path" value="C:\Users\Windows\AppData\Local\Temp\surefire11188506310722565909\surefirebooter-20241201181708491_3.jar"/>
    <property name="user.script" value=""/>
    <property name="sun.management.compiler" value="HotSpot 64-Bit Tiered Compilers"/>
    <property name="java.runtime.version" value="21.0.2+13-LTS-58"/>
    <property name="user.name" value="Windows"/>
    <property name="stdout.encoding" value="Cp1252"/>
    <property name="path.separator" value=";"/>
    <property name="os.version" value="10.0"/>
    <property name="java.runtime.name" value="Java(TM) SE Runtime Environment"/>
    <property name="file.encoding" value="UTF-8"/>
    <property name="java.vm.name" value="Java HotSpot(TM) 64-Bit Server VM"/>
    <property name="localRepository" value="C:\Users\Windows\.m2\repository"/>
    <property name="java.vendor.url.bug" value="https://bugreport.java.com/bugreport/"/>
    <property name="java.io.tmpdir" value="C:\Users\Windows\AppData\Local\Temp\"/>
    <property name="idea.version" value="2023.3.8"/>
    <property name="com.zaxxer.hikari.pool_number" value="5"/>
    <property name="java.version" value="21.0.2"/>
    <property name="user.dir" value="C:\Users\Windows\Proyecto Ingesoft5\IngSoftV\outcome-curr-mgmt"/>
    <property name="os.arch" value="amd64"/>
    <property name="java.vm.specification.name" value="Java Virtual Machine Specification"/>
    <property name="PID" value="24876"/>
    <property name="sun.os.patch.level" value=""/>
    <property name="CONSOLE_LOG_CHARSET" value="UTF-8"/>
    <property name="native.encoding" value="Cp1252"/>
    <property name="java.library.path" value="C:\Program Files\Java\jdk-21\bin;C:\WINDOWS\Sun\Java\bin;C:\WINDOWS\system32;C:\WINDOWS;C:\Program Files\Java\jdk-17\bin;C:\Program Files (x86)\Common Files\Oracle\Java\java8path;C:\Program Files (x86)\Common Files\Oracle\Java\javapath;C:\Windows\System32;C:\Windows;C:\Windows\System32\wbem;C:\Windows\System32\WindowsPowerShell\v1.0\;C:\Windows\System32\OpenSSH\;C:\Program Files\nodejs\;C:\Program Files\Git\cmd;C:\Program Files\PuTTY\;C:\Program Files (x86)\Google\Cloud SDK\google-cloud-sdk\bin;C:\Program Files\Gradle\gradle-8.10.1\bin;C:\Program Files\Red Gate\Flyway Desktop\;C:\Program Files (x86)\apache-maven-3.9.9\bin\;;C:\Program Files\Docker\Docker\resources\bin;C:\Users\Windows\AppData\Local\Microsoft\WindowsApps;C:\Users\Windows\AppData\Local\Programs\Microsoft VS Code\bin;C:\Users\Windows\AppData\Roaming\npm;C:\Program Files (x86)\apache-maven-3.9.9\bin\;;."/>
    <property name="java.vm.info" value="mixed mode, sharing"/>
    <property name="stderr.encoding" value="Cp1252"/>
    <property name="java.vendor" value="Oracle Corporation"/>
    <property name="java.vm.version" value="21.0.2+13-LTS-58"/>
    <property name="sun.io.unicode.encoding" value="UnicodeLittle"/>
    <property name="java.class.version" value="65.0"/>
  </properties>
  <testcase name="testReturnsCoursesWhenThereAreNoExistingFacultyWithTheGivenId" classname="co.edu.icesi.dev.outcome_curr_mgmt.persistence.curriculum_qa.StudOutcomeRepositoryTest" time="5.131">
    <system-out><![CDATA[2024-12-01T18:17:35.651-05:00  INFO 24876 --- [           main] t.c.s.AnnotationConfigContextLoaderUtils : Could not detect default configuration classes for test class [co.edu.icesi.dev.outcome_curr_mgmt.persistence.curriculum_qa.StudOutcomeRepositoryTest]: StudOutcomeRepositoryTest does not declare any static, non-private, non-final, nested classes annotated with @Configuration.
{"timestamp":"2024-12-01T18:17:35.651-0500","level":"INFO","logger":"org.springframework.test.context.support.AnnotationConfigContextLoaderUtils","thread":"main","message":"Could not detect default configuration classes for test class [co.edu.icesi.dev.outcome_curr_mgmt.persistence.curriculum_qa.StudOutcomeRepositoryTest]: StudOutcomeRepositoryTest does not declare any static, non-private, non-final, nested classes annotated with @Configuration.","exception":""}
2024-12-01T18:17:35.722-05:00  INFO 24876 --- [           main] .b.t.c.SpringBootTestContextBootstrapper : Found @SpringBootConfiguration co.edu.icesi.dev.outcome_curr_mgmt.OutcomeCurrMgmtApplication for test class co.edu.icesi.dev.outcome_curr_mgmt.persistence.curriculum_qa.StudOutcomeRepositoryTest
{"timestamp":"2024-12-01T18:17:35.722-0500","level":"INFO","logger":"org.springframework.boot.test.context.SpringBootTestContextBootstrapper","thread":"main","message":"Found @SpringBootConfiguration co.edu.icesi.dev.outcome_curr_mgmt.OutcomeCurrMgmtApplication for test class co.edu.icesi.dev.outcome_curr_mgmt.persistence.curriculum_qa.StudOutcomeRepositoryTest","exception":""}
2024-12-01T18:17:35.762-05:00  INFO 24876 --- [           main] j.LocalContainerEntityManagerFactoryBean : Closing JPA EntityManagerFactory for persistence unit 'default'
{"timestamp":"2024-12-01T18:17:35.762-0500","level":"INFO","logger":"org.springframework.orm.jpa.LocalContainerEntityManagerFactoryBean","thread":"main","message":"Closing JPA EntityManagerFactory for persistence unit 'default'","exception":""}
2024-12-01T18:17:35.805-05:00  INFO 24876 --- [           main] com.zaxxer.hikari.HikariDataSource       : HikariPool-1 - Shutdown initiated...
{"timestamp":"2024-12-01T18:17:35.805-0500","level":"INFO","logger":"com.zaxxer.hikari.HikariDataSource","thread":"main","message":"HikariPool-1 - Shutdown initiated...","exception":""}
2024-12-01T18:17:35.808-05:00  INFO 24876 --- [           main] com.zaxxer.hikari.HikariDataSource       : HikariPool-1 - Shutdown completed.
{"timestamp":"2024-12-01T18:17:35.808-0500","level":"INFO","logger":"com.zaxxer.hikari.HikariDataSource","thread":"main","message":"HikariPool-1 - Shutdown completed.","exception":""}
18:17:35,851 |-INFO in ch.qos.logback.core.joran.util.ConfigurationWatchListUtil@7a34c1f6 - Adding [jar:file:/C:/Users/Windows/.m2/repository/org/springframework/boot/spring-boot/3.1.5/spring-boot-3.1.5.jar!/org/springframework/boot/logging/logback/base.xml] to configuration watch list.
18:17:35,851 |-INFO in ch.qos.logback.core.joran.spi.ConfigurationWatchList@2c100949 - URL [jar:file:/C:/Users/Windows/.m2/repository/org/springframework/boot/spring-boot/3.1.5/spring-boot-3.1.5.jar!/org/springframework/boot/logging/logback/base.xml] is not of type file
18:17:35,854 |-INFO in ch.qos.logback.core.joran.util.ConfigurationWatchListUtil@7a34c1f6 - Adding [jar:file:/C:/Users/Windows/.m2/repository/org/springframework/boot/spring-boot/3.1.5/spring-boot-3.1.5.jar!/org/springframework/boot/logging/logback/defaults.xml] to configuration watch list.
18:17:35,854 |-INFO in ch.qos.logback.core.joran.spi.ConfigurationWatchList@2c100949 - URL [jar:file:/C:/Users/Windows/.m2/repository/org/springframework/boot/spring-boot/3.1.5/spring-boot-3.1.5.jar!/org/springframework/boot/logging/logback/defaults.xml] is not of type file
18:17:35,856 |-INFO in ch.qos.logback.core.joran.action.ConversionRuleAction - registering conversion word clr with class [org.springframework.boot.logging.logback.ColorConverter]
18:17:35,856 |-INFO in ch.qos.logback.core.joran.action.ConversionRuleAction - registering conversion word wex with class [org.springframework.boot.logging.logback.WhitespaceThrowableProxyConverter]
18:17:35,857 |-INFO in ch.qos.logback.core.joran.action.ConversionRuleAction - registering conversion word wEx with class [org.springframework.boot.logging.logback.ExtendedWhitespaceThrowableProxyConverter]
18:17:35,857 |-INFO in ch.qos.logback.core.joran.util.ConfigurationWatchListUtil@7a34c1f6 - Adding [jar:file:/C:/Users/Windows/.m2/repository/org/springframework/boot/spring-boot/3.1.5/spring-boot-3.1.5.jar!/org/springframework/boot/logging/logback/console-appender.xml] to configuration watch list.
18:17:35,857 |-INFO in ch.qos.logback.core.joran.spi.ConfigurationWatchList@2c100949 - URL [jar:file:/C:/Users/Windows/.m2/repository/org/springframework/boot/spring-boot/3.1.5/spring-boot-3.1.5.jar!/org/springframework/boot/logging/logback/console-appender.xml] is not of type file
18:17:35,861 |-INFO in ch.qos.logback.core.joran.util.ConfigurationWatchListUtil@7a34c1f6 - Adding [jar:file:/C:/Users/Windows/.m2/repository/org/springframework/boot/spring-boot/3.1.5/spring-boot-3.1.5.jar!/org/springframework/boot/logging/logback/file-appender.xml] to configuration watch list.
18:17:35,861 |-INFO in ch.qos.logback.core.joran.spi.ConfigurationWatchList@2c100949 - URL [jar:file:/C:/Users/Windows/.m2/repository/org/springframework/boot/spring-boot/3.1.5/spring-boot-3.1.5.jar!/org/springframework/boot/logging/logback/file-appender.xml] is not of type file
18:17:35,868 |-INFO in ch.qos.logback.classic.model.processor.LoggerModelHandler - Setting level of logger [org.apache.catalina.startup.DigesterFactory] to ERROR
18:17:35,868 |-INFO in ch.qos.logback.classic.jul.LevelChangePropagator@449fe5a - Propagating ERROR level on Logger[org.apache.catalina.startup.DigesterFactory] onto the JUL framework
18:17:35,868 |-INFO in ch.qos.logback.classic.model.processor.LoggerModelHandler - Setting level of logger [org.apache.catalina.util.LifecycleBase] to ERROR
18:17:35,868 |-INFO in ch.qos.logback.classic.jul.LevelChangePropagator@449fe5a - Propagating ERROR level on Logger[org.apache.catalina.util.LifecycleBase] onto the JUL framework
18:17:35,868 |-INFO in ch.qos.logback.classic.model.processor.LoggerModelHandler - Setting level of logger [org.apache.coyote.http11.Http11NioProtocol] to WARN
18:17:35,868 |-INFO in ch.qos.logback.classic.jul.LevelChangePropagator@449fe5a - Propagating WARN level on Logger[org.apache.coyote.http11.Http11NioProtocol] onto the JUL framework
18:17:35,868 |-INFO in ch.qos.logback.classic.model.processor.LoggerModelHandler - Setting level of logger [org.apache.sshd.common.util.SecurityUtils] to WARN
18:17:35,868 |-INFO in ch.qos.logback.classic.jul.LevelChangePropagator@449fe5a - Propagating WARN level on Logger[org.apache.sshd.common.util.SecurityUtils] onto the JUL framework
18:17:35,868 |-INFO in ch.qos.logback.classic.model.processor.LoggerModelHandler - Setting level of logger [org.apache.tomcat.util.net.NioSelectorPool] to WARN
18:17:35,868 |-INFO in ch.qos.logback.classic.jul.LevelChangePropagator@449fe5a - Propagating WARN level on Logger[org.apache.tomcat.util.net.NioSelectorPool] onto the JUL framework
18:17:35,869 |-INFO in ch.qos.logback.classic.model.processor.LoggerModelHandler - Setting level of logger [org.eclipse.jetty.util.component.AbstractLifeCycle] to ERROR
18:17:35,869 |-INFO in ch.qos.logback.classic.jul.LevelChangePropagator@449fe5a - Propagating ERROR level on Logger[org.eclipse.jetty.util.component.AbstractLifeCycle] onto the JUL framework
18:17:35,869 |-INFO in ch.qos.logback.classic.model.processor.LoggerModelHandler - Setting level of logger [org.hibernate.validator.internal.util.Version] to WARN
18:17:35,869 |-INFO in ch.qos.logback.classic.jul.LevelChangePropagator@449fe5a - Propagating WARN level on Logger[org.hibernate.validator.internal.util.Version] onto the JUL framework
18:17:35,869 |-INFO in ch.qos.logback.classic.model.processor.LoggerModelHandler - Setting level of logger [org.springframework.boot.actuate.endpoint.jmx] to WARN
18:17:35,869 |-INFO in ch.qos.logback.classic.jul.LevelChangePropagator@449fe5a - Propagating WARN level on Logger[org.springframework.boot.actuate.endpoint.jmx] onto the JUL framework
18:17:35,869 |-INFO in ch.qos.logback.core.model.processor.AppenderModelHandler - Processing appender named [CONSOLE]
18:17:35,869 |-INFO in ch.qos.logback.core.model.processor.AppenderModelHandler - About to instantiate appender of type [ch.qos.logback.core.ConsoleAppender]
18:17:35,869 |-INFO in ch.qos.logback.core.model.processor.ImplicitModelHandler - Assuming default type [ch.qos.logback.classic.encoder.PatternLayoutEncoder] for [encoder] property
18:17:35,871 |-INFO in ch.qos.logback.core.model.processor.AppenderModelHandler - Processing appender named [FILE]
18:17:35,871 |-INFO in ch.qos.logback.core.model.processor.AppenderModelHandler - About to instantiate appender of type [ch.qos.logback.core.rolling.RollingFileAppender]
18:17:35,871 |-INFO in ch.qos.logback.core.model.processor.ImplicitModelHandler - Assuming default type [ch.qos.logback.classic.encoder.PatternLayoutEncoder] for [encoder] property
18:17:35,873 |-INFO in c.q.l.core.rolling.SizeAndTimeBasedRollingPolicy@1760852443 - setting totalSizeCap to 0 Bytes
18:17:35,873 |-INFO in c.q.l.core.rolling.SizeAndTimeBasedRollingPolicy@1760852443 - Archive files will be limited to [10 MB] each.
18:17:35,873 |-INFO in c.q.l.core.rolling.SizeAndTimeBasedRollingPolicy@1760852443 - Will use gz compression
18:17:35,873 |-INFO in c.q.l.core.rolling.SizeAndTimeBasedRollingPolicy@1760852443 - Will use the pattern C:/Users/Windows/AppData/Local/Temp//spring.log.%d{yyyy-MM-dd}.%i for the active file
18:17:35,874 |-INFO in ch.qos.logback.core.rolling.SizeAndTimeBasedFNATP@4365baab - The date pattern is 'yyyy-MM-dd' from file name pattern 'C:/Users/Windows/AppData/Local/Temp//spring.log.%d{yyyy-MM-dd}.%i.gz'.
18:17:35,874 |-INFO in ch.qos.logback.core.rolling.SizeAndTimeBasedFNATP@4365baab - Roll-over at midnight.
18:17:35,875 |-INFO in ch.qos.logback.core.rolling.SizeAndTimeBasedFNATP@4365baab - Setting initial period to 2024-12-01T23:17:35.808Z
18:17:35,884 |-INFO in ch.qos.logback.core.rolling.RollingFileAppender[FILE] - Active log file name: C:\Users\Windows\AppData\Local\Temp\/spring.log
18:17:35,884 |-INFO in ch.qos.logback.core.rolling.RollingFileAppender[FILE] - File property is set to [C:\Users\Windows\AppData\Local\Temp\/spring.log]
18:17:35,885 |-INFO in ch.qos.logback.classic.model.processor.RootLoggerModelHandler - Setting level of ROOT logger to INFO
18:17:35,885 |-INFO in ch.qos.logback.classic.jul.LevelChangePropagator@449fe5a - Propagating INFO level on Logger[ROOT] onto the JUL framework
18:17:35,885 |-INFO in ch.qos.logback.core.model.processor.AppenderRefModelHandler - Attaching appender named [CONSOLE] to Logger[ROOT]
18:17:35,885 |-INFO in ch.qos.logback.core.model.processor.AppenderRefModelHandler - Attaching appender named [FILE] to Logger[ROOT]
18:17:35,885 |-INFO in ch.qos.logback.core.model.processor.AppenderModelHandler - Processing appender named [CONSOLE]
18:17:35,885 |-INFO in ch.qos.logback.core.model.processor.AppenderModelHandler - About to instantiate appender of type [ch.qos.logback.core.ConsoleAppender]
18:17:35,886 |-INFO in ch.qos.logback.core.model.processor.ImplicitModelHandler - Assuming default type [net.logstash.logback.composite.loggingevent.LoggingEventJsonProviders] for [providers] property
18:17:35,886 |-INFO in ch.qos.logback.core.model.processor.ImplicitModelHandler - Assuming default type [net.logstash.logback.composite.loggingevent.LoggingEventFormattedTimestampJsonProvider] for [timestamp] property
18:17:35,886 |-INFO in ch.qos.logback.core.model.processor.ImplicitModelHandler - Assuming default type [net.logstash.logback.composite.loggingevent.LoggingEventPatternJsonProvider] for [pattern] property
18:17:35,887 |-INFO in ch.qos.logback.core.model.processor.ImplicitModelHandler - Assuming default type [net.logstash.logback.composite.loggingevent.MdcJsonProvider] for [mdc] property
18:17:35,890 |-WARN in ch.qos.logback.core.model.processor.AppenderModelHandler - Appender named [STDOUT] not referenced. Skipping further processing.
18:17:35,890 |-INFO in ch.qos.logback.classic.model.processor.RootLoggerModelHandler - Setting level of ROOT logger to INFO
18:17:35,890 |-INFO in ch.qos.logback.core.model.processor.AppenderRefModelHandler - Attaching appender named [CONSOLE] to Logger[ROOT]
18:17:35,890 |-INFO in ch.qos.logback.core.model.processor.DefaultProcessor@6f13a9cf - End of configuration.
18:17:35,890 |-INFO in org.springframework.boot.logging.logback.SpringBootJoranConfigurator@24633159 - Registering current configuration as safe fallback point


  .   ____          _            __ _ _
 /\\ / ___'_ __ _ _(_)_ __  __ _ \ \ \ \
( ( )\___ | '_ | '_| | '_ \/ _` | \ \ \ \
 \\/  ___)| |_)| | | | | || (_| |  ) ) ) )
  '  |____| .__|_| |_|_| |_\__, | / / / /
 =========|_|==============|___/=/_/_/_/
 :: Spring Boot ::                (v3.1.5)

2024-12-01T18:17:35.899-05:00  INFO 24876 --- [           main] c.e.i.d.o.p.c.StudOutcomeRepositoryTest  : Starting StudOutcomeRepositoryTest using Java 21.0.2 with PID 24876 (started by Windows in C:\Users\Windows\Proyecto Ingesoft5\IngSoftV\outcome-curr-mgmt)
{"timestamp":"2024-12-01T18:17:35.899-0500","level":"INFO","logger":"co.edu.icesi.dev.outcome_curr_mgmt.persistence.curriculum_qa.StudOutcomeRepositoryTest","thread":"main","message":"Starting StudOutcomeRepositoryTest using Java 21.0.2 with PID 24876 (started by Windows in C:\\Users\\Windows\\Proyecto Ingesoft5\\IngSoftV\\outcome-curr-mgmt)","exception":""}
2024-12-01T18:17:35.900-05:00  INFO 24876 --- [           main] c.e.i.d.o.p.c.StudOutcomeRepositoryTest  : The following 1 profile is active: "test"
{"timestamp":"2024-12-01T18:17:35.900-0500","level":"INFO","logger":"co.edu.icesi.dev.outcome_curr_mgmt.persistence.curriculum_qa.StudOutcomeRepositoryTest","thread":"main","message":"The following 1 profile is active: \"test\"","exception":""}
2024-12-01T18:17:36.845-05:00  INFO 24876 --- [           main] .s.d.r.c.RepositoryConfigurationDelegate : Bootstrapping Spring Data JPA repositories in DEFAULT mode.
{"timestamp":"2024-12-01T18:17:36.845-0500","level":"INFO","logger":"org.springframework.data.repository.config.RepositoryConfigurationDelegate","thread":"main","message":"Bootstrapping Spring Data JPA repositories in DEFAULT mode.","exception":""}
2024-12-01T18:17:37.165-05:00  INFO 24876 --- [           main] .s.d.r.c.RepositoryConfigurationDelegate : Finished Spring Data repository scanning in 318 ms. Found 41 JPA repository interfaces.
{"timestamp":"2024-12-01T18:17:37.165-0500","level":"INFO","logger":"org.springframework.data.repository.config.RepositoryConfigurationDelegate","thread":"main","message":"Finished Spring Data repository scanning in 318 ms. Found 41 JPA repository interfaces.","exception":""}
2024-12-01T18:17:37.389-05:00  INFO 24876 --- [           main] com.zaxxer.hikari.HikariDataSource       : HikariPool-2 - Starting...
{"timestamp":"2024-12-01T18:17:37.389-0500","level":"INFO","logger":"com.zaxxer.hikari.HikariDataSource","thread":"main","message":"HikariPool-2 - Starting...","exception":""}
2024-12-01T18:17:37.391-05:00  INFO 24876 --- [           main] com.zaxxer.hikari.pool.HikariPool        : HikariPool-2 - Added connection conn10: url=jdbc:h2:mem:testdb user=ADMIN
{"timestamp":"2024-12-01T18:17:37.391-0500","level":"INFO","logger":"com.zaxxer.hikari.pool.HikariPool","thread":"main","message":"HikariPool-2 - Added connection conn10: url=jdbc:h2:mem:testdb user=ADMIN","exception":""}
2024-12-01T18:17:37.392-05:00  INFO 24876 --- [           main] com.zaxxer.hikari.HikariDataSource       : HikariPool-2 - Start completed.
{"timestamp":"2024-12-01T18:17:37.392-0500","level":"INFO","logger":"com.zaxxer.hikari.HikariDataSource","thread":"main","message":"HikariPool-2 - Start completed.","exception":""}
2024-12-01T18:17:37.394-05:00  INFO 24876 --- [           main] o.hibernate.jpa.internal.util.LogHelper  : HHH000204: Processing PersistenceUnitInfo [name: default]
{"timestamp":"2024-12-01T18:17:37.394-0500","level":"INFO","logger":"org.hibernate.jpa.internal.util.LogHelper","thread":"main","message":"HHH000204: Processing PersistenceUnitInfo [name: default]","exception":""}
2024-12-01T18:17:37.414-05:00  INFO 24876 --- [           main] o.s.o.j.p.SpringPersistenceUnitInfo      : No LoadTimeWeaver setup: ignoring JPA class transformer
{"timestamp":"2024-12-01T18:17:37.414-0500","level":"INFO","logger":"org.springframework.orm.jpa.persistenceunit.SpringPersistenceUnitInfo","thread":"main","message":"No LoadTimeWeaver setup: ignoring JPA class transformer","exception":""}
2024-12-01T18:17:37.416-05:00  WARN 24876 --- [           main] org.hibernate.orm.deprecation            : HHH90000025: H2Dialect does not need to be specified explicitly using 'hibernate.dialect' (remove the property setting and it will be selected by default)
{"timestamp":"2024-12-01T18:17:37.416-0500","level":"WARN","logger":"org.hibernate.orm.deprecation","thread":"main","message":"HHH90000025: H2Dialect does not need to be specified explicitly using 'hibernate.dialect' (remove the property setting and it will be selected by default)","exception":""}
2024-12-01T18:17:38.909-05:00  INFO 24876 --- [           main] o.h.e.t.j.p.i.JtaPlatformInitiator       : HHH000489: No JTA platform available (set 'hibernate.transaction.jta.platform' to enable JTA platform integration)
{"timestamp":"2024-12-01T18:17:38.909-0500","level":"INFO","logger":"org.hibernate.engine.transaction.jta.platform.internal.JtaPlatformInitiator","thread":"main","message":"HHH000489: No JTA platform available (set 'hibernate.transaction.jta.platform' to enable JTA platform integration)","exception":""}
2024-12-01T18:17:39.051-05:00  INFO 24876 --- [           main] j.LocalContainerEntityManagerFactoryBean : Initialized JPA EntityManagerFactory for persistence unit 'default'
{"timestamp":"2024-12-01T18:17:39.051-0500","level":"INFO","logger":"org.springframework.orm.jpa.LocalContainerEntityManagerFactoryBean","thread":"main","message":"Initialized JPA EntityManagerFactory for persistence unit 'default'","exception":""}
2024-12-01T18:17:40.175-05:00  WARN 24876 --- [           main] JpaBaseConfiguration$JpaWebConfiguration : spring.jpa.open-in-view is enabled by default. Therefore, database queries may be performed during view rendering. Explicitly configure spring.jpa.open-in-view to disable this warning
{"timestamp":"2024-12-01T18:17:40.175-0500","level":"WARN","logger":"org.springframework.boot.autoconfigure.orm.jpa.JpaBaseConfiguration$JpaWebConfiguration","thread":"main","message":"spring.jpa.open-in-view is enabled by default. Therefore, database queries may be performed during view rendering. Explicitly configure spring.jpa.open-in-view to disable this warning","exception":""}
2024-12-01T18:17:40.190-05:00  WARN 24876 --- [           main] .s.s.UserDetailsServiceAutoConfiguration : 

Using generated security password: bf39a44e-4559-464d-8546-0b243b612404

This generated password is for development use only. Your security configuration must be updated before running your application in production.

{"timestamp":"2024-12-01T18:17:40.190-0500","level":"WARN","logger":"org.springframework.boot.autoconfigure.security.servlet.UserDetailsServiceAutoConfiguration","thread":"main","message":"\r\n\r\nUsing generated security password: bf39a44e-4559-464d-8546-0b243b612404\r\n\r\nThis generated password is for development use only. Your security configuration must be updated before running your application in production.\r\n","exception":""}
2024-12-01T18:17:40.228-05:00  INFO 24876 --- [           main] o.s.s.web.DefaultSecurityFilterChain     : Will secure any request with [org.springframework.security.web.session.DisableEncodeUrlFilter@6037bf4b, org.springframework.security.web.context.request.async.WebAsyncManagerIntegrationFilter@419152e5, org.springframework.security.web.context.SecurityContextHolderFilter@4dae394c, org.springframework.security.web.header.HeaderWriterFilter@1c044f6b, org.springframework.web.filter.CorsFilter@2cf5c6d4, org.springframework.security.web.authentication.logout.LogoutFilter@935065e, co.edu.icesi.dev.outcome_curr_mgmt.saamfi.filters.SaamfiAuthenticationFilter@4d2baa48, org.springframework.security.web.savedrequest.RequestCacheAwareFilter@6bc057b1, org.springframework.security.web.servletapi.SecurityContextHolderAwareRequestFilter@550122b5, org.springframework.security.web.authentication.AnonymousAuthenticationFilter@59d0ccb8, org.springframework.security.web.session.SessionManagementFilter@7a4349ea, org.springframework.security.web.access.ExceptionTranslationFilter@1a7797e7, org.springframework.security.web.access.intercept.AuthorizationFilter@3ce9273d]
{"timestamp":"2024-12-01T18:17:40.228-0500","level":"INFO","logger":"org.springframework.security.web.DefaultSecurityFilterChain","thread":"main","message":"Will secure any request with [org.springframework.security.web.session.DisableEncodeUrlFilter@6037bf4b, org.springframework.security.web.context.request.async.WebAsyncManagerIntegrationFilter@419152e5, org.springframework.security.web.context.SecurityContextHolderFilter@4dae394c, org.springframework.security.web.header.HeaderWriterFilter@1c044f6b, org.springframework.web.filter.CorsFilter@2cf5c6d4, org.springframework.security.web.authentication.logout.LogoutFilter@935065e, co.edu.icesi.dev.outcome_curr_mgmt.saamfi.filters.SaamfiAuthenticationFilter@4d2baa48, org.springframework.security.web.savedrequest.RequestCacheAwareFilter@6bc057b1, org.springframework.security.web.servletapi.SecurityContextHolderAwareRequestFilter@550122b5, org.springframework.security.web.authentication.AnonymousAuthenticationFilter@59d0ccb8, org.springframework.security.web.session.SessionManagementFilter@7a4349ea, org.springframework.security.web.access.ExceptionTranslationFilter@1a7797e7, org.springframework.security.web.access.intercept.AuthorizationFilter@3ce9273d]","exception":""}
2024-12-01T18:17:40.690-05:00  INFO 24876 --- [           main] o.s.b.a.h2.H2ConsoleAutoConfiguration    : H2 console available at '/h2-console'. Database available at 'jdbc:h2:mem:testdb'
{"timestamp":"2024-12-01T18:17:40.690-0500","level":"INFO","logger":"org.springframework.boot.autoconfigure.h2.H2ConsoleAutoConfiguration","thread":"main","message":"H2 console available at '/h2-console'. Database available at 'jdbc:h2:mem:testdb'","exception":""}
2024-12-01T18:17:40.713-05:00  INFO 24876 --- [           main] o.s.b.a.e.web.EndpointLinksResolver      : Exposing 13 endpoint(s) beneath base path '/actuator'
{"timestamp":"2024-12-01T18:17:40.713-0500","level":"INFO","logger":"org.springframework.boot.actuate.endpoint.web.EndpointLinksResolver","thread":"main","message":"Exposing 13 endpoint(s) beneath base path '/actuator'","exception":""}
2024-12-01T18:17:40.760-05:00  INFO 24876 --- [           main] c.e.i.d.o.p.c.StudOutcomeRepositoryTest  : Started StudOutcomeRepositoryTest in 4.95 seconds (process running for 31.996)
{"timestamp":"2024-12-01T18:17:40.760-0500","level":"INFO","logger":"co.edu.icesi.dev.outcome_curr_mgmt.persistence.curriculum_qa.StudOutcomeRepositoryTest","thread":"main","message":"Started StudOutcomeRepositoryTest in 4.95 seconds (process running for 31.996)","exception":""}
]]></system-out>
  </testcase>
  <testcase name="testReturnsCoursesWhenThereAreNoExistingAcadProgCurrWithTheGivenId" classname="co.edu.icesi.dev.outcome_curr_mgmt.persistence.curriculum_qa.StudOutcomeRepositoryTest" time="4.023">
    <system-out><![CDATA[2024-12-01T18:17:40.876-05:00  INFO 24876 --- [           main] j.LocalContainerEntityManagerFactoryBean : Closing JPA EntityManagerFactory for persistence unit 'default'
{"timestamp":"2024-12-01T18:17:40.876-0500","level":"INFO","logger":"org.springframework.orm.jpa.LocalContainerEntityManagerFactoryBean","thread":"main","message":"Closing JPA EntityManagerFactory for persistence unit 'default'","exception":""}
2024-12-01T18:17:40.901-05:00  INFO 24876 --- [           main] com.zaxxer.hikari.HikariDataSource       : HikariPool-2 - Shutdown initiated...
{"timestamp":"2024-12-01T18:17:40.901-0500","level":"INFO","logger":"com.zaxxer.hikari.HikariDataSource","thread":"main","message":"HikariPool-2 - Shutdown initiated...","exception":""}
2024-12-01T18:17:40.902-05:00  INFO 24876 --- [           main] com.zaxxer.hikari.HikariDataSource       : HikariPool-2 - Shutdown completed.
{"timestamp":"2024-12-01T18:17:40.902-0500","level":"INFO","logger":"com.zaxxer.hikari.HikariDataSource","thread":"main","message":"HikariPool-2 - Shutdown completed.","exception":""}
18:17:40,937 |-INFO in ch.qos.logback.core.joran.util.ConfigurationWatchListUtil@7a34c1f6 - Adding [jar:file:/C:/Users/Windows/.m2/repository/org/springframework/boot/spring-boot/3.1.5/spring-boot-3.1.5.jar!/org/springframework/boot/logging/logback/base.xml] to configuration watch list.
18:17:40,937 |-INFO in ch.qos.logback.core.joran.spi.ConfigurationWatchList@446dd5c4 - URL [jar:file:/C:/Users/Windows/.m2/repository/org/springframework/boot/spring-boot/3.1.5/spring-boot-3.1.5.jar!/org/springframework/boot/logging/logback/base.xml] is not of type file
18:17:40,939 |-INFO in ch.qos.logback.core.joran.util.ConfigurationWatchListUtil@7a34c1f6 - Adding [jar:file:/C:/Users/Windows/.m2/repository/org/springframework/boot/spring-boot/3.1.5/spring-boot-3.1.5.jar!/org/springframework/boot/logging/logback/defaults.xml] to configuration watch list.
18:17:40,939 |-INFO in ch.qos.logback.core.joran.spi.ConfigurationWatchList@446dd5c4 - URL [jar:file:/C:/Users/Windows/.m2/repository/org/springframework/boot/spring-boot/3.1.5/spring-boot-3.1.5.jar!/org/springframework/boot/logging/logback/defaults.xml] is not of type file
18:17:40,941 |-INFO in ch.qos.logback.core.joran.action.ConversionRuleAction - registering conversion word clr with class [org.springframework.boot.logging.logback.ColorConverter]
18:17:40,941 |-INFO in ch.qos.logback.core.joran.action.ConversionRuleAction - registering conversion word wex with class [org.springframework.boot.logging.logback.WhitespaceThrowableProxyConverter]
18:17:40,941 |-INFO in ch.qos.logback.core.joran.action.ConversionRuleAction - registering conversion word wEx with class [org.springframework.boot.logging.logback.ExtendedWhitespaceThrowableProxyConverter]
18:17:40,942 |-INFO in ch.qos.logback.core.joran.util.ConfigurationWatchListUtil@7a34c1f6 - Adding [jar:file:/C:/Users/Windows/.m2/repository/org/springframework/boot/spring-boot/3.1.5/spring-boot-3.1.5.jar!/org/springframework/boot/logging/logback/console-appender.xml] to configuration watch list.
18:17:40,942 |-INFO in ch.qos.logback.core.joran.spi.ConfigurationWatchList@446dd5c4 - URL [jar:file:/C:/Users/Windows/.m2/repository/org/springframework/boot/spring-boot/3.1.5/spring-boot-3.1.5.jar!/org/springframework/boot/logging/logback/console-appender.xml] is not of type file
18:17:40,945 |-INFO in ch.qos.logback.core.joran.util.ConfigurationWatchListUtil@7a34c1f6 - Adding [jar:file:/C:/Users/Windows/.m2/repository/org/springframework/boot/spring-boot/3.1.5/spring-boot-3.1.5.jar!/org/springframework/boot/logging/logback/file-appender.xml] to configuration watch list.
18:17:40,945 |-INFO in ch.qos.logback.core.joran.spi.ConfigurationWatchList@446dd5c4 - URL [jar:file:/C:/Users/Windows/.m2/repository/org/springframework/boot/spring-boot/3.1.5/spring-boot-3.1.5.jar!/org/springframework/boot/logging/logback/file-appender.xml] is not of type file
18:17:40,950 |-INFO in ch.qos.logback.classic.model.processor.LoggerModelHandler - Setting level of logger [org.apache.catalina.startup.DigesterFactory] to ERROR
18:17:40,950 |-INFO in ch.qos.logback.classic.jul.LevelChangePropagator@52dc31e2 - Propagating ERROR level on Logger[org.apache.catalina.startup.DigesterFactory] onto the JUL framework
18:17:40,950 |-INFO in ch.qos.logback.classic.model.processor.LoggerModelHandler - Setting level of logger [org.apache.catalina.util.LifecycleBase] to ERROR
18:17:40,950 |-INFO in ch.qos.logback.classic.jul.LevelChangePropagator@52dc31e2 - Propagating ERROR level on Logger[org.apache.catalina.util.LifecycleBase] onto the JUL framework
18:17:40,950 |-INFO in ch.qos.logback.classic.model.processor.LoggerModelHandler - Setting level of logger [org.apache.coyote.http11.Http11NioProtocol] to WARN
18:17:40,950 |-INFO in ch.qos.logback.classic.jul.LevelChangePropagator@52dc31e2 - Propagating WARN level on Logger[org.apache.coyote.http11.Http11NioProtocol] onto the JUL framework
18:17:40,950 |-INFO in ch.qos.logback.classic.model.processor.LoggerModelHandler - Setting level of logger [org.apache.sshd.common.util.SecurityUtils] to WARN
18:17:40,950 |-INFO in ch.qos.logback.classic.jul.LevelChangePropagator@52dc31e2 - Propagating WARN level on Logger[org.apache.sshd.common.util.SecurityUtils] onto the JUL framework
18:17:40,950 |-INFO in ch.qos.logback.classic.model.processor.LoggerModelHandler - Setting level of logger [org.apache.tomcat.util.net.NioSelectorPool] to WARN
18:17:40,950 |-INFO in ch.qos.logback.classic.jul.LevelChangePropagator@52dc31e2 - Propagating WARN level on Logger[org.apache.tomcat.util.net.NioSelectorPool] onto the JUL framework
18:17:40,950 |-INFO in ch.qos.logback.classic.model.processor.LoggerModelHandler - Setting level of logger [org.eclipse.jetty.util.component.AbstractLifeCycle] to ERROR
18:17:40,950 |-INFO in ch.qos.logback.classic.jul.LevelChangePropagator@52dc31e2 - Propagating ERROR level on Logger[org.eclipse.jetty.util.component.AbstractLifeCycle] onto the JUL framework
18:17:40,951 |-INFO in ch.qos.logback.classic.model.processor.LoggerModelHandler - Setting level of logger [org.hibernate.validator.internal.util.Version] to WARN
18:17:40,951 |-INFO in ch.qos.logback.classic.jul.LevelChangePropagator@52dc31e2 - Propagating WARN level on Logger[org.hibernate.validator.internal.util.Version] onto the JUL framework
18:17:40,951 |-INFO in ch.qos.logback.classic.model.processor.LoggerModelHandler - Setting level of logger [org.springframework.boot.actuate.endpoint.jmx] to WARN
18:17:40,951 |-INFO in ch.qos.logback.classic.jul.LevelChangePropagator@52dc31e2 - Propagating WARN level on Logger[org.springframework.boot.actuate.endpoint.jmx] onto the JUL framework
18:17:40,951 |-INFO in ch.qos.logback.core.model.processor.AppenderModelHandler - Processing appender named [CONSOLE]
18:17:40,951 |-INFO in ch.qos.logback.core.model.processor.AppenderModelHandler - About to instantiate appender of type [ch.qos.logback.core.ConsoleAppender]
18:17:40,951 |-INFO in ch.qos.logback.core.model.processor.ImplicitModelHandler - Assuming default type [ch.qos.logback.classic.encoder.PatternLayoutEncoder] for [encoder] property
18:17:40,953 |-INFO in ch.qos.logback.core.model.processor.AppenderModelHandler - Processing appender named [FILE]
18:17:40,953 |-INFO in ch.qos.logback.core.model.processor.AppenderModelHandler - About to instantiate appender of type [ch.qos.logback.core.rolling.RollingFileAppender]
18:17:40,953 |-INFO in ch.qos.logback.core.model.processor.ImplicitModelHandler - Assuming default type [ch.qos.logback.classic.encoder.PatternLayoutEncoder] for [encoder] property
18:17:40,954 |-INFO in c.q.l.core.rolling.SizeAndTimeBasedRollingPolicy@1034214838 - setting totalSizeCap to 0 Bytes
18:17:40,954 |-INFO in c.q.l.core.rolling.SizeAndTimeBasedRollingPolicy@1034214838 - Archive files will be limited to [10 MB] each.
18:17:40,955 |-INFO in c.q.l.core.rolling.SizeAndTimeBasedRollingPolicy@1034214838 - Will use gz compression
18:17:40,955 |-INFO in c.q.l.core.rolling.SizeAndTimeBasedRollingPolicy@1034214838 - Will use the pattern C:/Users/Windows/AppData/Local/Temp//spring.log.%d{yyyy-MM-dd}.%i for the active file
18:17:40,955 |-INFO in ch.qos.logback.core.rolling.SizeAndTimeBasedFNATP@6ee1933 - The date pattern is 'yyyy-MM-dd' from file name pattern 'C:/Users/Windows/AppData/Local/Temp//spring.log.%d{yyyy-MM-dd}.%i.gz'.
18:17:40,955 |-INFO in ch.qos.logback.core.rolling.SizeAndTimeBasedFNATP@6ee1933 - Roll-over at midnight.
18:17:40,956 |-INFO in ch.qos.logback.core.rolling.SizeAndTimeBasedFNATP@6ee1933 - Setting initial period to 2024-12-01T23:17:40.902Z
18:17:40,964 |-INFO in ch.qos.logback.core.rolling.RollingFileAppender[FILE] - Active log file name: C:\Users\Windows\AppData\Local\Temp\/spring.log
18:17:40,964 |-INFO in ch.qos.logback.core.rolling.RollingFileAppender[FILE] - File property is set to [C:\Users\Windows\AppData\Local\Temp\/spring.log]
18:17:40,965 |-INFO in ch.qos.logback.classic.model.processor.RootLoggerModelHandler - Setting level of ROOT logger to INFO
18:17:40,965 |-INFO in ch.qos.logback.classic.jul.LevelChangePropagator@52dc31e2 - Propagating INFO level on Logger[ROOT] onto the JUL framework
18:17:40,965 |-INFO in ch.qos.logback.core.model.processor.AppenderRefModelHandler - Attaching appender named [CONSOLE] to Logger[ROOT]
18:17:40,965 |-INFO in ch.qos.logback.core.model.processor.AppenderRefModelHandler - Attaching appender named [FILE] to Logger[ROOT]
18:17:40,965 |-INFO in ch.qos.logback.core.model.processor.AppenderModelHandler - Processing appender named [CONSOLE]
18:17:40,965 |-INFO in ch.qos.logback.core.model.processor.AppenderModelHandler - About to instantiate appender of type [ch.qos.logback.core.ConsoleAppender]
18:17:40,966 |-INFO in ch.qos.logback.core.model.processor.ImplicitModelHandler - Assuming default type [net.logstash.logback.composite.loggingevent.LoggingEventJsonProviders] for [providers] property
18:17:40,966 |-INFO in ch.qos.logback.core.model.processor.ImplicitModelHandler - Assuming default type [net.logstash.logback.composite.loggingevent.LoggingEventFormattedTimestampJsonProvider] for [timestamp] property
18:17:40,966 |-INFO in ch.qos.logback.core.model.processor.ImplicitModelHandler - Assuming default type [net.logstash.logback.composite.loggingevent.LoggingEventPatternJsonProvider] for [pattern] property
18:17:40,966 |-INFO in ch.qos.logback.core.model.processor.ImplicitModelHandler - Assuming default type [net.logstash.logback.composite.loggingevent.MdcJsonProvider] for [mdc] property
18:17:40,972 |-WARN in ch.qos.logback.core.model.processor.AppenderModelHandler - Appender named [STDOUT] not referenced. Skipping further processing.
18:17:40,972 |-INFO in ch.qos.logback.classic.model.processor.RootLoggerModelHandler - Setting level of ROOT logger to INFO
18:17:40,972 |-INFO in ch.qos.logback.core.model.processor.AppenderRefModelHandler - Attaching appender named [CONSOLE] to Logger[ROOT]
18:17:40,973 |-INFO in ch.qos.logback.core.model.processor.DefaultProcessor@2c073fdf - End of configuration.
18:17:40,973 |-INFO in org.springframework.boot.logging.logback.SpringBootJoranConfigurator@1fe7589c - Registering current configuration as safe fallback point


  .   ____          _            __ _ _
 /\\ / ___'_ __ _ _(_)_ __  __ _ \ \ \ \
( ( )\___ | '_ | '_| | '_ \/ _` | \ \ \ \
 \\/  ___)| |_)| | | | | || (_| |  ) ) ) )
  '  |____| .__|_| |_|_| |_\__, | / / / /
 =========|_|==============|___/=/_/_/_/
 :: Spring Boot ::                (v3.1.5)

2024-12-01T18:17:40.983-05:00  INFO 24876 --- [           main] c.e.i.d.o.p.c.StudOutcomeRepositoryTest  : Starting StudOutcomeRepositoryTest using Java 21.0.2 with PID 24876 (started by Windows in C:\Users\Windows\Proyecto Ingesoft5\IngSoftV\outcome-curr-mgmt)
{"timestamp":"2024-12-01T18:17:40.983-0500","level":"INFO","logger":"co.edu.icesi.dev.outcome_curr_mgmt.persistence.curriculum_qa.StudOutcomeRepositoryTest","thread":"main","message":"Starting StudOutcomeRepositoryTest using Java 21.0.2 with PID 24876 (started by Windows in C:\\Users\\Windows\\Proyecto Ingesoft5\\IngSoftV\\outcome-curr-mgmt)","exception":""}
2024-12-01T18:17:40.984-05:00  INFO 24876 --- [           main] c.e.i.d.o.p.c.StudOutcomeRepositoryTest  : The following 1 profile is active: "test"
{"timestamp":"2024-12-01T18:17:40.984-0500","level":"INFO","logger":"co.edu.icesi.dev.outcome_curr_mgmt.persistence.curriculum_qa.StudOutcomeRepositoryTest","thread":"main","message":"The following 1 profile is active: \"test\"","exception":""}
2024-12-01T18:17:41.805-05:00  INFO 24876 --- [           main] .s.d.r.c.RepositoryConfigurationDelegate : Bootstrapping Spring Data JPA repositories in DEFAULT mode.
{"timestamp":"2024-12-01T18:17:41.805-0500","level":"INFO","logger":"org.springframework.data.repository.config.RepositoryConfigurationDelegate","thread":"main","message":"Bootstrapping Spring Data JPA repositories in DEFAULT mode.","exception":""}
2024-12-01T18:17:42.106-05:00  INFO 24876 --- [           main] .s.d.r.c.RepositoryConfigurationDelegate : Finished Spring Data repository scanning in 300 ms. Found 41 JPA repository interfaces.
{"timestamp":"2024-12-01T18:17:42.106-0500","level":"INFO","logger":"org.springframework.data.repository.config.RepositoryConfigurationDelegate","thread":"main","message":"Finished Spring Data repository scanning in 300 ms. Found 41 JPA repository interfaces.","exception":""}
2024-12-01T18:17:42.263-05:00  INFO 24876 --- [           main] com.zaxxer.hikari.HikariDataSource       : HikariPool-3 - Starting...
{"timestamp":"2024-12-01T18:17:42.263-0500","level":"INFO","logger":"com.zaxxer.hikari.HikariDataSource","thread":"main","message":"HikariPool-3 - Starting...","exception":""}
2024-12-01T18:17:42.265-05:00  INFO 24876 --- [           main] com.zaxxer.hikari.pool.HikariPool        : HikariPool-3 - Added connection conn20: url=jdbc:h2:mem:testdb user=ADMIN
{"timestamp":"2024-12-01T18:17:42.265-0500","level":"INFO","logger":"com.zaxxer.hikari.pool.HikariPool","thread":"main","message":"HikariPool-3 - Added connection conn20: url=jdbc:h2:mem:testdb user=ADMIN","exception":""}
2024-12-01T18:17:42.266-05:00  INFO 24876 --- [           main] com.zaxxer.hikari.HikariDataSource       : HikariPool-3 - Start completed.
{"timestamp":"2024-12-01T18:17:42.266-0500","level":"INFO","logger":"com.zaxxer.hikari.HikariDataSource","thread":"main","message":"HikariPool-3 - Start completed.","exception":""}
2024-12-01T18:17:42.269-05:00  INFO 24876 --- [           main] o.hibernate.jpa.internal.util.LogHelper  : HHH000204: Processing PersistenceUnitInfo [name: default]
{"timestamp":"2024-12-01T18:17:42.269-0500","level":"INFO","logger":"org.hibernate.jpa.internal.util.LogHelper","thread":"main","message":"HHH000204: Processing PersistenceUnitInfo [name: default]","exception":""}
2024-12-01T18:17:42.298-05:00  INFO 24876 --- [           main] o.s.o.j.p.SpringPersistenceUnitInfo      : No LoadTimeWeaver setup: ignoring JPA class transformer
{"timestamp":"2024-12-01T18:17:42.298-0500","level":"INFO","logger":"org.springframework.orm.jpa.persistenceunit.SpringPersistenceUnitInfo","thread":"main","message":"No LoadTimeWeaver setup: ignoring JPA class transformer","exception":""}
2024-12-01T18:17:42.300-05:00  WARN 24876 --- [           main] org.hibernate.orm.deprecation            : HHH90000025: H2Dialect does not need to be specified explicitly using 'hibernate.dialect' (remove the property setting and it will be selected by default)
{"timestamp":"2024-12-01T18:17:42.300-0500","level":"WARN","logger":"org.hibernate.orm.deprecation","thread":"main","message":"HHH90000025: H2Dialect does not need to be specified explicitly using 'hibernate.dialect' (remove the property setting and it will be selected by default)","exception":""}
2024-12-01T18:17:43.275-05:00  INFO 24876 --- [           main] o.h.e.t.j.p.i.JtaPlatformInitiator       : HHH000489: No JTA platform available (set 'hibernate.transaction.jta.platform' to enable JTA platform integration)
{"timestamp":"2024-12-01T18:17:43.275-0500","level":"INFO","logger":"org.hibernate.engine.transaction.jta.platform.internal.JtaPlatformInitiator","thread":"main","message":"HHH000489: No JTA platform available (set 'hibernate.transaction.jta.platform' to enable JTA platform integration)","exception":""}
2024-12-01T18:17:43.450-05:00  INFO 24876 --- [           main] j.LocalContainerEntityManagerFactoryBean : Initialized JPA EntityManagerFactory for persistence unit 'default'
{"timestamp":"2024-12-01T18:17:43.450-0500","level":"INFO","logger":"org.springframework.orm.jpa.LocalContainerEntityManagerFactoryBean","thread":"main","message":"Initialized JPA EntityManagerFactory for persistence unit 'default'","exception":""}
2024-12-01T18:17:44.220-05:00  WARN 24876 --- [           main] JpaBaseConfiguration$JpaWebConfiguration : spring.jpa.open-in-view is enabled by default. Therefore, database queries may be performed during view rendering. Explicitly configure spring.jpa.open-in-view to disable this warning
{"timestamp":"2024-12-01T18:17:44.220-0500","level":"WARN","logger":"org.springframework.boot.autoconfigure.orm.jpa.JpaBaseConfiguration$JpaWebConfiguration","thread":"main","message":"spring.jpa.open-in-view is enabled by default. Therefore, database queries may be performed during view rendering. Explicitly configure spring.jpa.open-in-view to disable this warning","exception":""}
2024-12-01T18:17:44.253-05:00  WARN 24876 --- [           main] .s.s.UserDetailsServiceAutoConfiguration : 

Using generated security password: 530a553a-cf89-4eed-abbd-e331564c685d

This generated password is for development use only. Your security configuration must be updated before running your application in production.

{"timestamp":"2024-12-01T18:17:44.253-0500","level":"WARN","logger":"org.springframework.boot.autoconfigure.security.servlet.UserDetailsServiceAutoConfiguration","thread":"main","message":"\r\n\r\nUsing generated security password: 530a553a-cf89-4eed-abbd-e331564c685d\r\n\r\nThis generated password is for development use only. Your security configuration must be updated before running your application in production.\r\n","exception":""}
2024-12-01T18:17:44.295-05:00  INFO 24876 --- [           main] o.s.s.web.DefaultSecurityFilterChain     : Will secure any request with [org.springframework.security.web.session.DisableEncodeUrlFilter@67c51f97, org.springframework.security.web.context.request.async.WebAsyncManagerIntegrationFilter@68dedaeb, org.springframework.security.web.context.SecurityContextHolderFilter@653b50ab, org.springframework.security.web.header.HeaderWriterFilter@399784c6, org.springframework.web.filter.CorsFilter@11079f63, org.springframework.security.web.authentication.logout.LogoutFilter@7fbe1559, co.edu.icesi.dev.outcome_curr_mgmt.saamfi.filters.SaamfiAuthenticationFilter@1372f5cf, org.springframework.security.web.savedrequest.RequestCacheAwareFilter@1ca4f0cd, org.springframework.security.web.servletapi.SecurityContextHolderAwareRequestFilter@1990f62b, org.springframework.security.web.authentication.AnonymousAuthenticationFilter@abb5dde, org.springframework.security.web.session.SessionManagementFilter@7f34d84c, org.springframework.security.web.access.ExceptionTranslationFilter@6972128b, org.springframework.security.web.access.intercept.AuthorizationFilter@5a9827ea]
{"timestamp":"2024-12-01T18:17:44.295-0500","level":"INFO","logger":"org.springframework.security.web.DefaultSecurityFilterChain","thread":"main","message":"Will secure any request with [org.springframework.security.web.session.DisableEncodeUrlFilter@67c51f97, org.springframework.security.web.context.request.async.WebAsyncManagerIntegrationFilter@68dedaeb, org.springframework.security.web.context.SecurityContextHolderFilter@653b50ab, org.springframework.security.web.header.HeaderWriterFilter@399784c6, org.springframework.web.filter.CorsFilter@11079f63, org.springframework.security.web.authentication.logout.LogoutFilter@7fbe1559, co.edu.icesi.dev.outcome_curr_mgmt.saamfi.filters.SaamfiAuthenticationFilter@1372f5cf, org.springframework.security.web.savedrequest.RequestCacheAwareFilter@1ca4f0cd, org.springframework.security.web.servletapi.SecurityContextHolderAwareRequestFilter@1990f62b, org.springframework.security.web.authentication.AnonymousAuthenticationFilter@abb5dde, org.springframework.security.web.session.SessionManagementFilter@7f34d84c, org.springframework.security.web.access.ExceptionTranslationFilter@6972128b, org.springframework.security.web.access.intercept.AuthorizationFilter@5a9827ea]","exception":""}
2024-12-01T18:17:44.755-05:00  INFO 24876 --- [           main] o.s.b.a.h2.H2ConsoleAutoConfiguration    : H2 console available at '/h2-console'. Database available at 'jdbc:h2:mem:testdb'
{"timestamp":"2024-12-01T18:17:44.755-0500","level":"INFO","logger":"org.springframework.boot.autoconfigure.h2.H2ConsoleAutoConfiguration","thread":"main","message":"H2 console available at '/h2-console'. Database available at 'jdbc:h2:mem:testdb'","exception":""}
2024-12-01T18:17:44.771-05:00  INFO 24876 --- [           main] o.s.b.a.e.web.EndpointLinksResolver      : Exposing 13 endpoint(s) beneath base path '/actuator'
{"timestamp":"2024-12-01T18:17:44.771-0500","level":"INFO","logger":"org.springframework.boot.actuate.endpoint.web.EndpointLinksResolver","thread":"main","message":"Exposing 13 endpoint(s) beneath base path '/actuator'","exception":""}
2024-12-01T18:17:44.806-05:00  INFO 24876 --- [           main] c.e.i.d.o.p.c.StudOutcomeRepositoryTest  : Started StudOutcomeRepositoryTest in 3.901 seconds (process running for 36.041)
{"timestamp":"2024-12-01T18:17:44.806-0500","level":"INFO","logger":"co.edu.icesi.dev.outcome_curr_mgmt.persistence.curriculum_qa.StudOutcomeRepositoryTest","thread":"main","message":"Started StudOutcomeRepositoryTest in 3.901 seconds (process running for 36.041)","exception":""}
]]></system-out>
  </testcase>
  <testcase name="testReturnsCoursesWhenThereAreNoExistingAcadProgWithTheGivenId" classname="co.edu.icesi.dev.outcome_curr_mgmt.persistence.curriculum_qa.StudOutcomeRepositoryTest" time="3.786">
    <system-out><![CDATA[2024-12-01T18:17:44.900-05:00  INFO 24876 --- [           main] j.LocalContainerEntityManagerFactoryBean : Closing JPA EntityManagerFactory for persistence unit 'default'
{"timestamp":"2024-12-01T18:17:44.900-0500","level":"INFO","logger":"org.springframework.orm.jpa.LocalContainerEntityManagerFactoryBean","thread":"main","message":"Closing JPA EntityManagerFactory for persistence unit 'default'","exception":""}
2024-12-01T18:17:44.916-05:00  INFO 24876 --- [           main] com.zaxxer.hikari.HikariDataSource       : HikariPool-3 - Shutdown initiated...
{"timestamp":"2024-12-01T18:17:44.916-0500","level":"INFO","logger":"com.zaxxer.hikari.HikariDataSource","thread":"main","message":"HikariPool-3 - Shutdown initiated...","exception":""}
2024-12-01T18:17:44.919-05:00  INFO 24876 --- [           main] com.zaxxer.hikari.HikariDataSource       : HikariPool-3 - Shutdown completed.
{"timestamp":"2024-12-01T18:17:44.919-0500","level":"INFO","logger":"com.zaxxer.hikari.HikariDataSource","thread":"main","message":"HikariPool-3 - Shutdown completed.","exception":""}
18:17:44,951 |-INFO in ch.qos.logback.core.joran.util.ConfigurationWatchListUtil@7a34c1f6 - Adding [jar:file:/C:/Users/Windows/.m2/repository/org/springframework/boot/spring-boot/3.1.5/spring-boot-3.1.5.jar!/org/springframework/boot/logging/logback/base.xml] to configuration watch list.
18:17:44,951 |-INFO in ch.qos.logback.core.joran.spi.ConfigurationWatchList@11cbfa7b - URL [jar:file:/C:/Users/Windows/.m2/repository/org/springframework/boot/spring-boot/3.1.5/spring-boot-3.1.5.jar!/org/springframework/boot/logging/logback/base.xml] is not of type file
18:17:44,953 |-INFO in ch.qos.logback.core.joran.util.ConfigurationWatchListUtil@7a34c1f6 - Adding [jar:file:/C:/Users/Windows/.m2/repository/org/springframework/boot/spring-boot/3.1.5/spring-boot-3.1.5.jar!/org/springframework/boot/logging/logback/defaults.xml] to configuration watch list.
18:17:44,953 |-INFO in ch.qos.logback.core.joran.spi.ConfigurationWatchList@11cbfa7b - URL [jar:file:/C:/Users/Windows/.m2/repository/org/springframework/boot/spring-boot/3.1.5/spring-boot-3.1.5.jar!/org/springframework/boot/logging/logback/defaults.xml] is not of type file
18:17:44,955 |-INFO in ch.qos.logback.core.joran.action.ConversionRuleAction - registering conversion word clr with class [org.springframework.boot.logging.logback.ColorConverter]
18:17:44,955 |-INFO in ch.qos.logback.core.joran.action.ConversionRuleAction - registering conversion word wex with class [org.springframework.boot.logging.logback.WhitespaceThrowableProxyConverter]
18:17:44,955 |-INFO in ch.qos.logback.core.joran.action.ConversionRuleAction - registering conversion word wEx with class [org.springframework.boot.logging.logback.ExtendedWhitespaceThrowableProxyConverter]
18:17:44,955 |-INFO in ch.qos.logback.core.joran.util.ConfigurationWatchListUtil@7a34c1f6 - Adding [jar:file:/C:/Users/Windows/.m2/repository/org/springframework/boot/spring-boot/3.1.5/spring-boot-3.1.5.jar!/org/springframework/boot/logging/logback/console-appender.xml] to configuration watch list.
18:17:44,955 |-INFO in ch.qos.logback.core.joran.spi.ConfigurationWatchList@11cbfa7b - URL [jar:file:/C:/Users/Windows/.m2/repository/org/springframework/boot/spring-boot/3.1.5/spring-boot-3.1.5.jar!/org/springframework/boot/logging/logback/console-appender.xml] is not of type file
18:17:44,957 |-INFO in ch.qos.logback.core.joran.util.ConfigurationWatchListUtil@7a34c1f6 - Adding [jar:file:/C:/Users/Windows/.m2/repository/org/springframework/boot/spring-boot/3.1.5/spring-boot-3.1.5.jar!/org/springframework/boot/logging/logback/file-appender.xml] to configuration watch list.
18:17:44,957 |-INFO in ch.qos.logback.core.joran.spi.ConfigurationWatchList@11cbfa7b - URL [jar:file:/C:/Users/Windows/.m2/repository/org/springframework/boot/spring-boot/3.1.5/spring-boot-3.1.5.jar!/org/springframework/boot/logging/logback/file-appender.xml] is not of type file
18:17:44,962 |-INFO in ch.qos.logback.classic.model.processor.LoggerModelHandler - Setting level of logger [org.apache.catalina.startup.DigesterFactory] to ERROR
18:17:44,962 |-INFO in ch.qos.logback.classic.jul.LevelChangePropagator@24b497f1 - Propagating ERROR level on Logger[org.apache.catalina.startup.DigesterFactory] onto the JUL framework
18:17:44,962 |-INFO in ch.qos.logback.classic.model.processor.LoggerModelHandler - Setting level of logger [org.apache.catalina.util.LifecycleBase] to ERROR
18:17:44,962 |-INFO in ch.qos.logback.classic.jul.LevelChangePropagator@24b497f1 - Propagating ERROR level on Logger[org.apache.catalina.util.LifecycleBase] onto the JUL framework
18:17:44,962 |-INFO in ch.qos.logback.classic.model.processor.LoggerModelHandler - Setting level of logger [org.apache.coyote.http11.Http11NioProtocol] to WARN
18:17:44,962 |-INFO in ch.qos.logback.classic.jul.LevelChangePropagator@24b497f1 - Propagating WARN level on Logger[org.apache.coyote.http11.Http11NioProtocol] onto the JUL framework
18:17:44,962 |-INFO in ch.qos.logback.classic.model.processor.LoggerModelHandler - Setting level of logger [org.apache.sshd.common.util.SecurityUtils] to WARN
18:17:44,962 |-INFO in ch.qos.logback.classic.jul.LevelChangePropagator@24b497f1 - Propagating WARN level on Logger[org.apache.sshd.common.util.SecurityUtils] onto the JUL framework
18:17:44,962 |-INFO in ch.qos.logback.classic.model.processor.LoggerModelHandler - Setting level of logger [org.apache.tomcat.util.net.NioSelectorPool] to WARN
18:17:44,962 |-INFO in ch.qos.logback.classic.jul.LevelChangePropagator@24b497f1 - Propagating WARN level on Logger[org.apache.tomcat.util.net.NioSelectorPool] onto the JUL framework
18:17:44,962 |-INFO in ch.qos.logback.classic.model.processor.LoggerModelHandler - Setting level of logger [org.eclipse.jetty.util.component.AbstractLifeCycle] to ERROR
18:17:44,962 |-INFO in ch.qos.logback.classic.jul.LevelChangePropagator@24b497f1 - Propagating ERROR level on Logger[org.eclipse.jetty.util.component.AbstractLifeCycle] onto the JUL framework
18:17:44,962 |-INFO in ch.qos.logback.classic.model.processor.LoggerModelHandler - Setting level of logger [org.hibernate.validator.internal.util.Version] to WARN
18:17:44,962 |-INFO in ch.qos.logback.classic.jul.LevelChangePropagator@24b497f1 - Propagating WARN level on Logger[org.hibernate.validator.internal.util.Version] onto the JUL framework
18:17:44,962 |-INFO in ch.qos.logback.classic.model.processor.LoggerModelHandler - Setting level of logger [org.springframework.boot.actuate.endpoint.jmx] to WARN
18:17:44,962 |-INFO in ch.qos.logback.classic.jul.LevelChangePropagator@24b497f1 - Propagating WARN level on Logger[org.springframework.boot.actuate.endpoint.jmx] onto the JUL framework
18:17:44,962 |-INFO in ch.qos.logback.core.model.processor.AppenderModelHandler - Processing appender named [CONSOLE]
18:17:44,962 |-INFO in ch.qos.logback.core.model.processor.AppenderModelHandler - About to instantiate appender of type [ch.qos.logback.core.ConsoleAppender]
18:17:44,963 |-INFO in ch.qos.logback.core.model.processor.ImplicitModelHandler - Assuming default type [ch.qos.logback.classic.encoder.PatternLayoutEncoder] for [encoder] property
18:17:44,965 |-INFO in ch.qos.logback.core.model.processor.AppenderModelHandler - Processing appender named [FILE]
18:17:44,965 |-INFO in ch.qos.logback.core.model.processor.AppenderModelHandler - About to instantiate appender of type [ch.qos.logback.core.rolling.RollingFileAppender]
18:17:44,965 |-INFO in ch.qos.logback.core.model.processor.ImplicitModelHandler - Assuming default type [ch.qos.logback.classic.encoder.PatternLayoutEncoder] for [encoder] property
18:17:44,966 |-INFO in c.q.l.core.rolling.SizeAndTimeBasedRollingPolicy@430795359 - setting totalSizeCap to 0 Bytes
18:17:44,966 |-INFO in c.q.l.core.rolling.SizeAndTimeBasedRollingPolicy@430795359 - Archive files will be limited to [10 MB] each.
18:17:44,966 |-INFO in c.q.l.core.rolling.SizeAndTimeBasedRollingPolicy@430795359 - Will use gz compression
18:17:44,966 |-INFO in c.q.l.core.rolling.SizeAndTimeBasedRollingPolicy@430795359 - Will use the pattern C:/Users/Windows/AppData/Local/Temp//spring.log.%d{yyyy-MM-dd}.%i for the active file
18:17:44,967 |-INFO in ch.qos.logback.core.rolling.SizeAndTimeBasedFNATP@42c5e7e2 - The date pattern is 'yyyy-MM-dd' from file name pattern 'C:/Users/Windows/AppData/Local/Temp//spring.log.%d{yyyy-MM-dd}.%i.gz'.
18:17:44,967 |-INFO in ch.qos.logback.core.rolling.SizeAndTimeBasedFNATP@42c5e7e2 - Roll-over at midnight.
18:17:44,967 |-INFO in ch.qos.logback.core.rolling.SizeAndTimeBasedFNATP@42c5e7e2 - Setting initial period to 2024-12-01T23:17:44.919Z
18:17:44,972 |-INFO in ch.qos.logback.core.rolling.RollingFileAppender[FILE] - Active log file name: C:\Users\Windows\AppData\Local\Temp\/spring.log
18:17:44,972 |-INFO in ch.qos.logback.core.rolling.RollingFileAppender[FILE] - File property is set to [C:\Users\Windows\AppData\Local\Temp\/spring.log]
18:17:44,973 |-INFO in ch.qos.logback.classic.model.processor.RootLoggerModelHandler - Setting level of ROOT logger to INFO
18:17:44,973 |-INFO in ch.qos.logback.classic.jul.LevelChangePropagator@24b497f1 - Propagating INFO level on Logger[ROOT] onto the JUL framework
18:17:44,973 |-INFO in ch.qos.logback.core.model.processor.AppenderRefModelHandler - Attaching appender named [CONSOLE] to Logger[ROOT]
18:17:44,973 |-INFO in ch.qos.logback.core.model.processor.AppenderRefModelHandler - Attaching appender named [FILE] to Logger[ROOT]
18:17:44,973 |-INFO in ch.qos.logback.core.model.processor.AppenderModelHandler - Processing appender named [CONSOLE]
18:17:44,973 |-INFO in ch.qos.logback.core.model.processor.AppenderModelHandler - About to instantiate appender of type [ch.qos.logback.core.ConsoleAppender]
18:17:44,973 |-INFO in ch.qos.logback.core.model.processor.ImplicitModelHandler - Assuming default type [net.logstash.logback.composite.loggingevent.LoggingEventJsonProviders] for [providers] property
18:17:44,973 |-INFO in ch.qos.logback.core.model.processor.ImplicitModelHandler - Assuming default type [net.logstash.logback.composite.loggingevent.LoggingEventFormattedTimestampJsonProvider] for [timestamp] property
18:17:44,973 |-INFO in ch.qos.logback.core.model.processor.ImplicitModelHandler - Assuming default type [net.logstash.logback.composite.loggingevent.LoggingEventPatternJsonProvider] for [pattern] property
18:17:44,974 |-INFO in ch.qos.logback.core.model.processor.ImplicitModelHandler - Assuming default type [net.logstash.logback.composite.loggingevent.MdcJsonProvider] for [mdc] property
18:17:44,976 |-WARN in ch.qos.logback.core.model.processor.AppenderModelHandler - Appender named [STDOUT] not referenced. Skipping further processing.
18:17:44,976 |-INFO in ch.qos.logback.classic.model.processor.RootLoggerModelHandler - Setting level of ROOT logger to INFO
18:17:44,976 |-INFO in ch.qos.logback.core.model.processor.AppenderRefModelHandler - Attaching appender named [CONSOLE] to Logger[ROOT]
18:17:44,976 |-INFO in ch.qos.logback.core.model.processor.DefaultProcessor@c13c5e3 - End of configuration.
18:17:44,976 |-INFO in org.springframework.boot.logging.logback.SpringBootJoranConfigurator@c18d08f - Registering current configuration as safe fallback point


  .   ____          _            __ _ _
 /\\ / ___'_ __ _ _(_)_ __  __ _ \ \ \ \
( ( )\___ | '_ | '_| | '_ \/ _` | \ \ \ \
 \\/  ___)| |_)| | | | | || (_| |  ) ) ) )
  '  |____| .__|_| |_|_| |_\__, | / / / /
 =========|_|==============|___/=/_/_/_/
 :: Spring Boot ::                (v3.1.5)

2024-12-01T18:17:44.981-05:00  INFO 24876 --- [           main] c.e.i.d.o.p.c.StudOutcomeRepositoryTest  : Starting StudOutcomeRepositoryTest using Java 21.0.2 with PID 24876 (started by Windows in C:\Users\Windows\Proyecto Ingesoft5\IngSoftV\outcome-curr-mgmt)
{"timestamp":"2024-12-01T18:17:44.981-0500","level":"INFO","logger":"co.edu.icesi.dev.outcome_curr_mgmt.persistence.curriculum_qa.StudOutcomeRepositoryTest","thread":"main","message":"Starting StudOutcomeRepositoryTest using Java 21.0.2 with PID 24876 (started by Windows in C:\\Users\\Windows\\Proyecto Ingesoft5\\IngSoftV\\outcome-curr-mgmt)","exception":""}
2024-12-01T18:17:44.982-05:00  INFO 24876 --- [           main] c.e.i.d.o.p.c.StudOutcomeRepositoryTest  : The following 1 profile is active: "test"
{"timestamp":"2024-12-01T18:17:44.982-0500","level":"INFO","logger":"co.edu.icesi.dev.outcome_curr_mgmt.persistence.curriculum_qa.StudOutcomeRepositoryTest","thread":"main","message":"The following 1 profile is active: \"test\"","exception":""}
2024-12-01T18:17:45.615-05:00  INFO 24876 --- [           main] .s.d.r.c.RepositoryConfigurationDelegate : Bootstrapping Spring Data JPA repositories in DEFAULT mode.
{"timestamp":"2024-12-01T18:17:45.615-0500","level":"INFO","logger":"org.springframework.data.repository.config.RepositoryConfigurationDelegate","thread":"main","message":"Bootstrapping Spring Data JPA repositories in DEFAULT mode.","exception":""}
2024-12-01T18:17:45.918-05:00  INFO 24876 --- [           main] .s.d.r.c.RepositoryConfigurationDelegate : Finished Spring Data repository scanning in 301 ms. Found 41 JPA repository interfaces.
{"timestamp":"2024-12-01T18:17:45.918-0500","level":"INFO","logger":"org.springframework.data.repository.config.RepositoryConfigurationDelegate","thread":"main","message":"Finished Spring Data repository scanning in 301 ms. Found 41 JPA repository interfaces.","exception":""}
2024-12-01T18:17:46.092-05:00  INFO 24876 --- [           main] com.zaxxer.hikari.HikariDataSource       : HikariPool-4 - Starting...
{"timestamp":"2024-12-01T18:17:46.092-0500","level":"INFO","logger":"com.zaxxer.hikari.HikariDataSource","thread":"main","message":"HikariPool-4 - Starting...","exception":""}
2024-12-01T18:17:46.094-05:00  INFO 24876 --- [           main] com.zaxxer.hikari.pool.HikariPool        : HikariPool-4 - Added connection conn30: url=jdbc:h2:mem:testdb user=ADMIN
{"timestamp":"2024-12-01T18:17:46.094-0500","level":"INFO","logger":"com.zaxxer.hikari.pool.HikariPool","thread":"main","message":"HikariPool-4 - Added connection conn30: url=jdbc:h2:mem:testdb user=ADMIN","exception":""}
2024-12-01T18:17:46.095-05:00  INFO 24876 --- [           main] com.zaxxer.hikari.HikariDataSource       : HikariPool-4 - Start completed.
{"timestamp":"2024-12-01T18:17:46.095-0500","level":"INFO","logger":"com.zaxxer.hikari.HikariDataSource","thread":"main","message":"HikariPool-4 - Start completed.","exception":""}
2024-12-01T18:17:46.098-05:00  INFO 24876 --- [           main] o.hibernate.jpa.internal.util.LogHelper  : HHH000204: Processing PersistenceUnitInfo [name: default]
{"timestamp":"2024-12-01T18:17:46.098-0500","level":"INFO","logger":"org.hibernate.jpa.internal.util.LogHelper","thread":"main","message":"HHH000204: Processing PersistenceUnitInfo [name: default]","exception":""}
2024-12-01T18:17:46.116-05:00  INFO 24876 --- [           main] o.s.o.j.p.SpringPersistenceUnitInfo      : No LoadTimeWeaver setup: ignoring JPA class transformer
{"timestamp":"2024-12-01T18:17:46.116-0500","level":"INFO","logger":"org.springframework.orm.jpa.persistenceunit.SpringPersistenceUnitInfo","thread":"main","message":"No LoadTimeWeaver setup: ignoring JPA class transformer","exception":""}
2024-12-01T18:17:46.118-05:00  WARN 24876 --- [           main] org.hibernate.orm.deprecation            : HHH90000025: H2Dialect does not need to be specified explicitly using 'hibernate.dialect' (remove the property setting and it will be selected by default)
{"timestamp":"2024-12-01T18:17:46.118-0500","level":"WARN","logger":"org.hibernate.orm.deprecation","thread":"main","message":"HHH90000025: H2Dialect does not need to be specified explicitly using 'hibernate.dialect' (remove the property setting and it will be selected by default)","exception":""}
2024-12-01T18:17:47.008-05:00  INFO 24876 --- [           main] o.h.e.t.j.p.i.JtaPlatformInitiator       : HHH000489: No JTA platform available (set 'hibernate.transaction.jta.platform' to enable JTA platform integration)
{"timestamp":"2024-12-01T18:17:47.008-0500","level":"INFO","logger":"org.hibernate.engine.transaction.jta.platform.internal.JtaPlatformInitiator","thread":"main","message":"HHH000489: No JTA platform available (set 'hibernate.transaction.jta.platform' to enable JTA platform integration)","exception":""}
2024-12-01T18:17:47.195-05:00  INFO 24876 --- [           main] j.LocalContainerEntityManagerFactoryBean : Initialized JPA EntityManagerFactory for persistence unit 'default'
{"timestamp":"2024-12-01T18:17:47.195-0500","level":"INFO","logger":"org.springframework.orm.jpa.LocalContainerEntityManagerFactoryBean","thread":"main","message":"Initialized JPA EntityManagerFactory for persistence unit 'default'","exception":""}
2024-12-01T18:17:47.969-05:00  WARN 24876 --- [           main] JpaBaseConfiguration$JpaWebConfiguration : spring.jpa.open-in-view is enabled by default. Therefore, database queries may be performed during view rendering. Explicitly configure spring.jpa.open-in-view to disable this warning
{"timestamp":"2024-12-01T18:17:47.969-0500","level":"WARN","logger":"org.springframework.boot.autoconfigure.orm.jpa.JpaBaseConfiguration$JpaWebConfiguration","thread":"main","message":"spring.jpa.open-in-view is enabled by default. Therefore, database queries may be performed during view rendering. Explicitly configure spring.jpa.open-in-view to disable this warning","exception":""}
2024-12-01T18:17:47.984-05:00  WARN 24876 --- [           main] .s.s.UserDetailsServiceAutoConfiguration : 

Using generated security password: 766906c8-e73f-4af3-848b-1b546b35b102

This generated password is for development use only. Your security configuration must be updated before running your application in production.

{"timestamp":"2024-12-01T18:17:47.984-0500","level":"WARN","logger":"org.springframework.boot.autoconfigure.security.servlet.UserDetailsServiceAutoConfiguration","thread":"main","message":"\r\n\r\nUsing generated security password: 766906c8-e73f-4af3-848b-1b546b35b102\r\n\r\nThis generated password is for development use only. Your security configuration must be updated before running your application in production.\r\n","exception":""}
2024-12-01T18:17:48.018-05:00  INFO 24876 --- [           main] o.s.s.web.DefaultSecurityFilterChain     : Will secure any request with [org.springframework.security.web.session.DisableEncodeUrlFilter@431d0e35, org.springframework.security.web.context.request.async.WebAsyncManagerIntegrationFilter@55779afa, org.springframework.security.web.context.SecurityContextHolderFilter@16a5f60, org.springframework.security.web.header.HeaderWriterFilter@a0c98ab, org.springframework.web.filter.CorsFilter@6fe4c2d6, org.springframework.security.web.authentication.logout.LogoutFilter@46fa00cc, co.edu.icesi.dev.outcome_curr_mgmt.saamfi.filters.SaamfiAuthenticationFilter@5483d4bd, org.springframework.security.web.savedrequest.RequestCacheAwareFilter@54d32a50, org.springframework.security.web.servletapi.SecurityContextHolderAwareRequestFilter@3af439a1, org.springframework.security.web.authentication.AnonymousAuthenticationFilter@5e11d9e7, org.springframework.security.web.session.SessionManagementFilter@59eec1ba, org.springframework.security.web.access.ExceptionTranslationFilter@74a43904, org.springframework.security.web.access.intercept.AuthorizationFilter@10942a1f]
{"timestamp":"2024-12-01T18:17:48.018-0500","level":"INFO","logger":"org.springframework.security.web.DefaultSecurityFilterChain","thread":"main","message":"Will secure any request with [org.springframework.security.web.session.DisableEncodeUrlFilter@431d0e35, org.springframework.security.web.context.request.async.WebAsyncManagerIntegrationFilter@55779afa, org.springframework.security.web.context.SecurityContextHolderFilter@16a5f60, org.springframework.security.web.header.HeaderWriterFilter@a0c98ab, org.springframework.web.filter.CorsFilter@6fe4c2d6, org.springframework.security.web.authentication.logout.LogoutFilter@46fa00cc, co.edu.icesi.dev.outcome_curr_mgmt.saamfi.filters.SaamfiAuthenticationFilter@5483d4bd, org.springframework.security.web.savedrequest.RequestCacheAwareFilter@54d32a50, org.springframework.security.web.servletapi.SecurityContextHolderAwareRequestFilter@3af439a1, org.springframework.security.web.authentication.AnonymousAuthenticationFilter@5e11d9e7, org.springframework.security.web.session.SessionManagementFilter@59eec1ba, org.springframework.security.web.access.ExceptionTranslationFilter@74a43904, org.springframework.security.web.access.intercept.AuthorizationFilter@10942a1f]","exception":""}
2024-12-01T18:17:48.401-05:00  INFO 24876 --- [           main] o.s.b.a.h2.H2ConsoleAutoConfiguration    : H2 console available at '/h2-console'. Database available at 'jdbc:h2:mem:testdb'
{"timestamp":"2024-12-01T18:17:48.401-0500","level":"INFO","logger":"org.springframework.boot.autoconfigure.h2.H2ConsoleAutoConfiguration","thread":"main","message":"H2 console available at '/h2-console'. Database available at 'jdbc:h2:mem:testdb'","exception":""}
2024-12-01T18:17:48.437-05:00  INFO 24876 --- [           main] o.s.b.a.e.web.EndpointLinksResolver      : Exposing 13 endpoint(s) beneath base path '/actuator'
{"timestamp":"2024-12-01T18:17:48.437-0500","level":"INFO","logger":"org.springframework.boot.actuate.endpoint.web.EndpointLinksResolver","thread":"main","message":"Exposing 13 endpoint(s) beneath base path '/actuator'","exception":""}
2024-12-01T18:17:48.515-05:00  INFO 24876 --- [           main] c.e.i.d.o.p.c.StudOutcomeRepositoryTest  : Started StudOutcomeRepositoryTest in 3.593 seconds (process running for 39.749)
{"timestamp":"2024-12-01T18:17:48.515-0500","level":"INFO","logger":"co.edu.icesi.dev.outcome_curr_mgmt.persistence.curriculum_qa.StudOutcomeRepositoryTest","thread":"main","message":"Started StudOutcomeRepositoryTest in 3.593 seconds (process running for 39.749)","exception":""}
]]></system-out>
  </testcase>
  <testcase name="testReturnsCoursesWithAllIdsValid" classname="co.edu.icesi.dev.outcome_curr_mgmt.persistence.curriculum_qa.StudOutcomeRepositoryTest" time="3.567">
    <system-out><![CDATA[2024-12-01T18:17:48.688-05:00  INFO 24876 --- [           main] j.LocalContainerEntityManagerFactoryBean : Closing JPA EntityManagerFactory for persistence unit 'default'
{"timestamp":"2024-12-01T18:17:48.688-0500","level":"INFO","logger":"org.springframework.orm.jpa.LocalContainerEntityManagerFactoryBean","thread":"main","message":"Closing JPA EntityManagerFactory for persistence unit 'default'","exception":""}
2024-12-01T18:17:48.707-05:00  INFO 24876 --- [           main] com.zaxxer.hikari.HikariDataSource       : HikariPool-4 - Shutdown initiated...
{"timestamp":"2024-12-01T18:17:48.707-0500","level":"INFO","logger":"com.zaxxer.hikari.HikariDataSource","thread":"main","message":"HikariPool-4 - Shutdown initiated...","exception":""}
2024-12-01T18:17:48.709-05:00  INFO 24876 --- [           main] com.zaxxer.hikari.HikariDataSource       : HikariPool-4 - Shutdown completed.
{"timestamp":"2024-12-01T18:17:48.709-0500","level":"INFO","logger":"com.zaxxer.hikari.HikariDataSource","thread":"main","message":"HikariPool-4 - Shutdown completed.","exception":""}
18:17:48,753 |-INFO in ch.qos.logback.core.joran.util.ConfigurationWatchListUtil@7a34c1f6 - Adding [jar:file:/C:/Users/Windows/.m2/repository/org/springframework/boot/spring-boot/3.1.5/spring-boot-3.1.5.jar!/org/springframework/boot/logging/logback/base.xml] to configuration watch list.
18:17:48,753 |-INFO in ch.qos.logback.core.joran.spi.ConfigurationWatchList@48f37c41 - URL [jar:file:/C:/Users/Windows/.m2/repository/org/springframework/boot/spring-boot/3.1.5/spring-boot-3.1.5.jar!/org/springframework/boot/logging/logback/base.xml] is not of type file
18:17:48,756 |-INFO in ch.qos.logback.core.joran.util.ConfigurationWatchListUtil@7a34c1f6 - Adding [jar:file:/C:/Users/Windows/.m2/repository/org/springframework/boot/spring-boot/3.1.5/spring-boot-3.1.5.jar!/org/springframework/boot/logging/logback/defaults.xml] to configuration watch list.
18:17:48,756 |-INFO in ch.qos.logback.core.joran.spi.ConfigurationWatchList@48f37c41 - URL [jar:file:/C:/Users/Windows/.m2/repository/org/springframework/boot/spring-boot/3.1.5/spring-boot-3.1.5.jar!/org/springframework/boot/logging/logback/defaults.xml] is not of type file
18:17:48,758 |-INFO in ch.qos.logback.core.joran.action.ConversionRuleAction - registering conversion word clr with class [org.springframework.boot.logging.logback.ColorConverter]
18:17:48,758 |-INFO in ch.qos.logback.core.joran.action.ConversionRuleAction - registering conversion word wex with class [org.springframework.boot.logging.logback.WhitespaceThrowableProxyConverter]
18:17:48,758 |-INFO in ch.qos.logback.core.joran.action.ConversionRuleAction - registering conversion word wEx with class [org.springframework.boot.logging.logback.ExtendedWhitespaceThrowableProxyConverter]
18:17:48,760 |-INFO in ch.qos.logback.core.joran.util.ConfigurationWatchListUtil@7a34c1f6 - Adding [jar:file:/C:/Users/Windows/.m2/repository/org/springframework/boot/spring-boot/3.1.5/spring-boot-3.1.5.jar!/org/springframework/boot/logging/logback/console-appender.xml] to configuration watch list.
18:17:48,760 |-INFO in ch.qos.logback.core.joran.spi.ConfigurationWatchList@48f37c41 - URL [jar:file:/C:/Users/Windows/.m2/repository/org/springframework/boot/spring-boot/3.1.5/spring-boot-3.1.5.jar!/org/springframework/boot/logging/logback/console-appender.xml] is not of type file
18:17:48,766 |-INFO in ch.qos.logback.core.joran.util.ConfigurationWatchListUtil@7a34c1f6 - Adding [jar:file:/C:/Users/Windows/.m2/repository/org/springframework/boot/spring-boot/3.1.5/spring-boot-3.1.5.jar!/org/springframework/boot/logging/logback/file-appender.xml] to configuration watch list.
18:17:48,766 |-INFO in ch.qos.logback.core.joran.spi.ConfigurationWatchList@48f37c41 - URL [jar:file:/C:/Users/Windows/.m2/repository/org/springframework/boot/spring-boot/3.1.5/spring-boot-3.1.5.jar!/org/springframework/boot/logging/logback/file-appender.xml] is not of type file
18:17:48,771 |-INFO in ch.qos.logback.classic.model.processor.LoggerModelHandler - Setting level of logger [org.apache.catalina.startup.DigesterFactory] to ERROR
18:17:48,771 |-INFO in ch.qos.logback.classic.jul.LevelChangePropagator@376c6160 - Propagating ERROR level on Logger[org.apache.catalina.startup.DigesterFactory] onto the JUL framework
18:17:48,771 |-INFO in ch.qos.logback.classic.model.processor.LoggerModelHandler - Setting level of logger [org.apache.catalina.util.LifecycleBase] to ERROR
18:17:48,771 |-INFO in ch.qos.logback.classic.jul.LevelChangePropagator@376c6160 - Propagating ERROR level on Logger[org.apache.catalina.util.LifecycleBase] onto the JUL framework
18:17:48,771 |-INFO in ch.qos.logback.classic.model.processor.LoggerModelHandler - Setting level of logger [org.apache.coyote.http11.Http11NioProtocol] to WARN
18:17:48,771 |-INFO in ch.qos.logback.classic.jul.LevelChangePropagator@376c6160 - Propagating WARN level on Logger[org.apache.coyote.http11.Http11NioProtocol] onto the JUL framework
18:17:48,771 |-INFO in ch.qos.logback.classic.model.processor.LoggerModelHandler - Setting level of logger [org.apache.sshd.common.util.SecurityUtils] to WARN
18:17:48,771 |-INFO in ch.qos.logback.classic.jul.LevelChangePropagator@376c6160 - Propagating WARN level on Logger[org.apache.sshd.common.util.SecurityUtils] onto the JUL framework
18:17:48,772 |-INFO in ch.qos.logback.classic.model.processor.LoggerModelHandler - Setting level of logger [org.apache.tomcat.util.net.NioSelectorPool] to WARN
18:17:48,772 |-INFO in ch.qos.logback.classic.jul.LevelChangePropagator@376c6160 - Propagating WARN level on Logger[org.apache.tomcat.util.net.NioSelectorPool] onto the JUL framework
18:17:48,772 |-INFO in ch.qos.logback.classic.model.processor.LoggerModelHandler - Setting level of logger [org.eclipse.jetty.util.component.AbstractLifeCycle] to ERROR
18:17:48,772 |-INFO in ch.qos.logback.classic.jul.LevelChangePropagator@376c6160 - Propagating ERROR level on Logger[org.eclipse.jetty.util.component.AbstractLifeCycle] onto the JUL framework
18:17:48,772 |-INFO in ch.qos.logback.classic.model.processor.LoggerModelHandler - Setting level of logger [org.hibernate.validator.internal.util.Version] to WARN
18:17:48,772 |-INFO in ch.qos.logback.classic.jul.LevelChangePropagator@376c6160 - Propagating WARN level on Logger[org.hibernate.validator.internal.util.Version] onto the JUL framework
18:17:48,772 |-INFO in ch.qos.logback.classic.model.processor.LoggerModelHandler - Setting level of logger [org.springframework.boot.actuate.endpoint.jmx] to WARN
18:17:48,772 |-INFO in ch.qos.logback.classic.jul.LevelChangePropagator@376c6160 - Propagating WARN level on Logger[org.springframework.boot.actuate.endpoint.jmx] onto the JUL framework
18:17:48,772 |-INFO in ch.qos.logback.core.model.processor.AppenderModelHandler - Processing appender named [CONSOLE]
18:17:48,772 |-INFO in ch.qos.logback.core.model.processor.AppenderModelHandler - About to instantiate appender of type [ch.qos.logback.core.ConsoleAppender]
18:17:48,772 |-INFO in ch.qos.logback.core.model.processor.ImplicitModelHandler - Assuming default type [ch.qos.logback.classic.encoder.PatternLayoutEncoder] for [encoder] property
18:17:48,773 |-INFO in ch.qos.logback.core.model.processor.AppenderModelHandler - Processing appender named [FILE]
18:17:48,773 |-INFO in ch.qos.logback.core.model.processor.AppenderModelHandler - About to instantiate appender of type [ch.qos.logback.core.rolling.RollingFileAppender]
18:17:48,774 |-INFO in ch.qos.logback.core.model.processor.ImplicitModelHandler - Assuming default type [ch.qos.logback.classic.encoder.PatternLayoutEncoder] for [encoder] property
18:17:48,775 |-INFO in c.q.l.core.rolling.SizeAndTimeBasedRollingPolicy@582683096 - setting totalSizeCap to 0 Bytes
18:17:48,775 |-INFO in c.q.l.core.rolling.SizeAndTimeBasedRollingPolicy@582683096 - Archive files will be limited to [10 MB] each.
18:17:48,776 |-INFO in c.q.l.core.rolling.SizeAndTimeBasedRollingPolicy@582683096 - Will use gz compression
18:17:48,776 |-INFO in c.q.l.core.rolling.SizeAndTimeBasedRollingPolicy@582683096 - Will use the pattern C:/Users/Windows/AppData/Local/Temp//spring.log.%d{yyyy-MM-dd}.%i for the active file
18:17:48,777 |-INFO in ch.qos.logback.core.rolling.SizeAndTimeBasedFNATP@4b0d4c01 - The date pattern is 'yyyy-MM-dd' from file name pattern 'C:/Users/Windows/AppData/Local/Temp//spring.log.%d{yyyy-MM-dd}.%i.gz'.
18:17:48,777 |-INFO in ch.qos.logback.core.rolling.SizeAndTimeBasedFNATP@4b0d4c01 - Roll-over at midnight.
18:17:48,778 |-INFO in ch.qos.logback.core.rolling.SizeAndTimeBasedFNATP@4b0d4c01 - Setting initial period to 2024-12-01T23:17:48.709Z
18:17:48,786 |-INFO in ch.qos.logback.core.rolling.RollingFileAppender[FILE] - Active log file name: C:\Users\Windows\AppData\Local\Temp\/spring.log
18:17:48,786 |-INFO in ch.qos.logback.core.rolling.RollingFileAppender[FILE] - File property is set to [C:\Users\Windows\AppData\Local\Temp\/spring.log]
18:17:48,786 |-INFO in ch.qos.logback.classic.model.processor.RootLoggerModelHandler - Setting level of ROOT logger to INFO
18:17:48,786 |-INFO in ch.qos.logback.classic.jul.LevelChangePropagator@376c6160 - Propagating INFO level on Logger[ROOT] onto the JUL framework
18:17:48,787 |-INFO in ch.qos.logback.core.model.processor.AppenderRefModelHandler - Attaching appender named [CONSOLE] to Logger[ROOT]
18:17:48,787 |-INFO in ch.qos.logback.core.model.processor.AppenderRefModelHandler - Attaching appender named [FILE] to Logger[ROOT]
18:17:48,787 |-INFO in ch.qos.logback.core.model.processor.AppenderModelHandler - Processing appender named [CONSOLE]
18:17:48,787 |-INFO in ch.qos.logback.core.model.processor.AppenderModelHandler - About to instantiate appender of type [ch.qos.logback.core.ConsoleAppender]
18:17:48,787 |-INFO in ch.qos.logback.core.model.processor.ImplicitModelHandler - Assuming default type [net.logstash.logback.composite.loggingevent.LoggingEventJsonProviders] for [providers] property
18:17:48,787 |-INFO in ch.qos.logback.core.model.processor.ImplicitModelHandler - Assuming default type [net.logstash.logback.composite.loggingevent.LoggingEventFormattedTimestampJsonProvider] for [timestamp] property
18:17:48,787 |-INFO in ch.qos.logback.core.model.processor.ImplicitModelHandler - Assuming default type [net.logstash.logback.composite.loggingevent.LoggingEventPatternJsonProvider] for [pattern] property
18:17:48,787 |-INFO in ch.qos.logback.core.model.processor.ImplicitModelHandler - Assuming default type [net.logstash.logback.composite.loggingevent.MdcJsonProvider] for [mdc] property
18:17:48,790 |-WARN in ch.qos.logback.core.model.processor.AppenderModelHandler - Appender named [STDOUT] not referenced. Skipping further processing.
18:17:48,790 |-INFO in ch.qos.logback.classic.model.processor.RootLoggerModelHandler - Setting level of ROOT logger to INFO
18:17:48,790 |-INFO in ch.qos.logback.core.model.processor.AppenderRefModelHandler - Attaching appender named [CONSOLE] to Logger[ROOT]
18:17:48,790 |-INFO in ch.qos.logback.core.model.processor.DefaultProcessor@18cf2055 - End of configuration.
18:17:48,790 |-INFO in org.springframework.boot.logging.logback.SpringBootJoranConfigurator@4c7c354d - Registering current configuration as safe fallback point


  .   ____          _            __ _ _
 /\\ / ___'_ __ _ _(_)_ __  __ _ \ \ \ \
( ( )\___ | '_ | '_| | '_ \/ _` | \ \ \ \
 \\/  ___)| |_)| | | | | || (_| |  ) ) ) )
  '  |____| .__|_| |_|_| |_\__, | / / / /
 =========|_|==============|___/=/_/_/_/
 :: Spring Boot ::                (v3.1.5)

2024-12-01T18:17:48.795-05:00  INFO 24876 --- [           main] c.e.i.d.o.p.c.StudOutcomeRepositoryTest  : Starting StudOutcomeRepositoryTest using Java 21.0.2 with PID 24876 (started by Windows in C:\Users\Windows\Proyecto Ingesoft5\IngSoftV\outcome-curr-mgmt)
{"timestamp":"2024-12-01T18:17:48.795-0500","level":"INFO","logger":"co.edu.icesi.dev.outcome_curr_mgmt.persistence.curriculum_qa.StudOutcomeRepositoryTest","thread":"main","message":"Starting StudOutcomeRepositoryTest using Java 21.0.2 with PID 24876 (started by Windows in C:\\Users\\Windows\\Proyecto Ingesoft5\\IngSoftV\\outcome-curr-mgmt)","exception":""}
2024-12-01T18:17:48.795-05:00  INFO 24876 --- [           main] c.e.i.d.o.p.c.StudOutcomeRepositoryTest  : The following 1 profile is active: "test"
{"timestamp":"2024-12-01T18:17:48.795-0500","level":"INFO","logger":"co.edu.icesi.dev.outcome_curr_mgmt.persistence.curriculum_qa.StudOutcomeRepositoryTest","thread":"main","message":"The following 1 profile is active: \"test\"","exception":""}
2024-12-01T18:17:49.501-05:00  INFO 24876 --- [           main] .s.d.r.c.RepositoryConfigurationDelegate : Bootstrapping Spring Data JPA repositories in DEFAULT mode.
{"timestamp":"2024-12-01T18:17:49.501-0500","level":"INFO","logger":"org.springframework.data.repository.config.RepositoryConfigurationDelegate","thread":"main","message":"Bootstrapping Spring Data JPA repositories in DEFAULT mode.","exception":""}
2024-12-01T18:17:49.751-05:00  INFO 24876 --- [           main] .s.d.r.c.RepositoryConfigurationDelegate : Finished Spring Data repository scanning in 250 ms. Found 41 JPA repository interfaces.
{"timestamp":"2024-12-01T18:17:49.751-0500","level":"INFO","logger":"org.springframework.data.repository.config.RepositoryConfigurationDelegate","thread":"main","message":"Finished Spring Data repository scanning in 250 ms. Found 41 JPA repository interfaces.","exception":""}
2024-12-01T18:17:49.870-05:00  INFO 24876 --- [           main] com.zaxxer.hikari.HikariDataSource       : HikariPool-5 - Starting...
{"timestamp":"2024-12-01T18:17:49.870-0500","level":"INFO","logger":"com.zaxxer.hikari.HikariDataSource","thread":"main","message":"HikariPool-5 - Starting...","exception":""}
2024-12-01T18:17:49.872-05:00  INFO 24876 --- [           main] com.zaxxer.hikari.pool.HikariPool        : HikariPool-5 - Added connection conn40: url=jdbc:h2:mem:testdb user=ADMIN
{"timestamp":"2024-12-01T18:17:49.872-0500","level":"INFO","logger":"com.zaxxer.hikari.pool.HikariPool","thread":"main","message":"HikariPool-5 - Added connection conn40: url=jdbc:h2:mem:testdb user=ADMIN","exception":""}
2024-12-01T18:17:49.872-05:00  INFO 24876 --- [           main] com.zaxxer.hikari.HikariDataSource       : HikariPool-5 - Start completed.
{"timestamp":"2024-12-01T18:17:49.872-0500","level":"INFO","logger":"com.zaxxer.hikari.HikariDataSource","thread":"main","message":"HikariPool-5 - Start completed.","exception":""}
2024-12-01T18:17:49.874-05:00  INFO 24876 --- [           main] o.hibernate.jpa.internal.util.LogHelper  : HHH000204: Processing PersistenceUnitInfo [name: default]
{"timestamp":"2024-12-01T18:17:49.874-0500","level":"INFO","logger":"org.hibernate.jpa.internal.util.LogHelper","thread":"main","message":"HHH000204: Processing PersistenceUnitInfo [name: default]","exception":""}
2024-12-01T18:17:49.889-05:00  INFO 24876 --- [           main] o.s.o.j.p.SpringPersistenceUnitInfo      : No LoadTimeWeaver setup: ignoring JPA class transformer
{"timestamp":"2024-12-01T18:17:49.889-0500","level":"INFO","logger":"org.springframework.orm.jpa.persistenceunit.SpringPersistenceUnitInfo","thread":"main","message":"No LoadTimeWeaver setup: ignoring JPA class transformer","exception":""}
2024-12-01T18:17:49.891-05:00  WARN 24876 --- [           main] org.hibernate.orm.deprecation            : HHH90000025: H2Dialect does not need to be specified explicitly using 'hibernate.dialect' (remove the property setting and it will be selected by default)
{"timestamp":"2024-12-01T18:17:49.891-0500","level":"WARN","logger":"org.hibernate.orm.deprecation","thread":"main","message":"HHH90000025: H2Dialect does not need to be specified explicitly using 'hibernate.dialect' (remove the property setting and it will be selected by default)","exception":""}
2024-12-01T18:17:50.795-05:00  INFO 24876 --- [           main] o.h.e.t.j.p.i.JtaPlatformInitiator       : HHH000489: No JTA platform available (set 'hibernate.transaction.jta.platform' to enable JTA platform integration)
{"timestamp":"2024-12-01T18:17:50.795-0500","level":"INFO","logger":"org.hibernate.engine.transaction.jta.platform.internal.JtaPlatformInitiator","thread":"main","message":"HHH000489: No JTA platform available (set 'hibernate.transaction.jta.platform' to enable JTA platform integration)","exception":""}
2024-12-01T18:17:50.900-05:00  INFO 24876 --- [           main] j.LocalContainerEntityManagerFactoryBean : Initialized JPA EntityManagerFactory for persistence unit 'default'
{"timestamp":"2024-12-01T18:17:50.900-0500","level":"INFO","logger":"org.springframework.orm.jpa.LocalContainerEntityManagerFactoryBean","thread":"main","message":"Initialized JPA EntityManagerFactory for persistence unit 'default'","exception":""}
2024-12-01T18:17:51.590-05:00  WARN 24876 --- [           main] JpaBaseConfiguration$JpaWebConfiguration : spring.jpa.open-in-view is enabled by default. Therefore, database queries may be performed during view rendering. Explicitly configure spring.jpa.open-in-view to disable this warning
{"timestamp":"2024-12-01T18:17:51.590-0500","level":"WARN","logger":"org.springframework.boot.autoconfigure.orm.jpa.JpaBaseConfiguration$JpaWebConfiguration","thread":"main","message":"spring.jpa.open-in-view is enabled by default. Therefore, database queries may be performed during view rendering. Explicitly configure spring.jpa.open-in-view to disable this warning","exception":""}
2024-12-01T18:17:51.605-05:00  WARN 24876 --- [           main] .s.s.UserDetailsServiceAutoConfiguration : 

Using generated security password: e32f69f5-add2-4064-8d15-861260b6c780

This generated password is for development use only. Your security configuration must be updated before running your application in production.

{"timestamp":"2024-12-01T18:17:51.605-0500","level":"WARN","logger":"org.springframework.boot.autoconfigure.security.servlet.UserDetailsServiceAutoConfiguration","thread":"main","message":"\r\n\r\nUsing generated security password: e32f69f5-add2-4064-8d15-861260b6c780\r\n\r\nThis generated password is for development use only. Your security configuration must be updated before running your application in production.\r\n","exception":""}
2024-12-01T18:17:51.636-05:00  INFO 24876 --- [           main] o.s.s.web.DefaultSecurityFilterChain     : Will secure any request with [org.springframework.security.web.session.DisableEncodeUrlFilter@3c2ea99e, org.springframework.security.web.context.request.async.WebAsyncManagerIntegrationFilter@94f0b19, org.springframework.security.web.context.SecurityContextHolderFilter@1f3bb10b, org.springframework.security.web.header.HeaderWriterFilter@26248aea, org.springframework.web.filter.CorsFilter@611c5739, org.springframework.security.web.authentication.logout.LogoutFilter@4e1f7963, co.edu.icesi.dev.outcome_curr_mgmt.saamfi.filters.SaamfiAuthenticationFilter@47007f80, org.springframework.security.web.savedrequest.RequestCacheAwareFilter@568ff30, org.springframework.security.web.servletapi.SecurityContextHolderAwareRequestFilter@79946ad, org.springframework.security.web.authentication.AnonymousAuthenticationFilter@48772cda, org.springframework.security.web.session.SessionManagementFilter@7dbed85a, org.springframework.security.web.access.ExceptionTranslationFilter@40eb4458, org.springframework.security.web.access.intercept.AuthorizationFilter@412d0de5]
{"timestamp":"2024-12-01T18:17:51.636-0500","level":"INFO","logger":"org.springframework.security.web.DefaultSecurityFilterChain","thread":"main","message":"Will secure any request with [org.springframework.security.web.session.DisableEncodeUrlFilter@3c2ea99e, org.springframework.security.web.context.request.async.WebAsyncManagerIntegrationFilter@94f0b19, org.springframework.security.web.context.SecurityContextHolderFilter@1f3bb10b, org.springframework.security.web.header.HeaderWriterFilter@26248aea, org.springframework.web.filter.CorsFilter@611c5739, org.springframework.security.web.authentication.logout.LogoutFilter@4e1f7963, co.edu.icesi.dev.outcome_curr_mgmt.saamfi.filters.SaamfiAuthenticationFilter@47007f80, org.springframework.security.web.savedrequest.RequestCacheAwareFilter@568ff30, org.springframework.security.web.servletapi.SecurityContextHolderAwareRequestFilter@79946ad, org.springframework.security.web.authentication.AnonymousAuthenticationFilter@48772cda, org.springframework.security.web.session.SessionManagementFilter@7dbed85a, org.springframework.security.web.access.ExceptionTranslationFilter@40eb4458, org.springframework.security.web.access.intercept.AuthorizationFilter@412d0de5]","exception":""}
2024-12-01T18:17:52.079-05:00  INFO 24876 --- [           main] o.s.b.a.h2.H2ConsoleAutoConfiguration    : H2 console available at '/h2-console'. Database available at 'jdbc:h2:mem:testdb'
{"timestamp":"2024-12-01T18:17:52.079-0500","level":"INFO","logger":"org.springframework.boot.autoconfigure.h2.H2ConsoleAutoConfiguration","thread":"main","message":"H2 console available at '/h2-console'. Database available at 'jdbc:h2:mem:testdb'","exception":""}
2024-12-01T18:17:52.093-05:00  INFO 24876 --- [           main] o.s.b.a.e.web.EndpointLinksResolver      : Exposing 13 endpoint(s) beneath base path '/actuator'
{"timestamp":"2024-12-01T18:17:52.093-0500","level":"INFO","logger":"org.springframework.boot.actuate.endpoint.web.EndpointLinksResolver","thread":"main","message":"Exposing 13 endpoint(s) beneath base path '/actuator'","exception":""}
2024-12-01T18:17:52.122-05:00  INFO 24876 --- [           main] c.e.i.d.o.p.c.StudOutcomeRepositoryTest  : Started StudOutcomeRepositoryTest in 3.41 seconds (process running for 43.356)
{"timestamp":"2024-12-01T18:17:52.122-0500","level":"INFO","logger":"co.edu.icesi.dev.outcome_curr_mgmt.persistence.curriculum_qa.StudOutcomeRepositoryTest","thread":"main","message":"Started StudOutcomeRepositoryTest in 3.41 seconds (process running for 43.356)","exception":""}
]]></system-out>
  </testcase>
</testsuite>