<?xml version="1.0" encoding="UTF-8"?>
<testsuite xmlns:xsi="http://www.w3.org/2001/XMLSchema-instance" xsi:noNamespaceSchemaLocation="https://maven.apache.org/surefire/maven-surefire-plugin/xsd/surefire-test-report-3.0.xsd" version="3.0" name="co.edu.icesi.dev.outcome_curr_mgmt.persistence.curriculum_qa.StudOutcomeRepositoryTest" time="26.088" tests="4" errors="0" skipped="0" failures="0">
  <properties>
    <property name="java.specification.version" value="21"/>
    <property name="sun.cpu.isalist" value="amd64"/>
    <property name="sun.jnu.encoding" value="Cp1252"/>
    <property name="java.class.path" value="C:\Users\Windows\Proyecto Ingesoft5\IngSoftV\outcome-curr-mgmt\target\test-classes;C:\Users\Windows\Proyecto Ingesoft5\IngSoftV\outcome-curr-mgmt\target\classes;C:\Users\Windows\.m2\repository\org\springframework\boot\spring-boot-starter-data-jpa\3.1.5\spring-boot-starter-data-jpa-3.1.5.jar;C:\Users\Windows\.m2\repository\org\springframework\boot\spring-boot-starter-aop\3.1.5\spring-boot-starter-aop-3.1.5.jar;C:\Users\Windows\.m2\repository\org\aspectj\aspectjweaver\1.9.20\aspectjweaver-1.9.20.jar;C:\Users\Windows\.m2\repository\org\springframework\boot\spring-boot-starter-jdbc\3.1.5\spring-boot-starter-jdbc-3.1.5.jar;C:\Users\Windows\.m2\repository\com\zaxxer\HikariCP\5.0.1\HikariCP-5.0.1.jar;C:\Users\Windows\.m2\repository\org\springframework\spring-jdbc\6.0.13\spring-jdbc-6.0.13.jar;C:\Users\Windows\.m2\repository\org\hibernate\orm\hibernate-core\6.2.13.Final\hibernate-core-6.2.13.Final.jar;C:\Users\Windows\.m2\repository\jakarta\persistence\jakarta.persistence-api\3.1.0\jakarta.persistence-api-3.1.0.jar;C:\Users\Windows\.m2\repository\jakarta\transaction\jakarta.transaction-api\2.0.1\jakarta.transaction-api-2.0.1.jar;C:\Users\Windows\.m2\repository\org\jboss\logging\jboss-logging\3.5.3.Final\jboss-logging-3.5.3.Final.jar;C:\Users\Windows\.m2\repository\org\hibernate\common\hibernate-commons-annotations\6.0.6.Final\hibernate-commons-annotations-6.0.6.Final.jar;C:\Users\Windows\.m2\repository\io\smallrye\jandex\3.0.5\jandex-3.0.5.jar;C:\Users\Windows\.m2\repository\com\fasterxml\classmate\1.5.1\classmate-1.5.1.jar;C:\Users\Windows\.m2\repository\net\bytebuddy\byte-buddy\1.14.9\byte-buddy-1.14.9.jar;C:\Users\Windows\.m2\repository\org\glassfish\jaxb\jaxb-runtime\4.0.3\jaxb-runtime-4.0.3.jar;C:\Users\Windows\.m2\repository\org\glassfish\jaxb\jaxb-core\4.0.3\jaxb-core-4.0.3.jar;C:\Users\Windows\.m2\repository\org\eclipse\angus\angus-activation\2.0.1\angus-activation-2.0.1.jar;C:\Users\Windows\.m2\repository\org\glassfish\jaxb\txw2\4.0.3\txw2-4.0.3.jar;C:\Users\Windows\.m2\repository\com\sun\istack\istack-commons-runtime\4.1.2\istack-commons-runtime-4.1.2.jar;C:\Users\Windows\.m2\repository\jakarta\inject\jakarta.inject-api\2.0.1\jakarta.inject-api-2.0.1.jar;C:\Users\Windows\.m2\repository\org\antlr\antlr4-runtime\4.10.1\antlr4-runtime-4.10.1.jar;C:\Users\Windows\.m2\repository\org\springframework\data\spring-data-jpa\3.1.5\spring-data-jpa-3.1.5.jar;C:\Users\Windows\.m2\repository\org\springframework\spring-orm\6.0.13\spring-orm-6.0.13.jar;C:\Users\Windows\.m2\repository\org\springframework\spring-tx\6.0.13\spring-tx-6.0.13.jar;C:\Users\Windows\.m2\repository\jakarta\annotation\jakarta.annotation-api\2.1.1\jakarta.annotation-api-2.1.1.jar;C:\Users\Windows\.m2\repository\org\slf4j\slf4j-api\2.0.9\slf4j-api-2.0.9.jar;C:\Users\Windows\.m2\repository\org\springframework\spring-aspects\6.0.13\spring-aspects-6.0.13.jar;C:\Users\Windows\.m2\repository\com\h2database\h2\2.1.214\h2-2.1.214.jar;C:\Users\Windows\.m2\repository\org\springframework\security\spring-security-config\6.1.5\spring-security-config-6.1.5.jar;C:\Users\Windows\.m2\repository\org\springframework\security\spring-security-core\6.1.5\spring-security-core-6.1.5.jar;C:\Users\Windows\.m2\repository\org\springframework\security\spring-security-crypto\6.1.5\spring-security-crypto-6.1.5.jar;C:\Users\Windows\.m2\repository\org\springframework\spring-expression\6.0.13\spring-expression-6.0.13.jar;C:\Users\Windows\.m2\repository\org\springframework\spring-aop\6.0.13\spring-aop-6.0.13.jar;C:\Users\Windows\.m2\repository\org\springframework\spring-beans\6.0.13\spring-beans-6.0.13.jar;C:\Users\Windows\.m2\repository\org\springframework\spring-context\6.0.13\spring-context-6.0.13.jar;C:\Users\Windows\.m2\repository\org\springframework\spring-core\6.0.13\spring-core-6.0.13.jar;C:\Users\Windows\.m2\repository\org\springframework\spring-jcl\6.0.13\spring-jcl-6.0.13.jar;C:\Users\Windows\.m2\repository\org\springframework\boot\spring-boot-starter-test\3.1.5\spring-boot-starter-test-3.1.5.jar;C:\Users\Windows\.m2\repository\org\springframework\boot\spring-boot-starter\3.1.5\spring-boot-starter-3.1.5.jar;C:\Users\Windows\.m2\repository\org\springframework\boot\spring-boot\3.1.5\spring-boot-3.1.5.jar;C:\Users\Windows\.m2\repository\org\springframework\boot\spring-boot-autoconfigure\3.1.5\spring-boot-autoconfigure-3.1.5.jar;C:\Users\Windows\.m2\repository\org\springframework\boot\spring-boot-starter-logging\3.1.5\spring-boot-starter-logging-3.1.5.jar;C:\Users\Windows\.m2\repository\ch\qos\logback\logback-classic\1.4.11\logback-classic-1.4.11.jar;C:\Users\Windows\.m2\repository\ch\qos\logback\logback-core\1.4.11\logback-core-1.4.11.jar;C:\Users\Windows\.m2\repository\org\apache\logging\log4j\log4j-to-slf4j\2.20.0\log4j-to-slf4j-2.20.0.jar;C:\Users\Windows\.m2\repository\org\apache\logging\log4j\log4j-api\2.20.0\log4j-api-2.20.0.jar;C:\Users\Windows\.m2\repository\org\slf4j\jul-to-slf4j\2.0.9\jul-to-slf4j-2.0.9.jar;C:\Users\Windows\.m2\repository\org\yaml\snakeyaml\1.33\snakeyaml-1.33.jar;C:\Users\Windows\.m2\repository\org\springframework\boot\spring-boot-test\3.1.5\spring-boot-test-3.1.5.jar;C:\Users\Windows\.m2\repository\org\springframework\boot\spring-boot-test-autoconfigure\3.1.5\spring-boot-test-autoconfigure-3.1.5.jar;C:\Users\Windows\.m2\repository\com\jayway\jsonpath\json-path\2.8.0\json-path-2.8.0.jar;C:\Users\Windows\.m2\repository\jakarta\xml\bind\jakarta.xml.bind-api\4.0.1\jakarta.xml.bind-api-4.0.1.jar;C:\Users\Windows\.m2\repository\jakarta\activation\jakarta.activation-api\2.1.2\jakarta.activation-api-2.1.2.jar;C:\Users\Windows\.m2\repository\net\minidev\json-smart\2.4.11\json-smart-2.4.11.jar;C:\Users\Windows\.m2\repository\net\minidev\accessors-smart\2.4.11\accessors-smart-2.4.11.jar;C:\Users\Windows\.m2\repository\org\assertj\assertj-core\3.24.2\assertj-core-3.24.2.jar;C:\Users\Windows\.m2\repository\org\hamcrest\hamcrest\2.2\hamcrest-2.2.jar;C:\Users\Windows\.m2\repository\org\junit\jupiter\junit-jupiter\5.9.3\junit-jupiter-5.9.3.jar;C:\Users\Windows\.m2\repository\org\junit\jupiter\junit-jupiter-params\5.9.3\junit-jupiter-params-5.9.3.jar;C:\Users\Windows\.m2\repository\org\junit\jupiter\junit-jupiter-engine\5.9.3\junit-jupiter-engine-5.9.3.jar;C:\Users\Windows\.m2\repository\org\junit\platform\junit-platform-engine\1.9.3\junit-platform-engine-1.9.3.jar;C:\Users\Windows\.m2\repository\org\mockito\mockito-core\5.3.1\mockito-core-5.3.1.jar;C:\Users\Windows\.m2\repository\net\bytebuddy\byte-buddy-agent\1.14.9\byte-buddy-agent-1.14.9.jar;C:\Users\Windows\.m2\repository\org\objenesis\objenesis\3.3\objenesis-3.3.jar;C:\Users\Windows\.m2\repository\org\skyscreamer\jsonassert\1.5.1\jsonassert-1.5.1.jar;C:\Users\Windows\.m2\repository\com\vaadin\external\google\android-json\0.0.20131108.vaadin1\android-json-0.0.20131108.vaadin1.jar;C:\Users\Windows\.m2\repository\org\springframework\spring-test\6.0.13\spring-test-6.0.13.jar;C:\Users\Windows\.m2\repository\org\xmlunit\xmlunit-core\2.9.1\xmlunit-core-2.9.1.jar;C:\Users\Windows\.m2\repository\org\springframework\boot\spring-boot-starter-validation\3.1.5\spring-boot-starter-validation-3.1.5.jar;C:\Users\Windows\.m2\repository\org\apache\tomcat\embed\tomcat-embed-el\10.1.15\tomcat-embed-el-10.1.15.jar;C:\Users\Windows\.m2\repository\org\hibernate\validator\hibernate-validator\8.0.1.Final\hibernate-validator-8.0.1.Final.jar;C:\Users\Windows\.m2\repository\jakarta\validation\jakarta.validation-api\3.0.2\jakarta.validation-api-3.0.2.jar;C:\Users\Windows\.m2\repository\org\springframework\boot\spring-boot-starter-cache\3.1.5\spring-boot-starter-cache-3.1.5.jar;C:\Users\Windows\.m2\repository\org\springframework\spring-context-support\6.0.13\spring-context-support-6.0.13.jar;C:\Users\Windows\.m2\repository\org\projectlombok\lombok\1.18.30\lombok-1.18.30.jar;C:\Users\Windows\.m2\repository\org\mapstruct\mapstruct\1.5.5.Final\mapstruct-1.5.5.Final.jar;C:\Users\Windows\.m2\repository\org\mapstruct\mapstruct-processor\1.5.5.Final\mapstruct-processor-1.5.5.Final.jar;C:\Users\Windows\.m2\repository\co\edu\icesi\dev\outcome-curr-mgmt\outcome-curr-mgmt-api\1.0-SNAPSHOT\outcome-curr-mgmt-api-1.0-SNAPSHOT.jar;C:\Users\Windows\.m2\repository\org\springframework\boot\spring-boot-starter-web\3.1.5\spring-boot-starter-web-3.1.5.jar;C:\Users\Windows\.m2\repository\org\springframework\boot\spring-boot-starter-json\3.1.5\spring-boot-starter-json-3.1.5.jar;C:\Users\Windows\.m2\repository\com\fasterxml\jackson\datatype\jackson-datatype-jdk8\2.15.3\jackson-datatype-jdk8-2.15.3.jar;C:\Users\Windows\.m2\repository\com\fasterxml\jackson\module\jackson-module-parameter-names\2.15.3\jackson-module-parameter-names-2.15.3.jar;C:\Users\Windows\.m2\repository\org\springframework\boot\spring-boot-starter-tomcat\3.1.5\spring-boot-starter-tomcat-3.1.5.jar;C:\Users\Windows\.m2\repository\org\apache\tomcat\embed\tomcat-embed-core\10.1.15\tomcat-embed-core-10.1.15.jar;C:\Users\Windows\.m2\repository\org\apache\tomcat\embed\tomcat-embed-websocket\10.1.15\tomcat-embed-websocket-10.1.15.jar;C:\Users\Windows\.m2\repository\org\springframework\spring-web\6.0.13\spring-web-6.0.13.jar;C:\Users\Windows\.m2\repository\org\springframework\spring-webmvc\6.0.13\spring-webmvc-6.0.13.jar;C:\Users\Windows\.m2\repository\org\springframework\boot\spring-boot-starter-security\3.1.5\spring-boot-starter-security-3.1.5.jar;C:\Users\Windows\.m2\repository\org\springframework\security\spring-security-web\6.1.5\spring-security-web-6.1.5.jar;C:\Users\Windows\.m2\repository\io\jsonwebtoken\jjwt-api\0.12.6\jjwt-api-0.12.6.jar;C:\Users\Windows\.m2\repository\io\jsonwebtoken\jjwt-impl\0.12.6\jjwt-impl-0.12.6.jar;C:\Users\Windows\.m2\repository\io\jsonwebtoken\jjwt-jackson\0.12.6\jjwt-jackson-0.12.6.jar;C:\Users\Windows\.m2\repository\org\springdoc\springdoc-openapi-starter-webmvc-ui\2.6.0\springdoc-openapi-starter-webmvc-ui-2.6.0.jar;C:\Users\Windows\.m2\repository\org\springdoc\springdoc-openapi-starter-webmvc-api\2.6.0\springdoc-openapi-starter-webmvc-api-2.6.0.jar;C:\Users\Windows\.m2\repository\org\springdoc\springdoc-openapi-starter-common\2.6.0\springdoc-openapi-starter-common-2.6.0.jar;C:\Users\Windows\.m2\repository\io\swagger\core\v3\swagger-core-jakarta\2.2.22\swagger-core-jakarta-2.2.22.jar;C:\Users\Windows\.m2\repository\org\apache\commons\commons-lang3\3.12.0\commons-lang3-3.12.0.jar;C:\Users\Windows\.m2\repository\io\swagger\core\v3\swagger-annotations-jakarta\2.2.22\swagger-annotations-jakarta-2.2.22.jar;C:\Users\Windows\.m2\repository\io\swagger\core\v3\swagger-models-jakarta\2.2.22\swagger-models-jakarta-2.2.22.jar;C:\Users\Windows\.m2\repository\com\fasterxml\jackson\dataformat\jackson-dataformat-yaml\2.15.3\jackson-dataformat-yaml-2.15.3.jar;C:\Users\Windows\.m2\repository\org\webjars\swagger-ui\5.17.14\swagger-ui-5.17.14.jar;C:\Users\Windows\.m2\repository\io\swagger\swagger-annotations\1.6.11\swagger-annotations-1.6.11.jar;C:\Users\Windows\.m2\repository\org\springframework\data\spring-data-commons\3.1.5\spring-data-commons-3.1.5.jar;C:\Users\Windows\.m2\repository\net\logstash\logback\logstash-logback-encoder\7.4\logstash-logback-encoder-7.4.jar;C:\Users\Windows\.m2\repository\com\fasterxml\jackson\core\jackson-databind\2.15.3\jackson-databind-2.15.3.jar;C:\Users\Windows\.m2\repository\com\fasterxml\jackson\core\jackson-annotations\2.15.3\jackson-annotations-2.15.3.jar;C:\Users\Windows\.m2\repository\com\fasterxml\jackson\core\jackson-core\2.15.3\jackson-core-2.15.3.jar;C:\Users\Windows\.m2\repository\org\springframework\boot\spring-boot-starter-actuator\3.1.5\spring-boot-starter-actuator-3.1.5.jar;C:\Users\Windows\.m2\repository\org\springframework\boot\spring-boot-actuator-autoconfigure\3.1.5\spring-boot-actuator-autoconfigure-3.1.5.jar;C:\Users\Windows\.m2\repository\org\springframework\boot\spring-boot-actuator\3.1.5\spring-boot-actuator-3.1.5.jar;C:\Users\Windows\.m2\repository\com\fasterxml\jackson\datatype\jackson-datatype-jsr310\2.15.3\jackson-datatype-jsr310-2.15.3.jar;C:\Users\Windows\.m2\repository\io\micrometer\micrometer-observation\1.11.5\micrometer-observation-1.11.5.jar;C:\Users\Windows\.m2\repository\io\micrometer\micrometer-commons\1.11.5\micrometer-commons-1.11.5.jar;C:\Users\Windows\.m2\repository\io\micrometer\micrometer-core\1.11.5\micrometer-core-1.11.5.jar;C:\Users\Windows\.m2\repository\org\hdrhistogram\HdrHistogram\2.1.12\HdrHistogram-2.1.12.jar;C:\Users\Windows\.m2\repository\org\latencyutils\LatencyUtils\2.0.3\LatencyUtils-2.0.3.jar;C:\Users\Windows\.m2\repository\io\micrometer\micrometer-registry-prometheus\1.11.5\micrometer-registry-prometheus-1.11.5.jar;C:\Users\Windows\.m2\repository\io\prometheus\simpleclient_common\0.16.0\simpleclient_common-0.16.0.jar;C:\Users\Windows\.m2\repository\io\prometheus\simpleclient\0.16.0\simpleclient-0.16.0.jar;C:\Users\Windows\.m2\repository\io\prometheus\simpleclient_tracer_otel\0.16.0\simpleclient_tracer_otel-0.16.0.jar;C:\Users\Windows\.m2\repository\io\prometheus\simpleclient_tracer_common\0.16.0\simpleclient_tracer_common-0.16.0.jar;C:\Users\Windows\.m2\repository\io\prometheus\simpleclient_tracer_otel_agent\0.16.0\simpleclient_tracer_otel_agent-0.16.0.jar;C:\Users\Windows\.m2\repository\org\mockito\mockito-junit-jupiter\5.3.1\mockito-junit-jupiter-5.3.1.jar;C:\Users\Windows\.m2\repository\org\junit\jupiter\junit-jupiter-api\5.9.3\junit-jupiter-api-5.9.3.jar;C:\Users\Windows\.m2\repository\org\opentest4j\opentest4j\1.2.0\opentest4j-1.2.0.jar;C:\Users\Windows\.m2\repository\org\junit\platform\junit-platform-commons\1.9.3\junit-platform-commons-1.9.3.jar;C:\Users\Windows\.m2\repository\org\apiguardian\apiguardian-api\1.1.2\apiguardian-api-1.1.2.jar;C:\Users\Windows\.m2\repository\org\jacoco\jacoco-maven-plugin\0.8.11\jacoco-maven-plugin-0.8.11.jar;C:\Users\Windows\.m2\repository\org\codehaus\plexus\plexus-utils\3.0.24\plexus-utils-3.0.24.jar;C:\Users\Windows\.m2\repository\org\apache\maven\shared\file-management\3.1.0\file-management-3.1.0.jar;C:\Users\Windows\.m2\repository\commons-io\commons-io\2.11.0\commons-io-2.11.0.jar;C:\Users\Windows\.m2\repository\org\apache\maven\reporting\maven-reporting-api\3.0\maven-reporting-api-3.0.jar;C:\Users\Windows\.m2\repository\org\apache\maven\doxia\doxia-sink-api\1.0\doxia-sink-api-1.0.jar;C:\Users\Windows\.m2\repository\org\jacoco\org.jacoco.agent\0.8.11\org.jacoco.agent-0.8.11-runtime.jar;C:\Users\Windows\.m2\repository\org\jacoco\org.jacoco.core\0.8.11\org.jacoco.core-0.8.11.jar;C:\Users\Windows\.m2\repository\org\ow2\asm\asm\9.6\asm-9.6.jar;C:\Users\Windows\.m2\repository\org\ow2\asm\asm-commons\9.6\asm-commons-9.6.jar;C:\Users\Windows\.m2\repository\org\ow2\asm\asm-tree\9.6\asm-tree-9.6.jar;C:\Users\Windows\.m2\repository\org\jacoco\org.jacoco.report\0.8.11\org.jacoco.report-0.8.11.jar;C:\Users\Windows\.m2\repository\com\googlecode\json-simple\json-simple\1.1.1\json-simple-1.1.1.jar;C:\Users\Windows\.m2\repository\junit\junit\4.13.2\junit-4.13.2.jar;C:\Users\Windows\.m2\repository\org\hamcrest\hamcrest-core\2.2\hamcrest-core-2.2.jar;"/>
    <property name="java.vm.vendor" value="Oracle Corporation"/>
    <property name="sun.arch.data.model" value="64"/>
    <property name="user.variant" value=""/>
    <property name="java.vendor.url" value="https://java.oracle.com/"/>
    <property name="user.timezone" value="America/Bogota"/>
    <property name="org.jboss.logging.provider" value="slf4j"/>
    <property name="os.name" value="Windows 11"/>
    <property name="java.vm.specification.version" value="21"/>
    <property name="sun.java.launcher" value="SUN_STANDARD"/>
    <property name="user.country" value="CO"/>
    <property name="sun.boot.library.path" value="C:\Program Files\Java\jdk-21\bin"/>
    <property name="sun.java.command" value="C:\Users\Windows\AppData\Local\Temp\surefire1009675320171979881\surefirebooter-20241201150916613_3.jar C:\Users\Windows\AppData\Local\Temp\surefire1009675320171979881 2024-12-01T15-09-16_318-jvmRun1 surefire-20241201150916613_1tmp surefire_0-20241201150916613_2tmp"/>
    <property name="jdk.debug" value="release"/>
    <property name="surefire.test.class.path" value="C:\Users\Windows\Proyecto Ingesoft5\IngSoftV\outcome-curr-mgmt\target\test-classes;C:\Users\Windows\Proyecto Ingesoft5\IngSoftV\outcome-curr-mgmt\target\classes;C:\Users\Windows\.m2\repository\org\springframework\boot\spring-boot-starter-data-jpa\3.1.5\spring-boot-starter-data-jpa-3.1.5.jar;C:\Users\Windows\.m2\repository\org\springframework\boot\spring-boot-starter-aop\3.1.5\spring-boot-starter-aop-3.1.5.jar;C:\Users\Windows\.m2\repository\org\aspectj\aspectjweaver\1.9.20\aspectjweaver-1.9.20.jar;C:\Users\Windows\.m2\repository\org\springframework\boot\spring-boot-starter-jdbc\3.1.5\spring-boot-starter-jdbc-3.1.5.jar;C:\Users\Windows\.m2\repository\com\zaxxer\HikariCP\5.0.1\HikariCP-5.0.1.jar;C:\Users\Windows\.m2\repository\org\springframework\spring-jdbc\6.0.13\spring-jdbc-6.0.13.jar;C:\Users\Windows\.m2\repository\org\hibernate\orm\hibernate-core\6.2.13.Final\hibernate-core-6.2.13.Final.jar;C:\Users\Windows\.m2\repository\jakarta\persistence\jakarta.persistence-api\3.1.0\jakarta.persistence-api-3.1.0.jar;C:\Users\Windows\.m2\repository\jakarta\transaction\jakarta.transaction-api\2.0.1\jakarta.transaction-api-2.0.1.jar;C:\Users\Windows\.m2\repository\org\jboss\logging\jboss-logging\3.5.3.Final\jboss-logging-3.5.3.Final.jar;C:\Users\Windows\.m2\repository\org\hibernate\common\hibernate-commons-annotations\6.0.6.Final\hibernate-commons-annotations-6.0.6.Final.jar;C:\Users\Windows\.m2\repository\io\smallrye\jandex\3.0.5\jandex-3.0.5.jar;C:\Users\Windows\.m2\repository\com\fasterxml\classmate\1.5.1\classmate-1.5.1.jar;C:\Users\Windows\.m2\repository\net\bytebuddy\byte-buddy\1.14.9\byte-buddy-1.14.9.jar;C:\Users\Windows\.m2\repository\org\glassfish\jaxb\jaxb-runtime\4.0.3\jaxb-runtime-4.0.3.jar;C:\Users\Windows\.m2\repository\org\glassfish\jaxb\jaxb-core\4.0.3\jaxb-core-4.0.3.jar;C:\Users\Windows\.m2\repository\org\eclipse\angus\angus-activation\2.0.1\angus-activation-2.0.1.jar;C:\Users\Windows\.m2\repository\org\glassfish\jaxb\txw2\4.0.3\txw2-4.0.3.jar;C:\Users\Windows\.m2\repository\com\sun\istack\istack-commons-runtime\4.1.2\istack-commons-runtime-4.1.2.jar;C:\Users\Windows\.m2\repository\jakarta\inject\jakarta.inject-api\2.0.1\jakarta.inject-api-2.0.1.jar;C:\Users\Windows\.m2\repository\org\antlr\antlr4-runtime\4.10.1\antlr4-runtime-4.10.1.jar;C:\Users\Windows\.m2\repository\org\springframework\data\spring-data-jpa\3.1.5\spring-data-jpa-3.1.5.jar;C:\Users\Windows\.m2\repository\org\springframework\spring-orm\6.0.13\spring-orm-6.0.13.jar;C:\Users\Windows\.m2\repository\org\springframework\spring-tx\6.0.13\spring-tx-6.0.13.jar;C:\Users\Windows\.m2\repository\jakarta\annotation\jakarta.annotation-api\2.1.1\jakarta.annotation-api-2.1.1.jar;C:\Users\Windows\.m2\repository\org\slf4j\slf4j-api\2.0.9\slf4j-api-2.0.9.jar;C:\Users\Windows\.m2\repository\org\springframework\spring-aspects\6.0.13\spring-aspects-6.0.13.jar;C:\Users\Windows\.m2\repository\com\h2database\h2\2.1.214\h2-2.1.214.jar;C:\Users\Windows\.m2\repository\org\springframework\security\spring-security-config\6.1.5\spring-security-config-6.1.5.jar;C:\Users\Windows\.m2\repository\org\springframework\security\spring-security-core\6.1.5\spring-security-core-6.1.5.jar;C:\Users\Windows\.m2\repository\org\springframework\security\spring-security-crypto\6.1.5\spring-security-crypto-6.1.5.jar;C:\Users\Windows\.m2\repository\org\springframework\spring-expression\6.0.13\spring-expression-6.0.13.jar;C:\Users\Windows\.m2\repository\org\springframework\spring-aop\6.0.13\spring-aop-6.0.13.jar;C:\Users\Windows\.m2\repository\org\springframework\spring-beans\6.0.13\spring-beans-6.0.13.jar;C:\Users\Windows\.m2\repository\org\springframework\spring-context\6.0.13\spring-context-6.0.13.jar;C:\Users\Windows\.m2\repository\org\springframework\spring-core\6.0.13\spring-core-6.0.13.jar;C:\Users\Windows\.m2\repository\org\springframework\spring-jcl\6.0.13\spring-jcl-6.0.13.jar;C:\Users\Windows\.m2\repository\org\springframework\boot\spring-boot-starter-test\3.1.5\spring-boot-starter-test-3.1.5.jar;C:\Users\Windows\.m2\repository\org\springframework\boot\spring-boot-starter\3.1.5\spring-boot-starter-3.1.5.jar;C:\Users\Windows\.m2\repository\org\springframework\boot\spring-boot\3.1.5\spring-boot-3.1.5.jar;C:\Users\Windows\.m2\repository\org\springframework\boot\spring-boot-autoconfigure\3.1.5\spring-boot-autoconfigure-3.1.5.jar;C:\Users\Windows\.m2\repository\org\springframework\boot\spring-boot-starter-logging\3.1.5\spring-boot-starter-logging-3.1.5.jar;C:\Users\Windows\.m2\repository\ch\qos\logback\logback-classic\1.4.11\logback-classic-1.4.11.jar;C:\Users\Windows\.m2\repository\ch\qos\logback\logback-core\1.4.11\logback-core-1.4.11.jar;C:\Users\Windows\.m2\repository\org\apache\logging\log4j\log4j-to-slf4j\2.20.0\log4j-to-slf4j-2.20.0.jar;C:\Users\Windows\.m2\repository\org\apache\logging\log4j\log4j-api\2.20.0\log4j-api-2.20.0.jar;C:\Users\Windows\.m2\repository\org\slf4j\jul-to-slf4j\2.0.9\jul-to-slf4j-2.0.9.jar;C:\Users\Windows\.m2\repository\org\yaml\snakeyaml\1.33\snakeyaml-1.33.jar;C:\Users\Windows\.m2\repository\org\springframework\boot\spring-boot-test\3.1.5\spring-boot-test-3.1.5.jar;C:\Users\Windows\.m2\repository\org\springframework\boot\spring-boot-test-autoconfigure\3.1.5\spring-boot-test-autoconfigure-3.1.5.jar;C:\Users\Windows\.m2\repository\com\jayway\jsonpath\json-path\2.8.0\json-path-2.8.0.jar;C:\Users\Windows\.m2\repository\jakarta\xml\bind\jakarta.xml.bind-api\4.0.1\jakarta.xml.bind-api-4.0.1.jar;C:\Users\Windows\.m2\repository\jakarta\activation\jakarta.activation-api\2.1.2\jakarta.activation-api-2.1.2.jar;C:\Users\Windows\.m2\repository\net\minidev\json-smart\2.4.11\json-smart-2.4.11.jar;C:\Users\Windows\.m2\repository\net\minidev\accessors-smart\2.4.11\accessors-smart-2.4.11.jar;C:\Users\Windows\.m2\repository\org\assertj\assertj-core\3.24.2\assertj-core-3.24.2.jar;C:\Users\Windows\.m2\repository\org\hamcrest\hamcrest\2.2\hamcrest-2.2.jar;C:\Users\Windows\.m2\repository\org\junit\jupiter\junit-jupiter\5.9.3\junit-jupiter-5.9.3.jar;C:\Users\Windows\.m2\repository\org\junit\jupiter\junit-jupiter-params\5.9.3\junit-jupiter-params-5.9.3.jar;C:\Users\Windows\.m2\repository\org\junit\jupiter\junit-jupiter-engine\5.9.3\junit-jupiter-engine-5.9.3.jar;C:\Users\Windows\.m2\repository\org\junit\platform\junit-platform-engine\1.9.3\junit-platform-engine-1.9.3.jar;C:\Users\Windows\.m2\repository\org\mockito\mockito-core\5.3.1\mockito-core-5.3.1.jar;C:\Users\Windows\.m2\repository\net\bytebuddy\byte-buddy-agent\1.14.9\byte-buddy-agent-1.14.9.jar;C:\Users\Windows\.m2\repository\org\objenesis\objenesis\3.3\objenesis-3.3.jar;C:\Users\Windows\.m2\repository\org\skyscreamer\jsonassert\1.5.1\jsonassert-1.5.1.jar;C:\Users\Windows\.m2\repository\com\vaadin\external\google\android-json\0.0.20131108.vaadin1\android-json-0.0.20131108.vaadin1.jar;C:\Users\Windows\.m2\repository\org\springframework\spring-test\6.0.13\spring-test-6.0.13.jar;C:\Users\Windows\.m2\repository\org\xmlunit\xmlunit-core\2.9.1\xmlunit-core-2.9.1.jar;C:\Users\Windows\.m2\repository\org\springframework\boot\spring-boot-starter-validation\3.1.5\spring-boot-starter-validation-3.1.5.jar;C:\Users\Windows\.m2\repository\org\apache\tomcat\embed\tomcat-embed-el\10.1.15\tomcat-embed-el-10.1.15.jar;C:\Users\Windows\.m2\repository\org\hibernate\validator\hibernate-validator\8.0.1.Final\hibernate-validator-8.0.1.Final.jar;C:\Users\Windows\.m2\repository\jakarta\validation\jakarta.validation-api\3.0.2\jakarta.validation-api-3.0.2.jar;C:\Users\Windows\.m2\repository\org\springframework\boot\spring-boot-starter-cache\3.1.5\spring-boot-starter-cache-3.1.5.jar;C:\Users\Windows\.m2\repository\org\springframework\spring-context-support\6.0.13\spring-context-support-6.0.13.jar;C:\Users\Windows\.m2\repository\org\projectlombok\lombok\1.18.30\lombok-1.18.30.jar;C:\Users\Windows\.m2\repository\org\mapstruct\mapstruct\1.5.5.Final\mapstruct-1.5.5.Final.jar;C:\Users\Windows\.m2\repository\org\mapstruct\mapstruct-processor\1.5.5.Final\mapstruct-processor-1.5.5.Final.jar;C:\Users\Windows\.m2\repository\co\edu\icesi\dev\outcome-curr-mgmt\outcome-curr-mgmt-api\1.0-SNAPSHOT\outcome-curr-mgmt-api-1.0-SNAPSHOT.jar;C:\Users\Windows\.m2\repository\org\springframework\boot\spring-boot-starter-web\3.1.5\spring-boot-starter-web-3.1.5.jar;C:\Users\Windows\.m2\repository\org\springframework\boot\spring-boot-starter-json\3.1.5\spring-boot-starter-json-3.1.5.jar;C:\Users\Windows\.m2\repository\com\fasterxml\jackson\datatype\jackson-datatype-jdk8\2.15.3\jackson-datatype-jdk8-2.15.3.jar;C:\Users\Windows\.m2\repository\com\fasterxml\jackson\module\jackson-module-parameter-names\2.15.3\jackson-module-parameter-names-2.15.3.jar;C:\Users\Windows\.m2\repository\org\springframework\boot\spring-boot-starter-tomcat\3.1.5\spring-boot-starter-tomcat-3.1.5.jar;C:\Users\Windows\.m2\repository\org\apache\tomcat\embed\tomcat-embed-core\10.1.15\tomcat-embed-core-10.1.15.jar;C:\Users\Windows\.m2\repository\org\apache\tomcat\embed\tomcat-embed-websocket\10.1.15\tomcat-embed-websocket-10.1.15.jar;C:\Users\Windows\.m2\repository\org\springframework\spring-web\6.0.13\spring-web-6.0.13.jar;C:\Users\Windows\.m2\repository\org\springframework\spring-webmvc\6.0.13\spring-webmvc-6.0.13.jar;C:\Users\Windows\.m2\repository\org\springframework\boot\spring-boot-starter-security\3.1.5\spring-boot-starter-security-3.1.5.jar;C:\Users\Windows\.m2\repository\org\springframework\security\spring-security-web\6.1.5\spring-security-web-6.1.5.jar;C:\Users\Windows\.m2\repository\io\jsonwebtoken\jjwt-api\0.12.6\jjwt-api-0.12.6.jar;C:\Users\Windows\.m2\repository\io\jsonwebtoken\jjwt-impl\0.12.6\jjwt-impl-0.12.6.jar;C:\Users\Windows\.m2\repository\io\jsonwebtoken\jjwt-jackson\0.12.6\jjwt-jackson-0.12.6.jar;C:\Users\Windows\.m2\repository\org\springdoc\springdoc-openapi-starter-webmvc-ui\2.6.0\springdoc-openapi-starter-webmvc-ui-2.6.0.jar;C:\Users\Windows\.m2\repository\org\springdoc\springdoc-openapi-starter-webmvc-api\2.6.0\springdoc-openapi-starter-webmvc-api-2.6.0.jar;C:\Users\Windows\.m2\repository\org\springdoc\springdoc-openapi-starter-common\2.6.0\springdoc-openapi-starter-common-2.6.0.jar;C:\Users\Windows\.m2\repository\io\swagger\core\v3\swagger-core-jakarta\2.2.22\swagger-core-jakarta-2.2.22.jar;C:\Users\Windows\.m2\repository\org\apache\commons\commons-lang3\3.12.0\commons-lang3-3.12.0.jar;C:\Users\Windows\.m2\repository\io\swagger\core\v3\swagger-annotations-jakarta\2.2.22\swagger-annotations-jakarta-2.2.22.jar;C:\Users\Windows\.m2\repository\io\swagger\core\v3\swagger-models-jakarta\2.2.22\swagger-models-jakarta-2.2.22.jar;C:\Users\Windows\.m2\repository\com\fasterxml\jackson\dataformat\jackson-dataformat-yaml\2.15.3\jackson-dataformat-yaml-2.15.3.jar;C:\Users\Windows\.m2\repository\org\webjars\swagger-ui\5.17.14\swagger-ui-5.17.14.jar;C:\Users\Windows\.m2\repository\io\swagger\swagger-annotations\1.6.11\swagger-annotations-1.6.11.jar;C:\Users\Windows\.m2\repository\org\springframework\data\spring-data-commons\3.1.5\spring-data-commons-3.1.5.jar;C:\Users\Windows\.m2\repository\net\logstash\logback\logstash-logback-encoder\7.4\logstash-logback-encoder-7.4.jar;C:\Users\Windows\.m2\repository\com\fasterxml\jackson\core\jackson-databind\2.15.3\jackson-databind-2.15.3.jar;C:\Users\Windows\.m2\repository\com\fasterxml\jackson\core\jackson-annotations\2.15.3\jackson-annotations-2.15.3.jar;C:\Users\Windows\.m2\repository\com\fasterxml\jackson\core\jackson-core\2.15.3\jackson-core-2.15.3.jar;C:\Users\Windows\.m2\repository\org\springframework\boot\spring-boot-starter-actuator\3.1.5\spring-boot-starter-actuator-3.1.5.jar;C:\Users\Windows\.m2\repository\org\springframework\boot\spring-boot-actuator-autoconfigure\3.1.5\spring-boot-actuator-autoconfigure-3.1.5.jar;C:\Users\Windows\.m2\repository\org\springframework\boot\spring-boot-actuator\3.1.5\spring-boot-actuator-3.1.5.jar;C:\Users\Windows\.m2\repository\com\fasterxml\jackson\datatype\jackson-datatype-jsr310\2.15.3\jackson-datatype-jsr310-2.15.3.jar;C:\Users\Windows\.m2\repository\io\micrometer\micrometer-observation\1.11.5\micrometer-observation-1.11.5.jar;C:\Users\Windows\.m2\repository\io\micrometer\micrometer-commons\1.11.5\micrometer-commons-1.11.5.jar;C:\Users\Windows\.m2\repository\io\micrometer\micrometer-core\1.11.5\micrometer-core-1.11.5.jar;C:\Users\Windows\.m2\repository\org\hdrhistogram\HdrHistogram\2.1.12\HdrHistogram-2.1.12.jar;C:\Users\Windows\.m2\repository\org\latencyutils\LatencyUtils\2.0.3\LatencyUtils-2.0.3.jar;C:\Users\Windows\.m2\repository\io\micrometer\micrometer-registry-prometheus\1.11.5\micrometer-registry-prometheus-1.11.5.jar;C:\Users\Windows\.m2\repository\io\prometheus\simpleclient_common\0.16.0\simpleclient_common-0.16.0.jar;C:\Users\Windows\.m2\repository\io\prometheus\simpleclient\0.16.0\simpleclient-0.16.0.jar;C:\Users\Windows\.m2\repository\io\prometheus\simpleclient_tracer_otel\0.16.0\simpleclient_tracer_otel-0.16.0.jar;C:\Users\Windows\.m2\repository\io\prometheus\simpleclient_tracer_common\0.16.0\simpleclient_tracer_common-0.16.0.jar;C:\Users\Windows\.m2\repository\io\prometheus\simpleclient_tracer_otel_agent\0.16.0\simpleclient_tracer_otel_agent-0.16.0.jar;C:\Users\Windows\.m2\repository\org\mockito\mockito-junit-jupiter\5.3.1\mockito-junit-jupiter-5.3.1.jar;C:\Users\Windows\.m2\repository\org\junit\jupiter\junit-jupiter-api\5.9.3\junit-jupiter-api-5.9.3.jar;C:\Users\Windows\.m2\repository\org\opentest4j\opentest4j\1.2.0\opentest4j-1.2.0.jar;C:\Users\Windows\.m2\repository\org\junit\platform\junit-platform-commons\1.9.3\junit-platform-commons-1.9.3.jar;C:\Users\Windows\.m2\repository\org\apiguardian\apiguardian-api\1.1.2\apiguardian-api-1.1.2.jar;C:\Users\Windows\.m2\repository\org\jacoco\jacoco-maven-plugin\0.8.11\jacoco-maven-plugin-0.8.11.jar;C:\Users\Windows\.m2\repository\org\codehaus\plexus\plexus-utils\3.0.24\plexus-utils-3.0.24.jar;C:\Users\Windows\.m2\repository\org\apache\maven\shared\file-management\3.1.0\file-management-3.1.0.jar;C:\Users\Windows\.m2\repository\commons-io\commons-io\2.11.0\commons-io-2.11.0.jar;C:\Users\Windows\.m2\repository\org\apache\maven\reporting\maven-reporting-api\3.0\maven-reporting-api-3.0.jar;C:\Users\Windows\.m2\repository\org\apache\maven\doxia\doxia-sink-api\1.0\doxia-sink-api-1.0.jar;C:\Users\Windows\.m2\repository\org\jacoco\org.jacoco.agent\0.8.11\org.jacoco.agent-0.8.11-runtime.jar;C:\Users\Windows\.m2\repository\org\jacoco\org.jacoco.core\0.8.11\org.jacoco.core-0.8.11.jar;C:\Users\Windows\.m2\repository\org\ow2\asm\asm\9.6\asm-9.6.jar;C:\Users\Windows\.m2\repository\org\ow2\asm\asm-commons\9.6\asm-commons-9.6.jar;C:\Users\Windows\.m2\repository\org\ow2\asm\asm-tree\9.6\asm-tree-9.6.jar;C:\Users\Windows\.m2\repository\org\jacoco\org.jacoco.report\0.8.11\org.jacoco.report-0.8.11.jar;C:\Users\Windows\.m2\repository\com\googlecode\json-simple\json-simple\1.1.1\json-simple-1.1.1.jar;C:\Users\Windows\.m2\repository\junit\junit\4.13.2\junit-4.13.2.jar;C:\Users\Windows\.m2\repository\org\hamcrest\hamcrest-core\2.2\hamcrest-core-2.2.jar;"/>
    <property name="sun.cpu.endian" value="little"/>
    <property name="user.home" value="C:\Users\Windows"/>
    <property name="user.language" value="es"/>
    <property name="java.specification.vendor" value="Oracle Corporation"/>
    <property name="java.version.date" value="2024-01-16"/>
    <property name="java.home" value="C:\Program Files\Java\jdk-21"/>
    <property name="file.separator" value="\"/>
    <property name="basedir" value="C:\Users\Windows\Proyecto Ingesoft5\IngSoftV\outcome-curr-mgmt"/>
    <property name="java.vm.compressedOopsMode" value="Zero based"/>
    <property name="line.separator" value="&#10;"/>
    <property name="java.vm.specification.vendor" value="Oracle Corporation"/>
    <property name="java.specification.name" value="Java Platform API Specification"/>
    <property name="FILE_LOG_CHARSET" value="UTF-8"/>
    <property name="java.awt.headless" value="true"/>
    <property name="surefire.real.class.path" value="C:\Users\Windows\AppData\Local\Temp\surefire1009675320171979881\surefirebooter-20241201150916613_3.jar"/>
    <property name="user.script" value=""/>
    <property name="sun.management.compiler" value="HotSpot 64-Bit Tiered Compilers"/>
    <property name="java.runtime.version" value="21.0.2+13-LTS-58"/>
    <property name="user.name" value="Windows"/>
    <property name="stdout.encoding" value="Cp1252"/>
    <property name="path.separator" value=";"/>
    <property name="os.version" value="10.0"/>
    <property name="java.runtime.name" value="Java(TM) SE Runtime Environment"/>
    <property name="file.encoding" value="UTF-8"/>
    <property name="java.vm.name" value="Java HotSpot(TM) 64-Bit Server VM"/>
    <property name="localRepository" value="C:\Users\Windows\.m2\repository"/>
    <property name="java.vendor.url.bug" value="https://bugreport.java.com/bugreport/"/>
    <property name="java.io.tmpdir" value="C:\Users\Windows\AppData\Local\Temp\"/>
    <property name="idea.version" value="2023.3.8"/>
    <property name="com.zaxxer.hikari.pool_number" value="5"/>
    <property name="java.version" value="21.0.2"/>
    <property name="user.dir" value="C:\Users\Windows\Proyecto Ingesoft5\IngSoftV\outcome-curr-mgmt"/>
    <property name="os.arch" value="amd64"/>
    <property name="java.vm.specification.name" value="Java Virtual Machine Specification"/>
    <property name="PID" value="5840"/>
    <property name="sun.os.patch.level" value=""/>
    <property name="CONSOLE_LOG_CHARSET" value="UTF-8"/>
    <property name="native.encoding" value="Cp1252"/>
    <property name="java.library.path" value="C:\Program Files\Java\jdk-21\bin;C:\WINDOWS\Sun\Java\bin;C:\WINDOWS\system32;C:\WINDOWS;C:\Program Files\Java\jdk-17\bin;C:\Program Files (x86)\Common Files\Oracle\Java\java8path;C:\Program Files (x86)\Common Files\Oracle\Java\javapath;C:\Windows\System32;C:\Windows;C:\Windows\System32\wbem;C:\Windows\System32\WindowsPowerShell\v1.0\;C:\Windows\System32\OpenSSH\;C:\Program Files\nodejs\;C:\Program Files\Git\cmd;C:\Program Files\PuTTY\;C:\Program Files (x86)\Google\Cloud SDK\google-cloud-sdk\bin;C:\Program Files\Gradle\gradle-8.10.1\bin;C:\Program Files\Red Gate\Flyway Desktop\;C:\Program Files (x86)\apache-maven-3.9.9\bin\;;C:\Program Files\Docker\Docker\resources\bin;C:\Users\Windows\AppData\Local\Microsoft\WindowsApps;C:\Users\Windows\AppData\Local\Programs\Microsoft VS Code\bin;C:\Users\Windows\AppData\Roaming\npm;C:\Program Files (x86)\apache-maven-3.9.9\bin\;;."/>
    <property name="java.vm.info" value="mixed mode, sharing"/>
    <property name="stderr.encoding" value="Cp1252"/>
    <property name="java.vendor" value="Oracle Corporation"/>
    <property name="java.vm.version" value="21.0.2+13-LTS-58"/>
    <property name="sun.io.unicode.encoding" value="UnicodeLittle"/>
    <property name="java.class.version" value="65.0"/>
  </properties>
  <testcase name="testReturnsCoursesWhenThereAreNoExistingFacultyWithTheGivenId" classname="co.edu.icesi.dev.outcome_curr_mgmt.persistence.curriculum_qa.StudOutcomeRepositoryTest" time="7.763">
    <system-out><![CDATA[2024-12-01T15:10:04.953-05:00  INFO 5840 --- [           main] t.c.s.AnnotationConfigContextLoaderUtils : Could not detect default configuration classes for test class [co.edu.icesi.dev.outcome_curr_mgmt.persistence.curriculum_qa.StudOutcomeRepositoryTest]: StudOutcomeRepositoryTest does not declare any static, non-private, non-final, nested classes annotated with @Configuration.
{"timestamp":"2024-12-01T15:10:04.953-0500","level":"INFO","logger":"org.springframework.test.context.support.AnnotationConfigContextLoaderUtils","thread":"main","message":"Could not detect default configuration classes for test class [co.edu.icesi.dev.outcome_curr_mgmt.persistence.curriculum_qa.StudOutcomeRepositoryTest]: StudOutcomeRepositoryTest does not declare any static, non-private, non-final, nested classes annotated with @Configuration.","exception":""}
2024-12-01T15:10:05.179-05:00  INFO 5840 --- [           main] .b.t.c.SpringBootTestContextBootstrapper : Found @SpringBootConfiguration co.edu.icesi.dev.outcome_curr_mgmt.OutcomeCurrMgmtApplication for test class co.edu.icesi.dev.outcome_curr_mgmt.persistence.curriculum_qa.StudOutcomeRepositoryTest
{"timestamp":"2024-12-01T15:10:05.179-0500","level":"INFO","logger":"org.springframework.boot.test.context.SpringBootTestContextBootstrapper","thread":"main","message":"Found @SpringBootConfiguration co.edu.icesi.dev.outcome_curr_mgmt.OutcomeCurrMgmtApplication for test class co.edu.icesi.dev.outcome_curr_mgmt.persistence.curriculum_qa.StudOutcomeRepositoryTest","exception":""}
2024-12-01T15:10:05.230-05:00  INFO 5840 --- [           main] j.LocalContainerEntityManagerFactoryBean : Closing JPA EntityManagerFactory for persistence unit 'default'
{"timestamp":"2024-12-01T15:10:05.230-0500","level":"INFO","logger":"org.springframework.orm.jpa.LocalContainerEntityManagerFactoryBean","thread":"main","message":"Closing JPA EntityManagerFactory for persistence unit 'default'","exception":""}
2024-12-01T15:10:05.375-05:00  INFO 5840 --- [           main] com.zaxxer.hikari.HikariDataSource       : HikariPool-1 - Shutdown initiated...
{"timestamp":"2024-12-01T15:10:05.375-0500","level":"INFO","logger":"com.zaxxer.hikari.HikariDataSource","thread":"main","message":"HikariPool-1 - Shutdown initiated...","exception":""}
2024-12-01T15:10:05.387-05:00  INFO 5840 --- [           main] com.zaxxer.hikari.HikariDataSource       : HikariPool-1 - Shutdown completed.
{"timestamp":"2024-12-01T15:10:05.387-0500","level":"INFO","logger":"com.zaxxer.hikari.HikariDataSource","thread":"main","message":"HikariPool-1 - Shutdown completed.","exception":""}

  .   ____          _            __ _ _
 /\\ / ___'_ __ _ _(_)_ __  __ _ \ \ \ \
( ( )\___ | '_ | '_| | '_ \/ _` | \ \ \ \
 \\/  ___)| |_)| | | | | || (_| |  ) ) ) )
  '  |____| .__|_| |_|_| |_\__, | / / / /
 =========|_|==============|___/=/_/_/_/
 :: Spring Boot ::                (v3.1.5)

2024-12-01T15:10:05.646-05:00  INFO 5840 --- [           main] c.e.i.d.o.p.c.StudOutcomeRepositoryTest  : Starting StudOutcomeRepositoryTest using Java 21.0.2 with PID 5840 (started by Windows in C:\Users\Windows\Proyecto Ingesoft5\IngSoftV\outcome-curr-mgmt)
{"timestamp":"2024-12-01T15:10:05.646-0500","level":"INFO","logger":"co.edu.icesi.dev.outcome_curr_mgmt.persistence.curriculum_qa.StudOutcomeRepositoryTest","thread":"main","message":"Starting StudOutcomeRepositoryTest using Java 21.0.2 with PID 5840 (started by Windows in C:\\Users\\Windows\\Proyecto Ingesoft5\\IngSoftV\\outcome-curr-mgmt)","exception":""}
2024-12-01T15:10:05.650-05:00  INFO 5840 --- [           main] c.e.i.d.o.p.c.StudOutcomeRepositoryTest  : The following 1 profile is active: "test"
{"timestamp":"2024-12-01T15:10:05.650-0500","level":"INFO","logger":"co.edu.icesi.dev.outcome_curr_mgmt.persistence.curriculum_qa.StudOutcomeRepositoryTest","thread":"main","message":"The following 1 profile is active: \"test\"","exception":""}
2024-12-01T15:10:06.908-05:00  INFO 5840 --- [           main] .s.d.r.c.RepositoryConfigurationDelegate : Bootstrapping Spring Data JPA repositories in DEFAULT mode.
{"timestamp":"2024-12-01T15:10:06.908-0500","level":"INFO","logger":"org.springframework.data.repository.config.RepositoryConfigurationDelegate","thread":"main","message":"Bootstrapping Spring Data JPA repositories in DEFAULT mode.","exception":""}
2024-12-01T15:10:07.513-05:00  INFO 5840 --- [           main] .s.d.r.c.RepositoryConfigurationDelegate : Finished Spring Data repository scanning in 604 ms. Found 41 JPA repository interfaces.
{"timestamp":"2024-12-01T15:10:07.513-0500","level":"INFO","logger":"org.springframework.data.repository.config.RepositoryConfigurationDelegate","thread":"main","message":"Finished Spring Data repository scanning in 604 ms. Found 41 JPA repository interfaces.","exception":""}
2024-12-01T15:10:08.073-05:00  INFO 5840 --- [           main] com.zaxxer.hikari.HikariDataSource       : HikariPool-2 - Starting...
{"timestamp":"2024-12-01T15:10:08.073-0500","level":"INFO","logger":"com.zaxxer.hikari.HikariDataSource","thread":"main","message":"HikariPool-2 - Starting...","exception":""}
2024-12-01T15:10:08.082-05:00  INFO 5840 --- [           main] com.zaxxer.hikari.pool.HikariPool        : HikariPool-2 - Added connection conn10: url=jdbc:h2:mem:testdb user=ADMIN
{"timestamp":"2024-12-01T15:10:08.082-0500","level":"INFO","logger":"com.zaxxer.hikari.pool.HikariPool","thread":"main","message":"HikariPool-2 - Added connection conn10: url=jdbc:h2:mem:testdb user=ADMIN","exception":""}
2024-12-01T15:10:08.083-05:00  INFO 5840 --- [           main] com.zaxxer.hikari.HikariDataSource       : HikariPool-2 - Start completed.
{"timestamp":"2024-12-01T15:10:08.083-0500","level":"INFO","logger":"com.zaxxer.hikari.HikariDataSource","thread":"main","message":"HikariPool-2 - Start completed.","exception":""}
2024-12-01T15:10:08.088-05:00  INFO 5840 --- [           main] o.hibernate.jpa.internal.util.LogHelper  : HHH000204: Processing PersistenceUnitInfo [name: default]
{"timestamp":"2024-12-01T15:10:08.088-0500","level":"INFO","logger":"org.hibernate.jpa.internal.util.LogHelper","thread":"main","message":"HHH000204: Processing PersistenceUnitInfo [name: default]","exception":""}
2024-12-01T15:10:08.122-05:00  INFO 5840 --- [           main] o.s.o.j.p.SpringPersistenceUnitInfo      : No LoadTimeWeaver setup: ignoring JPA class transformer
{"timestamp":"2024-12-01T15:10:08.122-0500","level":"INFO","logger":"org.springframework.orm.jpa.persistenceunit.SpringPersistenceUnitInfo","thread":"main","message":"No LoadTimeWeaver setup: ignoring JPA class transformer","exception":""}
2024-12-01T15:10:08.127-05:00  WARN 5840 --- [           main] org.hibernate.orm.deprecation            : HHH90000025: H2Dialect does not need to be specified explicitly using 'hibernate.dialect' (remove the property setting and it will be selected by default)
{"timestamp":"2024-12-01T15:10:08.127-0500","level":"WARN","logger":"org.hibernate.orm.deprecation","thread":"main","message":"HHH90000025: H2Dialect does not need to be specified explicitly using 'hibernate.dialect' (remove the property setting and it will be selected by default)","exception":""}
2024-12-01T15:10:10.229-05:00  INFO 5840 --- [           main] o.h.e.t.j.p.i.JtaPlatformInitiator       : HHH000489: No JTA platform available (set 'hibernate.transaction.jta.platform' to enable JTA platform integration)
{"timestamp":"2024-12-01T15:10:10.229-0500","level":"INFO","logger":"org.hibernate.engine.transaction.jta.platform.internal.JtaPlatformInitiator","thread":"main","message":"HHH000489: No JTA platform available (set 'hibernate.transaction.jta.platform' to enable JTA platform integration)","exception":""}
2024-12-01T15:10:10.470-05:00  INFO 5840 --- [           main] j.LocalContainerEntityManagerFactoryBean : Initialized JPA EntityManagerFactory for persistence unit 'default'
{"timestamp":"2024-12-01T15:10:10.470-0500","level":"INFO","logger":"org.springframework.orm.jpa.LocalContainerEntityManagerFactoryBean","thread":"main","message":"Initialized JPA EntityManagerFactory for persistence unit 'default'","exception":""}
2024-12-01T15:10:12.007-05:00  WARN 5840 --- [           main] JpaBaseConfiguration$JpaWebConfiguration : spring.jpa.open-in-view is enabled by default. Therefore, database queries may be performed during view rendering. Explicitly configure spring.jpa.open-in-view to disable this warning
{"timestamp":"2024-12-01T15:10:12.007-0500","level":"WARN","logger":"org.springframework.boot.autoconfigure.orm.jpa.JpaBaseConfiguration$JpaWebConfiguration","thread":"main","message":"spring.jpa.open-in-view is enabled by default. Therefore, database queries may be performed during view rendering. Explicitly configure spring.jpa.open-in-view to disable this warning","exception":""}
2024-12-01T15:10:12.025-05:00  WARN 5840 --- [           main] .s.s.UserDetailsServiceAutoConfiguration : 

Using generated security password: 593e6557-571d-4e49-b4ac-08e55fe3a3d5

This generated password is for development use only. Your security configuration must be updated before running your application in production.

{"timestamp":"2024-12-01T15:10:12.025-0500","level":"WARN","logger":"org.springframework.boot.autoconfigure.security.servlet.UserDetailsServiceAutoConfiguration","thread":"main","message":"\r\n\r\nUsing generated security password: 593e6557-571d-4e49-b4ac-08e55fe3a3d5\r\n\r\nThis generated password is for development use only. Your security configuration must be updated before running your application in production.\r\n","exception":""}
2024-12-01T15:10:12.058-05:00  INFO 5840 --- [           main] o.s.s.web.DefaultSecurityFilterChain     : Will secure any request with [org.springframework.security.web.session.DisableEncodeUrlFilter@7f1cf4d2, org.springframework.security.web.context.request.async.WebAsyncManagerIntegrationFilter@24c2d6c5, org.springframework.security.web.context.SecurityContextHolderFilter@5fbc138e, org.springframework.security.web.header.HeaderWriterFilter@3bdf7aff, org.springframework.web.filter.CorsFilter@63b84321, org.springframework.security.web.authentication.logout.LogoutFilter@6547d84c, co.edu.icesi.dev.outcome_curr_mgmt.saamfi.filters.SaamfiAuthenticationFilter@3683bf4f, org.springframework.security.web.savedrequest.RequestCacheAwareFilter@5dbd30f, org.springframework.security.web.servletapi.SecurityContextHolderAwareRequestFilter@451349c9, org.springframework.security.web.authentication.AnonymousAuthenticationFilter@6955d76a, org.springframework.security.web.session.SessionManagementFilter@7afcb504, org.springframework.security.web.access.ExceptionTranslationFilter@310d7600, org.springframework.security.web.access.intercept.AuthorizationFilter@61dd6743]
{"timestamp":"2024-12-01T15:10:12.058-0500","level":"INFO","logger":"org.springframework.security.web.DefaultSecurityFilterChain","thread":"main","message":"Will secure any request with [org.springframework.security.web.session.DisableEncodeUrlFilter@7f1cf4d2, org.springframework.security.web.context.request.async.WebAsyncManagerIntegrationFilter@24c2d6c5, org.springframework.security.web.context.SecurityContextHolderFilter@5fbc138e, org.springframework.security.web.header.HeaderWriterFilter@3bdf7aff, org.springframework.web.filter.CorsFilter@63b84321, org.springframework.security.web.authentication.logout.LogoutFilter@6547d84c, co.edu.icesi.dev.outcome_curr_mgmt.saamfi.filters.SaamfiAuthenticationFilter@3683bf4f, org.springframework.security.web.savedrequest.RequestCacheAwareFilter@5dbd30f, org.springframework.security.web.servletapi.SecurityContextHolderAwareRequestFilter@451349c9, org.springframework.security.web.authentication.AnonymousAuthenticationFilter@6955d76a, org.springframework.security.web.session.SessionManagementFilter@7afcb504, org.springframework.security.web.access.ExceptionTranslationFilter@310d7600, org.springframework.security.web.access.intercept.AuthorizationFilter@61dd6743]","exception":""}
2024-12-01T15:10:12.668-05:00  INFO 5840 --- [           main] o.s.b.a.h2.H2ConsoleAutoConfiguration    : H2 console available at '/h2-console'. Database available at 'jdbc:h2:mem:testdb'
{"timestamp":"2024-12-01T15:10:12.668-0500","level":"INFO","logger":"org.springframework.boot.autoconfigure.h2.H2ConsoleAutoConfiguration","thread":"main","message":"H2 console available at '/h2-console'. Database available at 'jdbc:h2:mem:testdb'","exception":""}
2024-12-01T15:10:12.691-05:00  INFO 5840 --- [           main] o.s.b.a.e.web.EndpointLinksResolver      : Exposing 13 endpoint(s) beneath base path '/actuator'
{"timestamp":"2024-12-01T15:10:12.691-0500","level":"INFO","logger":"org.springframework.boot.actuate.endpoint.web.EndpointLinksResolver","thread":"main","message":"Exposing 13 endpoint(s) beneath base path '/actuator'","exception":""}
2024-12-01T15:10:12.744-05:00  INFO 5840 --- [           main] c.e.i.d.o.p.c.StudOutcomeRepositoryTest  : Started StudOutcomeRepositoryTest in 7.345 seconds (process running for 55.866)
{"timestamp":"2024-12-01T15:10:12.744-0500","level":"INFO","logger":"co.edu.icesi.dev.outcome_curr_mgmt.persistence.curriculum_qa.StudOutcomeRepositoryTest","thread":"main","message":"Started StudOutcomeRepositoryTest in 7.345 seconds (process running for 55.866)","exception":""}
]]></system-out>
  </testcase>
  <testcase name="testReturnsCoursesWhenThereAreNoExistingAcadProgCurrWithTheGivenId" classname="co.edu.icesi.dev.outcome_curr_mgmt.persistence.curriculum_qa.StudOutcomeRepositoryTest" time="6.75">
    <system-out><![CDATA[2024-12-01T15:10:12.973-05:00  INFO 5840 --- [           main] j.LocalContainerEntityManagerFactoryBean : Closing JPA EntityManagerFactory for persistence unit 'default'
{"timestamp":"2024-12-01T15:10:12.973-0500","level":"INFO","logger":"org.springframework.orm.jpa.LocalContainerEntityManagerFactoryBean","thread":"main","message":"Closing JPA EntityManagerFactory for persistence unit 'default'","exception":""}
2024-12-01T15:10:13.036-05:00  INFO 5840 --- [           main] com.zaxxer.hikari.HikariDataSource       : HikariPool-2 - Shutdown initiated...
{"timestamp":"2024-12-01T15:10:13.036-0500","level":"INFO","logger":"com.zaxxer.hikari.HikariDataSource","thread":"main","message":"HikariPool-2 - Shutdown initiated...","exception":""}
2024-12-01T15:10:13.038-05:00  INFO 5840 --- [           main] com.zaxxer.hikari.HikariDataSource       : HikariPool-2 - Shutdown completed.
{"timestamp":"2024-12-01T15:10:13.038-0500","level":"INFO","logger":"com.zaxxer.hikari.HikariDataSource","thread":"main","message":"HikariPool-2 - Shutdown completed.","exception":""}

  .   ____          _            __ _ _
 /\\ / ___'_ __ _ _(_)_ __  __ _ \ \ \ \
( ( )\___ | '_ | '_| | '_ \/ _` | \ \ \ \
 \\/  ___)| |_)| | | | | || (_| |  ) ) ) )
  '  |____| .__|_| |_|_| |_\__, | / / / /
 =========|_|==============|___/=/_/_/_/
 :: Spring Boot ::                (v3.1.5)

2024-12-01T15:10:13.168-05:00  INFO 5840 --- [           main] c.e.i.d.o.p.c.StudOutcomeRepositoryTest  : Starting StudOutcomeRepositoryTest using Java 21.0.2 with PID 5840 (started by Windows in C:\Users\Windows\Proyecto Ingesoft5\IngSoftV\outcome-curr-mgmt)
{"timestamp":"2024-12-01T15:10:13.168-0500","level":"INFO","logger":"co.edu.icesi.dev.outcome_curr_mgmt.persistence.curriculum_qa.StudOutcomeRepositoryTest","thread":"main","message":"Starting StudOutcomeRepositoryTest using Java 21.0.2 with PID 5840 (started by Windows in C:\\Users\\Windows\\Proyecto Ingesoft5\\IngSoftV\\outcome-curr-mgmt)","exception":""}
2024-12-01T15:10:13.169-05:00  INFO 5840 --- [           main] c.e.i.d.o.p.c.StudOutcomeRepositoryTest  : The following 1 profile is active: "test"
{"timestamp":"2024-12-01T15:10:13.169-0500","level":"INFO","logger":"co.edu.icesi.dev.outcome_curr_mgmt.persistence.curriculum_qa.StudOutcomeRepositoryTest","thread":"main","message":"The following 1 profile is active: \"test\"","exception":""}
2024-12-01T15:10:14.325-05:00  INFO 5840 --- [           main] .s.d.r.c.RepositoryConfigurationDelegate : Bootstrapping Spring Data JPA repositories in DEFAULT mode.
{"timestamp":"2024-12-01T15:10:14.325-0500","level":"INFO","logger":"org.springframework.data.repository.config.RepositoryConfigurationDelegate","thread":"main","message":"Bootstrapping Spring Data JPA repositories in DEFAULT mode.","exception":""}
2024-12-01T15:10:14.700-05:00  INFO 5840 --- [           main] .s.d.r.c.RepositoryConfigurationDelegate : Finished Spring Data repository scanning in 373 ms. Found 41 JPA repository interfaces.
{"timestamp":"2024-12-01T15:10:14.700-0500","level":"INFO","logger":"org.springframework.data.repository.config.RepositoryConfigurationDelegate","thread":"main","message":"Finished Spring Data repository scanning in 373 ms. Found 41 JPA repository interfaces.","exception":""}
2024-12-01T15:10:15.164-05:00  INFO 5840 --- [           main] com.zaxxer.hikari.HikariDataSource       : HikariPool-3 - Starting...
{"timestamp":"2024-12-01T15:10:15.164-0500","level":"INFO","logger":"com.zaxxer.hikari.HikariDataSource","thread":"main","message":"HikariPool-3 - Starting...","exception":""}
2024-12-01T15:10:15.170-05:00  INFO 5840 --- [           main] com.zaxxer.hikari.pool.HikariPool        : HikariPool-3 - Added connection conn20: url=jdbc:h2:mem:testdb user=ADMIN
{"timestamp":"2024-12-01T15:10:15.170-0500","level":"INFO","logger":"com.zaxxer.hikari.pool.HikariPool","thread":"main","message":"HikariPool-3 - Added connection conn20: url=jdbc:h2:mem:testdb user=ADMIN","exception":""}
2024-12-01T15:10:15.172-05:00  INFO 5840 --- [           main] com.zaxxer.hikari.HikariDataSource       : HikariPool-3 - Start completed.
{"timestamp":"2024-12-01T15:10:15.172-0500","level":"INFO","logger":"com.zaxxer.hikari.HikariDataSource","thread":"main","message":"HikariPool-3 - Start completed.","exception":""}
2024-12-01T15:10:15.177-05:00  INFO 5840 --- [           main] o.hibernate.jpa.internal.util.LogHelper  : HHH000204: Processing PersistenceUnitInfo [name: default]
{"timestamp":"2024-12-01T15:10:15.177-0500","level":"INFO","logger":"org.hibernate.jpa.internal.util.LogHelper","thread":"main","message":"HHH000204: Processing PersistenceUnitInfo [name: default]","exception":""}
2024-12-01T15:10:15.222-05:00  INFO 5840 --- [           main] o.s.o.j.p.SpringPersistenceUnitInfo      : No LoadTimeWeaver setup: ignoring JPA class transformer
{"timestamp":"2024-12-01T15:10:15.222-0500","level":"INFO","logger":"org.springframework.orm.jpa.persistenceunit.SpringPersistenceUnitInfo","thread":"main","message":"No LoadTimeWeaver setup: ignoring JPA class transformer","exception":""}
2024-12-01T15:10:15.226-05:00  WARN 5840 --- [           main] org.hibernate.orm.deprecation            : HHH90000025: H2Dialect does not need to be specified explicitly using 'hibernate.dialect' (remove the property setting and it will be selected by default)
{"timestamp":"2024-12-01T15:10:15.226-0500","level":"WARN","logger":"org.hibernate.orm.deprecation","thread":"main","message":"HHH90000025: H2Dialect does not need to be specified explicitly using 'hibernate.dialect' (remove the property setting and it will be selected by default)","exception":""}
2024-12-01T15:10:16.955-05:00  INFO 5840 --- [           main] o.h.e.t.j.p.i.JtaPlatformInitiator       : HHH000489: No JTA platform available (set 'hibernate.transaction.jta.platform' to enable JTA platform integration)
{"timestamp":"2024-12-01T15:10:16.955-0500","level":"INFO","logger":"org.hibernate.engine.transaction.jta.platform.internal.JtaPlatformInitiator","thread":"main","message":"HHH000489: No JTA platform available (set 'hibernate.transaction.jta.platform' to enable JTA platform integration)","exception":""}
2024-12-01T15:10:17.235-05:00  INFO 5840 --- [           main] j.LocalContainerEntityManagerFactoryBean : Initialized JPA EntityManagerFactory for persistence unit 'default'
{"timestamp":"2024-12-01T15:10:17.235-0500","level":"INFO","logger":"org.springframework.orm.jpa.LocalContainerEntityManagerFactoryBean","thread":"main","message":"Initialized JPA EntityManagerFactory for persistence unit 'default'","exception":""}
2024-12-01T15:10:18.674-05:00  WARN 5840 --- [           main] JpaBaseConfiguration$JpaWebConfiguration : spring.jpa.open-in-view is enabled by default. Therefore, database queries may be performed during view rendering. Explicitly configure spring.jpa.open-in-view to disable this warning
{"timestamp":"2024-12-01T15:10:18.674-0500","level":"WARN","logger":"org.springframework.boot.autoconfigure.orm.jpa.JpaBaseConfiguration$JpaWebConfiguration","thread":"main","message":"spring.jpa.open-in-view is enabled by default. Therefore, database queries may be performed during view rendering. Explicitly configure spring.jpa.open-in-view to disable this warning","exception":""}
2024-12-01T15:10:18.699-05:00  WARN 5840 --- [           main] .s.s.UserDetailsServiceAutoConfiguration : 

Using generated security password: 6ede2e45-6069-49b4-b57b-5632b858fd72

This generated password is for development use only. Your security configuration must be updated before running your application in production.

{"timestamp":"2024-12-01T15:10:18.699-0500","level":"WARN","logger":"org.springframework.boot.autoconfigure.security.servlet.UserDetailsServiceAutoConfiguration","thread":"main","message":"\r\n\r\nUsing generated security password: 6ede2e45-6069-49b4-b57b-5632b858fd72\r\n\r\nThis generated password is for development use only. Your security configuration must be updated before running your application in production.\r\n","exception":""}
2024-12-01T15:10:18.760-05:00  INFO 5840 --- [           main] o.s.s.web.DefaultSecurityFilterChain     : Will secure any request with [org.springframework.security.web.session.DisableEncodeUrlFilter@4d53f92c, org.springframework.security.web.context.request.async.WebAsyncManagerIntegrationFilter@8a6d60b, org.springframework.security.web.context.SecurityContextHolderFilter@65ef2350, org.springframework.security.web.header.HeaderWriterFilter@20a890f1, org.springframework.web.filter.CorsFilter@3fa63622, org.springframework.security.web.authentication.logout.LogoutFilter@6344ce9b, co.edu.icesi.dev.outcome_curr_mgmt.saamfi.filters.SaamfiAuthenticationFilter@71c74379, org.springframework.security.web.savedrequest.RequestCacheAwareFilter@5c959cb4, org.springframework.security.web.servletapi.SecurityContextHolderAwareRequestFilter@38deb0cf, org.springframework.security.web.authentication.AnonymousAuthenticationFilter@69413c7e, org.springframework.security.web.session.SessionManagementFilter@70d6fc5d, org.springframework.security.web.access.ExceptionTranslationFilter@28023829, org.springframework.security.web.access.intercept.AuthorizationFilter@5e511c14]
{"timestamp":"2024-12-01T15:10:18.760-0500","level":"INFO","logger":"org.springframework.security.web.DefaultSecurityFilterChain","thread":"main","message":"Will secure any request with [org.springframework.security.web.session.DisableEncodeUrlFilter@4d53f92c, org.springframework.security.web.context.request.async.WebAsyncManagerIntegrationFilter@8a6d60b, org.springframework.security.web.context.SecurityContextHolderFilter@65ef2350, org.springframework.security.web.header.HeaderWriterFilter@20a890f1, org.springframework.web.filter.CorsFilter@3fa63622, org.springframework.security.web.authentication.logout.LogoutFilter@6344ce9b, co.edu.icesi.dev.outcome_curr_mgmt.saamfi.filters.SaamfiAuthenticationFilter@71c74379, org.springframework.security.web.savedrequest.RequestCacheAwareFilter@5c959cb4, org.springframework.security.web.servletapi.SecurityContextHolderAwareRequestFilter@38deb0cf, org.springframework.security.web.authentication.AnonymousAuthenticationFilter@69413c7e, org.springframework.security.web.session.SessionManagementFilter@70d6fc5d, org.springframework.security.web.access.ExceptionTranslationFilter@28023829, org.springframework.security.web.access.intercept.AuthorizationFilter@5e511c14]","exception":""}
2024-12-01T15:10:19.450-05:00  INFO 5840 --- [           main] o.s.b.a.h2.H2ConsoleAutoConfiguration    : H2 console available at '/h2-console'. Database available at 'jdbc:h2:mem:testdb'
{"timestamp":"2024-12-01T15:10:19.450-0500","level":"INFO","logger":"org.springframework.boot.autoconfigure.h2.H2ConsoleAutoConfiguration","thread":"main","message":"H2 console available at '/h2-console'. Database available at 'jdbc:h2:mem:testdb'","exception":""}
2024-12-01T15:10:19.474-05:00  INFO 5840 --- [           main] o.s.b.a.e.web.EndpointLinksResolver      : Exposing 13 endpoint(s) beneath base path '/actuator'
{"timestamp":"2024-12-01T15:10:19.474-0500","level":"INFO","logger":"org.springframework.boot.actuate.endpoint.web.EndpointLinksResolver","thread":"main","message":"Exposing 13 endpoint(s) beneath base path '/actuator'","exception":""}
2024-12-01T15:10:19.525-05:00  INFO 5840 --- [           main] c.e.i.d.o.p.c.StudOutcomeRepositoryTest  : Started StudOutcomeRepositoryTest in 6.479 seconds (process running for 62.648)
{"timestamp":"2024-12-01T15:10:19.525-0500","level":"INFO","logger":"co.edu.icesi.dev.outcome_curr_mgmt.persistence.curriculum_qa.StudOutcomeRepositoryTest","thread":"main","message":"Started StudOutcomeRepositoryTest in 6.479 seconds (process running for 62.648)","exception":""}
]]></system-out>
  </testcase>
  <testcase name="testReturnsCoursesWhenThereAreNoExistingAcadProgWithTheGivenId" classname="co.edu.icesi.dev.outcome_curr_mgmt.persistence.curriculum_qa.StudOutcomeRepositoryTest" time="6.601">
    <system-out><![CDATA[2024-12-01T15:10:19.725-05:00  INFO 5840 --- [           main] j.LocalContainerEntityManagerFactoryBean : Closing JPA EntityManagerFactory for persistence unit 'default'
{"timestamp":"2024-12-01T15:10:19.725-0500","level":"INFO","logger":"org.springframework.orm.jpa.LocalContainerEntityManagerFactoryBean","thread":"main","message":"Closing JPA EntityManagerFactory for persistence unit 'default'","exception":""}
2024-12-01T15:10:19.791-05:00  INFO 5840 --- [           main] com.zaxxer.hikari.HikariDataSource       : HikariPool-3 - Shutdown initiated...
{"timestamp":"2024-12-01T15:10:19.791-0500","level":"INFO","logger":"com.zaxxer.hikari.HikariDataSource","thread":"main","message":"HikariPool-3 - Shutdown initiated...","exception":""}
2024-12-01T15:10:19.795-05:00  INFO 5840 --- [           main] com.zaxxer.hikari.HikariDataSource       : HikariPool-3 - Shutdown completed.
{"timestamp":"2024-12-01T15:10:19.795-0500","level":"INFO","logger":"com.zaxxer.hikari.HikariDataSource","thread":"main","message":"HikariPool-3 - Shutdown completed.","exception":""}

  .   ____          _            __ _ _
 /\\ / ___'_ __ _ _(_)_ __  __ _ \ \ \ \
( ( )\___ | '_ | '_| | '_ \/ _` | \ \ \ \
 \\/  ___)| |_)| | | | | || (_| |  ) ) ) )
  '  |____| .__|_| |_|_| |_\__, | / / / /
 =========|_|==============|___/=/_/_/_/
 :: Spring Boot ::                (v3.1.5)

2024-12-01T15:10:19.941-05:00  INFO 5840 --- [           main] c.e.i.d.o.p.c.StudOutcomeRepositoryTest  : Starting StudOutcomeRepositoryTest using Java 21.0.2 with PID 5840 (started by Windows in C:\Users\Windows\Proyecto Ingesoft5\IngSoftV\outcome-curr-mgmt)
{"timestamp":"2024-12-01T15:10:19.941-0500","level":"INFO","logger":"co.edu.icesi.dev.outcome_curr_mgmt.persistence.curriculum_qa.StudOutcomeRepositoryTest","thread":"main","message":"Starting StudOutcomeRepositoryTest using Java 21.0.2 with PID 5840 (started by Windows in C:\\Users\\Windows\\Proyecto Ingesoft5\\IngSoftV\\outcome-curr-mgmt)","exception":""}
2024-12-01T15:10:19.946-05:00  INFO 5840 --- [           main] c.e.i.d.o.p.c.StudOutcomeRepositoryTest  : The following 1 profile is active: "test"
{"timestamp":"2024-12-01T15:10:19.946-0500","level":"INFO","logger":"co.edu.icesi.dev.outcome_curr_mgmt.persistence.curriculum_qa.StudOutcomeRepositoryTest","thread":"main","message":"The following 1 profile is active: \"test\"","exception":""}
2024-12-01T15:10:21.257-05:00  INFO 5840 --- [           main] .s.d.r.c.RepositoryConfigurationDelegate : Bootstrapping Spring Data JPA repositories in DEFAULT mode.
{"timestamp":"2024-12-01T15:10:21.257-0500","level":"INFO","logger":"org.springframework.data.repository.config.RepositoryConfigurationDelegate","thread":"main","message":"Bootstrapping Spring Data JPA repositories in DEFAULT mode.","exception":""}
2024-12-01T15:10:21.850-05:00  INFO 5840 --- [           main] .s.d.r.c.RepositoryConfigurationDelegate : Finished Spring Data repository scanning in 592 ms. Found 41 JPA repository interfaces.
{"timestamp":"2024-12-01T15:10:21.850-0500","level":"INFO","logger":"org.springframework.data.repository.config.RepositoryConfigurationDelegate","thread":"main","message":"Finished Spring Data repository scanning in 592 ms. Found 41 JPA repository interfaces.","exception":""}
2024-12-01T15:10:22.081-05:00  INFO 5840 --- [           main] com.zaxxer.hikari.HikariDataSource       : HikariPool-4 - Starting...
{"timestamp":"2024-12-01T15:10:22.081-0500","level":"INFO","logger":"com.zaxxer.hikari.HikariDataSource","thread":"main","message":"HikariPool-4 - Starting...","exception":""}
2024-12-01T15:10:22.082-05:00  INFO 5840 --- [           main] com.zaxxer.hikari.pool.HikariPool        : HikariPool-4 - Added connection conn30: url=jdbc:h2:mem:testdb user=ADMIN
{"timestamp":"2024-12-01T15:10:22.082-0500","level":"INFO","logger":"com.zaxxer.hikari.pool.HikariPool","thread":"main","message":"HikariPool-4 - Added connection conn30: url=jdbc:h2:mem:testdb user=ADMIN","exception":""}
2024-12-01T15:10:22.084-05:00  INFO 5840 --- [           main] com.zaxxer.hikari.HikariDataSource       : HikariPool-4 - Start completed.
{"timestamp":"2024-12-01T15:10:22.084-0500","level":"INFO","logger":"com.zaxxer.hikari.HikariDataSource","thread":"main","message":"HikariPool-4 - Start completed.","exception":""}
2024-12-01T15:10:22.085-05:00  INFO 5840 --- [           main] o.hibernate.jpa.internal.util.LogHelper  : HHH000204: Processing PersistenceUnitInfo [name: default]
{"timestamp":"2024-12-01T15:10:22.085-0500","level":"INFO","logger":"org.hibernate.jpa.internal.util.LogHelper","thread":"main","message":"HHH000204: Processing PersistenceUnitInfo [name: default]","exception":""}
2024-12-01T15:10:22.103-05:00  INFO 5840 --- [           main] o.s.o.j.p.SpringPersistenceUnitInfo      : No LoadTimeWeaver setup: ignoring JPA class transformer
{"timestamp":"2024-12-01T15:10:22.103-0500","level":"INFO","logger":"org.springframework.orm.jpa.persistenceunit.SpringPersistenceUnitInfo","thread":"main","message":"No LoadTimeWeaver setup: ignoring JPA class transformer","exception":""}
2024-12-01T15:10:22.105-05:00  WARN 5840 --- [           main] org.hibernate.orm.deprecation            : HHH90000025: H2Dialect does not need to be specified explicitly using 'hibernate.dialect' (remove the property setting and it will be selected by default)
{"timestamp":"2024-12-01T15:10:22.105-0500","level":"WARN","logger":"org.hibernate.orm.deprecation","thread":"main","message":"HHH90000025: H2Dialect does not need to be specified explicitly using 'hibernate.dialect' (remove the property setting and it will be selected by default)","exception":""}
2024-12-01T15:10:23.458-05:00  INFO 5840 --- [           main] o.h.e.t.j.p.i.JtaPlatformInitiator       : HHH000489: No JTA platform available (set 'hibernate.transaction.jta.platform' to enable JTA platform integration)
{"timestamp":"2024-12-01T15:10:23.458-0500","level":"INFO","logger":"org.hibernate.engine.transaction.jta.platform.internal.JtaPlatformInitiator","thread":"main","message":"HHH000489: No JTA platform available (set 'hibernate.transaction.jta.platform' to enable JTA platform integration)","exception":""}
2024-12-01T15:10:23.609-05:00  INFO 5840 --- [           main] j.LocalContainerEntityManagerFactoryBean : Initialized JPA EntityManagerFactory for persistence unit 'default'
{"timestamp":"2024-12-01T15:10:23.609-0500","level":"INFO","logger":"org.springframework.orm.jpa.LocalContainerEntityManagerFactoryBean","thread":"main","message":"Initialized JPA EntityManagerFactory for persistence unit 'default'","exception":""}
2024-12-01T15:10:24.902-05:00  WARN 5840 --- [           main] JpaBaseConfiguration$JpaWebConfiguration : spring.jpa.open-in-view is enabled by default. Therefore, database queries may be performed during view rendering. Explicitly configure spring.jpa.open-in-view to disable this warning
{"timestamp":"2024-12-01T15:10:24.902-0500","level":"WARN","logger":"org.springframework.boot.autoconfigure.orm.jpa.JpaBaseConfiguration$JpaWebConfiguration","thread":"main","message":"spring.jpa.open-in-view is enabled by default. Therefore, database queries may be performed during view rendering. Explicitly configure spring.jpa.open-in-view to disable this warning","exception":""}
2024-12-01T15:10:24.921-05:00  WARN 5840 --- [           main] .s.s.UserDetailsServiceAutoConfiguration : 

Using generated security password: b77b496e-4f00-4512-8441-f1f1773162a6

This generated password is for development use only. Your security configuration must be updated before running your application in production.

{"timestamp":"2024-12-01T15:10:24.921-0500","level":"WARN","logger":"org.springframework.boot.autoconfigure.security.servlet.UserDetailsServiceAutoConfiguration","thread":"main","message":"\r\n\r\nUsing generated security password: b77b496e-4f00-4512-8441-f1f1773162a6\r\n\r\nThis generated password is for development use only. Your security configuration must be updated before running your application in production.\r\n","exception":""}
2024-12-01T15:10:24.974-05:00  INFO 5840 --- [           main] o.s.s.web.DefaultSecurityFilterChain     : Will secure any request with [org.springframework.security.web.session.DisableEncodeUrlFilter@45803264, org.springframework.security.web.context.request.async.WebAsyncManagerIntegrationFilter@7b273e0f, org.springframework.security.web.context.SecurityContextHolderFilter@48adea30, org.springframework.security.web.header.HeaderWriterFilter@10a9d30b, org.springframework.web.filter.CorsFilter@64bb7b24, org.springframework.security.web.authentication.logout.LogoutFilter@23f3ad46, co.edu.icesi.dev.outcome_curr_mgmt.saamfi.filters.SaamfiAuthenticationFilter@3f2f4cc1, org.springframework.security.web.savedrequest.RequestCacheAwareFilter@5ac33781, org.springframework.security.web.servletapi.SecurityContextHolderAwareRequestFilter@42c9659, org.springframework.security.web.authentication.AnonymousAuthenticationFilter@6d2f1f4e, org.springframework.security.web.session.SessionManagementFilter@7ecfc97c, org.springframework.security.web.access.ExceptionTranslationFilter@70bc581c, org.springframework.security.web.access.intercept.AuthorizationFilter@b13588]
{"timestamp":"2024-12-01T15:10:24.974-0500","level":"INFO","logger":"org.springframework.security.web.DefaultSecurityFilterChain","thread":"main","message":"Will secure any request with [org.springframework.security.web.session.DisableEncodeUrlFilter@45803264, org.springframework.security.web.context.request.async.WebAsyncManagerIntegrationFilter@7b273e0f, org.springframework.security.web.context.SecurityContextHolderFilter@48adea30, org.springframework.security.web.header.HeaderWriterFilter@10a9d30b, org.springframework.web.filter.CorsFilter@64bb7b24, org.springframework.security.web.authentication.logout.LogoutFilter@23f3ad46, co.edu.icesi.dev.outcome_curr_mgmt.saamfi.filters.SaamfiAuthenticationFilter@3f2f4cc1, org.springframework.security.web.savedrequest.RequestCacheAwareFilter@5ac33781, org.springframework.security.web.servletapi.SecurityContextHolderAwareRequestFilter@42c9659, org.springframework.security.web.authentication.AnonymousAuthenticationFilter@6d2f1f4e, org.springframework.security.web.session.SessionManagementFilter@7ecfc97c, org.springframework.security.web.access.ExceptionTranslationFilter@70bc581c, org.springframework.security.web.access.intercept.AuthorizationFilter@b13588]","exception":""}
2024-12-01T15:10:26.150-05:00  INFO 5840 --- [           main] o.s.b.a.h2.H2ConsoleAutoConfiguration    : H2 console available at '/h2-console'. Database available at 'jdbc:h2:mem:testdb'
{"timestamp":"2024-12-01T15:10:26.150-0500","level":"INFO","logger":"org.springframework.boot.autoconfigure.h2.H2ConsoleAutoConfiguration","thread":"main","message":"H2 console available at '/h2-console'. Database available at 'jdbc:h2:mem:testdb'","exception":""}
2024-12-01T15:10:26.170-05:00  INFO 5840 --- [           main] o.s.b.a.e.web.EndpointLinksResolver      : Exposing 13 endpoint(s) beneath base path '/actuator'
{"timestamp":"2024-12-01T15:10:26.170-0500","level":"INFO","logger":"org.springframework.boot.actuate.endpoint.web.EndpointLinksResolver","thread":"main","message":"Exposing 13 endpoint(s) beneath base path '/actuator'","exception":""}
2024-12-01T15:10:26.205-05:00  INFO 5840 --- [           main] c.e.i.d.o.p.c.StudOutcomeRepositoryTest  : Started StudOutcomeRepositoryTest in 6.402 seconds (process running for 69.328)
{"timestamp":"2024-12-01T15:10:26.205-0500","level":"INFO","logger":"co.edu.icesi.dev.outcome_curr_mgmt.persistence.curriculum_qa.StudOutcomeRepositoryTest","thread":"main","message":"Started StudOutcomeRepositoryTest in 6.402 seconds (process running for 69.328)","exception":""}
]]></system-out>
  </testcase>
  <testcase name="testReturnsCoursesWithAllIdsValid" classname="co.edu.icesi.dev.outcome_curr_mgmt.persistence.curriculum_qa.StudOutcomeRepositoryTest" time="4.722">
    <system-out><![CDATA[2024-12-01T15:10:26.315-05:00  INFO 5840 --- [           main] j.LocalContainerEntityManagerFactoryBean : Closing JPA EntityManagerFactory for persistence unit 'default'
{"timestamp":"2024-12-01T15:10:26.315-0500","level":"INFO","logger":"org.springframework.orm.jpa.LocalContainerEntityManagerFactoryBean","thread":"main","message":"Closing JPA EntityManagerFactory for persistence unit 'default'","exception":""}
2024-12-01T15:10:26.326-05:00  INFO 5840 --- [           main] com.zaxxer.hikari.HikariDataSource       : HikariPool-4 - Shutdown initiated...
{"timestamp":"2024-12-01T15:10:26.326-0500","level":"INFO","logger":"com.zaxxer.hikari.HikariDataSource","thread":"main","message":"HikariPool-4 - Shutdown initiated...","exception":""}
2024-12-01T15:10:26.328-05:00  INFO 5840 --- [           main] com.zaxxer.hikari.HikariDataSource       : HikariPool-4 - Shutdown completed.
{"timestamp":"2024-12-01T15:10:26.328-0500","level":"INFO","logger":"com.zaxxer.hikari.HikariDataSource","thread":"main","message":"HikariPool-4 - Shutdown completed.","exception":""}

  .   ____          _            __ _ _
 /\\ / ___'_ __ _ _(_)_ __  __ _ \ \ \ \
( ( )\___ | '_ | '_| | '_ \/ _` | \ \ \ \
 \\/  ___)| |_)| | | | | || (_| |  ) ) ) )
  '  |____| .__|_| |_|_| |_\__, | / / / /
 =========|_|==============|___/=/_/_/_/
 :: Spring Boot ::                (v3.1.5)

2024-12-01T15:10:26.435-05:00  INFO 5840 --- [           main] c.e.i.d.o.p.c.StudOutcomeRepositoryTest  : Starting StudOutcomeRepositoryTest using Java 21.0.2 with PID 5840 (started by Windows in C:\Users\Windows\Proyecto Ingesoft5\IngSoftV\outcome-curr-mgmt)
{"timestamp":"2024-12-01T15:10:26.435-0500","level":"INFO","logger":"co.edu.icesi.dev.outcome_curr_mgmt.persistence.curriculum_qa.StudOutcomeRepositoryTest","thread":"main","message":"Starting StudOutcomeRepositoryTest using Java 21.0.2 with PID 5840 (started by Windows in C:\\Users\\Windows\\Proyecto Ingesoft5\\IngSoftV\\outcome-curr-mgmt)","exception":""}
2024-12-01T15:10:26.435-05:00  INFO 5840 --- [           main] c.e.i.d.o.p.c.StudOutcomeRepositoryTest  : The following 1 profile is active: "test"
{"timestamp":"2024-12-01T15:10:26.435-0500","level":"INFO","logger":"co.edu.icesi.dev.outcome_curr_mgmt.persistence.curriculum_qa.StudOutcomeRepositoryTest","thread":"main","message":"The following 1 profile is active: \"test\"","exception":""}
2024-12-01T15:10:27.355-05:00  INFO 5840 --- [           main] .s.d.r.c.RepositoryConfigurationDelegate : Bootstrapping Spring Data JPA repositories in DEFAULT mode.
{"timestamp":"2024-12-01T15:10:27.355-0500","level":"INFO","logger":"org.springframework.data.repository.config.RepositoryConfigurationDelegate","thread":"main","message":"Bootstrapping Spring Data JPA repositories in DEFAULT mode.","exception":""}
2024-12-01T15:10:27.667-05:00  INFO 5840 --- [           main] .s.d.r.c.RepositoryConfigurationDelegate : Finished Spring Data repository scanning in 311 ms. Found 41 JPA repository interfaces.
{"timestamp":"2024-12-01T15:10:27.667-0500","level":"INFO","logger":"org.springframework.data.repository.config.RepositoryConfigurationDelegate","thread":"main","message":"Finished Spring Data repository scanning in 311 ms. Found 41 JPA repository interfaces.","exception":""}
2024-12-01T15:10:27.962-05:00  INFO 5840 --- [           main] com.zaxxer.hikari.HikariDataSource       : HikariPool-5 - Starting...
{"timestamp":"2024-12-01T15:10:27.962-0500","level":"INFO","logger":"com.zaxxer.hikari.HikariDataSource","thread":"main","message":"HikariPool-5 - Starting...","exception":""}
2024-12-01T15:10:27.966-05:00  INFO 5840 --- [           main] com.zaxxer.hikari.pool.HikariPool        : HikariPool-5 - Added connection conn40: url=jdbc:h2:mem:testdb user=ADMIN
{"timestamp":"2024-12-01T15:10:27.966-0500","level":"INFO","logger":"com.zaxxer.hikari.pool.HikariPool","thread":"main","message":"HikariPool-5 - Added connection conn40: url=jdbc:h2:mem:testdb user=ADMIN","exception":""}
2024-12-01T15:10:27.968-05:00  INFO 5840 --- [           main] com.zaxxer.hikari.HikariDataSource       : HikariPool-5 - Start completed.
{"timestamp":"2024-12-01T15:10:27.968-0500","level":"INFO","logger":"com.zaxxer.hikari.HikariDataSource","thread":"main","message":"HikariPool-5 - Start completed.","exception":""}
2024-12-01T15:10:27.973-05:00  INFO 5840 --- [           main] o.hibernate.jpa.internal.util.LogHelper  : HHH000204: Processing PersistenceUnitInfo [name: default]
{"timestamp":"2024-12-01T15:10:27.973-0500","level":"INFO","logger":"org.hibernate.jpa.internal.util.LogHelper","thread":"main","message":"HHH000204: Processing PersistenceUnitInfo [name: default]","exception":""}
2024-12-01T15:10:28.026-05:00  INFO 5840 --- [           main] o.s.o.j.p.SpringPersistenceUnitInfo      : No LoadTimeWeaver setup: ignoring JPA class transformer
{"timestamp":"2024-12-01T15:10:28.026-0500","level":"INFO","logger":"org.springframework.orm.jpa.persistenceunit.SpringPersistenceUnitInfo","thread":"main","message":"No LoadTimeWeaver setup: ignoring JPA class transformer","exception":""}
2024-12-01T15:10:28.029-05:00  WARN 5840 --- [           main] org.hibernate.orm.deprecation            : HHH90000025: H2Dialect does not need to be specified explicitly using 'hibernate.dialect' (remove the property setting and it will be selected by default)
{"timestamp":"2024-12-01T15:10:28.029-0500","level":"WARN","logger":"org.hibernate.orm.deprecation","thread":"main","message":"HHH90000025: H2Dialect does not need to be specified explicitly using 'hibernate.dialect' (remove the property setting and it will be selected by default)","exception":""}
2024-12-01T15:10:29.052-05:00  INFO 5840 --- [           main] o.h.e.t.j.p.i.JtaPlatformInitiator       : HHH000489: No JTA platform available (set 'hibernate.transaction.jta.platform' to enable JTA platform integration)
{"timestamp":"2024-12-01T15:10:29.052-0500","level":"INFO","logger":"org.hibernate.engine.transaction.jta.platform.internal.JtaPlatformInitiator","thread":"main","message":"HHH000489: No JTA platform available (set 'hibernate.transaction.jta.platform' to enable JTA platform integration)","exception":""}
2024-12-01T15:10:29.217-05:00  INFO 5840 --- [           main] j.LocalContainerEntityManagerFactoryBean : Initialized JPA EntityManagerFactory for persistence unit 'default'
{"timestamp":"2024-12-01T15:10:29.217-0500","level":"INFO","logger":"org.springframework.orm.jpa.LocalContainerEntityManagerFactoryBean","thread":"main","message":"Initialized JPA EntityManagerFactory for persistence unit 'default'","exception":""}
2024-12-01T15:10:30.108-05:00  WARN 5840 --- [           main] JpaBaseConfiguration$JpaWebConfiguration : spring.jpa.open-in-view is enabled by default. Therefore, database queries may be performed during view rendering. Explicitly configure spring.jpa.open-in-view to disable this warning
{"timestamp":"2024-12-01T15:10:30.108-0500","level":"WARN","logger":"org.springframework.boot.autoconfigure.orm.jpa.JpaBaseConfiguration$JpaWebConfiguration","thread":"main","message":"spring.jpa.open-in-view is enabled by default. Therefore, database queries may be performed during view rendering. Explicitly configure spring.jpa.open-in-view to disable this warning","exception":""}
2024-12-01T15:10:30.123-05:00  WARN 5840 --- [           main] .s.s.UserDetailsServiceAutoConfiguration : 

Using generated security password: 8b575413-2ce3-43d2-ab03-e12f9ab4af27

This generated password is for development use only. Your security configuration must be updated before running your application in production.

{"timestamp":"2024-12-01T15:10:30.123-0500","level":"WARN","logger":"org.springframework.boot.autoconfigure.security.servlet.UserDetailsServiceAutoConfiguration","thread":"main","message":"\r\n\r\nUsing generated security password: 8b575413-2ce3-43d2-ab03-e12f9ab4af27\r\n\r\nThis generated password is for development use only. Your security configuration must be updated before running your application in production.\r\n","exception":""}
2024-12-01T15:10:30.158-05:00  INFO 5840 --- [           main] o.s.s.web.DefaultSecurityFilterChain     : Will secure any request with [org.springframework.security.web.session.DisableEncodeUrlFilter@77f2933c, org.springframework.security.web.context.request.async.WebAsyncManagerIntegrationFilter@3d7b1bf1, org.springframework.security.web.context.SecurityContextHolderFilter@484a869, org.springframework.security.web.header.HeaderWriterFilter@3bca393d, org.springframework.web.filter.CorsFilter@3c56aa06, org.springframework.security.web.authentication.logout.LogoutFilter@9e86566, co.edu.icesi.dev.outcome_curr_mgmt.saamfi.filters.SaamfiAuthenticationFilter@6c853a13, org.springframework.security.web.savedrequest.RequestCacheAwareFilter@2b0afc1d, org.springframework.security.web.servletapi.SecurityContextHolderAwareRequestFilter@41632b90, org.springframework.security.web.authentication.AnonymousAuthenticationFilter@59ac827a, org.springframework.security.web.session.SessionManagementFilter@4605e032, org.springframework.security.web.access.ExceptionTranslationFilter@444d6d81, org.springframework.security.web.access.intercept.AuthorizationFilter@2d1900c6]
{"timestamp":"2024-12-01T15:10:30.158-0500","level":"INFO","logger":"org.springframework.security.web.DefaultSecurityFilterChain","thread":"main","message":"Will secure any request with [org.springframework.security.web.session.DisableEncodeUrlFilter@77f2933c, org.springframework.security.web.context.request.async.WebAsyncManagerIntegrationFilter@3d7b1bf1, org.springframework.security.web.context.SecurityContextHolderFilter@484a869, org.springframework.security.web.header.HeaderWriterFilter@3bca393d, org.springframework.web.filter.CorsFilter@3c56aa06, org.springframework.security.web.authentication.logout.LogoutFilter@9e86566, co.edu.icesi.dev.outcome_curr_mgmt.saamfi.filters.SaamfiAuthenticationFilter@6c853a13, org.springframework.security.web.savedrequest.RequestCacheAwareFilter@2b0afc1d, org.springframework.security.web.servletapi.SecurityContextHolderAwareRequestFilter@41632b90, org.springframework.security.web.authentication.AnonymousAuthenticationFilter@59ac827a, org.springframework.security.web.session.SessionManagementFilter@4605e032, org.springframework.security.web.access.ExceptionTranslationFilter@444d6d81, org.springframework.security.web.access.intercept.AuthorizationFilter@2d1900c6]","exception":""}
2024-12-01T15:10:30.724-05:00  INFO 5840 --- [           main] o.s.b.a.h2.H2ConsoleAutoConfiguration    : H2 console available at '/h2-console'. Database available at 'jdbc:h2:mem:testdb'
{"timestamp":"2024-12-01T15:10:30.724-0500","level":"INFO","logger":"org.springframework.boot.autoconfigure.h2.H2ConsoleAutoConfiguration","thread":"main","message":"H2 console available at '/h2-console'. Database available at 'jdbc:h2:mem:testdb'","exception":""}
2024-12-01T15:10:30.751-05:00  INFO 5840 --- [           main] o.s.b.a.e.web.EndpointLinksResolver      : Exposing 13 endpoint(s) beneath base path '/actuator'
{"timestamp":"2024-12-01T15:10:30.751-0500","level":"INFO","logger":"org.springframework.boot.actuate.endpoint.web.EndpointLinksResolver","thread":"main","message":"Exposing 13 endpoint(s) beneath base path '/actuator'","exception":""}
2024-12-01T15:10:30.799-05:00  INFO 5840 --- [           main] c.e.i.d.o.p.c.StudOutcomeRepositoryTest  : Started StudOutcomeRepositoryTest in 4.466 seconds (process running for 73.923)
{"timestamp":"2024-12-01T15:10:30.799-0500","level":"INFO","logger":"co.edu.icesi.dev.outcome_curr_mgmt.persistence.curriculum_qa.StudOutcomeRepositoryTest","thread":"main","message":"Started StudOutcomeRepositoryTest in 4.466 seconds (process running for 73.923)","exception":""}
]]></system-out>
  </testcase>
</testsuite>