<?xml version="1.0" encoding="UTF-8"?>
<testsuite xmlns:xsi="http://www.w3.org/2001/XMLSchema-instance" xsi:noNamespaceSchemaLocation="https://maven.apache.org/surefire/maven-surefire-plugin/xsd/surefire-test-report-3.0.xsd" version="3.0" name="co.edu.icesi.dev.outcome_curr_mgmt.persistence.curriculum_qa.StudOutcomeRepositoryTest" time="8.418" tests="4" errors="0" skipped="0" failures="0">
  <properties>
    <property name="java.specification.version" value="17"/>
    <property name="sun.jnu.encoding" value="UTF-8"/>
    <property name="java.class.path" value="/Users/andres/Desktop/Universidad/IngSoft_5/ProyectoInge5/outcome-curr-mgmt/target/test-classes:/Users/andres/Desktop/Universidad/IngSoft_5/ProyectoInge5/outcome-curr-mgmt/target/classes:/Users/andres/.m2/repository/org/springframework/boot/spring-boot-starter-data-jpa/3.1.5/spring-boot-starter-data-jpa-3.1.5.jar:/Users/andres/.m2/repository/org/springframework/boot/spring-boot-starter-aop/3.1.5/spring-boot-starter-aop-3.1.5.jar:/Users/andres/.m2/repository/org/aspectj/aspectjweaver/1.9.20/aspectjweaver-1.9.20.jar:/Users/andres/.m2/repository/org/springframework/boot/spring-boot-starter-jdbc/3.1.5/spring-boot-starter-jdbc-3.1.5.jar:/Users/andres/.m2/repository/com/zaxxer/HikariCP/5.0.1/HikariCP-5.0.1.jar:/Users/andres/.m2/repository/org/springframework/spring-jdbc/6.0.13/spring-jdbc-6.0.13.jar:/Users/andres/.m2/repository/org/hibernate/orm/hibernate-core/6.2.13.Final/hibernate-core-6.2.13.Final.jar:/Users/andres/.m2/repository/jakarta/persistence/jakarta.persistence-api/3.1.0/jakarta.persistence-api-3.1.0.jar:/Users/andres/.m2/repository/jakarta/transaction/jakarta.transaction-api/2.0.1/jakarta.transaction-api-2.0.1.jar:/Users/andres/.m2/repository/org/jboss/logging/jboss-logging/3.5.3.Final/jboss-logging-3.5.3.Final.jar:/Users/andres/.m2/repository/org/hibernate/common/hibernate-commons-annotations/6.0.6.Final/hibernate-commons-annotations-6.0.6.Final.jar:/Users/andres/.m2/repository/io/smallrye/jandex/3.0.5/jandex-3.0.5.jar:/Users/andres/.m2/repository/com/fasterxml/classmate/1.5.1/classmate-1.5.1.jar:/Users/andres/.m2/repository/net/bytebuddy/byte-buddy/1.14.9/byte-buddy-1.14.9.jar:/Users/andres/.m2/repository/org/glassfish/jaxb/jaxb-runtime/4.0.3/jaxb-runtime-4.0.3.jar:/Users/andres/.m2/repository/org/glassfish/jaxb/jaxb-core/4.0.3/jaxb-core-4.0.3.jar:/Users/andres/.m2/repository/org/eclipse/angus/angus-activation/2.0.1/angus-activation-2.0.1.jar:/Users/andres/.m2/repository/org/glassfish/jaxb/txw2/4.0.3/txw2-4.0.3.jar:/Users/andres/.m2/repository/com/sun/istack/istack-commons-runtime/4.1.2/istack-commons-runtime-4.1.2.jar:/Users/andres/.m2/repository/jakarta/inject/jakarta.inject-api/2.0.1/jakarta.inject-api-2.0.1.jar:/Users/andres/.m2/repository/org/antlr/antlr4-runtime/4.10.1/antlr4-runtime-4.10.1.jar:/Users/andres/.m2/repository/org/springframework/data/spring-data-jpa/3.1.5/spring-data-jpa-3.1.5.jar:/Users/andres/.m2/repository/org/springframework/spring-orm/6.0.13/spring-orm-6.0.13.jar:/Users/andres/.m2/repository/org/springframework/spring-tx/6.0.13/spring-tx-6.0.13.jar:/Users/andres/.m2/repository/jakarta/annotation/jakarta.annotation-api/2.1.1/jakarta.annotation-api-2.1.1.jar:/Users/andres/.m2/repository/org/slf4j/slf4j-api/2.0.9/slf4j-api-2.0.9.jar:/Users/andres/.m2/repository/org/springframework/spring-aspects/6.0.13/spring-aspects-6.0.13.jar:/Users/andres/.m2/repository/com/h2database/h2/2.1.214/h2-2.1.214.jar:/Users/andres/.m2/repository/org/springframework/security/spring-security-config/6.1.5/spring-security-config-6.1.5.jar:/Users/andres/.m2/repository/org/springframework/security/spring-security-core/6.1.5/spring-security-core-6.1.5.jar:/Users/andres/.m2/repository/org/springframework/security/spring-security-crypto/6.1.5/spring-security-crypto-6.1.5.jar:/Users/andres/.m2/repository/org/springframework/spring-expression/6.0.13/spring-expression-6.0.13.jar:/Users/andres/.m2/repository/org/springframework/spring-aop/6.0.13/spring-aop-6.0.13.jar:/Users/andres/.m2/repository/org/springframework/spring-beans/6.0.13/spring-beans-6.0.13.jar:/Users/andres/.m2/repository/org/springframework/spring-context/6.0.13/spring-context-6.0.13.jar:/Users/andres/.m2/repository/org/springframework/spring-core/6.0.13/spring-core-6.0.13.jar:/Users/andres/.m2/repository/org/springframework/spring-jcl/6.0.13/spring-jcl-6.0.13.jar:/Users/andres/.m2/repository/org/springframework/boot/spring-boot-starter-test/3.1.5/spring-boot-starter-test-3.1.5.jar:/Users/andres/.m2/repository/org/springframework/boot/spring-boot-starter/3.1.5/spring-boot-starter-3.1.5.jar:/Users/andres/.m2/repository/org/springframework/boot/spring-boot/3.1.5/spring-boot-3.1.5.jar:/Users/andres/.m2/repository/org/springframework/boot/spring-boot-autoconfigure/3.1.5/spring-boot-autoconfigure-3.1.5.jar:/Users/andres/.m2/repository/org/springframework/boot/spring-boot-starter-logging/3.1.5/spring-boot-starter-logging-3.1.5.jar:/Users/andres/.m2/repository/ch/qos/logback/logback-classic/1.4.11/logback-classic-1.4.11.jar:/Users/andres/.m2/repository/ch/qos/logback/logback-core/1.4.11/logback-core-1.4.11.jar:/Users/andres/.m2/repository/org/apache/logging/log4j/log4j-to-slf4j/2.20.0/log4j-to-slf4j-2.20.0.jar:/Users/andres/.m2/repository/org/apache/logging/log4j/log4j-api/2.20.0/log4j-api-2.20.0.jar:/Users/andres/.m2/repository/org/slf4j/jul-to-slf4j/2.0.9/jul-to-slf4j-2.0.9.jar:/Users/andres/.m2/repository/org/yaml/snakeyaml/1.33/snakeyaml-1.33.jar:/Users/andres/.m2/repository/org/springframework/boot/spring-boot-test/3.1.5/spring-boot-test-3.1.5.jar:/Users/andres/.m2/repository/org/springframework/boot/spring-boot-test-autoconfigure/3.1.5/spring-boot-test-autoconfigure-3.1.5.jar:/Users/andres/.m2/repository/com/jayway/jsonpath/json-path/2.8.0/json-path-2.8.0.jar:/Users/andres/.m2/repository/jakarta/xml/bind/jakarta.xml.bind-api/4.0.1/jakarta.xml.bind-api-4.0.1.jar:/Users/andres/.m2/repository/jakarta/activation/jakarta.activation-api/2.1.2/jakarta.activation-api-2.1.2.jar:/Users/andres/.m2/repository/net/minidev/json-smart/2.4.11/json-smart-2.4.11.jar:/Users/andres/.m2/repository/net/minidev/accessors-smart/2.4.11/accessors-smart-2.4.11.jar:/Users/andres/.m2/repository/org/assertj/assertj-core/3.24.2/assertj-core-3.24.2.jar:/Users/andres/.m2/repository/org/hamcrest/hamcrest/2.2/hamcrest-2.2.jar:/Users/andres/.m2/repository/org/junit/jupiter/junit-jupiter/5.9.3/junit-jupiter-5.9.3.jar:/Users/andres/.m2/repository/org/junit/jupiter/junit-jupiter-params/5.9.3/junit-jupiter-params-5.9.3.jar:/Users/andres/.m2/repository/org/junit/jupiter/junit-jupiter-engine/5.9.3/junit-jupiter-engine-5.9.3.jar:/Users/andres/.m2/repository/org/junit/platform/junit-platform-engine/1.9.3/junit-platform-engine-1.9.3.jar:/Users/andres/.m2/repository/org/mockito/mockito-core/5.3.1/mockito-core-5.3.1.jar:/Users/andres/.m2/repository/net/bytebuddy/byte-buddy-agent/1.14.9/byte-buddy-agent-1.14.9.jar:/Users/andres/.m2/repository/org/objenesis/objenesis/3.3/objenesis-3.3.jar:/Users/andres/.m2/repository/org/skyscreamer/jsonassert/1.5.1/jsonassert-1.5.1.jar:/Users/andres/.m2/repository/com/vaadin/external/google/android-json/0.0.20131108.vaadin1/android-json-0.0.20131108.vaadin1.jar:/Users/andres/.m2/repository/org/springframework/spring-test/6.0.13/spring-test-6.0.13.jar:/Users/andres/.m2/repository/org/xmlunit/xmlunit-core/2.9.1/xmlunit-core-2.9.1.jar:/Users/andres/.m2/repository/org/springframework/boot/spring-boot-starter-validation/3.1.5/spring-boot-starter-validation-3.1.5.jar:/Users/andres/.m2/repository/org/apache/tomcat/embed/tomcat-embed-el/10.1.15/tomcat-embed-el-10.1.15.jar:/Users/andres/.m2/repository/org/hibernate/validator/hibernate-validator/8.0.1.Final/hibernate-validator-8.0.1.Final.jar:/Users/andres/.m2/repository/jakarta/validation/jakarta.validation-api/3.0.2/jakarta.validation-api-3.0.2.jar:/Users/andres/.m2/repository/org/springframework/boot/spring-boot-starter-cache/3.1.5/spring-boot-starter-cache-3.1.5.jar:/Users/andres/.m2/repository/org/springframework/spring-context-support/6.0.13/spring-context-support-6.0.13.jar:/Users/andres/.m2/repository/org/projectlombok/lombok/1.18.30/lombok-1.18.30.jar:/Users/andres/.m2/repository/org/mapstruct/mapstruct/1.5.5.Final/mapstruct-1.5.5.Final.jar:/Users/andres/.m2/repository/org/mapstruct/mapstruct-processor/1.5.5.Final/mapstruct-processor-1.5.5.Final.jar:/Users/andres/.m2/repository/co/edu/icesi/dev/outcome-curr-mgmt/outcome-curr-mgmt-api/1.0-SNAPSHOT/outcome-curr-mgmt-api-1.0-SNAPSHOT.jar:/Users/andres/.m2/repository/org/springframework/boot/spring-boot-starter-security/3.1.5/spring-boot-starter-security-3.1.5.jar:/Users/andres/.m2/repository/org/springframework/security/spring-security-web/6.1.5/spring-security-web-6.1.5.jar:/Users/andres/.m2/repository/org/springframework/boot/spring-boot-starter-web/3.1.5/spring-boot-starter-web-3.1.5.jar:/Users/andres/.m2/repository/org/springframework/boot/spring-boot-starter-json/3.1.5/spring-boot-starter-json-3.1.5.jar:/Users/andres/.m2/repository/com/fasterxml/jackson/datatype/jackson-datatype-jdk8/2.15.3/jackson-datatype-jdk8-2.15.3.jar:/Users/andres/.m2/repository/com/fasterxml/jackson/module/jackson-module-parameter-names/2.15.3/jackson-module-parameter-names-2.15.3.jar:/Users/andres/.m2/repository/org/springframework/boot/spring-boot-starter-tomcat/3.1.5/spring-boot-starter-tomcat-3.1.5.jar:/Users/andres/.m2/repository/org/apache/tomcat/embed/tomcat-embed-core/10.1.15/tomcat-embed-core-10.1.15.jar:/Users/andres/.m2/repository/org/apache/tomcat/embed/tomcat-embed-websocket/10.1.15/tomcat-embed-websocket-10.1.15.jar:/Users/andres/.m2/repository/org/springframework/spring-web/6.0.13/spring-web-6.0.13.jar:/Users/andres/.m2/repository/org/springframework/spring-webmvc/6.0.13/spring-webmvc-6.0.13.jar:/Users/andres/.m2/repository/io/jsonwebtoken/jjwt-api/0.11.2/jjwt-api-0.11.2.jar:/Users/andres/.m2/repository/io/jsonwebtoken/jjwt-impl/0.11.2/jjwt-impl-0.11.2.jar:/Users/andres/.m2/repository/io/jsonwebtoken/jjwt-jackson/0.11.2/jjwt-jackson-0.11.2.jar:/Users/andres/.m2/repository/com/fasterxml/jackson/core/jackson-databind/2.15.3/jackson-databind-2.15.3.jar:/Users/andres/.m2/repository/com/fasterxml/jackson/core/jackson-annotations/2.15.3/jackson-annotations-2.15.3.jar:/Users/andres/.m2/repository/com/fasterxml/jackson/core/jackson-core/2.15.3/jackson-core-2.15.3.jar:/Users/andres/.m2/repository/io/swagger/swagger-annotations/1.6.11/swagger-annotations-1.6.11.jar:/Users/andres/.m2/repository/org/springdoc/springdoc-openapi-starter-webmvc-ui/2.2.0/springdoc-openapi-starter-webmvc-ui-2.2.0.jar:/Users/andres/.m2/repository/org/springdoc/springdoc-openapi-starter-webmvc-api/2.2.0/springdoc-openapi-starter-webmvc-api-2.2.0.jar:/Users/andres/.m2/repository/org/springdoc/springdoc-openapi-starter-common/2.2.0/springdoc-openapi-starter-common-2.2.0.jar:/Users/andres/.m2/repository/io/swagger/core/v3/swagger-core-jakarta/2.2.15/swagger-core-jakarta-2.2.15.jar:/Users/andres/.m2/repository/org/apache/commons/commons-lang3/3.12.0/commons-lang3-3.12.0.jar:/Users/andres/.m2/repository/io/swagger/core/v3/swagger-annotations-jakarta/2.2.15/swagger-annotations-jakarta-2.2.15.jar:/Users/andres/.m2/repository/io/swagger/core/v3/swagger-models-jakarta/2.2.15/swagger-models-jakarta-2.2.15.jar:/Users/andres/.m2/repository/com/fasterxml/jackson/dataformat/jackson-dataformat-yaml/2.15.3/jackson-dataformat-yaml-2.15.3.jar:/Users/andres/.m2/repository/org/webjars/swagger-ui/5.2.0/swagger-ui-5.2.0.jar:/Users/andres/.m2/repository/org/apache/httpcomponents/core5/httpcore5/5.2.3/httpcore5-5.2.3.jar:/Users/andres/.m2/repository/org/springframework/data/spring-data-commons/3.1.5/spring-data-commons-3.1.5.jar:/Users/andres/.m2/repository/org/mockito/mockito-junit-jupiter/5.3.1/mockito-junit-jupiter-5.3.1.jar:/Users/andres/.m2/repository/org/junit/jupiter/junit-jupiter-api/5.9.3/junit-jupiter-api-5.9.3.jar:/Users/andres/.m2/repository/org/opentest4j/opentest4j/1.2.0/opentest4j-1.2.0.jar:/Users/andres/.m2/repository/org/junit/platform/junit-platform-commons/1.9.3/junit-platform-commons-1.9.3.jar:/Users/andres/.m2/repository/org/apiguardian/apiguardian-api/1.1.2/apiguardian-api-1.1.2.jar:/Users/andres/.m2/repository/org/jacoco/jacoco-maven-plugin/0.8.11/jacoco-maven-plugin-0.8.11.jar:/Users/andres/.m2/repository/org/codehaus/plexus/plexus-utils/3.0.24/plexus-utils-3.0.24.jar:/Users/andres/.m2/repository/org/apache/maven/shared/file-management/3.1.0/file-management-3.1.0.jar:/Users/andres/.m2/repository/commons-io/commons-io/2.11.0/commons-io-2.11.0.jar:/Users/andres/.m2/repository/org/apache/maven/reporting/maven-reporting-api/3.0/maven-reporting-api-3.0.jar:/Users/andres/.m2/repository/org/apache/maven/doxia/doxia-sink-api/1.0/doxia-sink-api-1.0.jar:/Users/andres/.m2/repository/org/jacoco/org.jacoco.agent/0.8.11/org.jacoco.agent-0.8.11-runtime.jar:/Users/andres/.m2/repository/org/jacoco/org.jacoco.core/0.8.11/org.jacoco.core-0.8.11.jar:/Users/andres/.m2/repository/org/ow2/asm/asm/9.6/asm-9.6.jar:/Users/andres/.m2/repository/org/ow2/asm/asm-commons/9.6/asm-commons-9.6.jar:/Users/andres/.m2/repository/org/ow2/asm/asm-tree/9.6/asm-tree-9.6.jar:/Users/andres/.m2/repository/org/jacoco/org.jacoco.report/0.8.11/org.jacoco.report-0.8.11.jar:/Users/andres/.m2/repository/org/springframework/boot/spring-boot-starter-actuator/3.1.5/spring-boot-starter-actuator-3.1.5.jar:/Users/andres/.m2/repository/org/springframework/boot/spring-boot-actuator-autoconfigure/3.1.5/spring-boot-actuator-autoconfigure-3.1.5.jar:/Users/andres/.m2/repository/org/springframework/boot/spring-boot-actuator/3.1.5/spring-boot-actuator-3.1.5.jar:/Users/andres/.m2/repository/com/fasterxml/jackson/datatype/jackson-datatype-jsr310/2.15.3/jackson-datatype-jsr310-2.15.3.jar:/Users/andres/.m2/repository/io/micrometer/micrometer-observation/1.11.5/micrometer-observation-1.11.5.jar:/Users/andres/.m2/repository/io/micrometer/micrometer-commons/1.11.5/micrometer-commons-1.11.5.jar:/Users/andres/.m2/repository/io/micrometer/micrometer-core/1.11.5/micrometer-core-1.11.5.jar:/Users/andres/.m2/repository/org/hdrhistogram/HdrHistogram/2.1.12/HdrHistogram-2.1.12.jar:/Users/andres/.m2/repository/org/latencyutils/LatencyUtils/2.0.3/LatencyUtils-2.0.3.jar:/Users/andres/.m2/repository/io/micrometer/micrometer-registry-prometheus/1.11.5/micrometer-registry-prometheus-1.11.5.jar:/Users/andres/.m2/repository/io/prometheus/simpleclient_common/0.16.0/simpleclient_common-0.16.0.jar:/Users/andres/.m2/repository/io/prometheus/simpleclient/0.16.0/simpleclient-0.16.0.jar:/Users/andres/.m2/repository/io/prometheus/simpleclient_tracer_otel/0.16.0/simpleclient_tracer_otel-0.16.0.jar:/Users/andres/.m2/repository/io/prometheus/simpleclient_tracer_common/0.16.0/simpleclient_tracer_common-0.16.0.jar:/Users/andres/.m2/repository/io/prometheus/simpleclient_tracer_otel_agent/0.16.0/simpleclient_tracer_otel_agent-0.16.0.jar:/Users/andres/.m2/repository/com/googlecode/json-simple/json-simple/1.1.1/json-simple-1.1.1.jar:/Users/andres/.m2/repository/junit/junit/4.13.2/junit-4.13.2.jar:/Users/andres/.m2/repository/org/hamcrest/hamcrest-core/2.2/hamcrest-core-2.2.jar:"/>
    <property name="java.vm.vendor" value="Oracle Corporation"/>
    <property name="sun.arch.data.model" value="64"/>
    <property name="java.vendor.url" value="https://java.oracle.com/"/>
    <property name="user.timezone" value="America/Bogota"/>
    <property name="org.jboss.logging.provider" value="slf4j"/>
    <property name="os.name" value="Mac OS X"/>
    <property name="java.vm.specification.version" value="17"/>
    <property name="sun.java.launcher" value="SUN_STANDARD"/>
    <property name="user.country" value="CO"/>
    <property name="sun.boot.library.path" value="/Library/Java/JavaVirtualMachines/jdk-17.jdk/Contents/Home/lib"/>
    <property name="sun.java.command" value="/Users/andres/Desktop/Universidad/IngSoft_5/ProyectoInge5/outcome-curr-mgmt/target/surefire/surefirebooter-20241130175202108_3.jar /Users/andres/Desktop/Universidad/IngSoft_5/ProyectoInge5/outcome-curr-mgmt/target/surefire 2024-11-30T17-52-02_053-jvmRun1 surefire-20241130175202108_1tmp surefire_0-20241130175202108_2tmp"/>
    <property name="http.nonProxyHosts" value="local|*.local|169.254/16|*.169.254/16"/>
    <property name="jdk.debug" value="release"/>
    <property name="surefire.test.class.path" value="/Users/andres/Desktop/Universidad/IngSoft_5/ProyectoInge5/outcome-curr-mgmt/target/test-classes:/Users/andres/Desktop/Universidad/IngSoft_5/ProyectoInge5/outcome-curr-mgmt/target/classes:/Users/andres/.m2/repository/org/springframework/boot/spring-boot-starter-data-jpa/3.1.5/spring-boot-starter-data-jpa-3.1.5.jar:/Users/andres/.m2/repository/org/springframework/boot/spring-boot-starter-aop/3.1.5/spring-boot-starter-aop-3.1.5.jar:/Users/andres/.m2/repository/org/aspectj/aspectjweaver/1.9.20/aspectjweaver-1.9.20.jar:/Users/andres/.m2/repository/org/springframework/boot/spring-boot-starter-jdbc/3.1.5/spring-boot-starter-jdbc-3.1.5.jar:/Users/andres/.m2/repository/com/zaxxer/HikariCP/5.0.1/HikariCP-5.0.1.jar:/Users/andres/.m2/repository/org/springframework/spring-jdbc/6.0.13/spring-jdbc-6.0.13.jar:/Users/andres/.m2/repository/org/hibernate/orm/hibernate-core/6.2.13.Final/hibernate-core-6.2.13.Final.jar:/Users/andres/.m2/repository/jakarta/persistence/jakarta.persistence-api/3.1.0/jakarta.persistence-api-3.1.0.jar:/Users/andres/.m2/repository/jakarta/transaction/jakarta.transaction-api/2.0.1/jakarta.transaction-api-2.0.1.jar:/Users/andres/.m2/repository/org/jboss/logging/jboss-logging/3.5.3.Final/jboss-logging-3.5.3.Final.jar:/Users/andres/.m2/repository/org/hibernate/common/hibernate-commons-annotations/6.0.6.Final/hibernate-commons-annotations-6.0.6.Final.jar:/Users/andres/.m2/repository/io/smallrye/jandex/3.0.5/jandex-3.0.5.jar:/Users/andres/.m2/repository/com/fasterxml/classmate/1.5.1/classmate-1.5.1.jar:/Users/andres/.m2/repository/net/bytebuddy/byte-buddy/1.14.9/byte-buddy-1.14.9.jar:/Users/andres/.m2/repository/org/glassfish/jaxb/jaxb-runtime/4.0.3/jaxb-runtime-4.0.3.jar:/Users/andres/.m2/repository/org/glassfish/jaxb/jaxb-core/4.0.3/jaxb-core-4.0.3.jar:/Users/andres/.m2/repository/org/eclipse/angus/angus-activation/2.0.1/angus-activation-2.0.1.jar:/Users/andres/.m2/repository/org/glassfish/jaxb/txw2/4.0.3/txw2-4.0.3.jar:/Users/andres/.m2/repository/com/sun/istack/istack-commons-runtime/4.1.2/istack-commons-runtime-4.1.2.jar:/Users/andres/.m2/repository/jakarta/inject/jakarta.inject-api/2.0.1/jakarta.inject-api-2.0.1.jar:/Users/andres/.m2/repository/org/antlr/antlr4-runtime/4.10.1/antlr4-runtime-4.10.1.jar:/Users/andres/.m2/repository/org/springframework/data/spring-data-jpa/3.1.5/spring-data-jpa-3.1.5.jar:/Users/andres/.m2/repository/org/springframework/spring-orm/6.0.13/spring-orm-6.0.13.jar:/Users/andres/.m2/repository/org/springframework/spring-tx/6.0.13/spring-tx-6.0.13.jar:/Users/andres/.m2/repository/jakarta/annotation/jakarta.annotation-api/2.1.1/jakarta.annotation-api-2.1.1.jar:/Users/andres/.m2/repository/org/slf4j/slf4j-api/2.0.9/slf4j-api-2.0.9.jar:/Users/andres/.m2/repository/org/springframework/spring-aspects/6.0.13/spring-aspects-6.0.13.jar:/Users/andres/.m2/repository/com/h2database/h2/2.1.214/h2-2.1.214.jar:/Users/andres/.m2/repository/org/springframework/security/spring-security-config/6.1.5/spring-security-config-6.1.5.jar:/Users/andres/.m2/repository/org/springframework/security/spring-security-core/6.1.5/spring-security-core-6.1.5.jar:/Users/andres/.m2/repository/org/springframework/security/spring-security-crypto/6.1.5/spring-security-crypto-6.1.5.jar:/Users/andres/.m2/repository/org/springframework/spring-expression/6.0.13/spring-expression-6.0.13.jar:/Users/andres/.m2/repository/org/springframework/spring-aop/6.0.13/spring-aop-6.0.13.jar:/Users/andres/.m2/repository/org/springframework/spring-beans/6.0.13/spring-beans-6.0.13.jar:/Users/andres/.m2/repository/org/springframework/spring-context/6.0.13/spring-context-6.0.13.jar:/Users/andres/.m2/repository/org/springframework/spring-core/6.0.13/spring-core-6.0.13.jar:/Users/andres/.m2/repository/org/springframework/spring-jcl/6.0.13/spring-jcl-6.0.13.jar:/Users/andres/.m2/repository/org/springframework/boot/spring-boot-starter-test/3.1.5/spring-boot-starter-test-3.1.5.jar:/Users/andres/.m2/repository/org/springframework/boot/spring-boot-starter/3.1.5/spring-boot-starter-3.1.5.jar:/Users/andres/.m2/repository/org/springframework/boot/spring-boot/3.1.5/spring-boot-3.1.5.jar:/Users/andres/.m2/repository/org/springframework/boot/spring-boot-autoconfigure/3.1.5/spring-boot-autoconfigure-3.1.5.jar:/Users/andres/.m2/repository/org/springframework/boot/spring-boot-starter-logging/3.1.5/spring-boot-starter-logging-3.1.5.jar:/Users/andres/.m2/repository/ch/qos/logback/logback-classic/1.4.11/logback-classic-1.4.11.jar:/Users/andres/.m2/repository/ch/qos/logback/logback-core/1.4.11/logback-core-1.4.11.jar:/Users/andres/.m2/repository/org/apache/logging/log4j/log4j-to-slf4j/2.20.0/log4j-to-slf4j-2.20.0.jar:/Users/andres/.m2/repository/org/apache/logging/log4j/log4j-api/2.20.0/log4j-api-2.20.0.jar:/Users/andres/.m2/repository/org/slf4j/jul-to-slf4j/2.0.9/jul-to-slf4j-2.0.9.jar:/Users/andres/.m2/repository/org/yaml/snakeyaml/1.33/snakeyaml-1.33.jar:/Users/andres/.m2/repository/org/springframework/boot/spring-boot-test/3.1.5/spring-boot-test-3.1.5.jar:/Users/andres/.m2/repository/org/springframework/boot/spring-boot-test-autoconfigure/3.1.5/spring-boot-test-autoconfigure-3.1.5.jar:/Users/andres/.m2/repository/com/jayway/jsonpath/json-path/2.8.0/json-path-2.8.0.jar:/Users/andres/.m2/repository/jakarta/xml/bind/jakarta.xml.bind-api/4.0.1/jakarta.xml.bind-api-4.0.1.jar:/Users/andres/.m2/repository/jakarta/activation/jakarta.activation-api/2.1.2/jakarta.activation-api-2.1.2.jar:/Users/andres/.m2/repository/net/minidev/json-smart/2.4.11/json-smart-2.4.11.jar:/Users/andres/.m2/repository/net/minidev/accessors-smart/2.4.11/accessors-smart-2.4.11.jar:/Users/andres/.m2/repository/org/assertj/assertj-core/3.24.2/assertj-core-3.24.2.jar:/Users/andres/.m2/repository/org/hamcrest/hamcrest/2.2/hamcrest-2.2.jar:/Users/andres/.m2/repository/org/junit/jupiter/junit-jupiter/5.9.3/junit-jupiter-5.9.3.jar:/Users/andres/.m2/repository/org/junit/jupiter/junit-jupiter-params/5.9.3/junit-jupiter-params-5.9.3.jar:/Users/andres/.m2/repository/org/junit/jupiter/junit-jupiter-engine/5.9.3/junit-jupiter-engine-5.9.3.jar:/Users/andres/.m2/repository/org/junit/platform/junit-platform-engine/1.9.3/junit-platform-engine-1.9.3.jar:/Users/andres/.m2/repository/org/mockito/mockito-core/5.3.1/mockito-core-5.3.1.jar:/Users/andres/.m2/repository/net/bytebuddy/byte-buddy-agent/1.14.9/byte-buddy-agent-1.14.9.jar:/Users/andres/.m2/repository/org/objenesis/objenesis/3.3/objenesis-3.3.jar:/Users/andres/.m2/repository/org/skyscreamer/jsonassert/1.5.1/jsonassert-1.5.1.jar:/Users/andres/.m2/repository/com/vaadin/external/google/android-json/0.0.20131108.vaadin1/android-json-0.0.20131108.vaadin1.jar:/Users/andres/.m2/repository/org/springframework/spring-test/6.0.13/spring-test-6.0.13.jar:/Users/andres/.m2/repository/org/xmlunit/xmlunit-core/2.9.1/xmlunit-core-2.9.1.jar:/Users/andres/.m2/repository/org/springframework/boot/spring-boot-starter-validation/3.1.5/spring-boot-starter-validation-3.1.5.jar:/Users/andres/.m2/repository/org/apache/tomcat/embed/tomcat-embed-el/10.1.15/tomcat-embed-el-10.1.15.jar:/Users/andres/.m2/repository/org/hibernate/validator/hibernate-validator/8.0.1.Final/hibernate-validator-8.0.1.Final.jar:/Users/andres/.m2/repository/jakarta/validation/jakarta.validation-api/3.0.2/jakarta.validation-api-3.0.2.jar:/Users/andres/.m2/repository/org/springframework/boot/spring-boot-starter-cache/3.1.5/spring-boot-starter-cache-3.1.5.jar:/Users/andres/.m2/repository/org/springframework/spring-context-support/6.0.13/spring-context-support-6.0.13.jar:/Users/andres/.m2/repository/org/projectlombok/lombok/1.18.30/lombok-1.18.30.jar:/Users/andres/.m2/repository/org/mapstruct/mapstruct/1.5.5.Final/mapstruct-1.5.5.Final.jar:/Users/andres/.m2/repository/org/mapstruct/mapstruct-processor/1.5.5.Final/mapstruct-processor-1.5.5.Final.jar:/Users/andres/.m2/repository/co/edu/icesi/dev/outcome-curr-mgmt/outcome-curr-mgmt-api/1.0-SNAPSHOT/outcome-curr-mgmt-api-1.0-SNAPSHOT.jar:/Users/andres/.m2/repository/org/springframework/boot/spring-boot-starter-security/3.1.5/spring-boot-starter-security-3.1.5.jar:/Users/andres/.m2/repository/org/springframework/security/spring-security-web/6.1.5/spring-security-web-6.1.5.jar:/Users/andres/.m2/repository/org/springframework/boot/spring-boot-starter-web/3.1.5/spring-boot-starter-web-3.1.5.jar:/Users/andres/.m2/repository/org/springframework/boot/spring-boot-starter-json/3.1.5/spring-boot-starter-json-3.1.5.jar:/Users/andres/.m2/repository/com/fasterxml/jackson/datatype/jackson-datatype-jdk8/2.15.3/jackson-datatype-jdk8-2.15.3.jar:/Users/andres/.m2/repository/com/fasterxml/jackson/module/jackson-module-parameter-names/2.15.3/jackson-module-parameter-names-2.15.3.jar:/Users/andres/.m2/repository/org/springframework/boot/spring-boot-starter-tomcat/3.1.5/spring-boot-starter-tomcat-3.1.5.jar:/Users/andres/.m2/repository/org/apache/tomcat/embed/tomcat-embed-core/10.1.15/tomcat-embed-core-10.1.15.jar:/Users/andres/.m2/repository/org/apache/tomcat/embed/tomcat-embed-websocket/10.1.15/tomcat-embed-websocket-10.1.15.jar:/Users/andres/.m2/repository/org/springframework/spring-web/6.0.13/spring-web-6.0.13.jar:/Users/andres/.m2/repository/org/springframework/spring-webmvc/6.0.13/spring-webmvc-6.0.13.jar:/Users/andres/.m2/repository/io/jsonwebtoken/jjwt-api/0.11.2/jjwt-api-0.11.2.jar:/Users/andres/.m2/repository/io/jsonwebtoken/jjwt-impl/0.11.2/jjwt-impl-0.11.2.jar:/Users/andres/.m2/repository/io/jsonwebtoken/jjwt-jackson/0.11.2/jjwt-jackson-0.11.2.jar:/Users/andres/.m2/repository/com/fasterxml/jackson/core/jackson-databind/2.15.3/jackson-databind-2.15.3.jar:/Users/andres/.m2/repository/com/fasterxml/jackson/core/jackson-annotations/2.15.3/jackson-annotations-2.15.3.jar:/Users/andres/.m2/repository/com/fasterxml/jackson/core/jackson-core/2.15.3/jackson-core-2.15.3.jar:/Users/andres/.m2/repository/io/swagger/swagger-annotations/1.6.11/swagger-annotations-1.6.11.jar:/Users/andres/.m2/repository/org/springdoc/springdoc-openapi-starter-webmvc-ui/2.2.0/springdoc-openapi-starter-webmvc-ui-2.2.0.jar:/Users/andres/.m2/repository/org/springdoc/springdoc-openapi-starter-webmvc-api/2.2.0/springdoc-openapi-starter-webmvc-api-2.2.0.jar:/Users/andres/.m2/repository/org/springdoc/springdoc-openapi-starter-common/2.2.0/springdoc-openapi-starter-common-2.2.0.jar:/Users/andres/.m2/repository/io/swagger/core/v3/swagger-core-jakarta/2.2.15/swagger-core-jakarta-2.2.15.jar:/Users/andres/.m2/repository/org/apache/commons/commons-lang3/3.12.0/commons-lang3-3.12.0.jar:/Users/andres/.m2/repository/io/swagger/core/v3/swagger-annotations-jakarta/2.2.15/swagger-annotations-jakarta-2.2.15.jar:/Users/andres/.m2/repository/io/swagger/core/v3/swagger-models-jakarta/2.2.15/swagger-models-jakarta-2.2.15.jar:/Users/andres/.m2/repository/com/fasterxml/jackson/dataformat/jackson-dataformat-yaml/2.15.3/jackson-dataformat-yaml-2.15.3.jar:/Users/andres/.m2/repository/org/webjars/swagger-ui/5.2.0/swagger-ui-5.2.0.jar:/Users/andres/.m2/repository/org/apache/httpcomponents/core5/httpcore5/5.2.3/httpcore5-5.2.3.jar:/Users/andres/.m2/repository/org/springframework/data/spring-data-commons/3.1.5/spring-data-commons-3.1.5.jar:/Users/andres/.m2/repository/org/mockito/mockito-junit-jupiter/5.3.1/mockito-junit-jupiter-5.3.1.jar:/Users/andres/.m2/repository/org/junit/jupiter/junit-jupiter-api/5.9.3/junit-jupiter-api-5.9.3.jar:/Users/andres/.m2/repository/org/opentest4j/opentest4j/1.2.0/opentest4j-1.2.0.jar:/Users/andres/.m2/repository/org/junit/platform/junit-platform-commons/1.9.3/junit-platform-commons-1.9.3.jar:/Users/andres/.m2/repository/org/apiguardian/apiguardian-api/1.1.2/apiguardian-api-1.1.2.jar:/Users/andres/.m2/repository/org/jacoco/jacoco-maven-plugin/0.8.11/jacoco-maven-plugin-0.8.11.jar:/Users/andres/.m2/repository/org/codehaus/plexus/plexus-utils/3.0.24/plexus-utils-3.0.24.jar:/Users/andres/.m2/repository/org/apache/maven/shared/file-management/3.1.0/file-management-3.1.0.jar:/Users/andres/.m2/repository/commons-io/commons-io/2.11.0/commons-io-2.11.0.jar:/Users/andres/.m2/repository/org/apache/maven/reporting/maven-reporting-api/3.0/maven-reporting-api-3.0.jar:/Users/andres/.m2/repository/org/apache/maven/doxia/doxia-sink-api/1.0/doxia-sink-api-1.0.jar:/Users/andres/.m2/repository/org/jacoco/org.jacoco.agent/0.8.11/org.jacoco.agent-0.8.11-runtime.jar:/Users/andres/.m2/repository/org/jacoco/org.jacoco.core/0.8.11/org.jacoco.core-0.8.11.jar:/Users/andres/.m2/repository/org/ow2/asm/asm/9.6/asm-9.6.jar:/Users/andres/.m2/repository/org/ow2/asm/asm-commons/9.6/asm-commons-9.6.jar:/Users/andres/.m2/repository/org/ow2/asm/asm-tree/9.6/asm-tree-9.6.jar:/Users/andres/.m2/repository/org/jacoco/org.jacoco.report/0.8.11/org.jacoco.report-0.8.11.jar:/Users/andres/.m2/repository/org/springframework/boot/spring-boot-starter-actuator/3.1.5/spring-boot-starter-actuator-3.1.5.jar:/Users/andres/.m2/repository/org/springframework/boot/spring-boot-actuator-autoconfigure/3.1.5/spring-boot-actuator-autoconfigure-3.1.5.jar:/Users/andres/.m2/repository/org/springframework/boot/spring-boot-actuator/3.1.5/spring-boot-actuator-3.1.5.jar:/Users/andres/.m2/repository/com/fasterxml/jackson/datatype/jackson-datatype-jsr310/2.15.3/jackson-datatype-jsr310-2.15.3.jar:/Users/andres/.m2/repository/io/micrometer/micrometer-observation/1.11.5/micrometer-observation-1.11.5.jar:/Users/andres/.m2/repository/io/micrometer/micrometer-commons/1.11.5/micrometer-commons-1.11.5.jar:/Users/andres/.m2/repository/io/micrometer/micrometer-core/1.11.5/micrometer-core-1.11.5.jar:/Users/andres/.m2/repository/org/hdrhistogram/HdrHistogram/2.1.12/HdrHistogram-2.1.12.jar:/Users/andres/.m2/repository/org/latencyutils/LatencyUtils/2.0.3/LatencyUtils-2.0.3.jar:/Users/andres/.m2/repository/io/micrometer/micrometer-registry-prometheus/1.11.5/micrometer-registry-prometheus-1.11.5.jar:/Users/andres/.m2/repository/io/prometheus/simpleclient_common/0.16.0/simpleclient_common-0.16.0.jar:/Users/andres/.m2/repository/io/prometheus/simpleclient/0.16.0/simpleclient-0.16.0.jar:/Users/andres/.m2/repository/io/prometheus/simpleclient_tracer_otel/0.16.0/simpleclient_tracer_otel-0.16.0.jar:/Users/andres/.m2/repository/io/prometheus/simpleclient_tracer_common/0.16.0/simpleclient_tracer_common-0.16.0.jar:/Users/andres/.m2/repository/io/prometheus/simpleclient_tracer_otel_agent/0.16.0/simpleclient_tracer_otel_agent-0.16.0.jar:/Users/andres/.m2/repository/com/googlecode/json-simple/json-simple/1.1.1/json-simple-1.1.1.jar:/Users/andres/.m2/repository/junit/junit/4.13.2/junit-4.13.2.jar:/Users/andres/.m2/repository/org/hamcrest/hamcrest-core/2.2/hamcrest-core-2.2.jar:"/>
    <property name="sun.cpu.endian" value="little"/>
    <property name="user.home" value="/Users/andres"/>
    <property name="user.language" value="en"/>
    <property name="java.specification.vendor" value="Oracle Corporation"/>
    <property name="java.version.date" value="2024-04-16"/>
    <property name="java.home" value="/Library/Java/JavaVirtualMachines/jdk-17.jdk/Contents/Home"/>
    <property name="file.separator" value="/"/>
    <property name="basedir" value="/Users/andres/Desktop/Universidad/IngSoft_5/ProyectoInge5/outcome-curr-mgmt"/>
    <property name="java.vm.compressedOopsMode" value="Zero based"/>
    <property name="line.separator" value="&#10;"/>
    <property name="java.vm.specification.vendor" value="Oracle Corporation"/>
    <property name="java.specification.name" value="Java Platform API Specification"/>
    <property name="FILE_LOG_CHARSET" value="UTF-8"/>
    <property name="java.awt.headless" value="true"/>
    <property name="surefire.real.class.path" value="/Users/andres/Desktop/Universidad/IngSoft_5/ProyectoInge5/outcome-curr-mgmt/target/surefire/surefirebooter-20241130175202108_3.jar"/>
    <property name="sun.management.compiler" value="HotSpot 64-Bit Tiered Compilers"/>
    <property name="ftp.nonProxyHosts" value="local|*.local|169.254/16|*.169.254/16"/>
    <property name="java.runtime.version" value="17.0.11+7-LTS-207"/>
    <property name="user.name" value="andres"/>
    <property name="path.separator" value=":"/>
    <property name="os.version" value="15.1"/>
    <property name="java.runtime.name" value="Java(TM) SE Runtime Environment"/>
    <property name="file.encoding" value="UTF-8"/>
    <property name="java.vm.name" value="Java HotSpot(TM) 64-Bit Server VM"/>
    <property name="localRepository" value="/Users/andres/.m2/repository"/>
    <property name="java.vendor.url.bug" value="https://bugreport.java.com/bugreport/"/>
    <property name="java.io.tmpdir" value="/var/folders/4g/g5ksp9y97_q8j7kpwfyq3dg80000gn/T/"/>
    <property name="idea.version" value="2024.2.3"/>
    <property name="com.zaxxer.hikari.pool_number" value="6"/>
    <property name="java.version" value="17.0.11"/>
    <property name="user.dir" value="/Users/andres/Desktop/Universidad/IngSoft_5/ProyectoInge5/outcome-curr-mgmt"/>
    <property name="os.arch" value="aarch64"/>
    <property name="java.vm.specification.name" value="Java Virtual Machine Specification"/>
    <property name="PID" value="12223"/>
    <property name="CONSOLE_LOG_CHARSET" value="UTF-8"/>
    <property name="native.encoding" value="UTF-8"/>
    <property name="java.library.path" value="/Users/andres/Library/Java/Extensions:/Library/Java/Extensions:/Network/Library/Java/Extensions:/System/Library/Java/Extensions:/usr/lib/java:."/>
    <property name="java.vm.info" value="mixed mode, sharing"/>
    <property name="java.vendor" value="Oracle Corporation"/>
    <property name="java.vm.version" value="17.0.11+7-LTS-207"/>
    <property name="sun.io.unicode.encoding" value="UnicodeBig"/>
    <property name="socksNonProxyHosts" value="local|*.local|169.254/16|*.169.254/16"/>
    <property name="java.class.version" value="61.0"/>
  </properties>
  <testcase name="testReturnsCoursesWhenThereAreNoExistingFacultyWithTheGivenId" classname="co.edu.icesi.dev.outcome_curr_mgmt.persistence.curriculum_qa.StudOutcomeRepositoryTest" time="4.626">
    <system-out><![CDATA[2024-11-30T17:52:18.049-05:00  INFO 12223 --- [           main] t.c.s.AnnotationConfigContextLoaderUtils : Could not detect default configuration classes for test class [co.edu.icesi.dev.outcome_curr_mgmt.persistence.curriculum_qa.StudOutcomeRepositoryTest]: StudOutcomeRepositoryTest does not declare any static, non-private, non-final, nested classes annotated with @Configuration.
2024-11-30T17:52:18.062-05:00  INFO 12223 --- [           main] .b.t.c.SpringBootTestContextBootstrapper : Found @SpringBootConfiguration co.edu.icesi.dev.outcome_curr_mgmt.OutcomeCurrMgmtApplication for test class co.edu.icesi.dev.outcome_curr_mgmt.persistence.curriculum_qa.StudOutcomeRepositoryTest
2024-11-30T17:52:18.073-05:00  INFO 12223 --- [           main] j.LocalContainerEntityManagerFactoryBean : Closing JPA EntityManagerFactory for persistence unit 'default'
2024-11-30T17:52:18.093-05:00  INFO 12223 --- [           main] com.zaxxer.hikari.HikariDataSource       : HikariPool-2 - Shutdown initiated...
2024-11-30T17:52:18.096-05:00  INFO 12223 --- [           main] com.zaxxer.hikari.HikariDataSource       : HikariPool-2 - Shutdown completed.

  .   ____          _            __ _ _
 /\\ / ___'_ __ _ _(_)_ __  __ _ \ \ \ \
( ( )\___ | '_ | '_| | '_ \/ _` | \ \ \ \
 \\/  ___)| |_)| | | | | || (_| |  ) ) ) )
  '  |____| .__|_| |_|_| |_\__, | / / / /
 =========|_|==============|___/=/_/_/_/
 :: Spring Boot ::                (v3.1.5)

2024-11-30T17:52:18.120-05:00  INFO 12223 --- [           main] c.e.i.d.o.p.c.StudOutcomeRepositoryTest  : Starting StudOutcomeRepositoryTest using Java 17.0.11 with PID 12223 (started by andres in /Users/andres/Desktop/Universidad/IngSoft_5/ProyectoInge5/outcome-curr-mgmt)
2024-11-30T17:52:18.120-05:00  INFO 12223 --- [           main] c.e.i.d.o.p.c.StudOutcomeRepositoryTest  : The following 1 profile is active: "test"
2024-11-30T17:52:18.298-05:00  INFO 12223 --- [           main] .s.d.r.c.RepositoryConfigurationDelegate : Bootstrapping Spring Data JPA repositories in DEFAULT mode.
2024-11-30T17:52:18.388-05:00  INFO 12223 --- [           main] .s.d.r.c.RepositoryConfigurationDelegate : Finished Spring Data repository scanning in 89 ms. Found 41 JPA repository interfaces.
2024-11-30T17:52:18.493-05:00  INFO 12223 --- [           main] com.zaxxer.hikari.HikariDataSource       : HikariPool-3 - Starting...
2024-11-30T17:52:18.494-05:00  INFO 12223 --- [           main] com.zaxxer.hikari.pool.HikariPool        : HikariPool-3 - Added connection conn20: url=jdbc:h2:mem:testdb user=ADMIN
2024-11-30T17:52:18.494-05:00  INFO 12223 --- [           main] com.zaxxer.hikari.HikariDataSource       : HikariPool-3 - Start completed.
2024-11-30T17:52:18.495-05:00  INFO 12223 --- [           main] o.hibernate.jpa.internal.util.LogHelper  : HHH000204: Processing PersistenceUnitInfo [name: default]
2024-11-30T17:52:18.500-05:00  INFO 12223 --- [           main] o.s.o.j.p.SpringPersistenceUnitInfo      : No LoadTimeWeaver setup: ignoring JPA class transformer
2024-11-30T17:52:18.501-05:00  WARN 12223 --- [           main] org.hibernate.orm.deprecation            : HHH90000025: H2Dialect does not need to be specified explicitly using 'hibernate.dialect' (remove the property setting and it will be selected by default)
2024-11-30T17:52:19.134-05:00  INFO 12223 --- [           main] o.h.e.t.j.p.i.JtaPlatformInitiator       : HHH000489: No JTA platform available (set 'hibernate.transaction.jta.platform' to enable JTA platform integration)
2024-11-30T17:52:19.199-05:00  INFO 12223 --- [           main] j.LocalContainerEntityManagerFactoryBean : Initialized JPA EntityManagerFactory for persistence unit 'default'
2024-11-30T17:52:22.443-05:00  WARN 12223 --- [           main] JpaBaseConfiguration$JpaWebConfiguration : spring.jpa.open-in-view is enabled by default. Therefore, database queries may be performed during view rendering. Explicitly configure spring.jpa.open-in-view to disable this warning
2024-11-30T17:52:22.449-05:00  WARN 12223 --- [           main] .s.s.UserDetailsServiceAutoConfiguration : 

Using generated security password: f36c7ffc-0ae7-423d-b6cf-b987ac42acb9

This generated password is for development use only. Your security configuration must be updated before running your application in production.

2024-11-30T17:52:22.463-05:00  INFO 12223 --- [           main] o.s.s.web.DefaultSecurityFilterChain     : Will secure any request with [org.springframework.security.web.session.DisableEncodeUrlFilter@775c9336, org.springframework.security.web.context.request.async.WebAsyncManagerIntegrationFilter@563b2d5c, org.springframework.security.web.context.SecurityContextHolderFilter@525a6278, org.springframework.security.web.header.HeaderWriterFilter@11f39b1d, org.springframework.web.filter.CorsFilter@4b915703, org.springframework.security.web.authentication.logout.LogoutFilter@2fb1cef7, co.edu.icesi.dev.outcome_curr_mgmt.saamfi.filters.SaamfiAuthenticationFilter@6eae8830, org.springframework.security.web.savedrequest.RequestCacheAwareFilter@2e7aaf29, org.springframework.security.web.servletapi.SecurityContextHolderAwareRequestFilter@23dcf288, org.springframework.security.web.authentication.AnonymousAuthenticationFilter@75114f22, org.springframework.security.web.session.SessionManagementFilter@551b166f, org.springframework.security.web.access.ExceptionTranslationFilter@58c48311, org.springframework.security.web.access.intercept.AuthorizationFilter@1045cf7c]
2024-11-30T17:52:22.618-05:00  INFO 12223 --- [           main] o.s.b.a.h2.H2ConsoleAutoConfiguration    : H2 console available at '/h2-console'. Database available at 'jdbc:h2:mem:testdb'
2024-11-30T17:52:22.627-05:00  INFO 12223 --- [           main] o.s.b.a.e.web.EndpointLinksResolver      : Exposing 13 endpoint(s) beneath base path '/actuator'
2024-11-30T17:52:22.642-05:00  INFO 12223 --- [           main] c.e.i.d.o.p.c.StudOutcomeRepositoryTest  : Started StudOutcomeRepositoryTest in 4.541 seconds (process running for 20.467)
]]></system-out>
  </testcase>
  <testcase name="testReturnsCoursesWhenThereAreNoExistingAcadProgCurrWithTheGivenId" classname="co.edu.icesi.dev.outcome_curr_mgmt.persistence.curriculum_qa.StudOutcomeRepositoryTest" time="1.353">
    <system-out><![CDATA[2024-11-30T17:52:22.694-05:00  INFO 12223 --- [           main] j.LocalContainerEntityManagerFactoryBean : Closing JPA EntityManagerFactory for persistence unit 'default'
2024-11-30T17:52:22.702-05:00  INFO 12223 --- [           main] com.zaxxer.hikari.HikariDataSource       : HikariPool-3 - Shutdown initiated...
2024-11-30T17:52:22.703-05:00  INFO 12223 --- [           main] com.zaxxer.hikari.HikariDataSource       : HikariPool-3 - Shutdown completed.

  .   ____          _            __ _ _
 /\\ / ___'_ __ _ _(_)_ __  __ _ \ \ \ \
( ( )\___ | '_ | '_| | '_ \/ _` | \ \ \ \
 \\/  ___)| |_)| | | | | || (_| |  ) ) ) )
  '  |____| .__|_| |_|_| |_\__, | / / / /
 =========|_|==============|___/=/_/_/_/
 :: Spring Boot ::                (v3.1.5)

2024-11-30T17:52:22.713-05:00  INFO 12223 --- [           main] c.e.i.d.o.p.c.StudOutcomeRepositoryTest  : Starting StudOutcomeRepositoryTest using Java 17.0.11 with PID 12223 (started by andres in /Users/andres/Desktop/Universidad/IngSoft_5/ProyectoInge5/outcome-curr-mgmt)
2024-11-30T17:52:22.713-05:00  INFO 12223 --- [           main] c.e.i.d.o.p.c.StudOutcomeRepositoryTest  : The following 1 profile is active: "test"
2024-11-30T17:52:22.858-05:00  INFO 12223 --- [           main] .s.d.r.c.RepositoryConfigurationDelegate : Bootstrapping Spring Data JPA repositories in DEFAULT mode.
2024-11-30T17:52:22.919-05:00  INFO 12223 --- [           main] .s.d.r.c.RepositoryConfigurationDelegate : Finished Spring Data repository scanning in 60 ms. Found 41 JPA repository interfaces.
2024-11-30T17:52:22.997-05:00  INFO 12223 --- [           main] com.zaxxer.hikari.HikariDataSource       : HikariPool-4 - Starting...
2024-11-30T17:52:22.997-05:00  INFO 12223 --- [           main] com.zaxxer.hikari.pool.HikariPool        : HikariPool-4 - Added connection conn30: url=jdbc:h2:mem:testdb user=ADMIN
2024-11-30T17:52:22.998-05:00  INFO 12223 --- [           main] com.zaxxer.hikari.HikariDataSource       : HikariPool-4 - Start completed.
2024-11-30T17:52:22.999-05:00  INFO 12223 --- [           main] o.hibernate.jpa.internal.util.LogHelper  : HHH000204: Processing PersistenceUnitInfo [name: default]
2024-11-30T17:52:23.003-05:00  INFO 12223 --- [           main] o.s.o.j.p.SpringPersistenceUnitInfo      : No LoadTimeWeaver setup: ignoring JPA class transformer
2024-11-30T17:52:23.003-05:00  WARN 12223 --- [           main] org.hibernate.orm.deprecation            : HHH90000025: H2Dialect does not need to be specified explicitly using 'hibernate.dialect' (remove the property setting and it will be selected by default)
2024-11-30T17:52:23.438-05:00  INFO 12223 --- [           main] o.h.e.t.j.p.i.JtaPlatformInitiator       : HHH000489: No JTA platform available (set 'hibernate.transaction.jta.platform' to enable JTA platform integration)
2024-11-30T17:52:23.483-05:00  INFO 12223 --- [           main] j.LocalContainerEntityManagerFactoryBean : Initialized JPA EntityManagerFactory for persistence unit 'default'
2024-11-30T17:52:23.812-05:00  WARN 12223 --- [           main] JpaBaseConfiguration$JpaWebConfiguration : spring.jpa.open-in-view is enabled by default. Therefore, database queries may be performed during view rendering. Explicitly configure spring.jpa.open-in-view to disable this warning
2024-11-30T17:52:23.818-05:00  WARN 12223 --- [           main] .s.s.UserDetailsServiceAutoConfiguration : 

Using generated security password: dacf4a73-da7d-4970-923d-f3ebc7fbaef1

This generated password is for development use only. Your security configuration must be updated before running your application in production.

2024-11-30T17:52:23.832-05:00  INFO 12223 --- [           main] o.s.s.web.DefaultSecurityFilterChain     : Will secure any request with [org.springframework.security.web.session.DisableEncodeUrlFilter@4d7670d7, org.springframework.security.web.context.request.async.WebAsyncManagerIntegrationFilter@51d42100, org.springframework.security.web.context.SecurityContextHolderFilter@40cc1f71, org.springframework.security.web.header.HeaderWriterFilter@11e47c87, org.springframework.web.filter.CorsFilter@6f1ee6c2, org.springframework.security.web.authentication.logout.LogoutFilter@6c4e0e0f, co.edu.icesi.dev.outcome_curr_mgmt.saamfi.filters.SaamfiAuthenticationFilter@543f62df, org.springframework.security.web.savedrequest.RequestCacheAwareFilter@6f1d8552, org.springframework.security.web.servletapi.SecurityContextHolderAwareRequestFilter@5d2fdc72, org.springframework.security.web.authentication.AnonymousAuthenticationFilter@e8ab21d, org.springframework.security.web.session.SessionManagementFilter@41da17a2, org.springframework.security.web.access.ExceptionTranslationFilter@4d9c4c46, org.springframework.security.web.access.intercept.AuthorizationFilter@4c15ac10]
2024-11-30T17:52:23.985-05:00  INFO 12223 --- [           main] o.s.b.a.h2.H2ConsoleAutoConfiguration    : H2 console available at '/h2-console'. Database available at 'jdbc:h2:mem:testdb'
2024-11-30T17:52:23.994-05:00  INFO 12223 --- [           main] o.s.b.a.e.web.EndpointLinksResolver      : Exposing 13 endpoint(s) beneath base path '/actuator'
2024-11-30T17:52:24.009-05:00  INFO 12223 --- [           main] c.e.i.d.o.p.c.StudOutcomeRepositoryTest  : Started StudOutcomeRepositoryTest in 1.304 seconds (process running for 21.834)
]]></system-out>
  </testcase>
  <testcase name="testReturnsCoursesWhenThereAreNoExistingAcadProgWithTheGivenId" classname="co.edu.icesi.dev.outcome_curr_mgmt.persistence.curriculum_qa.StudOutcomeRepositoryTest" time="1.256">
    <system-out><![CDATA[2024-11-30T17:52:24.049-05:00  INFO 12223 --- [           main] j.LocalContainerEntityManagerFactoryBean : Closing JPA EntityManagerFactory for persistence unit 'default'
2024-11-30T17:52:24.056-05:00  INFO 12223 --- [           main] com.zaxxer.hikari.HikariDataSource       : HikariPool-4 - Shutdown initiated...
2024-11-30T17:52:24.057-05:00  INFO 12223 --- [           main] com.zaxxer.hikari.HikariDataSource       : HikariPool-4 - Shutdown completed.

  .   ____          _            __ _ _
 /\\ / ___'_ __ _ _(_)_ __  __ _ \ \ \ \
( ( )\___ | '_ | '_| | '_ \/ _` | \ \ \ \
 \\/  ___)| |_)| | | | | || (_| |  ) ) ) )
  '  |____| .__|_| |_|_| |_\__, | / / / /
 =========|_|==============|___/=/_/_/_/
 :: Spring Boot ::                (v3.1.5)

2024-11-30T17:52:24.065-05:00  INFO 12223 --- [           main] c.e.i.d.o.p.c.StudOutcomeRepositoryTest  : Starting StudOutcomeRepositoryTest using Java 17.0.11 with PID 12223 (started by andres in /Users/andres/Desktop/Universidad/IngSoft_5/ProyectoInge5/outcome-curr-mgmt)
2024-11-30T17:52:24.066-05:00  INFO 12223 --- [           main] c.e.i.d.o.p.c.StudOutcomeRepositoryTest  : The following 1 profile is active: "test"
2024-11-30T17:52:24.207-05:00  INFO 12223 --- [           main] .s.d.r.c.RepositoryConfigurationDelegate : Bootstrapping Spring Data JPA repositories in DEFAULT mode.
2024-11-30T17:52:24.259-05:00  INFO 12223 --- [           main] .s.d.r.c.RepositoryConfigurationDelegate : Finished Spring Data repository scanning in 52 ms. Found 41 JPA repository interfaces.
2024-11-30T17:52:24.336-05:00  INFO 12223 --- [           main] com.zaxxer.hikari.HikariDataSource       : HikariPool-5 - Starting...
2024-11-30T17:52:24.337-05:00  INFO 12223 --- [           main] com.zaxxer.hikari.pool.HikariPool        : HikariPool-5 - Added connection conn40: url=jdbc:h2:mem:testdb user=ADMIN
2024-11-30T17:52:24.337-05:00  INFO 12223 --- [           main] com.zaxxer.hikari.HikariDataSource       : HikariPool-5 - Start completed.
2024-11-30T17:52:24.338-05:00  INFO 12223 --- [           main] o.hibernate.jpa.internal.util.LogHelper  : HHH000204: Processing PersistenceUnitInfo [name: default]
2024-11-30T17:52:24.342-05:00  INFO 12223 --- [           main] o.s.o.j.p.SpringPersistenceUnitInfo      : No LoadTimeWeaver setup: ignoring JPA class transformer
2024-11-30T17:52:24.343-05:00  WARN 12223 --- [           main] org.hibernate.orm.deprecation            : HHH90000025: H2Dialect does not need to be specified explicitly using 'hibernate.dialect' (remove the property setting and it will be selected by default)
2024-11-30T17:52:24.704-05:00  INFO 12223 --- [           main] o.h.e.t.j.p.i.JtaPlatformInitiator       : HHH000489: No JTA platform available (set 'hibernate.transaction.jta.platform' to enable JTA platform integration)
2024-11-30T17:52:24.741-05:00  INFO 12223 --- [           main] j.LocalContainerEntityManagerFactoryBean : Initialized JPA EntityManagerFactory for persistence unit 'default'
2024-11-30T17:52:25.067-05:00  WARN 12223 --- [           main] JpaBaseConfiguration$JpaWebConfiguration : spring.jpa.open-in-view is enabled by default. Therefore, database queries may be performed during view rendering. Explicitly configure spring.jpa.open-in-view to disable this warning
2024-11-30T17:52:25.078-05:00  WARN 12223 --- [           main] .s.s.UserDetailsServiceAutoConfiguration : 

Using generated security password: 66462e3e-2b89-44c0-ac37-2de1bda93dfa

This generated password is for development use only. Your security configuration must be updated before running your application in production.

2024-11-30T17:52:25.096-05:00  INFO 12223 --- [           main] o.s.s.web.DefaultSecurityFilterChain     : Will secure any request with [org.springframework.security.web.session.DisableEncodeUrlFilter@679064c7, org.springframework.security.web.context.request.async.WebAsyncManagerIntegrationFilter@4f7d8627, org.springframework.security.web.context.SecurityContextHolderFilter@5c8b4d76, org.springframework.security.web.header.HeaderWriterFilter@267828b4, org.springframework.web.filter.CorsFilter@5f35c5a2, org.springframework.security.web.authentication.logout.LogoutFilter@4b5c7329, co.edu.icesi.dev.outcome_curr_mgmt.saamfi.filters.SaamfiAuthenticationFilter@2d96150e, org.springframework.security.web.savedrequest.RequestCacheAwareFilter@11621e94, org.springframework.security.web.servletapi.SecurityContextHolderAwareRequestFilter@76b8b984, org.springframework.security.web.authentication.AnonymousAuthenticationFilter@4314253e, org.springframework.security.web.session.SessionManagementFilter@3fb0813f, org.springframework.security.web.access.ExceptionTranslationFilter@6d04040f, org.springframework.security.web.access.intercept.AuthorizationFilter@798ca63c]
2024-11-30T17:52:25.244-05:00  INFO 12223 --- [           main] o.s.b.a.h2.H2ConsoleAutoConfiguration    : H2 console available at '/h2-console'. Database available at 'jdbc:h2:mem:testdb'
2024-11-30T17:52:25.252-05:00  INFO 12223 --- [           main] o.s.b.a.e.web.EndpointLinksResolver      : Exposing 13 endpoint(s) beneath base path '/actuator'
2024-11-30T17:52:25.267-05:00  INFO 12223 --- [           main] c.e.i.d.o.p.c.StudOutcomeRepositoryTest  : Started StudOutcomeRepositoryTest in 1.208 seconds (process running for 23.092)
]]></system-out>
  </testcase>
  <testcase name="testReturnsCoursesWithAllIdsValid" classname="co.edu.icesi.dev.outcome_curr_mgmt.persistence.curriculum_qa.StudOutcomeRepositoryTest" time="1.165">
    <system-out><![CDATA[2024-11-30T17:52:25.305-05:00  INFO 12223 --- [           main] j.LocalContainerEntityManagerFactoryBean : Closing JPA EntityManagerFactory for persistence unit 'default'
2024-11-30T17:52:25.311-05:00  INFO 12223 --- [           main] com.zaxxer.hikari.HikariDataSource       : HikariPool-5 - Shutdown initiated...
2024-11-30T17:52:25.311-05:00  INFO 12223 --- [           main] com.zaxxer.hikari.HikariDataSource       : HikariPool-5 - Shutdown completed.

  .   ____          _            __ _ _
 /\\ / ___'_ __ _ _(_)_ __  __ _ \ \ \ \
( ( )\___ | '_ | '_| | '_ \/ _` | \ \ \ \
 \\/  ___)| |_)| | | | | || (_| |  ) ) ) )
  '  |____| .__|_| |_|_| |_\__, | / / / /
 =========|_|==============|___/=/_/_/_/
 :: Spring Boot ::                (v3.1.5)

2024-11-30T17:52:25.320-05:00  INFO 12223 --- [           main] c.e.i.d.o.p.c.StudOutcomeRepositoryTest  : Starting StudOutcomeRepositoryTest using Java 17.0.11 with PID 12223 (started by andres in /Users/andres/Desktop/Universidad/IngSoft_5/ProyectoInge5/outcome-curr-mgmt)
2024-11-30T17:52:25.320-05:00  INFO 12223 --- [           main] c.e.i.d.o.p.c.StudOutcomeRepositoryTest  : The following 1 profile is active: "test"
2024-11-30T17:52:25.456-05:00  INFO 12223 --- [           main] .s.d.r.c.RepositoryConfigurationDelegate : Bootstrapping Spring Data JPA repositories in DEFAULT mode.
2024-11-30T17:52:25.503-05:00  INFO 12223 --- [           main] .s.d.r.c.RepositoryConfigurationDelegate : Finished Spring Data repository scanning in 47 ms. Found 41 JPA repository interfaces.
2024-11-30T17:52:25.563-05:00  INFO 12223 --- [           main] com.zaxxer.hikari.HikariDataSource       : HikariPool-6 - Starting...
2024-11-30T17:52:25.564-05:00  INFO 12223 --- [           main] com.zaxxer.hikari.pool.HikariPool        : HikariPool-6 - Added connection conn50: url=jdbc:h2:mem:testdb user=ADMIN
2024-11-30T17:52:25.564-05:00  INFO 12223 --- [           main] com.zaxxer.hikari.HikariDataSource       : HikariPool-6 - Start completed.
2024-11-30T17:52:25.565-05:00  INFO 12223 --- [           main] o.hibernate.jpa.internal.util.LogHelper  : HHH000204: Processing PersistenceUnitInfo [name: default]
2024-11-30T17:52:25.574-05:00  INFO 12223 --- [           main] o.s.o.j.p.SpringPersistenceUnitInfo      : No LoadTimeWeaver setup: ignoring JPA class transformer
2024-11-30T17:52:25.574-05:00  WARN 12223 --- [           main] org.hibernate.orm.deprecation            : HHH90000025: H2Dialect does not need to be specified explicitly using 'hibernate.dialect' (remove the property setting and it will be selected by default)
2024-11-30T17:52:25.874-05:00  INFO 12223 --- [           main] o.h.e.t.j.p.i.JtaPlatformInitiator       : HHH000489: No JTA platform available (set 'hibernate.transaction.jta.platform' to enable JTA platform integration)
2024-11-30T17:52:25.911-05:00  INFO 12223 --- [           main] j.LocalContainerEntityManagerFactoryBean : Initialized JPA EntityManagerFactory for persistence unit 'default'
2024-11-30T17:52:26.222-05:00  WARN 12223 --- [           main] JpaBaseConfiguration$JpaWebConfiguration : spring.jpa.open-in-view is enabled by default. Therefore, database queries may be performed during view rendering. Explicitly configure spring.jpa.open-in-view to disable this warning
2024-11-30T17:52:26.228-05:00  WARN 12223 --- [           main] .s.s.UserDetailsServiceAutoConfiguration : 

Using generated security password: 43df3506-c9ba-45b2-b5a9-95409d63d7a7

This generated password is for development use only. Your security configuration must be updated before running your application in production.

2024-11-30T17:52:26.240-05:00  INFO 12223 --- [           main] o.s.s.web.DefaultSecurityFilterChain     : Will secure any request with [org.springframework.security.web.session.DisableEncodeUrlFilter@53d5effa, org.springframework.security.web.context.request.async.WebAsyncManagerIntegrationFilter@5d4b65b4, org.springframework.security.web.context.SecurityContextHolderFilter@669a75a, org.springframework.security.web.header.HeaderWriterFilter@690df633, org.springframework.web.filter.CorsFilter@49533cb4, org.springframework.security.web.authentication.logout.LogoutFilter@7113024, co.edu.icesi.dev.outcome_curr_mgmt.saamfi.filters.SaamfiAuthenticationFilter@1dcf4449, org.springframework.security.web.savedrequest.RequestCacheAwareFilter@5d222891, org.springframework.security.web.servletapi.SecurityContextHolderAwareRequestFilter@5b98f168, org.springframework.security.web.authentication.AnonymousAuthenticationFilter@3cf87ec2, org.springframework.security.web.session.SessionManagementFilter@788df162, org.springframework.security.web.access.ExceptionTranslationFilter@19a84709, org.springframework.security.web.access.intercept.AuthorizationFilter@57b45d49]
2024-11-30T17:52:26.377-05:00  INFO 12223 --- [           main] o.s.b.a.h2.H2ConsoleAutoConfiguration    : H2 console available at '/h2-console'. Database available at 'jdbc:h2:mem:testdb'
2024-11-30T17:52:26.388-05:00  INFO 12223 --- [           main] o.s.b.a.e.web.EndpointLinksResolver      : Exposing 13 endpoint(s) beneath base path '/actuator'
2024-11-30T17:52:26.402-05:00  INFO 12223 --- [           main] c.e.i.d.o.p.c.StudOutcomeRepositoryTest  : Started StudOutcomeRepositoryTest in 1.089 seconds (process running for 24.228)
]]></system-out>
  </testcase>
</testsuite>